# Bank Frame Channel Monitor - Slice[0] Bank[1]
# Format: Time(ns) | CycleFromSliceStart | Row(dec) | Col(dec) | RW(0:R,1:W) | StartFrame | EndFrame | Data(hex128) | Addr(hex)
# ========================================
     7367000 |        0 |    0 |   0 | 1(W) | 1 | 0 | 0xb8d238893a8cb42738053a5a398ab913 | 0x000000
     7369000 |        0 |    0 |   1 | 1(W) | 0 | 0 | 0x2090b603b0a434a637d9b849b20fb763 | 0x000001
     7392000 |        0 |    0 |   2 | 1(W) | 0 | 0 | 0x36223b73b2d0b9e9357f375730ceb8b1 | 0x000002
     7394000 |        0 |    0 |   3 | 1(W) | 0 | 0 | 0xb1b7b8a53ba034a93af4b64b38833841 | 0x000003
     7397000 |        0 |    0 |   4 | 1(W) | 0 | 0 | 0xb9ca39bf07a33599b82d38213829b5ff | 0x000004
     7399000 |        0 |    0 |   5 | 1(W) | 0 | 0 | 0x370cb6cf3a13bb36b84d3a5cb7cdb878 | 0x000005
     7402000 |        0 |    0 |   6 | 1(W) | 0 | 0 | 0xb98a3a2ead4f3022353835bb3ae83bf4 | 0x000006
     7404000 |        0 |    0 |   7 | 1(W) | 0 | 0 | 0xb26138fdbbc734c8356738c73aedbbae | 0x000007
     7407000 |        0 |    0 |   8 | 1(W) | 0 | 0 | 0xb0b43363bab2ba98b94028a1b893b6ef | 0x000008
     7409000 |        0 |    0 |   9 | 1(W) | 0 | 0 | 0x309eb91cb766b8d2b80db6322f0f31a2 | 0x000009
     7412000 |        0 |    0 |  10 | 1(W) | 0 | 0 | 0x39c930ef3a40323438f6b08037ff3a9c | 0x00000a
     7414000 |        0 |    0 |  11 | 1(W) | 0 | 0 | 0xba8a34062e78b1ee29793a58b8dcbba4 | 0x00000b
     7417000 |        0 |    0 |  12 | 1(W) | 0 | 0 | 0x9fb4b6dc3782bb9e316e3b10b936ab42 | 0x00000c
     7419000 |        0 |    0 |  13 | 1(W) | 0 | 0 | 0xa60eb9deb7a3b12d325b2705b6c7bbe6 | 0x00000d
     7422000 |        0 |    0 |  14 | 1(W) | 0 | 0 | 0x387c3017b7a5363d305038bd3785330c | 0x00000e
     7424000 |        0 |    0 |  15 | 1(W) | 0 | 0 | 0xb96bab3c2ed83080b8a337c1bb99b4a5 | 0x00000f
     7427000 |        0 |    0 |  16 | 1(W) | 0 | 0 | 0xb8abb4a0356aa826b139b48d320130d7 | 0x000010
     7429000 |        0 |    0 |  17 | 1(W) | 0 | 0 | 0x359db2a8b9dfb9763b303a133a833bdd | 0x000011
     7432000 |        0 |    0 |  18 | 1(W) | 0 | 0 | 0x3625b9c3b1632e38b23a29053bf2b9d6 | 0x000012
     7434000 |        0 |    0 |  19 | 1(W) | 0 | 0 | 0xb54e3763b11f3104395238de39ddbb0c | 0x000013
     7437000 |        0 |    0 |  20 | 1(W) | 0 | 0 | 0x39fd394ab868b271b1c83ba7b91b38c9 | 0x000014
     7439000 |        0 |    0 |  21 | 1(W) | 0 | 0 | 0xaa613ac2bad6b705b4cd38853be1b826 | 0x000015
     7442000 |        0 |    0 |  22 | 1(W) | 0 | 0 | 0xb5e9b2d7b836ba73b92338c335ae2e02 | 0x000016
     7444000 |        0 |    0 |  23 | 1(W) | 0 | 0 | 0xb169bb9eb545b92bba6d3b4f325c3751 | 0x000017
     7447000 |        0 |    0 |  24 | 1(W) | 0 | 0 | 0xb38b2f01bac6bbef3574348ab1b6a54d | 0x000018
     7449000 |        0 |    0 |  25 | 1(W) | 0 | 0 | 0xba0728c0b811b48a3bd535e63b2fb9b8 | 0x000019
     7452000 |        0 |    0 |  26 | 1(W) | 0 | 0 | 0x34a9bb453b23397ab682bac4b948b9f8 | 0x00001a
     7454000 |        0 |    0 |  27 | 1(W) | 0 | 0 | 0x3a0c2f683b5bbb39ba6fbb4cb9092d48 | 0x00001b
     7457000 |        0 |    0 |  28 | 1(W) | 0 | 0 | 0xb380396db9ad21d5bb02badd30ba303a | 0x00001c
     7459000 |        0 |    0 |  29 | 1(W) | 0 | 0 | 0xb963b90cb8c3b340bb2eb28b25ffa847 | 0x00001d
     7462000 |        0 |    0 |  30 | 1(W) | 0 | 0 | 0xbb0c32ae383829feb85f3554bab8af72 | 0x00001e
     7464000 |        0 |    0 |  31 | 1(W) | 0 | 0 | 0xb17f3b542d4332bab87934053095b90b | 0x00001f
     7467000 |        0 |    0 |  32 | 1(W) | 0 | 0 | 0x31a2b4b338cc2f0039373435388d324f | 0x000020
     7469000 |        0 |    0 |  33 | 1(W) | 0 | 0 | 0x325e3a70b379b88aaf5abb3a39213939 | 0x000021
     7472000 |        0 |    0 |  34 | 1(W) | 0 | 0 | 0xba9f3908b707b9e3afb3349bb39ebb21 | 0x000022
     7474000 |        0 |    0 |  35 | 1(W) | 0 | 0 | 0x31293afa3583a8cb38f43b35bba63bb8 | 0x000023
     7477000 |        0 |    0 |  36 | 1(W) | 0 | 0 | 0xba033a013b89b92a371bbb5bb20e282b | 0x000024
     7479000 |        0 |    0 |  37 | 1(W) | 0 | 0 | 0x3941bab8a9ee342a39423889b7223b0e | 0x000025
     7482000 |        0 |    0 |  38 | 1(W) | 0 | 0 | 0xb9b4b994b04d3220bab63b083815318b | 0x000026
     7484000 |        0 |    0 |  39 | 1(W) | 0 | 0 | 0xb4f238d92d28babb30373a87b2a3b684 | 0x000027
     7487000 |        0 |    0 |  40 | 1(W) | 0 | 0 | 0xb9663780b8a9bb102eb4321839f330ed | 0x000028
     7489000 |        0 |    0 |  41 | 1(W) | 0 | 0 | 0xb994a9c83284313bb24eb52eb9f9b2ee | 0x000029
     7492000 |        0 |    0 |  42 | 1(W) | 0 | 0 | 0x351caf6b34bebb0439053b0c34c33b46 | 0x00002a
     7494000 |        0 |    0 |  43 | 1(W) | 0 | 0 | 0x3bf7ae2db4a6b25bba283a22b173b337 | 0x00002b
     7497000 |        0 |    0 |  44 | 1(W) | 0 | 0 | 0x31693b82b3d1bb02b5242213b969350f | 0x00002c
     7499000 |        0 |    0 |  45 | 1(W) | 0 | 0 | 0x359fb2a9381aadddb19d3af5b7f9ba13 | 0x00002d
     7502000 |        0 |    0 |  46 | 1(W) | 0 | 0 | 0xb4863a95bbaab5e5bb1738443678b566 | 0x00002e
     7504000 |        0 |    0 |  47 | 1(W) | 0 | 0 | 0x3152375eb4533483ac54b8f636752f3a | 0x00002f
     7507000 |        0 |    0 |  48 | 1(W) | 0 | 0 | 0xbb569ba9360fb7edb62733463a5e38f5 | 0x000030
     7509000 |        0 |    0 |  49 | 1(W) | 0 | 0 | 0xbaa0bb16ba50317a2dadb8433469391f | 0x000031
     7512000 |        0 |    0 |  50 | 1(W) | 0 | 0 | 0x3999b8dcb9fe3b6aba45a982317a2d4c | 0x000032
     7514000 |        0 |    0 |  51 | 1(W) | 0 | 0 | 0x8560375e33a1b904bb97b6e5af4b337f | 0x000033
     7517000 |        0 |    0 |  52 | 1(W) | 0 | 0 | 0xb9de343db9f231063631366b380e39f7 | 0x000034
     7519000 |        0 |    0 |  53 | 1(W) | 0 | 0 | 0x314b3900b58ab637b23a358535d5b5ea | 0x000035
     7522000 |        0 |    0 |  54 | 1(W) | 0 | 0 | 0xb5ecba74b92b3bccaf282c1439fa3bee | 0x000036
     7524000 |        0 |    0 |  55 | 1(W) | 0 | 0 | 0x2767baa42e41b3ae32dbb31fb828ba7b | 0x000037
     7527000 |        0 |    0 |  56 | 1(W) | 0 | 0 | 0x36cab497b7dbbbcb2d29399e3b523035 | 0x000038
     7529000 |        0 |    0 |  57 | 1(W) | 0 | 0 | 0x3ab234cbba58b2453753387aba1cbc00 | 0x000039
     7532000 |        0 |    0 |  58 | 1(W) | 0 | 0 | 0x3752b5a635482f3eb508b9d9ba7d394e | 0x00003a
     7534000 |        0 |    0 |  59 | 1(W) | 0 | 0 | 0xb689bbfbb74cb884352e344731fbbbbd | 0x00003b
     7537000 |        0 |    0 |  60 | 1(W) | 0 | 0 | 0xb69d2a8536553a6738ad35a535c03b23 | 0x00003c
     7539000 |        0 |    0 |  61 | 1(W) | 0 | 0 | 0xbae4ba903275b5173aadb1fab9b536df | 0x00003d
     7542000 |        0 |    0 |  62 | 1(W) | 0 | 0 | 0xb688353e3b72bb313a3f30ec30171090 | 0x00003e
     7544000 |        0 |    0 |  63 | 1(W) | 0 | 0 | 0xbbc8bab2b7babb8e3434b0b62e2ab935 | 0x00003f
     7629000 |        0 |    0 |  63 | 1(W) | 0 | 1 | 0xbbc8bab2b7babb8e3434b0b62e2ab935 | 0x00003f
[7629000] INFO: Row Change (cycle=0, total=1)
     7632000 |        0 |    0 |   0 | 0(R) | 1 | 0 | 0x00000000000000000000000000000000 | 0x000000
     7634000 |        0 |    0 |   1 | 0(R) | 0 | 0 | 0x00000000000000000000000000000000 | 0x000001
     7644000 |        0 |    0 |   2 | 0(R) | 0 | 0 | 0x00000000000000000000000000000000 | 0x000002
     7647000 |        0 |    0 |   3 | 0(R) | 0 | 0 | 0x00000000000000000000000000000000 | 0x000003
     7649000 |        0 |    0 |   4 | 0(R) | 0 | 0 | 0x00000000000000000000000000000000 | 0x000004
     7652000 |        0 |    0 |   5 | 0(R) | 0 | 0 | 0x00000000000000000000000000000000 | 0x000005
     7654000 |        0 |    0 |   6 | 0(R) | 0 | 0 | 0x00000000000000000000000000000000 | 0x000006
     7657000 |        0 |    0 |   7 | 0(R) | 0 | 0 | 0x00000000000000000000000000000000 | 0x000007
     7659000 |        0 |    0 |   8 | 0(R) | 0 | 0 | 0x00000000000000000000000000000000 | 0x000008
     7662000 |        0 |    0 |   9 | 0(R) | 0 | 0 | 0x00000000000000000000000000000000 | 0x000009
     7664000 |        0 |    0 |  10 | 0(R) | 0 | 0 | 0x00000000000000000000000000000000 | 0x00000a
     7667000 |        0 |    0 |  11 | 0(R) | 0 | 0 | 0x00000000000000000000000000000000 | 0x00000b
     7669000 |        0 |    0 |  12 | 0(R) | 0 | 0 | 0x00000000000000000000000000000000 | 0x00000c
     7672000 |        0 |    0 |  13 | 0(R) | 0 | 0 | 0x00000000000000000000000000000000 | 0x00000d
     7674000 |        0 |    0 |  14 | 0(R) | 0 | 0 | 0x00000000000000000000000000000000 | 0x00000e
     7677000 |        0 |    0 |  15 | 0(R) | 0 | 0 | 0x00000000000000000000000000000000 | 0x00000f
     7679000 |        0 |    0 |  16 | 0(R) | 0 | 0 | 0x00000000000000000000000000000000 | 0x000010
     7682000 |        0 |    0 |  17 | 0(R) | 0 | 0 | 0x00000000000000000000000000000000 | 0x000011
     7684000 |        0 |    0 |  18 | 0(R) | 0 | 0 | 0x00000000000000000000000000000000 | 0x000012
     7687000 |        0 |    0 |  19 | 0(R) | 0 | 0 | 0x00000000000000000000000000000000 | 0x000013
     7689000 |        0 |    0 |  20 | 0(R) | 0 | 0 | 0x00000000000000000000000000000000 | 0x000014
     7692000 |        0 |    0 |  21 | 0(R) | 0 | 0 | 0x00000000000000000000000000000000 | 0x000015
     7694000 |        0 |    0 |  22 | 0(R) | 0 | 0 | 0x00000000000000000000000000000000 | 0x000016
     7697000 |        0 |    0 |  23 | 0(R) | 0 | 0 | 0x00000000000000000000000000000000 | 0x000017
     7699000 |        0 |    0 |  24 | 0(R) | 0 | 0 | 0x00000000000000000000000000000000 | 0x000018
     7702000 |        0 |    0 |  25 | 0(R) | 0 | 0 | 0x00000000000000000000000000000000 | 0x000019
     7704000 |        0 |    0 |  26 | 0(R) | 0 | 0 | 0x00000000000000000000000000000000 | 0x00001a
     7707000 |        0 |    0 |  27 | 0(R) | 0 | 0 | 0x00000000000000000000000000000000 | 0x00001b
     7709000 |        0 |    0 |  28 | 0(R) | 0 | 0 | 0x00000000000000000000000000000000 | 0x00001c
     7712000 |        0 |    0 |  29 | 0(R) | 0 | 0 | 0x00000000000000000000000000000000 | 0x00001d
     7714000 |        0 |    0 |  30 | 0(R) | 0 | 0 | 0x00000000000000000000000000000000 | 0x00001e
     7717000 |        0 |    0 |  31 | 0(R) | 0 | 0 | 0x00000000000000000000000000000000 | 0x00001f
     7719000 |        0 |    0 |  32 | 0(R) | 0 | 0 | 0x00000000000000000000000000000000 | 0x000020
     7722000 |        0 |    0 |  33 | 0(R) | 0 | 0 | 0x00000000000000000000000000000000 | 0x000021
     7724000 |        0 |    0 |  34 | 0(R) | 0 | 0 | 0x00000000000000000000000000000000 | 0x000022
     7727000 |        0 |    0 |  35 | 0(R) | 0 | 0 | 0x00000000000000000000000000000000 | 0x000023
     7729000 |        0 |    0 |  36 | 0(R) | 0 | 0 | 0x00000000000000000000000000000000 | 0x000024
     7732000 |        0 |    0 |  37 | 0(R) | 0 | 0 | 0x00000000000000000000000000000000 | 0x000025
     7734000 |        0 |    0 |  38 | 0(R) | 0 | 0 | 0x00000000000000000000000000000000 | 0x000026
     7737000 |        0 |    0 |  39 | 0(R) | 0 | 0 | 0x00000000000000000000000000000000 | 0x000027
     7739000 |        0 |    0 |  40 | 0(R) | 0 | 0 | 0x00000000000000000000000000000000 | 0x000028
     7742000 |        0 |    0 |  41 | 0(R) | 0 | 0 | 0x00000000000000000000000000000000 | 0x000029
     7744000 |        0 |    0 |  42 | 0(R) | 0 | 0 | 0x00000000000000000000000000000000 | 0x00002a
     7747000 |        0 |    0 |  43 | 0(R) | 0 | 0 | 0x00000000000000000000000000000000 | 0x00002b
     7749000 |        0 |    0 |  44 | 0(R) | 0 | 0 | 0x00000000000000000000000000000000 | 0x00002c
     7752000 |        0 |    0 |  45 | 0(R) | 0 | 0 | 0x00000000000000000000000000000000 | 0x00002d
     7754000 |        0 |    0 |  46 | 0(R) | 0 | 0 | 0x00000000000000000000000000000000 | 0x00002e
     7757000 |        0 |    0 |  47 | 0(R) | 0 | 0 | 0x00000000000000000000000000000000 | 0x00002f
     7759000 |        0 |    0 |  48 | 0(R) | 0 | 0 | 0x00000000000000000000000000000000 | 0x000030
     7762000 |        0 |    0 |  49 | 0(R) | 0 | 0 | 0x00000000000000000000000000000000 | 0x000031
     7764000 |        0 |    0 |  50 | 0(R) | 0 | 0 | 0x00000000000000000000000000000000 | 0x000032
     7767000 |        0 |    0 |  51 | 0(R) | 0 | 0 | 0x00000000000000000000000000000000 | 0x000033
     7769000 |        0 |    0 |  52 | 0(R) | 0 | 0 | 0x00000000000000000000000000000000 | 0x000034
     7772000 |        0 |    0 |  53 | 0(R) | 0 | 0 | 0x00000000000000000000000000000000 | 0x000035
     7774000 |        0 |    0 |  54 | 0(R) | 0 | 0 | 0x00000000000000000000000000000000 | 0x000036
     7777000 |        0 |    0 |  55 | 0(R) | 0 | 0 | 0x00000000000000000000000000000000 | 0x000037
     7779000 |        0 |    0 |  56 | 0(R) | 0 | 0 | 0x00000000000000000000000000000000 | 0x000038
     7782000 |        0 |    0 |  57 | 0(R) | 0 | 0 | 0x00000000000000000000000000000000 | 0x000039
     7784000 |        0 |    0 |  58 | 0(R) | 0 | 0 | 0x00000000000000000000000000000000 | 0x00003a
     7787000 |        0 |    0 |  59 | 0(R) | 0 | 0 | 0x00000000000000000000000000000000 | 0x00003b
     7789000 |        0 |    0 |  60 | 0(R) | 0 | 0 | 0x00000000000000000000000000000000 | 0x00003c
     7792000 |        0 |    0 |  61 | 0(R) | 0 | 0 | 0x00000000000000000000000000000000 | 0x00003d
     7794000 |        0 |    0 |  62 | 0(R) | 0 | 0 | 0x00000000000000000000000000000000 | 0x00003e
     7797000 |        0 |    0 |  63 | 0(R) | 0 | 0 | 0x00000000000000000000000000000000 | 0x00003f
[13329000] INFO: slice start (cycle=0)
    13354000 |       19 |    0 |   0 | 0(R) | 0 | 0 | 0x00000000000000000000000000000000 | 0x000000
    13357000 |       21 |    0 |   1 | 0(R) | 0 | 0 | 0x00000000000000000000000000000000 | 0x000001
    13359000 |       23 |    0 |   8 | 0(R) | 0 | 0 | 0x00000000000000000000000000000000 | 0x000008
    13362000 |       25 |    0 |   9 | 0(R) | 0 | 0 | 0x00000000000000000000000000000000 | 0x000009
    13364000 |       27 |    0 |   2 | 0(R) | 0 | 0 | 0x00000000000000000000000000000000 | 0x000002
    13367000 |       29 |    0 |   3 | 0(R) | 0 | 0 | 0x00000000000000000000000000000000 | 0x000003
    13369000 |       31 |    0 |  10 | 0(R) | 0 | 0 | 0x00000000000000000000000000000000 | 0x00000a
    13372000 |       33 |    0 |  11 | 0(R) | 0 | 0 | 0x00000000000000000000000000000000 | 0x00000b
    13374000 |       35 |    0 |   4 | 0(R) | 0 | 0 | 0x00000000000000000000000000000000 | 0x000004
    13377000 |       37 |    0 |   5 | 0(R) | 0 | 0 | 0x00000000000000000000000000000000 | 0x000005
    13379000 |       39 |    0 |  12 | 0(R) | 0 | 0 | 0x00000000000000000000000000000000 | 0x00000c
    13382000 |       41 |    0 |  13 | 0(R) | 0 | 0 | 0x00000000000000000000000000000000 | 0x00000d
    13384000 |       43 |    0 |   6 | 0(R) | 0 | 0 | 0x00000000000000000000000000000000 | 0x000006
    13387000 |       45 |    0 |   7 | 0(R) | 0 | 0 | 0x00000000000000000000000000000000 | 0x000007
    13389000 |       47 |    0 |  14 | 0(R) | 0 | 0 | 0x00000000000000000000000000000000 | 0x00000e
    13392000 |       49 |    0 |  15 | 0(R) | 0 | 0 | 0x00000000000000000000000000000000 | 0x00000f
    13394000 |       51 |    0 |  16 | 0(R) | 0 | 0 | 0x00000000000000000000000000000000 | 0x000010
    13397000 |       53 |    0 |  17 | 0(R) | 0 | 0 | 0x00000000000000000000000000000000 | 0x000011
    13399000 |       55 |    0 |  24 | 0(R) | 0 | 0 | 0x00000000000000000000000000000000 | 0x000018
    13402000 |       57 |    0 |  25 | 0(R) | 0 | 0 | 0x00000000000000000000000000000000 | 0x000019
    13404000 |       59 |    0 |  18 | 0(R) | 0 | 0 | 0x00000000000000000000000000000000 | 0x000012
    13407000 |       61 |    0 |  19 | 0(R) | 0 | 0 | 0x00000000000000000000000000000000 | 0x000013
    13409000 |       63 |    0 |  26 | 0(R) | 0 | 0 | 0x00000000000000000000000000000000 | 0x00001a
    13412000 |       65 |    0 |  27 | 0(R) | 0 | 0 | 0x00000000000000000000000000000000 | 0x00001b
    13414000 |       67 |    0 |  20 | 0(R) | 0 | 0 | 0x00000000000000000000000000000000 | 0x000014
    13417000 |       69 |    0 |  21 | 0(R) | 0 | 0 | 0x00000000000000000000000000000000 | 0x000015
    13419000 |       71 |    0 |  28 | 0(R) | 0 | 0 | 0x00000000000000000000000000000000 | 0x00001c
    13422000 |       73 |    0 |  29 | 0(R) | 0 | 0 | 0x00000000000000000000000000000000 | 0x00001d
    13424000 |       75 |    0 |  22 | 0(R) | 0 | 0 | 0x00000000000000000000000000000000 | 0x000016
    13427000 |       77 |    0 |  23 | 0(R) | 0 | 0 | 0x00000000000000000000000000000000 | 0x000017
    13429000 |       79 |    0 |  30 | 0(R) | 0 | 0 | 0x00000000000000000000000000000000 | 0x00001e
    13432000 |       81 |    0 |  31 | 0(R) | 0 | 0 | 0x00000000000000000000000000000000 | 0x00001f
    13434000 |       83 |    0 |  32 | 0(R) | 0 | 0 | 0x00000000000000000000000000000000 | 0x000020
    13437000 |       85 |    0 |  33 | 0(R) | 0 | 0 | 0x00000000000000000000000000000000 | 0x000021
    13439000 |       87 |    0 |  40 | 0(R) | 0 | 0 | 0x00000000000000000000000000000000 | 0x000028
    13442000 |       89 |    0 |  41 | 0(R) | 0 | 0 | 0x00000000000000000000000000000000 | 0x000029
    13444000 |       91 |    0 |  34 | 0(R) | 0 | 0 | 0x00000000000000000000000000000000 | 0x000022
    13447000 |       93 |    0 |  35 | 0(R) | 0 | 0 | 0x00000000000000000000000000000000 | 0x000023
    13449000 |       95 |    0 |  42 | 0(R) | 0 | 0 | 0x00000000000000000000000000000000 | 0x00002a
    13452000 |       97 |    0 |  43 | 0(R) | 0 | 0 | 0x00000000000000000000000000000000 | 0x00002b
    13454000 |       99 |    0 |  36 | 0(R) | 0 | 0 | 0x00000000000000000000000000000000 | 0x000024
    13457000 |      101 |    0 |  37 | 0(R) | 0 | 0 | 0x00000000000000000000000000000000 | 0x000025
    13459000 |      103 |    0 |  44 | 0(R) | 0 | 0 | 0x00000000000000000000000000000000 | 0x00002c
    13462000 |      105 |    0 |  45 | 0(R) | 0 | 0 | 0x00000000000000000000000000000000 | 0x00002d
    13464000 |      107 |    0 |  38 | 0(R) | 0 | 0 | 0x00000000000000000000000000000000 | 0x000026
    13467000 |      109 |    0 |  39 | 0(R) | 0 | 0 | 0x00000000000000000000000000000000 | 0x000027
    13469000 |      111 |    0 |  46 | 0(R) | 0 | 0 | 0x00000000000000000000000000000000 | 0x00002e
    13472000 |      113 |    0 |  47 | 0(R) | 0 | 0 | 0x00000000000000000000000000000000 | 0x00002f
    13474000 |      115 |    0 |  48 | 0(R) | 0 | 0 | 0x00000000000000000000000000000000 | 0x000030
    13477000 |      117 |    0 |  49 | 0(R) | 0 | 0 | 0x00000000000000000000000000000000 | 0x000031
    13479000 |      119 |    0 |  56 | 0(R) | 0 | 0 | 0x00000000000000000000000000000000 | 0x000038
    13482000 |      121 |    0 |  57 | 0(R) | 0 | 0 | 0x00000000000000000000000000000000 | 0x000039
    13484000 |      123 |    0 |  50 | 0(R) | 0 | 0 | 0x00000000000000000000000000000000 | 0x000032
    13487000 |      125 |    0 |  51 | 0(R) | 0 | 0 | 0x00000000000000000000000000000000 | 0x000033
    13489000 |      127 |    0 |  58 | 0(R) | 0 | 0 | 0x00000000000000000000000000000000 | 0x00003a
    13492000 |      129 |    0 |  59 | 0(R) | 0 | 0 | 0x00000000000000000000000000000000 | 0x00003b
    13494000 |      131 |    0 |  52 | 0(R) | 0 | 0 | 0x00000000000000000000000000000000 | 0x000034
    13497000 |      133 |    0 |  53 | 0(R) | 0 | 0 | 0x00000000000000000000000000000000 | 0x000035
    13499000 |      135 |    0 |  60 | 0(R) | 0 | 0 | 0x00000000000000000000000000000000 | 0x00003c
    13502000 |      137 |    0 |  61 | 0(R) | 0 | 0 | 0x00000000000000000000000000000000 | 0x00003d
    13504000 |      139 |    0 |  54 | 0(R) | 0 | 0 | 0x00000000000000000000000000000000 | 0x000036
    13507000 |      141 |    0 |  55 | 0(R) | 0 | 0 | 0x00000000000000000000000000000000 | 0x000037
    13509000 |      143 |    0 |  62 | 0(R) | 0 | 0 | 0x00000000000000000000000000000000 | 0x00003e
    13512000 |      145 |    0 |  63 | 0(R) | 0 | 0 | 0x00000000000000000000000000000000 | 0x00003f
    13514000 |      147 |    0 |   0 | 0(R) | 0 | 0 | 0x00000000000000000000000000000000 | 0x000000
    13517000 |      149 |    0 |   1 | 0(R) | 0 | 0 | 0x00000000000000000000000000000000 | 0x000001
    13519000 |      151 |    0 |   8 | 0(R) | 0 | 0 | 0x00000000000000000000000000000000 | 0x000008
    13522000 |      153 |    0 |   9 | 0(R) | 0 | 0 | 0x00000000000000000000000000000000 | 0x000009
    13524000 |      155 |    0 |   2 | 0(R) | 0 | 0 | 0x00000000000000000000000000000000 | 0x000002
    13527000 |      157 |    0 |   3 | 0(R) | 0 | 0 | 0x00000000000000000000000000000000 | 0x000003
    13529000 |      159 |    0 |  10 | 0(R) | 0 | 0 | 0x00000000000000000000000000000000 | 0x00000a
    13532000 |      161 |    0 |  11 | 0(R) | 0 | 0 | 0x00000000000000000000000000000000 | 0x00000b
    13534000 |      163 |    0 |   4 | 0(R) | 0 | 0 | 0x00000000000000000000000000000000 | 0x000004
    13537000 |      165 |    0 |   5 | 0(R) | 0 | 0 | 0x00000000000000000000000000000000 | 0x000005
    13539000 |      167 |    0 |  12 | 0(R) | 0 | 0 | 0x00000000000000000000000000000000 | 0x00000c
    13542000 |      169 |    0 |  13 | 0(R) | 0 | 0 | 0x00000000000000000000000000000000 | 0x00000d
    13544000 |      171 |    0 |   6 | 0(R) | 0 | 0 | 0x00000000000000000000000000000000 | 0x000006
    13547000 |      173 |    0 |   7 | 0(R) | 0 | 0 | 0x00000000000000000000000000000000 | 0x000007
    13549000 |      175 |    0 |  14 | 0(R) | 0 | 0 | 0x00000000000000000000000000000000 | 0x00000e
    13552000 |      177 |    0 |  15 | 0(R) | 0 | 0 | 0x00000000000000000000000000000000 | 0x00000f
    13554000 |      179 |    0 |  16 | 0(R) | 0 | 0 | 0x00000000000000000000000000000000 | 0x000010
    13557000 |      181 |    0 |  17 | 0(R) | 0 | 0 | 0x00000000000000000000000000000000 | 0x000011
    13559000 |      183 |    0 |  24 | 0(R) | 0 | 0 | 0x00000000000000000000000000000000 | 0x000018
    13562000 |      185 |    0 |  25 | 0(R) | 0 | 0 | 0x00000000000000000000000000000000 | 0x000019
    13564000 |      187 |    0 |  18 | 0(R) | 0 | 0 | 0x00000000000000000000000000000000 | 0x000012
    13567000 |      189 |    0 |  19 | 0(R) | 0 | 0 | 0x00000000000000000000000000000000 | 0x000013
    13569000 |      191 |    0 |  26 | 0(R) | 0 | 0 | 0x00000000000000000000000000000000 | 0x00001a
    13572000 |      193 |    0 |  27 | 0(R) | 0 | 0 | 0x00000000000000000000000000000000 | 0x00001b
    13574000 |      195 |    0 |  20 | 0(R) | 0 | 0 | 0x00000000000000000000000000000000 | 0x000014
    13577000 |      197 |    0 |  21 | 0(R) | 0 | 0 | 0x00000000000000000000000000000000 | 0x000015
    13579000 |      199 |    0 |  28 | 0(R) | 0 | 0 | 0x00000000000000000000000000000000 | 0x00001c
    13582000 |      201 |    0 |  29 | 0(R) | 0 | 0 | 0x00000000000000000000000000000000 | 0x00001d
    13584000 |      203 |    0 |  22 | 0(R) | 0 | 0 | 0x00000000000000000000000000000000 | 0x000016
    13587000 |      205 |    0 |  23 | 0(R) | 0 | 0 | 0x00000000000000000000000000000000 | 0x000017
    13589000 |      207 |    0 |  30 | 0(R) | 0 | 0 | 0x00000000000000000000000000000000 | 0x00001e
    13592000 |      209 |    0 |  31 | 0(R) | 0 | 0 | 0x00000000000000000000000000000000 | 0x00001f
    13594000 |      211 |    0 |  32 | 0(R) | 0 | 0 | 0x00000000000000000000000000000000 | 0x000020
    13597000 |      213 |    0 |  33 | 0(R) | 0 | 0 | 0x00000000000000000000000000000000 | 0x000021
    13599000 |      215 |    0 |  40 | 0(R) | 0 | 0 | 0x00000000000000000000000000000000 | 0x000028
    13602000 |      217 |    0 |  41 | 0(R) | 0 | 0 | 0x00000000000000000000000000000000 | 0x000029
    13604000 |      219 |    0 |  34 | 0(R) | 0 | 0 | 0x00000000000000000000000000000000 | 0x000022
    13607000 |      221 |    0 |  35 | 0(R) | 0 | 0 | 0x00000000000000000000000000000000 | 0x000023
    13609000 |      223 |    0 |  42 | 0(R) | 0 | 0 | 0x00000000000000000000000000000000 | 0x00002a
    13612000 |      225 |    0 |  43 | 0(R) | 0 | 0 | 0x00000000000000000000000000000000 | 0x00002b
    13614000 |      227 |    0 |  36 | 0(R) | 0 | 0 | 0x00000000000000000000000000000000 | 0x000024
    13617000 |      229 |    0 |  37 | 0(R) | 0 | 0 | 0x00000000000000000000000000000000 | 0x000025
    13619000 |      231 |    0 |  44 | 0(R) | 0 | 0 | 0x00000000000000000000000000000000 | 0x00002c
    13622000 |      233 |    0 |  45 | 0(R) | 0 | 0 | 0x00000000000000000000000000000000 | 0x00002d
    13624000 |      235 |    0 |  38 | 0(R) | 0 | 0 | 0x00000000000000000000000000000000 | 0x000026
    13627000 |      237 |    0 |  39 | 0(R) | 0 | 0 | 0x00000000000000000000000000000000 | 0x000027
    13629000 |      239 |    0 |  46 | 0(R) | 0 | 0 | 0x00000000000000000000000000000000 | 0x00002e
    13632000 |      241 |    0 |  47 | 0(R) | 0 | 0 | 0x00000000000000000000000000000000 | 0x00002f
    13634000 |      243 |    0 |  48 | 0(R) | 0 | 0 | 0x00000000000000000000000000000000 | 0x000030
    13637000 |      245 |    0 |  49 | 0(R) | 0 | 0 | 0x00000000000000000000000000000000 | 0x000031
    13639000 |      247 |    0 |  56 | 0(R) | 0 | 0 | 0x00000000000000000000000000000000 | 0x000038
    13642000 |      249 |    0 |  57 | 0(R) | 0 | 0 | 0x00000000000000000000000000000000 | 0x000039
    13644000 |      251 |    0 |  50 | 0(R) | 0 | 0 | 0x00000000000000000000000000000000 | 0x000032
    13647000 |      253 |    0 |  51 | 0(R) | 0 | 0 | 0x00000000000000000000000000000000 | 0x000033
    13649000 |      255 |    0 |  58 | 0(R) | 0 | 0 | 0x00000000000000000000000000000000 | 0x00003a
    13652000 |      257 |    0 |  59 | 0(R) | 0 | 0 | 0x00000000000000000000000000000000 | 0x00003b
    13654000 |      259 |    0 |  52 | 0(R) | 0 | 0 | 0x00000000000000000000000000000000 | 0x000034
    13657000 |      261 |    0 |  53 | 0(R) | 0 | 0 | 0x00000000000000000000000000000000 | 0x000035
    13659000 |      263 |    0 |  60 | 0(R) | 0 | 0 | 0x00000000000000000000000000000000 | 0x00003c
    13662000 |      265 |    0 |  61 | 0(R) | 0 | 0 | 0x00000000000000000000000000000000 | 0x00003d
    13664000 |      267 |    0 |  54 | 0(R) | 0 | 0 | 0x00000000000000000000000000000000 | 0x000036
    13667000 |      269 |    0 |  55 | 0(R) | 0 | 0 | 0x00000000000000000000000000000000 | 0x000037
    13669000 |      271 |    0 |  62 | 0(R) | 0 | 0 | 0x00000000000000000000000000000000 | 0x00003e
    13672000 |      273 |    0 |  63 | 0(R) | 0 | 0 | 0x00000000000000000000000000000000 | 0x00003f
[14354000] INFO: slice completed (cycle=819)
[14354000] INFO: Row Change Count (Start->Finish) = 0
# Total handshakes: 257
