# Bank Frame Channel Monitor - Slice[0] Bank[3]
# Format: Time(ns) | CycleFromSliceStart | Row(dec) | Col(dec) | RW(0:R,1:W) | StartFrame | EndFrame | Data(hex128) | Addr(hex)
# ========================================
[13329000] INFO: slice start (cycle=0)
    13614000 |      227 |    0 |   0 | 1(W) | 1 | 0 | 0xa9ed3cffb4ebc019b8013a9a35e130f0 | 0x000000
    13617000 |      229 |    0 |   2 | 1(W) | 0 | 0 | 0xb5ed35d73c4bbc9d30a0bffcadc63f14 | 0x000002
    13639000 |      247 |    0 |   1 | 1(W) | 0 | 0 | 0xad88400cbd78392fb973411b40dc35e7 | 0x000001
    13642000 |      249 |    0 |   4 | 1(W) | 0 | 0 | 0x3291b6b1391cbf2c3c5cc30db85c401c | 0x000004
    13644000 |      251 |    0 |   3 | 1(W) | 0 | 0 | 0x2c34b9133c053e40b8593e98b6dea7fc | 0x000003
    13647000 |      253 |    0 |   6 | 1(W) | 0 | 0 | 0xb7d93778ba503f2eb4c938d63c38bbbd | 0x000006
    13649000 |      255 |    0 |   5 | 1(W) | 0 | 0 | 0x43d93c94b801bcd2addf39e3bba1bcd7 | 0x000005
    13652000 |      257 |    0 |   8 | 1(W) | 0 | 0 | 0x312bb82bb8a3405c3d32be70bdbab882 | 0x000008
    13654000 |      259 |    0 |   7 | 1(W) | 0 | 0 | 0x3facb09f41e6394241b62bb5b97db980 | 0x000007
    13657000 |      261 |    0 |  10 | 1(W) | 0 | 0 | 0x3eeebebcbe093dc13a6bb219bf38bba6 | 0x00000a
    13659000 |      263 |    0 |   9 | 1(W) | 0 | 0 | 0xb6da31704059b4433c73b9ca3d4cb732 | 0x000009
    13662000 |      265 |    0 |  12 | 1(W) | 0 | 0 | 0xc03342014073298b3fe8380537bfbb13 | 0x00000c
    13664000 |      267 |    0 |  11 | 1(W) | 0 | 0 | 0xbe263c7d3e97bf3538c9b30a273d3f3b | 0x00000b
    13667000 |      269 |    0 |  14 | 1(W) | 0 | 0 | 0x3b6338cc3432c0a3b84db4333ee44146 | 0x00000e
    13669000 |      271 |    0 |  13 | 1(W) | 0 | 0 | 0x3de23460440db8f242ccb90db5e63938 | 0x00000d
    13672000 |      273 |    0 |  16 | 1(W) | 0 | 0 | 0x36f941173818bca7382240aeaa6bb741 | 0x000010
    13674000 |      275 |    0 |  15 | 1(W) | 0 | 0 | 0xbd87ba26be4ec318bdabbaa640843d78 | 0x00000f
    13677000 |      277 |    0 |  18 | 1(W) | 0 | 0 | 0x3e61b75eb7114367382d3551bb4cbbb4 | 0x000012
    13679000 |      279 |    0 |  17 | 1(W) | 0 | 0 | 0xb6f5bb843cb939c2bc85ba76c317231f | 0x000011
    13682000 |      281 |    0 |  20 | 1(W) | 0 | 0 | 0x34b73cebb6e4349440ecc03db552b631 | 0x000014
    13684000 |      283 |    0 |  19 | 1(W) | 0 | 0 | 0xb5ba40123ec53d203f61b51738c5c403 | 0x000013
    13687000 |      285 |    0 |  22 | 1(W) | 0 | 0 | 0xad7cba10366bbf142f753a873d513ade | 0x000016
    13689000 |      287 |    0 |  21 | 1(W) | 0 | 0 | 0xbc7b311041493619a5cd36aab727b8eb | 0x000015
    13692000 |      289 |    0 |  24 | 1(W) | 0 | 0 | 0xc1ba3d012e913dd2b45eb6b9b15c2f2c | 0x000018
    13694000 |      291 |    0 |  23 | 1(W) | 0 | 0 | 0x2fc1b844b1ae3320b8b3c12bb649ba11 | 0x000017
    13697000 |      293 |    0 |  26 | 1(W) | 0 | 0 | 0xbb4f316e39f3272631604054bb224062 | 0x00001a
    13699000 |      295 |    0 |  25 | 1(W) | 0 | 0 | 0xbc8b3d5b4391bb0f3e454039b7a6b9df | 0x000019
    13702000 |      297 |    0 |  28 | 1(W) | 0 | 0 | 0x40f730a23c5ac2a92cf8a64237ec2a9c | 0x00001c
    13704000 |      299 |    0 |  27 | 1(W) | 0 | 0 | 0xb43db8c83c624160b454386cb8efc09b | 0x00001b
    13707000 |      301 |    0 |  30 | 1(W) | 0 | 0 | 0xbbdbc069bd343d4ec11ab488b43c39dc | 0x00001e
    13709000 |      303 |    0 |  29 | 1(W) | 0 | 0 | 0xc0272f073b6fbf4ebd1739cb3a6439b0 | 0x00001d
    13712000 |      305 |    0 |  32 | 1(W) | 0 | 0 | 0xb76a3cb03317b6f0bcbfb49438263c70 | 0x000020
    13714000 |      307 |    0 |  31 | 1(W) | 0 | 0 | 0xc169abeabd08302fbff83c0f42e03351 | 0x00001f
    13717000 |      309 |    0 |  34 | 1(W) | 0 | 0 | 0xb0fc3c714140c1f8bd77b8f5375e4002 | 0x000022
    13719000 |      311 |    0 |  33 | 1(W) | 0 | 0 | 0xb1ef3b122cf7c0243872b644be06bccd | 0x000021
    13722000 |      313 |    0 |  36 | 1(W) | 0 | 0 | 0xbc43b9b242233d2bc1c43b0fb39f34c9 | 0x000024
    13724000 |      315 |    0 |  35 | 1(W) | 0 | 0 | 0x3cc2bdb5324db14d36ad393d3931ab3a | 0x000023
    13727000 |      317 |    0 |  38 | 1(W) | 0 | 0 | 0x3ee2b13fac92bda53f63bd1d349cb835 | 0x000026
    13729000 |      319 |    0 |  37 | 1(W) | 0 | 0 | 0xb36030d8be6e347bc196be953cf5be12 | 0x000025
    13732000 |      321 |    0 |  40 | 1(W) | 0 | 0 | 0xc017c022bf773a243c45ba6e3e55b4a5 | 0x000028
    13734000 |      323 |    0 |  39 | 1(W) | 0 | 0 | 0x3167b4cdac7dbcbfbc943c4940e4367f | 0x000027
    13737000 |      325 |    0 |  42 | 1(W) | 0 | 0 | 0x3a81bcebbe4b3f3bb8ad3dab3d6ebc78 | 0x00002a
    13739000 |      327 |    0 |  41 | 1(W) | 0 | 0 | 0x40ffbe5a3b833c2e3e65381d3294bb78 | 0x000029
    13742000 |      329 |    0 |  44 | 1(W) | 0 | 0 | 0x3c87b6c3405ab8933eef3f943b2740cb | 0x00002c
    13744000 |      331 |    0 |  43 | 1(W) | 0 | 0 | 0x3cac30b040c1a9533bc840f2bc033e28 | 0x00002b
    13747000 |      333 |    0 |  46 | 1(W) | 0 | 0 | 0x3dd537f04146bf10b89db489bf54b906 | 0x00002e
    13749000 |      335 |    0 |  45 | 1(W) | 0 | 0 | 0xbd31bfb0b5f8b3f2bc883a0d3d6135cf | 0x00002d
    13752000 |      337 |    0 |  48 | 1(W) | 0 | 0 | 0xbc5b3c6aad98be9b32e1bd7a25783d35 | 0x000030
    13754000 |      339 |    0 |  47 | 1(W) | 0 | 0 | 0x381d3897b48c40c5bc4baeb5c18aab0f | 0x00002f
    13757000 |      341 |    0 |  50 | 1(W) | 0 | 0 | 0x391d3c7d38b2c323b5dc9de540c7bc05 | 0x000032
    13759000 |      343 |    0 |  49 | 1(W) | 0 | 0 | 0xbd85b349b14832cfbd1fb1e83e223d43 | 0x000031
    13762000 |      345 |    0 |  52 | 1(W) | 0 | 0 | 0xbf2d3e623a46bd42bd30b2263b373bdd | 0x000034
    13764000 |      347 |    0 |  51 | 1(W) | 0 | 0 | 0x3405bc8ebb8841e63cc0b54f3bc1be22 | 0x000033
    13767000 |      349 |    0 |  54 | 1(W) | 0 | 0 | 0x3cbb3686bc50bc213945b658b82c3be5 | 0x000036
    13769000 |      351 |    0 |  53 | 1(W) | 0 | 0 | 0x35c1b7143d1738171d783b223c0c38f7 | 0x000035
    13772000 |      353 |    0 |  56 | 1(W) | 0 | 0 | 0xbcc338ae3f1cbc2c3ee73d17b3c13c41 | 0x000038
    13774000 |      355 |    0 |  55 | 1(W) | 0 | 0 | 0x38a32bc23c4db434b7d9bf6b3d00b686 | 0x000037
    13777000 |      357 |    0 |  58 | 1(W) | 0 | 0 | 0x3ce8be224046b8d3b1574252324740ca | 0x00003a
    13779000 |      359 |    0 |  57 | 1(W) | 0 | 0 | 0xb018b905b39b36b440013c43b2a43ffd | 0x000039
    13782000 |      361 |    0 |  60 | 1(W) | 0 | 0 | 0x3eaeb97bbdc5396ebf71be713788b56a | 0x00003c
    13784000 |      363 |    0 |  59 | 1(W) | 0 | 0 | 0x38d3bc3bbe503835415bbcbb39aebb97 | 0x00003b
    13787000 |      365 |    0 |  62 | 1(W) | 0 | 0 | 0x3b59bc3739453a8d396ab129b810b4f6 | 0x00003e
    13789000 |      367 |    0 |  61 | 1(W) | 0 | 0 | 0xb8ca3f30b4a7b87e3745adcac0c63d78 | 0x00003d
    13792000 |      369 |    0 |  63 | 1(W) | 0 | 0 | 0x381d320fb42134ed41beb9d9c25ab743 | 0x00003f
    13794000 |      371 |    0 |  63 | 1(W) | 0 | 1 | 0x381d320fb42134ed41beb9d9c25ab743 | 0x00003f
[13794000] INFO: Row Change (cycle=371, total=1)
    13797000 |      373 |    1 |   0 | 1(W) | 1 | 0 | 0x40f6b4fec013ba0ebd8e3977b9823878 | 0x000040
    13829000 |      399 |    1 |   2 | 1(W) | 0 | 0 | 0x2918c13d2e8eb7a0b7e7bbae379d3314 | 0x000042
    13852000 |      417 |    1 |   1 | 1(W) | 0 | 0 | 0xb4463d3b3cfcb93231e03cdc336f1c9a | 0x000041
    13854000 |      419 |    1 |   4 | 1(W) | 0 | 0 | 0xbcedbfc5398f400c3215c1bb3baa3855 | 0x000044
    13857000 |      421 |    1 |   3 | 1(W) | 0 | 0 | 0xbf6136c237ba3cfb41ccba923eb1b5f9 | 0x000043
    13859000 |      423 |    1 |   6 | 1(W) | 0 | 0 | 0xbd0fb8af3eb5bcc4301c3c2f3a172ea3 | 0x000046
    13862000 |      425 |    1 |   5 | 1(W) | 0 | 0 | 0x388bb840bc253b77b411c05db5b43b0a | 0x000045
    13864000 |      427 |    1 |   8 | 1(W) | 0 | 0 | 0xb745bd32c1fdbd29bad6bbe2c175b414 | 0x000048
    13867000 |      429 |    1 |   7 | 1(W) | 0 | 0 | 0x387e3ac3bb81c084344dad0c36f138b5 | 0x000047
    13869000 |      431 |    1 |  10 | 1(W) | 0 | 0 | 0xc04536582a053e3cb3ecbf80c005373a | 0x00004a
    13872000 |      433 |    1 |   9 | 1(W) | 0 | 0 | 0x3e29369b2c27bdbaaaa93c2036314153 | 0x000049
    13874000 |      435 |    1 |  12 | 1(W) | 0 | 0 | 0x390cbc1c3df9bdf2bc5d3ca2bd203d1e | 0x00004c
    13877000 |      437 |    1 |  11 | 1(W) | 0 | 0 | 0x427d3ff52d4039deb29a3ee1c0a63ca5 | 0x00004b
    13879000 |      439 |    1 |  14 | 1(W) | 0 | 0 | 0x3e86b21338ee34672f91b87238063f7c | 0x00004e
    13882000 |      441 |    1 |  13 | 1(W) | 0 | 0 | 0x3c53af38c068bd13b10abf2eb4163773 | 0x00004d
    13884000 |      443 |    1 |  16 | 1(W) | 0 | 0 | 0x3dd6b7d4bab7363dbcde38cdaa80bf4a | 0x000050
    13887000 |      445 |    1 |  15 | 1(W) | 0 | 0 | 0x38ebb5c940d8b099bcf7b68d3e3b36ec | 0x00004f
    13889000 |      447 |    1 |  18 | 1(W) | 0 | 0 | 0xc00c3c7bb678b04c3bed3c3db254b144 | 0x000052
    13892000 |      449 |    1 |  17 | 1(W) | 0 | 0 | 0xba0b31f0c05344a0402dba6fb45dc125 | 0x000051
    13894000 |      451 |    1 |  20 | 1(W) | 0 | 0 | 0xb6eeb8a93e5fbfa8c0043919b8b4bc47 | 0x000054
    13897000 |      453 |    1 |  19 | 1(W) | 0 | 0 | 0xb82933403eefbc96b6a73dbd3d143a9a | 0x000053
    13899000 |      455 |    1 |  22 | 1(W) | 0 | 0 | 0x3fd9b474b5e1c15cbe29365326293786 | 0x000056
    13902000 |      457 |    1 |  21 | 1(W) | 0 | 0 | 0x36913be7bae23bd13ff73cab3f8eb0b6 | 0x000055
    13904000 |      459 |    1 |  24 | 1(W) | 0 | 0 | 0xae18b05abc4b3aa8b9413ed5c09fa61f | 0x000058
    13907000 |      461 |    1 |  23 | 1(W) | 0 | 0 | 0xba50c1d3babe2bd5b964b9aa3a3f3c8c | 0x000057
    13909000 |      463 |    1 |  26 | 1(W) | 0 | 0 | 0xbf70ae4f3c9041884056c04bb746b825 | 0x00005a
    13912000 |      465 |    1 |  25 | 1(W) | 0 | 0 | 0x3ee638b2b7c43584b15b3ade2d5abcfd | 0x000059
    13914000 |      467 |    1 |  28 | 1(W) | 0 | 0 | 0x406bbd53b82cbb5bbb6ec02c38bb3fa0 | 0x00005c
    13917000 |      469 |    1 |  27 | 1(W) | 0 | 0 | 0xb9dd354ab432b8d33da83ce73c1db8c0 | 0x00005b
    13919000 |      471 |    1 |  30 | 1(W) | 0 | 0 | 0xc0e5bc7838e03c76417bbca93fbaa9fa | 0x00005e
    13922000 |      473 |    1 |  29 | 1(W) | 0 | 0 | 0x3a4a38e33db53c34b6ba3cc03c51bf67 | 0x00005d
    13924000 |      475 |    1 |  32 | 1(W) | 0 | 0 | 0x3d1b3432bc593cf52b7aa4e73ac3b733 | 0x000060
    13927000 |      477 |    1 |  31 | 1(W) | 0 | 0 | 0xb9d5ba4a4194c1e631933d29408e36b3 | 0x00005f
    13929000 |      479 |    1 |  34 | 1(W) | 0 | 0 | 0x35683edcac0b3aa3be73357a3d523d67 | 0x000062
    13932000 |      481 |    1 |  33 | 1(W) | 0 | 0 | 0x3a30b8913cfbbb07ae79bac8b3ab39d3 | 0x000061
    13934000 |      483 |    1 |  36 | 1(W) | 0 | 0 | 0x35572dae3829b8b0bd2a4451b846376e | 0x000064
    13937000 |      485 |    1 |  35 | 1(W) | 0 | 0 | 0xc056b2ef40bf3c3131b2b48bba7e3ac4 | 0x000063
    13939000 |      487 |    1 |  38 | 1(W) | 0 | 0 | 0xb7ef391cb7172ef4bd6ebc76bca03b48 | 0x000066
    13942000 |      489 |    1 |  37 | 1(W) | 0 | 0 | 0x3e71b0bdb389c099b9f139593992bee3 | 0x000065
    13944000 |      491 |    1 |  40 | 1(W) | 0 | 0 | 0xa9f63d67c52437db320dbecbb468b479 | 0x000068
    13947000 |      493 |    1 |  39 | 1(W) | 0 | 0 | 0x3554bf9f3df731dc3c3bb54534613d1f | 0x000067
    13949000 |      495 |    1 |  42 | 1(W) | 0 | 0 | 0xacf9c01f308dc12c3c3b3e1abd6dbc24 | 0x00006a
    13952000 |      497 |    1 |  41 | 1(W) | 0 | 0 | 0xc09338cdb8733d5ac123bae0bd6d3cdf | 0x000069
    13954000 |      499 |    1 |  44 | 1(W) | 0 | 0 | 0x3402b9d837c6bd6a3c9539a7bbf73a55 | 0x00006c
    13957000 |      501 |    1 |  43 | 1(W) | 0 | 0 | 0xb8f1b8c7bac5399cac41bae9b83035c1 | 0x00006b
    13959000 |      503 |    1 |  46 | 1(W) | 0 | 0 | 0xa69e3903375dae04c32fb1ddbd073ca1 | 0x00006e
    13962000 |      505 |    1 |  45 | 1(W) | 0 | 0 | 0xbfe73c9335b03741b99b37dea4ba3ef0 | 0x00006d
    13964000 |      507 |    1 |  48 | 1(W) | 0 | 0 | 0x23e83dcb35d0bae7b7903024bdfe33c5 | 0x000070
    13967000 |      509 |    1 |  47 | 1(W) | 0 | 0 | 0x3d2735373905a6eab817434f36e1bb76 | 0x00006f
    13969000 |      511 |    1 |  50 | 1(W) | 0 | 0 | 0xb6aabe5a3c9633f52b9fc11038b33dff | 0x000072
    13972000 |      513 |    1 |  49 | 1(W) | 0 | 0 | 0xc367417bb2894153353bb94540b6b6de | 0x000071
    13974000 |      515 |    1 |  52 | 1(W) | 0 | 0 | 0x43fabf4abc83c0233f0e3f3b36a52d5f | 0x000074
    13977000 |      517 |    1 |  51 | 1(W) | 0 | 0 | 0xb536b87e385cbe3e3a3b3c64b020b958 | 0x000073
    13979000 |      519 |    1 |  54 | 1(W) | 0 | 0 | 0x30a73a59b4a63b45bb44b89eb5593974 | 0x000076
    13982000 |      521 |    1 |  53 | 1(W) | 0 | 0 | 0xc164360c3fad41fc337ab8323a243b44 | 0x000075
    13984000 |      523 |    1 |  56 | 1(W) | 0 | 0 | 0xbe1b3b5eb98538633a37bf2f3cc03854 | 0x000078
    13987000 |      525 |    1 |  55 | 1(W) | 0 | 0 | 0xbbfc409cbdf63c35c1bbb11b399b3420 | 0x000077
    13989000 |      527 |    1 |  58 | 1(W) | 0 | 0 | 0xbe11bce94221b8423ce440c8c11c3c91 | 0x00007a
    13992000 |      529 |    1 |  57 | 1(W) | 0 | 0 | 0xc1be3cff4094b4033a47b115bd2c3933 | 0x000079
    13994000 |      531 |    1 |  60 | 1(W) | 0 | 0 | 0x2a3c3f03b9bbaf44c1743c793402b8cc | 0x00007c
    13997000 |      533 |    1 |  59 | 1(W) | 0 | 0 | 0xc0283bedb59b3bb8a6fbc210ab86a604 | 0x00007b
    13999000 |      535 |    1 |  62 | 1(W) | 0 | 0 | 0xb8d42b9a36543eaeb0d4b6f8b3acb2ad | 0x00007e
    14002000 |      537 |    1 |  61 | 1(W) | 0 | 0 | 0xbe4a3fd94174358a383334ee40419d65 | 0x00007d
    14004000 |      539 |    1 |  63 | 1(W) | 0 | 0 | 0x3d86263f3b7ca618377eb97f2a1e0e01 | 0x00007f
    14007000 |      541 |    1 |  63 | 1(W) | 0 | 1 | 0x3d86263f3b7ca618377eb97f2a1e0e01 | 0x00007f
[14007000] INFO: Row Change (cycle=541, total=2)
    14009000 |      543 |    2 |   0 | 1(W) | 1 | 0 | 0xb82338e83f5cbc803c943d333bfac049 | 0x000080
    14042000 |      569 |    2 |   2 | 1(W) | 0 | 0 | 0x28ad3a83b1e9c371406f4381a70ab37e | 0x000082
    14064000 |      587 |    2 |   1 | 1(W) | 0 | 0 | 0xbcf9b5e7a375bc90bd9aaf06a53f39cd | 0x000081
    14067000 |      589 |    2 |   4 | 1(W) | 0 | 0 | 0x3e3dc16ec1ed34bb3e2d3f6eba96b7a2 | 0x000084
    14069000 |      591 |    2 |   3 | 1(W) | 0 | 0 | 0xbe9f3d99ada4bc0db618bb80b0873f2c | 0x000083
    14072000 |      593 |    2 |   6 | 1(W) | 0 | 0 | 0xb91940293080b7e1322cbb5835a74275 | 0x000086
    14074000 |      595 |    2 |   5 | 1(W) | 0 | 0 | 0xc0cfafa5b0e429c5addf3f002725bc29 | 0x000085
    14077000 |      597 |    2 |   8 | 1(W) | 0 | 0 | 0x3f72bf45bb504192bd7fc04fb60e33a4 | 0x000088
    14079000 |      599 |    2 |   7 | 1(W) | 0 | 0 | 0xaf883edf344fc361407f40b6bec3bd76 | 0x000087
    14082000 |      601 |    2 |  10 | 1(W) | 0 | 0 | 0x3ca73c52b8cf3f0834ecbb9839e4b6f3 | 0x00008a
    14084000 |      603 |    2 |   9 | 1(W) | 0 | 0 | 0x2f24be5dbccab0c53fefb737beaa40a5 | 0x000089
    14087000 |      605 |    2 |  12 | 1(W) | 0 | 0 | 0xb5cd3cf13c11c51142d5352eb81a3eca | 0x00008c
    14089000 |      607 |    2 |  11 | 1(W) | 0 | 0 | 0x3a06c18735b5b1dc3848b8e83bb13501 | 0x00008b
    14092000 |      609 |    2 |  14 | 1(W) | 0 | 0 | 0xb9fcc0c1bf69a83737923f29b6043d5a | 0x00008e
    14094000 |      611 |    2 |  13 | 1(W) | 0 | 0 | 0xaffac0bbc3dcc0d5412540b3c25cbcdd | 0x00008d
    14097000 |      613 |    2 |  16 | 1(W) | 0 | 0 | 0xc14fb099be25b41c38703b903b6ab8b1 | 0x000090
    14099000 |      615 |    2 |  15 | 1(W) | 0 | 0 | 0x3e6e390db87c397b3ddbb476b8283517 | 0x00008f
    14102000 |      617 |    2 |  18 | 1(W) | 0 | 0 | 0xb7e53f873ddcbeb4baa73fda3d15bba3 | 0x000092
    14104000 |      619 |    2 |  17 | 1(W) | 0 | 0 | 0xbd1bbe75b7c43de9be6334eb4080bf98 | 0x000091
    14107000 |      621 |    2 |  20 | 1(W) | 0 | 0 | 0x40043cc23740be8b3ba23dd03215bb66 | 0x000094
    14109000 |      623 |    2 |  19 | 1(W) | 0 | 0 | 0xba38b9a3b2e8b8eb3b8fbd45c0383dea | 0x000093
    14112000 |      625 |    2 |  22 | 1(W) | 0 | 0 | 0x362e40d7adccbdf440a83b6db9923127 | 0x000096
    14114000 |      627 |    2 |  21 | 1(W) | 0 | 0 | 0xbd3db82b39a7bd443654340db273b86c | 0x000095
    14117000 |      629 |    2 |  24 | 1(W) | 0 | 0 | 0x3945c0fe3b0abb5cba0830703ad4bdd7 | 0x000098
    14119000 |      631 |    2 |  23 | 1(W) | 0 | 0 | 0xaaadab9ab2ec30933cd93f7f2821348c | 0x000097
    14122000 |      633 |    2 |  26 | 1(W) | 0 | 0 | 0xbabd3f30bb6ec14d3e70b8ce3ca13e48 | 0x00009a
    14124000 |      635 |    2 |  25 | 1(W) | 0 | 0 | 0xc01dbb08c01fbe533f17a17ebcb0b2b3 | 0x000099
    14127000 |      637 |    2 |  28 | 1(W) | 0 | 0 | 0xbe193babbd5dbcd141fd3fd2bd0f3ad5 | 0x00009c
    14129000 |      639 |    2 |  27 | 1(W) | 0 | 0 | 0xbce0322338443d75bf3cc053b9de3fa8 | 0x00009b
    14132000 |      641 |    2 |  30 | 1(W) | 0 | 0 | 0x30903dac3e623de8c00ac05636914060 | 0x00009e
    14134000 |      643 |    2 |  29 | 1(W) | 0 | 0 | 0xba10b1bcb948be0e351d3d7cb137bd9d | 0x00009d
    14137000 |      645 |    2 |  32 | 1(W) | 0 | 0 | 0x3c8ebd123d423e44b2f0bbb3ba483ae5 | 0x0000a0
    14139000 |      647 |    2 |  31 | 1(W) | 0 | 0 | 0x38293e883eaabb3fbc3dc05fbfea41a7 | 0x00009f
    14142000 |      649 |    2 |  34 | 1(W) | 0 | 0 | 0xb64f3556314bbe1036b3ae344297bec3 | 0x0000a2
    14144000 |      651 |    2 |  33 | 1(W) | 0 | 0 | 0xb9b0bf07bdad3c83b5fcba02bb3f3e88 | 0x0000a1
    14147000 |      653 |    2 |  36 | 1(W) | 0 | 0 | 0x3fe7bbfb3e38c2d03905beb83dbe2e14 | 0x0000a4
    14149000 |      655 |    2 |  35 | 1(W) | 0 | 0 | 0xbca83c0ebc99b9aaa8583e0dbd16c03e | 0x0000a3
    14152000 |      657 |    2 |  38 | 1(W) | 0 | 0 | 0xba84418eb4d6b1e340b63c653bb0bab8 | 0x0000a6
    14154000 |      659 |    2 |  37 | 1(W) | 0 | 0 | 0xaf0dbda9ba8e3d6fbf9dbd203b45b14e | 0x0000a5
    14157000 |      661 |    2 |  40 | 1(W) | 0 | 0 | 0x3f4f3b7c29a1b85038f93cc2b3b73d0e | 0x0000a8
    14159000 |      663 |    2 |  39 | 1(W) | 0 | 0 | 0xbe80be09bd73b370c03db1c33720c0c7 | 0x0000a7
    14162000 |      665 |    2 |  42 | 1(W) | 0 | 0 | 0xb518ba813922bba834b0bace37e635b0 | 0x0000aa
    14164000 |      667 |    2 |  41 | 1(W) | 0 | 0 | 0xb2df3f9c34f7332f41413fc237bf233c | 0x0000a9
    14167000 |      669 |    2 |  44 | 1(W) | 0 | 0 | 0xa114366d36103355b994c0824181b1ad | 0x0000ac
    14169000 |      671 |    2 |  43 | 1(W) | 0 | 0 | 0xb7f7b6a8bbdf3caa31edae0f3eef40b5 | 0x0000ab
    14172000 |      673 |    2 |  46 | 1(W) | 0 | 0 | 0xb2f0b9f3bef532be3d4f355340ec3d28 | 0x0000ae
    14174000 |      675 |    2 |  45 | 1(W) | 0 | 0 | 0x3765bfd1c16eb850c0913c9eadd5beaa | 0x0000ad
    14177000 |      677 |    2 |  48 | 1(W) | 0 | 0 | 0x4034ba5ebf2d3d2cbeafbc0db581396c | 0x0000b0
    14179000 |      679 |    2 |  47 | 1(W) | 0 | 0 | 0x3a4a31ff3ba837123beab9dfb3a0b859 | 0x0000af
    14182000 |      681 |    2 |  50 | 1(W) | 0 | 0 | 0xc13eb89c392ebdd23c21384830bcb398 | 0x0000b2
    14184000 |      683 |    2 |  49 | 1(W) | 0 | 0 | 0x2da43db53aadbd59b1c940f0c004bc58 | 0x0000b1
    14187000 |      685 |    2 |  52 | 1(W) | 0 | 0 | 0x330dbb193501bd05bd1fc29a41072d86 | 0x0000b4
    14189000 |      687 |    2 |  51 | 1(W) | 0 | 0 | 0x380b3e8a3fb32f70b4f4bc99bc4eb672 | 0x0000b3
    14192000 |      689 |    2 |  54 | 1(W) | 0 | 0 | 0xb7b033a6bf393e8d31a23d033b39be5d | 0x0000b6
    14194000 |      691 |    2 |  53 | 1(W) | 0 | 0 | 0xb3013a3a3d78b83a322f3d9ac174bce9 | 0x0000b5
    14197000 |      693 |    2 |  56 | 1(W) | 0 | 0 | 0x388fbaac4104b9083923b5e1b69641c5 | 0x0000b8
    14199000 |      695 |    2 |  55 | 1(W) | 0 | 0 | 0x3abb40a8427fbee042493c193cdcb927 | 0x0000b7
    14202000 |      697 |    2 |  58 | 1(W) | 0 | 0 | 0xb229bc04bfe7bd2fbb05badb3a0ebc91 | 0x0000ba
    14204000 |      699 |    2 |  57 | 1(W) | 0 | 0 | 0x3b7ab3c5c0bf3d0dc1a23765ba93bb6d | 0x0000b9
    14207000 |      701 |    2 |  60 | 1(W) | 0 | 0 | 0xb3c63abdbf1d3f29ae753c413fd5c0f5 | 0x0000bc
    14209000 |      703 |    2 |  59 | 1(W) | 0 | 0 | 0xba724214b65f368935e3410bbd02bca6 | 0x0000bb
    14212000 |      705 |    2 |  62 | 1(W) | 0 | 0 | 0xb6d340af3c58bd563f1e3dd5ba33bd08 | 0x0000be
    14214000 |      707 |    2 |  61 | 1(W) | 0 | 0 | 0xb9b6b542ba763b1bbe9d3915b982bc62 | 0x0000bd
    14217000 |      709 |    2 |  63 | 1(W) | 0 | 0 | 0xb7d33d3ab1a53c5e340496b1b54db85d | 0x0000bf
    14219000 |      711 |    2 |  63 | 1(W) | 0 | 1 | 0xb7d33d3ab1a53c5e340496b1b54db85d | 0x0000bf
[14219000] INFO: Row Change (cycle=711, total=3)
    14222000 |      713 |    3 |   0 | 1(W) | 1 | 0 | 0x3abb387a3e37bf093a383db0bafb3a9c | 0x0000c0
    14254000 |      739 |    3 |   2 | 1(W) | 0 | 0 | 0x4160bb6636a3bb8cb666bbbbc1733958 | 0x0000c2
    14277000 |      757 |    3 |   1 | 1(W) | 0 | 0 | 0x345e3a343e55b7cb3bc2bbb8369634ec | 0x0000c1
    14279000 |      759 |    3 |   4 | 1(W) | 0 | 0 | 0x3d3fbd5e386042acbc71b843c37635ce | 0x0000c4
    14282000 |      761 |    3 |   3 | 1(W) | 0 | 0 | 0xbe083dc733662e033d183bd53c4a3cd3 | 0x0000c3
    14284000 |      763 |    3 |   6 | 1(W) | 0 | 0 | 0x399e3f52b75dbb9a38af3cb53db03898 | 0x0000c6
    14287000 |      765 |    3 |   5 | 1(W) | 0 | 0 | 0xbe70bf273e4ebd63bb5339fdbe0994c6 | 0x0000c5
    14289000 |      767 |    3 |   8 | 1(W) | 0 | 0 | 0xb9c23ff8c0ceb20cbec8c0d13e5bc14a | 0x0000c8
    14292000 |      769 |    3 |   7 | 1(W) | 0 | 0 | 0x37fb348b3befbc98bd50b0f1b8fe37dc | 0x0000c7
    14294000 |      771 |    3 |  10 | 1(W) | 0 | 0 | 0xbf5b3411399b3f9b333d43813fc2bcaa | 0x0000ca
    14297000 |      773 |    3 |   9 | 1(W) | 0 | 0 | 0x41c93b99c017b6ebb1c43bd2b8384051 | 0x0000c9
    14299000 |      775 |    3 |  12 | 1(W) | 0 | 0 | 0x384cbcfc3eb4b741b9ccb531be9c3c5f | 0x0000cc
    14302000 |      777 |    3 |  11 | 1(W) | 0 | 0 | 0x39c1beb8bec0b234b345c212bd5b3c70 | 0x0000cb
    14304000 |      779 |    3 |  14 | 1(W) | 0 | 0 | 0x3f6cbd22ba4aa6c53324bbc1c0cc3d7f | 0x0000ce
    14307000 |      781 |    3 |  13 | 1(W) | 0 | 0 | 0x3e81407bba38b74fbf91bd5ac0753794 | 0x0000cd
    14309000 |      783 |    3 |  16 | 1(W) | 0 | 0 | 0xbabe3edc3ad1bed0ba0a3c9ab27234b2 | 0x0000d0
    14312000 |      785 |    3 |  15 | 1(W) | 0 | 0 | 0x3a36336c3a903fb93ff53dd0c0e0399d | 0x0000cf
    14314000 |      787 |    3 |  18 | 1(W) | 0 | 0 | 0x3ec1391b3abdbd7bb09a3e3c41c2322d | 0x0000d2
    14317000 |      789 |    3 |  17 | 1(W) | 0 | 0 | 0xa90d3cfcbf32bb39a943b3443b6039da | 0x0000d1
    14319000 |      791 |    3 |  20 | 1(W) | 0 | 0 | 0x308ebdbb3e0638a2c0f3c1bbbe60bed0 | 0x0000d4
    14322000 |      793 |    3 |  19 | 1(W) | 0 | 0 | 0x37cdbb9a380e3560c008322cb7303ad4 | 0x0000d3
    14324000 |      795 |    3 |  22 | 1(W) | 0 | 0 | 0x3bca403cb661be223cc83f03b3ce3561 | 0x0000d6
    14327000 |      797 |    3 |  21 | 1(W) | 0 | 0 | 0x3d3d3b2fb0a1b997361639392f2f40d1 | 0x0000d5
    14329000 |      799 |    3 |  24 | 1(W) | 0 | 0 | 0x40c9bb55b29414a4b34ebb823c69b40e | 0x0000d8
    14332000 |      801 |    3 |  23 | 1(W) | 0 | 0 | 0x4292b0a8b9a4b8d0b69b414db67b3a5d | 0x0000d7
    14334000 |      803 |    3 |  26 | 1(W) | 0 | 0 | 0xc1903e5540063efc403b3f4fb51a3c7a | 0x0000da
    14337000 |      805 |    3 |  25 | 1(W) | 0 | 0 | 0xba303b44b96fba6bbb893833b2bb3b46 | 0x0000d9
    14339000 |      807 |    3 |  28 | 1(W) | 0 | 0 | 0x38a43909b0d0bfa535363f82c2023e5d | 0x0000dc
    14342000 |      809 |    3 |  27 | 1(W) | 0 | 0 | 0xbadf331fc0c9bcf3ba86ba9d4133b435 | 0x0000db
    14344000 |      811 |    3 |  30 | 1(W) | 0 | 0 | 0xbf5db8cfb8c53d323f1a1c373d1cb1e2 | 0x0000de
    14347000 |      813 |    3 |  29 | 1(W) | 0 | 0 | 0x3d30b67ab060b5bf3a9ab3c2bae4397b | 0x0000dd
    14349000 |      815 |    3 |  32 | 1(W) | 0 | 0 | 0xb42c3d0e3befb8943b2d348032743c37 | 0x0000e0
    14352000 |      817 |    3 |  31 | 1(W) | 0 | 0 | 0xb907bd7d34cf3aa53dedbfe62afab9de | 0x0000df
    14354000 |      819 |    3 |  34 | 1(W) | 0 | 0 | 0x357235f63e2fc2ae3e0d350eb9409929 | 0x0000e2
[14354000] INFO: slice completed (cycle=819)
[14354000] INFO: Row Change Count (Start->Finish) = 3
    14357000 |        0 |    3 |  33 | 1(W) | 0 | 0 | 0x34eab9a43ff1b4d238a7b261c048bbc6 | 0x0000e1
    14359000 |        0 |    3 |  36 | 1(W) | 0 | 0 | 0x3adbb19cab5ab9b438a4350c361f31bf | 0x0000e4
    14362000 |        0 |    3 |  35 | 1(W) | 0 | 0 | 0x2a233cafbc4ebe2eb847ba0938b83bbf | 0x0000e3
    14364000 |        0 |    3 |  38 | 1(W) | 0 | 0 | 0xbe932c9e3b4cb69fbbccbbdbbbecb753 | 0x0000e6
    14367000 |        0 |    3 |  37 | 1(W) | 0 | 0 | 0x3a3fbc77bd57bc753fca2c6e34f7be6c | 0x0000e5
    14369000 |        0 |    3 |  40 | 1(W) | 0 | 0 | 0xc1663c673eda300ebf8cc0f53fab3d09 | 0x0000e8
    14372000 |        0 |    3 |  39 | 1(W) | 0 | 0 | 0x3c7abd27369fc2d34048aa80402d406a | 0x0000e7
    14374000 |        0 |    3 |  42 | 1(W) | 0 | 0 | 0x39873020c27d4184337b28cf3c12bd8b | 0x0000ea
    14377000 |        0 |    3 |  41 | 1(W) | 0 | 0 | 0x36d2b5e33c05b389be932de2b46b3fc8 | 0x0000e9
    14379000 |        0 |    3 |  44 | 1(W) | 0 | 0 | 0xb835aa93410dbeaa3c5b394cbd37bb72 | 0x0000ec
    14382000 |        0 |    3 |  43 | 1(W) | 0 | 0 | 0x2bebb7313a523bbeb8ca3e20ba73b47d | 0x0000eb
    14384000 |        0 |    3 |  46 | 1(W) | 0 | 0 | 0x38fdb6b73755b5462d9d3989c078bdca | 0x0000ee
    14387000 |        0 |    3 |  45 | 1(W) | 0 | 0 | 0x3cd3b0e33ef1c3142e43bfc14057438c | 0x0000ed
    14389000 |        0 |    3 |  48 | 1(W) | 0 | 0 | 0xc0d83d043a1630a6bd03c0703b9abdb7 | 0x0000f0
    14392000 |        0 |    3 |  47 | 1(W) | 0 | 0 | 0x3dc6b4d6b6393cdc3c763de0c1d03d5d | 0x0000ef
    14394000 |        0 |    3 |  50 | 1(W) | 0 | 0 | 0x38c6b9f4b593bbbd384aafd43f51b9fd | 0x0000f2
    14397000 |        0 |    3 |  49 | 1(W) | 0 | 0 | 0xab813f3dbeeab791c0dbbcc6435d3e69 | 0x0000f1
    14399000 |        0 |    3 |  52 | 1(W) | 0 | 0 | 0xbcfcc1294000bcfa40d0337b35b3bc27 | 0x0000f4
    14402000 |        0 |    3 |  51 | 1(W) | 0 | 0 | 0x34fbc0f73d22b3c4b6ce2ff137de362c | 0x0000f3
    14404000 |        0 |    3 |  54 | 1(W) | 0 | 0 | 0xa7343aad348eb9103871b48dbc623ee7 | 0x0000f6
    14407000 |        0 |    3 |  53 | 1(W) | 0 | 0 | 0x3a123a3331babe73bc9827c94021418d | 0x0000f5
    14409000 |        0 |    3 |  56 | 1(W) | 0 | 0 | 0x383d3bfe3fb13d68bd7e3820ab2ebc73 | 0x0000f8
    14412000 |        0 |    3 |  55 | 1(W) | 0 | 0 | 0xa7e93a672de9b7eebb70b16b3874ac2a | 0x0000f7
    14414000 |        0 |    3 |  58 | 1(W) | 0 | 0 | 0xb63641a2bd35ba6b3627b906b5adb634 | 0x0000fa
    14417000 |        0 |    3 |  57 | 1(W) | 0 | 0 | 0xb52d3be3a92d2d81bf6ebd0f3cff3508 | 0x0000f9
    14419000 |        0 |    3 |  60 | 1(W) | 0 | 0 | 0x3af5b072b89ec0b73d5db10ebb363eb7 | 0x0000fc
    14422000 |        0 |    3 |  59 | 1(W) | 0 | 0 | 0xbc7cb301b5942a4dc087bb813ca42dca | 0x0000fb
    14424000 |        0 |    3 |  62 | 1(W) | 0 | 0 | 0xb87a3e73be402421b86f36f6ba38b3bf | 0x0000fe
    14427000 |        0 |    3 |  61 | 1(W) | 0 | 0 | 0x4039b3c6b3cd369bb0443addbd1e3013 | 0x0000fd
    14429000 |        0 |    3 |  63 | 1(W) | 0 | 0 | 0x3115b6e63ed3266e3a483d03c467b9b5 | 0x0000ff
# Total handshakes: 259
