# Hub Local Request Monitor - Slice[0] Bank[0]
# Format: Time(ns) | ReqCh | ReqAddrFullHex | ReqRW(1=Write,0=Read) | HasValidReadReq | HandshakeType | ArbValidMask | ReqRwMask
# HandshakeType: NON_WRITE_REQ / WRITE_NO_VALID_READ / WRITE_WITH_VALID_READ
# ========================================
[356121000] INFO: slice start (cycle=0)
   356137000 |     3 | 0x101 |                0 |               1 | NON_WRITE_REQ | 0b0000001101 | 0b1100000000
   356152000 |     3 | 0x103 |                0 |               1 | NON_WRITE_REQ | 0b0000001111 | 0b1100000000
   356174000 |     2 | 0x100 |                0 |               1 | NON_WRITE_REQ | 0b0000001111 | 0b1100000000
   356177000 |     3 | 0x105 |                0 |               1 | NON_WRITE_REQ | 0b0000001111 | 0b1100000000
   356179000 |     2 | 0x102 |                0 |               1 | NON_WRITE_REQ | 0b0000001111 | 0b1100000000
   356182000 |     3 | 0x107 |                0 |               1 | NON_WRITE_REQ | 0b0000001111 | 0b1100000000
   356184000 |     2 | 0x104 |                0 |               1 | NON_WRITE_REQ | 0b0000001111 | 0b1100000000
   356187000 |     3 | 0x109 |                0 |               1 | NON_WRITE_REQ | 0b0000001111 | 0b1100000000
   356189000 |     2 | 0x106 |                0 |               1 | NON_WRITE_REQ | 0b0000001111 | 0b1100000000
   356192000 |     3 | 0x10b |                0 |               1 | NON_WRITE_REQ | 0b0000001111 | 0b1100000000
   356194000 |     2 | 0x108 |                0 |               1 | NON_WRITE_REQ | 0b0000001111 | 0b1100000000
   356197000 |     3 | 0x10d |                0 |               1 | NON_WRITE_REQ | 0b0000001111 | 0b1100000000
   356199000 |     2 | 0x10a |                0 |               1 | NON_WRITE_REQ | 0b0000001111 | 0b1100000000
   356202000 |     3 | 0x10f |                0 |               1 | NON_WRITE_REQ | 0b0000001111 | 0b1100000000
   356204000 |     2 | 0x10c |                0 |               1 | NON_WRITE_REQ | 0b0000001111 | 0b1100000000
   356207000 |     3 | 0x111 |                0 |               1 | NON_WRITE_REQ | 0b0000001111 | 0b1100000000
   356209000 |     2 | 0x10e |                0 |               1 | NON_WRITE_REQ | 0b0000001111 | 0b1100000000
   356212000 |     3 | 0x113 |                0 |               1 | NON_WRITE_REQ | 0b0000001111 | 0b1100000000
   356214000 |     2 | 0x110 |                0 |               1 | NON_WRITE_REQ | 0b0000001111 | 0b1100000000
   356217000 |     3 | 0x115 |                0 |               1 | NON_WRITE_REQ | 0b0000001111 | 0b1100000000
   356219000 |     2 | 0x112 |                0 |               1 | NON_WRITE_REQ | 0b0000001111 | 0b1100000000
   356222000 |     3 | 0x117 |                0 |               1 | NON_WRITE_REQ | 0b0000001111 | 0b1100000000
   356224000 |     2 | 0x114 |                0 |               1 | NON_WRITE_REQ | 0b0000000111 | 0b1100000000
   356227000 |     2 | 0x116 |                0 |               1 | NON_WRITE_REQ | 0b0000000111 | 0b1100000000
   356232000 |     1 | 0x1 |                0 |               1 | NON_WRITE_REQ | 0b0000000011 | 0b1100000000
   356247000 |     1 | 0x3 |                0 |               1 | NON_WRITE_REQ | 0b0000000011 | 0b1100000000
   356269000 |     0 | 0x0 |                0 |               1 | NON_WRITE_REQ | 0b0000000011 | 0b1100000000
   356272000 |     1 | 0x5 |                0 |               1 | NON_WRITE_REQ | 0b0000000011 | 0b1100000000
   356274000 |     0 | 0x2 |                0 |               1 | NON_WRITE_REQ | 0b0000000011 | 0b1100000000
   356277000 |     1 | 0x7 |                0 |               1 | NON_WRITE_REQ | 0b0000000011 | 0b1100000000
   356279000 |     0 | 0x4 |                0 |               1 | NON_WRITE_REQ | 0b0000000011 | 0b1100000000
   356282000 |     1 | 0x9 |                0 |               1 | NON_WRITE_REQ | 0b0000000011 | 0b1100000000
   356284000 |     0 | 0x6 |                0 |               1 | NON_WRITE_REQ | 0b0000000011 | 0b1100000000
   356287000 |     1 | 0xb |                0 |               1 | NON_WRITE_REQ | 0b0000000011 | 0b1100000000
   356289000 |     0 | 0x8 |                0 |               1 | NON_WRITE_REQ | 0b0000000011 | 0b1100000000
   356292000 |     1 | 0xd |                0 |               1 | NON_WRITE_REQ | 0b0000000011 | 0b1100000000
   356294000 |     0 | 0xa |                0 |               1 | NON_WRITE_REQ | 0b0000000011 | 0b1100000000
   356297000 |     1 | 0xf |                0 |               1 | NON_WRITE_REQ | 0b0000000011 | 0b1100000000
   356299000 |     0 | 0xc |                0 |               1 | NON_WRITE_REQ | 0b0000000011 | 0b1100000000
   356302000 |     1 | 0x11 |                0 |               1 | NON_WRITE_REQ | 0b0000000011 | 0b1100000000
   356304000 |     0 | 0xe |                0 |               1 | NON_WRITE_REQ | 0b0000000011 | 0b1100000000
   356307000 |     1 | 0x13 |                0 |               1 | NON_WRITE_REQ | 0b0000001111 | 0b1100000000
   356309000 |     0 | 0x10 |                0 |               1 | NON_WRITE_REQ | 0b0100001111 | 0b1100000000
   356312000 |     1 | 0x15 |                0 |               1 | NON_WRITE_REQ | 0b1100001111 | 0b1100000000
   356314000 |     0 | 0x12 |                0 |               1 | NON_WRITE_REQ | 0b1100001111 | 0b1100000000
   356317000 |     1 | 0x17 |                0 |               1 | NON_WRITE_REQ | 0b1100001111 | 0b1100000000
   356319000 |     0 | 0x14 |                0 |               1 | NON_WRITE_REQ | 0b1100001111 | 0b1100000000
   356322000 |     1 | 0x19 |                0 |               1 | NON_WRITE_REQ | 0b1100001111 | 0b1100000000
   356324000 |     0 | 0x16 |                0 |               1 | NON_WRITE_REQ | 0b1100001111 | 0b1100000000
   356327000 |     1 | 0x1b |                0 |               1 | NON_WRITE_REQ | 0b1100001111 | 0b1100000000
   356329000 |     0 | 0x18 |                0 |               1 | NON_WRITE_REQ | 0b1100001111 | 0b1100000000
   356332000 |     1 | 0x1d |                0 |               1 | NON_WRITE_REQ | 0b1100001111 | 0b1100000000
   356334000 |     0 | 0x1a |                0 |               1 | NON_WRITE_REQ | 0b1100001111 | 0b1100000000
   356337000 |     1 | 0x1f |                0 |               1 | NON_WRITE_REQ | 0b1100001111 | 0b1100000000
   356339000 |     0 | 0x1c |                0 |               1 | NON_WRITE_REQ | 0b1100001111 | 0b1100000000
   356342000 |     1 | 0x21 |                0 |               1 | NON_WRITE_REQ | 0b1100001111 | 0b1100000000
   356344000 |     0 | 0x1e |                0 |               1 | NON_WRITE_REQ | 0b1100001111 | 0b1100000000
   356347000 |     1 | 0x23 |                0 |               1 | NON_WRITE_REQ | 0b1100001111 | 0b1100000000
   356349000 |     0 | 0x20 |                0 |               1 | NON_WRITE_REQ | 0b1100001111 | 0b1100000000
   356352000 |     1 | 0x25 |                0 |               1 | NON_WRITE_REQ | 0b1100001111 | 0b1100000000
   356354000 |     0 | 0x22 |                0 |               1 | NON_WRITE_REQ | 0b1100001111 | 0b1100000000
   356357000 |     1 | 0x27 |                0 |               1 | NON_WRITE_REQ | 0b1100001111 | 0b1100000000
   356359000 |     0 | 0x24 |                0 |               1 | NON_WRITE_REQ | 0b1100001111 | 0b1100000000
   356362000 |     1 | 0x29 |                0 |               1 | NON_WRITE_REQ | 0b1100001111 | 0b1100000000
   356364000 |     0 | 0x26 |                0 |               1 | NON_WRITE_REQ | 0b1100001111 | 0b1100000000
   356367000 |     1 | 0x2b |                0 |               1 | NON_WRITE_REQ | 0b1100001111 | 0b1100000000
   356369000 |     0 | 0x28 |                0 |               1 | NON_WRITE_REQ | 0b1100001111 | 0b1100000000
   356372000 |     1 | 0x2d |                0 |               1 | NON_WRITE_REQ | 0b1100001111 | 0b1100000000
   356374000 |     0 | 0x2a |                0 |               1 | NON_WRITE_REQ | 0b1100001111 | 0b1100000000
   356377000 |     1 | 0x2f |                0 |               1 | NON_WRITE_REQ | 0b1100001111 | 0b1100000000
   356379000 |     0 | 0x2c |                0 |               1 | NON_WRITE_REQ | 0b1100001101 | 0b1100000000
   356382000 |     0 | 0x2e |                0 |               1 | NON_WRITE_REQ | 0b1100001101 | 0b1100000000
   356387000 |     3 | 0x119 |                0 |               1 | NON_WRITE_REQ | 0b1100001100 | 0b1100000000
   356402000 |     3 | 0x11b |                0 |               1 | NON_WRITE_REQ | 0b1100001100 | 0b1100000000
   356424000 |     2 | 0x118 |                0 |               1 | NON_WRITE_REQ | 0b1100001100 | 0b1100000000
   356427000 |     3 | 0x11d |                0 |               1 | NON_WRITE_REQ | 0b1100001100 | 0b1100000000
   356429000 |     2 | 0x11a |                0 |               1 | NON_WRITE_REQ | 0b1100001100 | 0b1100000000
   356432000 |     3 | 0x11f |                0 |               1 | NON_WRITE_REQ | 0b1100001100 | 0b1100000000
   356434000 |     2 | 0x11c |                0 |               1 | NON_WRITE_REQ | 0b1100001100 | 0b1100000000
   356437000 |     3 | 0x121 |                0 |               1 | NON_WRITE_REQ | 0b1100001100 | 0b1100000000
   356439000 |     2 | 0x11e |                0 |               1 | NON_WRITE_REQ | 0b1100001100 | 0b1100000000
   356442000 |     3 | 0x123 |                0 |               1 | NON_WRITE_REQ | 0b1100001100 | 0b1100000000
   356444000 |     2 | 0x120 |                0 |               1 | NON_WRITE_REQ | 0b1100001100 | 0b1100000000
   356447000 |     3 | 0x125 |                0 |               1 | NON_WRITE_REQ | 0b1100001100 | 0b1100000000
   356449000 |     2 | 0x122 |                0 |               1 | NON_WRITE_REQ | 0b1100001100 | 0b1100000000
   356452000 |     3 | 0x127 |                0 |               1 | NON_WRITE_REQ | 0b1100001100 | 0b1100000000
   356454000 |     2 | 0x124 |                0 |               1 | NON_WRITE_REQ | 0b1100001100 | 0b1100000000
   356457000 |     3 | 0x129 |                0 |               1 | NON_WRITE_REQ | 0b1100001100 | 0b1100000000
   356459000 |     2 | 0x126 |                0 |               1 | NON_WRITE_REQ | 0b1100001100 | 0b1100000000
   356462000 |     3 | 0x12b |                0 |               1 | NON_WRITE_REQ | 0b1100001111 | 0b1100000000
   356464000 |     2 | 0x128 |                0 |               1 | NON_WRITE_REQ | 0b1100001111 | 0b1100000000
   356467000 |     3 | 0x12d |                0 |               1 | NON_WRITE_REQ | 0b1100001111 | 0b1100000000
   356469000 |     2 | 0x12a |                0 |               1 | NON_WRITE_REQ | 0b1100001111 | 0b1100000000
   356472000 |     3 | 0x12f |                0 |               1 | NON_WRITE_REQ | 0b1100001111 | 0b1100000000
   356474000 |     2 | 0x12c |                0 |               1 | NON_WRITE_REQ | 0b1100001111 | 0b1100000000
   356477000 |     3 | 0x131 |                0 |               1 | NON_WRITE_REQ | 0b1100001111 | 0b1100000000
   356479000 |     2 | 0x12e |                0 |               1 | NON_WRITE_REQ | 0b1100001111 | 0b1100000000
   356482000 |     3 | 0x133 |                0 |               1 | NON_WRITE_REQ | 0b1100001111 | 0b1100000000
   356484000 |     2 | 0x130 |                0 |               1 | NON_WRITE_REQ | 0b1100001111 | 0b1100000000
   356487000 |     3 | 0x135 |                0 |               1 | NON_WRITE_REQ | 0b1100001111 | 0b1100000000
   356489000 |     2 | 0x132 |                0 |               1 | NON_WRITE_REQ | 0b1100001111 | 0b1100000000
   356492000 |     3 | 0x137 |                0 |               1 | NON_WRITE_REQ | 0b1100001111 | 0b1100000000
   356494000 |     2 | 0x134 |                0 |               1 | NON_WRITE_REQ | 0b1100001111 | 0b1100000000
   356497000 |     3 | 0x139 |                0 |               1 | NON_WRITE_REQ | 0b1100001111 | 0b1100000000
   356499000 |     2 | 0x136 |                0 |               1 | NON_WRITE_REQ | 0b1100001111 | 0b1100000000
   356502000 |     3 | 0x13b |                0 |               1 | NON_WRITE_REQ | 0b1100001111 | 0b1100000000
   356504000 |     2 | 0x138 |                0 |               1 | NON_WRITE_REQ | 0b1100001111 | 0b1100000000
   356507000 |     3 | 0x13d |                0 |               1 | NON_WRITE_REQ | 0b1100001111 | 0b1100000000
   356509000 |     2 | 0x13a |                0 |               1 | NON_WRITE_REQ | 0b1100001111 | 0b1100000000
   356512000 |     3 | 0x13f |                0 |               1 | NON_WRITE_REQ | 0b1100001111 | 0b1100000000
   356514000 |     2 | 0x13c |                0 |               1 | NON_WRITE_REQ | 0b1100000111 | 0b1100000000
   356517000 |     2 | 0x13e |                0 |               1 | NON_WRITE_REQ | 0b1100000111 | 0b1100000000
   356522000 |     9 | 0x201 |                1 |               1 | WRITE_WITH_VALID_READ | 0b1100000011 | 0b1100000000
   356537000 |     9 | 0x203 |                1 |               1 | WRITE_WITH_VALID_READ | 0b1100000011 | 0b1100000000
   356559000 |     8 | 0x200 |                1 |               1 | WRITE_WITH_VALID_READ | 0b1100000011 | 0b1100000000
   356562000 |     9 | 0x205 |                1 |               1 | WRITE_WITH_VALID_READ | 0b1100000011 | 0b1100000000
   356564000 |     8 | 0x202 |                1 |               1 | WRITE_WITH_VALID_READ | 0b1100000011 | 0b1100000000
   356567000 |     9 | 0x207 |                1 |               1 | WRITE_WITH_VALID_READ | 0b1100000011 | 0b1100000000
   356569000 |     8 | 0x204 |                1 |               1 | WRITE_WITH_VALID_READ | 0b1100000011 | 0b1100000000
   356572000 |     9 | 0x209 |                1 |               1 | WRITE_WITH_VALID_READ | 0b1100000011 | 0b1100000000
   356574000 |     8 | 0x206 |                1 |               1 | WRITE_WITH_VALID_READ | 0b1100000011 | 0b1100000000
   356577000 |     9 | 0x20b |                1 |               1 | WRITE_WITH_VALID_READ | 0b1100000011 | 0b1100000000
   356579000 |     8 | 0x208 |                1 |               1 | WRITE_WITH_VALID_READ | 0b1100000011 | 0b1100000000
   356582000 |     9 | 0x20d |                1 |               1 | WRITE_WITH_VALID_READ | 0b1100000011 | 0b1100000000
   356584000 |     8 | 0x20a |                1 |               1 | WRITE_WITH_VALID_READ | 0b1100000011 | 0b1100000000
   356587000 |     9 | 0x20f |                1 |               1 | WRITE_WITH_VALID_READ | 0b1100000111 | 0b1100000000
   356589000 |     8 | 0x20c |                1 |               1 | WRITE_WITH_VALID_READ | 0b1100001111 | 0b1100000000
   356592000 |     9 | 0x211 |                1 |               1 | WRITE_WITH_VALID_READ | 0b1100001111 | 0b1100000000
   356594000 |     8 | 0x20e |                1 |               1 | WRITE_WITH_VALID_READ | 0b1100001111 | 0b1100000000
   356597000 |     9 | 0x213 |                1 |               1 | WRITE_WITH_VALID_READ | 0b1100001111 | 0b1100000000
   356599000 |     8 | 0x210 |                1 |               1 | WRITE_WITH_VALID_READ | 0b1100001111 | 0b1100000000
   356602000 |     9 | 0x215 |                1 |               1 | WRITE_WITH_VALID_READ | 0b1100001111 | 0b1100000000
   356604000 |     8 | 0x212 |                1 |               1 | WRITE_WITH_VALID_READ | 0b1100001111 | 0b1100000000
   356607000 |     9 | 0x217 |                1 |               1 | WRITE_WITH_VALID_READ | 0b1100001111 | 0b1100000000
   356609000 |     8 | 0x214 |                1 |               1 | WRITE_WITH_VALID_READ | 0b1100001111 | 0b1100000000
   356612000 |     9 | 0x219 |                1 |               1 | WRITE_WITH_VALID_READ | 0b1100001111 | 0b1100000000
   356614000 |     8 | 0x216 |                1 |               1 | WRITE_WITH_VALID_READ | 0b1100001111 | 0b1100000000
   356617000 |     9 | 0x21b |                1 |               1 | WRITE_WITH_VALID_READ | 0b1100001111 | 0b1100000000
   356619000 |     8 | 0x218 |                1 |               1 | WRITE_WITH_VALID_READ | 0b1100001111 | 0b1100000000
   356622000 |     9 | 0x21d |                1 |               1 | WRITE_WITH_VALID_READ | 0b1100001111 | 0b1100000000
   356624000 |     8 | 0x21a |                1 |               1 | WRITE_WITH_VALID_READ | 0b1100001111 | 0b1100000000
   356627000 |     9 | 0x21f |                1 |               1 | WRITE_WITH_VALID_READ | 0b1100001111 | 0b1100000000
   356629000 |     8 | 0x21c |                1 |               1 | WRITE_WITH_VALID_READ | 0b1100001111 | 0b1100000000
   356632000 |     9 | 0x221 |                1 |               1 | WRITE_WITH_VALID_READ | 0b1100001111 | 0b1100000000
   356634000 |     8 | 0x21e |                1 |               1 | WRITE_WITH_VALID_READ | 0b1100001111 | 0b1100000000
   356637000 |     9 | 0x223 |                1 |               1 | WRITE_WITH_VALID_READ | 0b1100001111 | 0b1100000000
   356639000 |     8 | 0x220 |                1 |               1 | WRITE_WITH_VALID_READ | 0b1100001111 | 0b1100000000
   356642000 |     9 | 0x225 |                1 |               1 | WRITE_WITH_VALID_READ | 0b1100001111 | 0b1100000000
   356644000 |     8 | 0x222 |                1 |               1 | WRITE_WITH_VALID_READ | 0b1100001111 | 0b1100000000
   356647000 |     9 | 0x227 |                1 |               1 | WRITE_WITH_VALID_READ | 0b1100001111 | 0b1100000000
   356649000 |     8 | 0x224 |                1 |               1 | WRITE_WITH_VALID_READ | 0b1100001111 | 0b1100000000
   356652000 |     9 | 0x229 |                1 |               1 | WRITE_WITH_VALID_READ | 0b1100001111 | 0b1100000000
   356654000 |     8 | 0x226 |                1 |               1 | WRITE_WITH_VALID_READ | 0b1100001111 | 0b1100000000
   356657000 |     9 | 0x22b |                1 |               1 | WRITE_WITH_VALID_READ | 0b1100001111 | 0b1100000000
   356659000 |     8 | 0x228 |                1 |               1 | WRITE_WITH_VALID_READ | 0b1100001111 | 0b1100000000
   356662000 |     9 | 0x22d |                1 |               1 | WRITE_WITH_VALID_READ | 0b1100001111 | 0b1100000000
   356664000 |     8 | 0x22a |                1 |               1 | WRITE_WITH_VALID_READ | 0b1100001111 | 0b1100000000
   356667000 |     9 | 0x22f |                1 |               1 | WRITE_WITH_VALID_READ | 0b1100001111 | 0b1100000000
   356669000 |     8 | 0x22c |                1 |               1 | WRITE_WITH_VALID_READ | 0b0100001111 | 0b1100000000
   356672000 |     8 | 0x22e |                1 |               1 | WRITE_WITH_VALID_READ | 0b0100001111 | 0b1100000000
   356677000 |     1 | 0x31 |                0 |               1 | NON_WRITE_REQ | 0b0000001111 | 0b1100000000
   356709000 |     0 | 0x30 |                0 |               1 | NON_WRITE_REQ | 0b0000001111 | 0b1100000000
   356732000 |     1 | 0x33 |                0 |               1 | NON_WRITE_REQ | 0b0000001111 | 0b1100000000
   356734000 |     0 | 0x32 |                0 |               1 | NON_WRITE_REQ | 0b0000001111 | 0b1100000000
   356737000 |     1 | 0x35 |                0 |               1 | NON_WRITE_REQ | 0b0000001111 | 0b1100000000
   356739000 |     0 | 0x34 |                0 |               1 | NON_WRITE_REQ | 0b0000001111 | 0b1100000000
   356742000 |     1 | 0x37 |                0 |               1 | NON_WRITE_REQ | 0b0000001111 | 0b1100000000
   356744000 |     0 | 0x36 |                0 |               1 | NON_WRITE_REQ | 0b0000001111 | 0b1100000000
   356747000 |     1 | 0x39 |                0 |               1 | NON_WRITE_REQ | 0b0000001111 | 0b1100000000
   356749000 |     0 | 0x38 |                0 |               1 | NON_WRITE_REQ | 0b0000001111 | 0b1100000000
   356752000 |     1 | 0x3b |                0 |               1 | NON_WRITE_REQ | 0b0000001111 | 0b1100000000
   356754000 |     0 | 0x3a |                0 |               1 | NON_WRITE_REQ | 0b0000001111 | 0b1100000000
   356757000 |     1 | 0x3d |                0 |               1 | NON_WRITE_REQ | 0b0000001111 | 0b1100000000
   356759000 |     0 | 0x3c |                0 |               1 | NON_WRITE_REQ | 0b0000001111 | 0b1100000000
   356762000 |     1 | 0x3f |                0 |               1 | NON_WRITE_REQ | 0b0000001111 | 0b1100000000
   356764000 |     0 | 0x3e |                0 |               1 | NON_WRITE_REQ | 0b0000001111 | 0b1100000000
   356769000 |     3 | 0x141 |                0 |               1 | NON_WRITE_REQ | 0b0100001111 | 0b1100000000
   356784000 |     3 | 0x143 |                0 |               1 | NON_WRITE_REQ | 0b1100001111 | 0b1100000000
   356807000 |     2 | 0x140 |                0 |               1 | NON_WRITE_REQ | 0b1100001111 | 0b1100000000
   356809000 |     3 | 0x145 |                0 |               1 | NON_WRITE_REQ | 0b1100001111 | 0b1100000000
   356812000 |     2 | 0x142 |                0 |               1 | NON_WRITE_REQ | 0b1100001111 | 0b1100000000
   356814000 |     3 | 0x147 |                0 |               1 | NON_WRITE_REQ | 0b1100001111 | 0b1100000000
   356817000 |     2 | 0x144 |                0 |               1 | NON_WRITE_REQ | 0b1100001111 | 0b1100000000
   356819000 |     3 | 0x149 |                0 |               1 | NON_WRITE_REQ | 0b1100001111 | 0b1100000000
   356822000 |     2 | 0x146 |                0 |               1 | NON_WRITE_REQ | 0b1100001111 | 0b1100000000
   356824000 |     3 | 0x14b |                0 |               1 | NON_WRITE_REQ | 0b1100001111 | 0b1100000000
   356827000 |     2 | 0x148 |                0 |               1 | NON_WRITE_REQ | 0b1100001111 | 0b1100000000
   356829000 |     3 | 0x14d |                0 |               1 | NON_WRITE_REQ | 0b1100001111 | 0b1100000000
   356832000 |     2 | 0x14a |                0 |               1 | NON_WRITE_REQ | 0b1100001111 | 0b1100000000
   356834000 |     3 | 0x14f |                0 |               1 | NON_WRITE_REQ | 0b1100001111 | 0b1100000000
   356837000 |     2 | 0x14c |                0 |               1 | NON_WRITE_REQ | 0b1100001111 | 0b1100000000
   356839000 |     3 | 0x151 |                0 |               1 | NON_WRITE_REQ | 0b1100001111 | 0b1100000000
   356842000 |     2 | 0x14e |                0 |               1 | NON_WRITE_REQ | 0b1100001111 | 0b1100000000
   356844000 |     3 | 0x153 |                0 |               1 | NON_WRITE_REQ | 0b1100001111 | 0b1100000000
   356847000 |     2 | 0x150 |                0 |               1 | NON_WRITE_REQ | 0b1100001111 | 0b1100000000
   356849000 |     3 | 0x155 |                0 |               1 | NON_WRITE_REQ | 0b1100001111 | 0b1100000000
   356852000 |     2 | 0x152 |                0 |               1 | NON_WRITE_REQ | 0b1100001111 | 0b1100000000
   356854000 |     3 | 0x157 |                0 |               1 | NON_WRITE_REQ | 0b1100001111 | 0b1100000000
   356857000 |     2 | 0x154 |                0 |               1 | NON_WRITE_REQ | 0b1100000111 | 0b1100000000
   356859000 |     2 | 0x156 |                0 |               1 | NON_WRITE_REQ | 0b1100000111 | 0b1100000000
   356864000 |     9 | 0x231 |                1 |               1 | WRITE_WITH_VALID_READ | 0b1100000011 | 0b1100000000
   356879000 |     9 | 0x233 |                1 |               1 | WRITE_WITH_VALID_READ | 0b1100000011 | 0b1100000000
   356902000 |     8 | 0x230 |                1 |               1 | WRITE_WITH_VALID_READ | 0b1100000011 | 0b1100000000
   356904000 |     9 | 0x235 |                1 |               1 | WRITE_WITH_VALID_READ | 0b1100000011 | 0b1100000000
   356907000 |     8 | 0x232 |                1 |               1 | WRITE_WITH_VALID_READ | 0b1100000011 | 0b1100000000
   356909000 |     9 | 0x237 |                1 |               1 | WRITE_WITH_VALID_READ | 0b1100000011 | 0b1100000000
   356912000 |     8 | 0x234 |                1 |               1 | WRITE_WITH_VALID_READ | 0b1100000011 | 0b1100000000
   356914000 |     9 | 0x239 |                1 |               1 | WRITE_WITH_VALID_READ | 0b1100000011 | 0b1100000000
   356917000 |     8 | 0x236 |                1 |               1 | WRITE_WITH_VALID_READ | 0b1100000011 | 0b1100000000
   356919000 |     9 | 0x23b |                1 |               1 | WRITE_WITH_VALID_READ | 0b1100000011 | 0b1100000000
   356922000 |     8 | 0x238 |                1 |               1 | WRITE_WITH_VALID_READ | 0b1100000011 | 0b1100000000
   356924000 |     9 | 0x23d |                1 |               1 | WRITE_WITH_VALID_READ | 0b1100000011 | 0b1100000000
   356927000 |     8 | 0x23a |                1 |               1 | WRITE_WITH_VALID_READ | 0b1100000011 | 0b1100000000
   356929000 |     9 | 0x23f |                1 |               1 | WRITE_WITH_VALID_READ | 0b1100000011 | 0b1100000000
   356932000 |     8 | 0x23c |                1 |               1 | WRITE_WITH_VALID_READ | 0b0100000011 | 0b1100000000
   356934000 |     8 | 0x23e |                1 |               1 | WRITE_WITH_VALID_READ | 0b0100000011 | 0b1100000000
   356939000 |     1 | 0x41 |                0 |               1 | NON_WRITE_REQ | 0b0000000011 | 0b1100000000
   356972000 |     0 | 0x40 |                0 |               1 | NON_WRITE_REQ | 0b0000000011 | 0b1100000000
   356994000 |     1 | 0x43 |                0 |               1 | NON_WRITE_REQ | 0b0000000011 | 0b1100000000
   356997000 |     0 | 0x42 |                0 |               1 | NON_WRITE_REQ | 0b0000000011 | 0b1100000000
   356999000 |     1 | 0x45 |                0 |               1 | NON_WRITE_REQ | 0b0000000011 | 0b1100000000
   357002000 |     0 | 0x44 |                0 |               1 | NON_WRITE_REQ | 0b0000000011 | 0b1100000000
   357004000 |     1 | 0x47 |                0 |               1 | NON_WRITE_REQ | 0b0000000011 | 0b1100000000
   357007000 |     0 | 0x46 |                0 |               1 | NON_WRITE_REQ | 0b0000000011 | 0b1100000000
   357009000 |     1 | 0x49 |                0 |               1 | NON_WRITE_REQ | 0b0000000011 | 0b1100000000
   357012000 |     0 | 0x48 |                0 |               1 | NON_WRITE_REQ | 0b0000000011 | 0b1100000000
   357014000 |     1 | 0x4b |                0 |               1 | NON_WRITE_REQ | 0b0000000011 | 0b1100000000
   357017000 |     0 | 0x4a |                0 |               1 | NON_WRITE_REQ | 0b0000000011 | 0b1100000000
   357019000 |     1 | 0x4d |                0 |               1 | NON_WRITE_REQ | 0b0000000011 | 0b1100000000
   357022000 |     0 | 0x4c |                0 |               1 | NON_WRITE_REQ | 0b0000000011 | 0b1100000000
   357024000 |     1 | 0x4f |                0 |               1 | NON_WRITE_REQ | 0b0000000011 | 0b1100000000
   357027000 |     0 | 0x4e |                0 |               1 | NON_WRITE_REQ | 0b0000000011 | 0b1100000000
   357029000 |     1 | 0x51 |                0 |               1 | NON_WRITE_REQ | 0b0000001111 | 0b1100000000
   357032000 |     0 | 0x50 |                0 |               1 | NON_WRITE_REQ | 0b0100001111 | 0b1100000000
   357034000 |     1 | 0x53 |                0 |               1 | NON_WRITE_REQ | 0b1100001111 | 0b1100000000
   357037000 |     0 | 0x52 |                0 |               1 | NON_WRITE_REQ | 0b1100001111 | 0b1100000000
   357039000 |     1 | 0x55 |                0 |               1 | NON_WRITE_REQ | 0b1100001111 | 0b1100000000
   357042000 |     0 | 0x54 |                0 |               1 | NON_WRITE_REQ | 0b1100001111 | 0b1100000000
   357044000 |     1 | 0x57 |                0 |               1 | NON_WRITE_REQ | 0b1100001111 | 0b1100000000
   357047000 |     0 | 0x56 |                0 |               1 | NON_WRITE_REQ | 0b1100001111 | 0b1100000000
   357049000 |     1 | 0x59 |                0 |               1 | NON_WRITE_REQ | 0b1100001111 | 0b1100000000
   357052000 |     0 | 0x58 |                0 |               1 | NON_WRITE_REQ | 0b1100001111 | 0b1100000000
   357054000 |     1 | 0x5b |                0 |               1 | NON_WRITE_REQ | 0b1100001111 | 0b1100000000
   357057000 |     0 | 0x5a |                0 |               1 | NON_WRITE_REQ | 0b1100001111 | 0b1100000000
   357059000 |     1 | 0x5d |                0 |               1 | NON_WRITE_REQ | 0b1100001111 | 0b1100000000
   357062000 |     0 | 0x5c |                0 |               1 | NON_WRITE_REQ | 0b1100001111 | 0b1100000000
   357064000 |     1 | 0x5f |                0 |               1 | NON_WRITE_REQ | 0b1100001111 | 0b1100000000
   357067000 |     0 | 0x5e |                0 |               1 | NON_WRITE_REQ | 0b1100001111 | 0b1100000000
   357069000 |     1 | 0x61 |                0 |               1 | NON_WRITE_REQ | 0b1100001111 | 0b1100000000
   357072000 |     0 | 0x60 |                0 |               1 | NON_WRITE_REQ | 0b1100001111 | 0b1100000000
   357074000 |     1 | 0x63 |                0 |               1 | NON_WRITE_REQ | 0b1100001111 | 0b1100000000
   357077000 |     0 | 0x62 |                0 |               1 | NON_WRITE_REQ | 0b1100001111 | 0b1100000000
   357079000 |     1 | 0x65 |                0 |               1 | NON_WRITE_REQ | 0b1100001111 | 0b1100000000
   357082000 |     0 | 0x64 |                0 |               1 | NON_WRITE_REQ | 0b1100001111 | 0b1100000000
   357084000 |     1 | 0x67 |                0 |               1 | NON_WRITE_REQ | 0b1100001111 | 0b1100000000
   357087000 |     0 | 0x66 |                0 |               1 | NON_WRITE_REQ | 0b1100001111 | 0b1100000000
   357089000 |     1 | 0x69 |                0 |               1 | NON_WRITE_REQ | 0b1100001111 | 0b1100000000
   357092000 |     0 | 0x68 |                0 |               1 | NON_WRITE_REQ | 0b1100001111 | 0b1100000000
   357094000 |     1 | 0x6b |                0 |               1 | NON_WRITE_REQ | 0b1100001111 | 0b1100000000
   357097000 |     0 | 0x6a |                0 |               1 | NON_WRITE_REQ | 0b1100001111 | 0b1100000000
   357099000 |     1 | 0x6d |                0 |               1 | NON_WRITE_REQ | 0b1100001111 | 0b1100000000
   357102000 |     0 | 0x6c |                0 |               1 | NON_WRITE_REQ | 0b1100001111 | 0b1100000000
   357104000 |     1 | 0x6f |                0 |               1 | NON_WRITE_REQ | 0b1100001111 | 0b1100000000
   357107000 |     0 | 0x6e |                0 |               1 | NON_WRITE_REQ | 0b1100001101 | 0b1100000000
   357112000 |     3 | 0x159 |                0 |               1 | NON_WRITE_REQ | 0b1100001100 | 0b1100000000
   357127000 |     3 | 0x15b |                0 |               1 | NON_WRITE_REQ | 0b1100001100 | 0b1100000000
   357149000 |     2 | 0x158 |                0 |               1 | NON_WRITE_REQ | 0b1100001100 | 0b1100000000
   357152000 |     3 | 0x15d |                0 |               1 | NON_WRITE_REQ | 0b1100001100 | 0b1100000000
   357154000 |     2 | 0x15a |                0 |               1 | NON_WRITE_REQ | 0b1100001100 | 0b1100000000
   357157000 |     3 | 0x15f |                0 |               1 | NON_WRITE_REQ | 0b1100001100 | 0b1100000000
   357159000 |     2 | 0x15c |                0 |               1 | NON_WRITE_REQ | 0b1100001100 | 0b1100000000
   357162000 |     3 | 0x161 |                0 |               1 | NON_WRITE_REQ | 0b1100001100 | 0b1100000000
   357164000 |     2 | 0x15e |                0 |               1 | NON_WRITE_REQ | 0b1100001100 | 0b1100000000
   357167000 |     3 | 0x163 |                0 |               1 | NON_WRITE_REQ | 0b1100001100 | 0b1100000000
   357169000 |     2 | 0x160 |                0 |               1 | NON_WRITE_REQ | 0b1100001100 | 0b1100000000
   357172000 |     3 | 0x165 |                0 |               1 | NON_WRITE_REQ | 0b1100001100 | 0b1100000000
   357174000 |     2 | 0x162 |                0 |               1 | NON_WRITE_REQ | 0b1100001100 | 0b1100000000
   357177000 |     3 | 0x167 |                0 |               1 | NON_WRITE_REQ | 0b1100001100 | 0b1100000000
   357179000 |     2 | 0x164 |                0 |               1 | NON_WRITE_REQ | 0b1100001100 | 0b1100000000
   357182000 |     3 | 0x169 |                0 |               1 | NON_WRITE_REQ | 0b1100001100 | 0b1100000000
   357184000 |     2 | 0x166 |                0 |               1 | NON_WRITE_REQ | 0b1100001100 | 0b1100000000
   357187000 |     3 | 0x16b |                0 |               1 | NON_WRITE_REQ | 0b1100001111 | 0b1100000000
   357189000 |     2 | 0x168 |                0 |               1 | NON_WRITE_REQ | 0b1100001111 | 0b1100000000
   357192000 |     3 | 0x16d |                0 |               1 | NON_WRITE_REQ | 0b1100001111 | 0b1100000000
   357194000 |     2 | 0x16a |                0 |               1 | NON_WRITE_REQ | 0b1100001111 | 0b1100000000
   357197000 |     3 | 0x16f |                0 |               1 | NON_WRITE_REQ | 0b1100001111 | 0b1100000000
   357199000 |     2 | 0x16c |                0 |               1 | NON_WRITE_REQ | 0b1100001111 | 0b1100000000
   357202000 |     3 | 0x171 |                0 |               1 | NON_WRITE_REQ | 0b1100001111 | 0b1100000000
   357204000 |     2 | 0x16e |                0 |               1 | NON_WRITE_REQ | 0b1100001111 | 0b1100000000
   357207000 |     3 | 0x173 |                0 |               1 | NON_WRITE_REQ | 0b1100001111 | 0b1100000000
   357209000 |     2 | 0x170 |                0 |               1 | NON_WRITE_REQ | 0b1100001111 | 0b1100000000
   357212000 |     3 | 0x175 |                0 |               1 | NON_WRITE_REQ | 0b1100001111 | 0b1100000000
   357214000 |     2 | 0x172 |                0 |               1 | NON_WRITE_REQ | 0b1100001111 | 0b1100000000
   357217000 |     3 | 0x177 |                0 |               1 | NON_WRITE_REQ | 0b1100001111 | 0b1100000000
   357219000 |     2 | 0x174 |                0 |               1 | NON_WRITE_REQ | 0b1100001111 | 0b1100000000
   357222000 |     3 | 0x179 |                0 |               1 | NON_WRITE_REQ | 0b1100001111 | 0b1100000000
   357224000 |     2 | 0x176 |                0 |               1 | NON_WRITE_REQ | 0b1100001111 | 0b1100000000
   357227000 |     3 | 0x17b |                0 |               1 | NON_WRITE_REQ | 0b1100001111 | 0b1100000000
   357229000 |     2 | 0x178 |                0 |               1 | NON_WRITE_REQ | 0b1100001111 | 0b1100000000
   357232000 |     3 | 0x17d |                0 |               1 | NON_WRITE_REQ | 0b1100001111 | 0b1100000000
   357234000 |     2 | 0x17a |                0 |               1 | NON_WRITE_REQ | 0b1100001111 | 0b1100000000
   357237000 |     3 | 0x17f |                0 |               1 | NON_WRITE_REQ | 0b1100001111 | 0b1100000000
   357239000 |     2 | 0x17c |                0 |               1 | NON_WRITE_REQ | 0b1100000111 | 0b1100000000
   357242000 |     2 | 0x17e |                0 |               1 | NON_WRITE_REQ | 0b1100000111 | 0b1100000000
   357247000 |     9 | 0x241 |                1 |               1 | WRITE_WITH_VALID_READ | 0b1100000011 | 0b1100000000
   357262000 |     9 | 0x243 |                1 |               1 | WRITE_WITH_VALID_READ | 0b1100000011 | 0b1100000000
   357284000 |     8 | 0x240 |                1 |               1 | WRITE_WITH_VALID_READ | 0b1100000011 | 0b1100000000
   357287000 |     9 | 0x245 |                1 |               1 | WRITE_WITH_VALID_READ | 0b1100000011 | 0b1100000000
   357289000 |     8 | 0x242 |                1 |               1 | WRITE_WITH_VALID_READ | 0b1100000011 | 0b1100000000
   357292000 |     9 | 0x247 |                1 |               1 | WRITE_WITH_VALID_READ | 0b1100000011 | 0b1100000000
   357294000 |     8 | 0x244 |                1 |               1 | WRITE_WITH_VALID_READ | 0b1100000011 | 0b1100000000
   357297000 |     9 | 0x249 |                1 |               1 | WRITE_WITH_VALID_READ | 0b1100000011 | 0b1100000000
   357299000 |     8 | 0x246 |                1 |               1 | WRITE_WITH_VALID_READ | 0b1100000011 | 0b1100000000
   357302000 |     9 | 0x24b |                1 |               1 | WRITE_WITH_VALID_READ | 0b1100000011 | 0b1100000000
   357304000 |     8 | 0x248 |                1 |               1 | WRITE_WITH_VALID_READ | 0b1100000011 | 0b1100000000
   357307000 |     9 | 0x24d |                1 |               1 | WRITE_WITH_VALID_READ | 0b1100000011 | 0b1100000000
   357309000 |     8 | 0x24a |                1 |               1 | WRITE_WITH_VALID_READ | 0b1100000011 | 0b1100000000
   357312000 |     9 | 0x24f |                1 |               1 | WRITE_WITH_VALID_READ | 0b1100000111 | 0b1100000000
   357314000 |     8 | 0x24c |                1 |               1 | WRITE_WITH_VALID_READ | 0b1100001111 | 0b1100000000
   357317000 |     9 | 0x251 |                1 |               1 | WRITE_WITH_VALID_READ | 0b1100001111 | 0b1100000000
   357319000 |     8 | 0x24e |                1 |               1 | WRITE_WITH_VALID_READ | 0b1100001111 | 0b1100000000
   357322000 |     9 | 0x253 |                1 |               1 | WRITE_WITH_VALID_READ | 0b1100001111 | 0b1100000000
   357324000 |     8 | 0x250 |                1 |               1 | WRITE_WITH_VALID_READ | 0b1100001111 | 0b1100000000
   357327000 |     9 | 0x255 |                1 |               1 | WRITE_WITH_VALID_READ | 0b1100001111 | 0b1100000000
   357329000 |     8 | 0x252 |                1 |               1 | WRITE_WITH_VALID_READ | 0b1100001111 | 0b1100000000
   357332000 |     9 | 0x257 |                1 |               1 | WRITE_WITH_VALID_READ | 0b1100001111 | 0b1100000000
   357334000 |     8 | 0x254 |                1 |               1 | WRITE_WITH_VALID_READ | 0b1100001111 | 0b1100000000
   357337000 |     9 | 0x259 |                1 |               1 | WRITE_WITH_VALID_READ | 0b1100001111 | 0b1100000000
   357339000 |     8 | 0x256 |                1 |               1 | WRITE_WITH_VALID_READ | 0b1100001111 | 0b1100000000
   357342000 |     9 | 0x25b |                1 |               1 | WRITE_WITH_VALID_READ | 0b1100001111 | 0b1100000000
   357344000 |     8 | 0x258 |                1 |               1 | WRITE_WITH_VALID_READ | 0b1100001111 | 0b1100000000
   357347000 |     9 | 0x25d |                1 |               1 | WRITE_WITH_VALID_READ | 0b1100001111 | 0b1100000000
   357349000 |     8 | 0x25a |                1 |               1 | WRITE_WITH_VALID_READ | 0b1100001111 | 0b1100000000
   357352000 |     9 | 0x25f |                1 |               1 | WRITE_WITH_VALID_READ | 0b1100001111 | 0b1100000000
   357354000 |     8 | 0x25c |                1 |               1 | WRITE_WITH_VALID_READ | 0b1100001111 | 0b1100000000
   357357000 |     9 | 0x261 |                1 |               1 | WRITE_WITH_VALID_READ | 0b1100001111 | 0b1100000000
   357359000 |     8 | 0x25e |                1 |               1 | WRITE_WITH_VALID_READ | 0b1100001111 | 0b1100000000
   357362000 |     9 | 0x263 |                1 |               1 | WRITE_WITH_VALID_READ | 0b1100001111 | 0b1100000000
   357364000 |     8 | 0x260 |                1 |               1 | WRITE_WITH_VALID_READ | 0b1100001111 | 0b1100000000
   357367000 |     9 | 0x265 |                1 |               1 | WRITE_WITH_VALID_READ | 0b1100001111 | 0b1100000000
   357369000 |     8 | 0x262 |                1 |               1 | WRITE_WITH_VALID_READ | 0b1100001111 | 0b1100000000
   357372000 |     9 | 0x267 |                1 |               1 | WRITE_WITH_VALID_READ | 0b1100001111 | 0b1100000000
   357374000 |     8 | 0x264 |                1 |               1 | WRITE_WITH_VALID_READ | 0b1100001111 | 0b1100000000
   357377000 |     9 | 0x269 |                1 |               1 | WRITE_WITH_VALID_READ | 0b1100001111 | 0b1100000000
   357379000 |     8 | 0x266 |                1 |               1 | WRITE_WITH_VALID_READ | 0b1100001111 | 0b1100000000
   357382000 |     9 | 0x26b |                1 |               1 | WRITE_WITH_VALID_READ | 0b1100001111 | 0b1100000000
   357384000 |     8 | 0x268 |                1 |               1 | WRITE_WITH_VALID_READ | 0b1100001111 | 0b1100000000
   357387000 |     9 | 0x26d |                1 |               1 | WRITE_WITH_VALID_READ | 0b1100001111 | 0b1100000000
   357389000 |     8 | 0x26a |                1 |               1 | WRITE_WITH_VALID_READ | 0b1100001111 | 0b1100000000
   357392000 |     9 | 0x26f |                1 |               1 | WRITE_WITH_VALID_READ | 0b1100001111 | 0b1100000000
   357394000 |     8 | 0x26c |                1 |               1 | WRITE_WITH_VALID_READ | 0b0100001111 | 0b1100000000
   357397000 |     8 | 0x26e |                1 |               1 | WRITE_WITH_VALID_READ | 0b0100001111 | 0b1100000000
   357402000 |     1 | 0x71 |                0 |               1 | NON_WRITE_REQ | 0b0000001111 | 0b1100000000
   357434000 |     0 | 0x70 |                0 |               1 | NON_WRITE_REQ | 0b0000001111 | 0b1100000000
   357457000 |     1 | 0x73 |                0 |               1 | NON_WRITE_REQ | 0b0000001111 | 0b1100000000
   357459000 |     0 | 0x72 |                0 |               1 | NON_WRITE_REQ | 0b0000001111 | 0b1100000000
   357462000 |     1 | 0x75 |                0 |               1 | NON_WRITE_REQ | 0b0000001111 | 0b1100000000
   357464000 |     0 | 0x74 |                0 |               1 | NON_WRITE_REQ | 0b0000001111 | 0b1100000000
   357467000 |     1 | 0x77 |                0 |               1 | NON_WRITE_REQ | 0b0000001111 | 0b1100000000
   357469000 |     0 | 0x76 |                0 |               1 | NON_WRITE_REQ | 0b0000001111 | 0b1100000000
   357472000 |     1 | 0x79 |                0 |               1 | NON_WRITE_REQ | 0b0000001111 | 0b1100000000
   357474000 |     0 | 0x78 |                0 |               1 | NON_WRITE_REQ | 0b0000001111 | 0b1100000000
   357477000 |     1 | 0x7b |                0 |               1 | NON_WRITE_REQ | 0b0000001111 | 0b1100000000
   357479000 |     0 | 0x7a |                0 |               1 | NON_WRITE_REQ | 0b0000001111 | 0b1100000000
   357482000 |     1 | 0x7d |                0 |               1 | NON_WRITE_REQ | 0b0000001111 | 0b1100000000
   357484000 |     0 | 0x7c |                0 |               1 | NON_WRITE_REQ | 0b0000001111 | 0b1100000000
   357487000 |     1 | 0x7f |                0 |               1 | NON_WRITE_REQ | 0b0000001111 | 0b1100000000
   357489000 |     0 | 0x7e |                0 |               1 | NON_WRITE_REQ | 0b0000001111 | 0b1100000000
   357494000 |     3 | 0x181 |                0 |               1 | NON_WRITE_REQ | 0b0100001111 | 0b1100000000
   357509000 |     3 | 0x183 |                0 |               1 | NON_WRITE_REQ | 0b1100001111 | 0b1100000000
   357532000 |     2 | 0x180 |                0 |               1 | NON_WRITE_REQ | 0b1100001111 | 0b1100000000
   357534000 |     3 | 0x185 |                0 |               1 | NON_WRITE_REQ | 0b1100001111 | 0b1100000000
   357537000 |     2 | 0x182 |                0 |               1 | NON_WRITE_REQ | 0b1100001111 | 0b1100000000
   357539000 |     3 | 0x187 |                0 |               1 | NON_WRITE_REQ | 0b1100001111 | 0b1100000000
   357542000 |     2 | 0x184 |                0 |               1 | NON_WRITE_REQ | 0b1100001111 | 0b1100000000
   357544000 |     3 | 0x189 |                0 |               1 | NON_WRITE_REQ | 0b1100001111 | 0b1100000000
   357547000 |     2 | 0x186 |                0 |               1 | NON_WRITE_REQ | 0b1100001111 | 0b1100000000
   357549000 |     3 | 0x18b |                0 |               1 | NON_WRITE_REQ | 0b1100001111 | 0b1100000000
   357552000 |     2 | 0x188 |                0 |               1 | NON_WRITE_REQ | 0b1100001111 | 0b1100000000
   357554000 |     3 | 0x18d |                0 |               1 | NON_WRITE_REQ | 0b1100001111 | 0b1100000000
   357557000 |     2 | 0x18a |                0 |               1 | NON_WRITE_REQ | 0b1100001111 | 0b1100000000
   357559000 |     3 | 0x18f |                0 |               1 | NON_WRITE_REQ | 0b1100001111 | 0b1100000000
   357562000 |     2 | 0x18c |                0 |               1 | NON_WRITE_REQ | 0b1100001111 | 0b1100000000
   357564000 |     3 | 0x191 |                0 |               1 | NON_WRITE_REQ | 0b1100001111 | 0b1100000000
   357567000 |     2 | 0x18e |                0 |               1 | NON_WRITE_REQ | 0b1100001111 | 0b1100000000
   357569000 |     3 | 0x193 |                0 |               1 | NON_WRITE_REQ | 0b1100001111 | 0b1100000000
   357572000 |     2 | 0x190 |                0 |               1 | NON_WRITE_REQ | 0b1100001111 | 0b1100000000
   357574000 |     3 | 0x195 |                0 |               1 | NON_WRITE_REQ | 0b1100001111 | 0b1100000000
   357577000 |     2 | 0x192 |                0 |               1 | NON_WRITE_REQ | 0b1100001111 | 0b1100000000
   357579000 |     3 | 0x197 |                0 |               1 | NON_WRITE_REQ | 0b1100001111 | 0b1100000000
   357582000 |     2 | 0x194 |                0 |               1 | NON_WRITE_REQ | 0b1100000111 | 0b1100000000
   357584000 |     2 | 0x196 |                0 |               1 | NON_WRITE_REQ | 0b1100000111 | 0b1100000000
   357589000 |     9 | 0x271 |                1 |               1 | WRITE_WITH_VALID_READ | 0b1100000011 | 0b1100000000
   357604000 |     9 | 0x273 |                1 |               1 | WRITE_WITH_VALID_READ | 0b1100000011 | 0b1100000000
   357627000 |     8 | 0x270 |                1 |               1 | WRITE_WITH_VALID_READ | 0b1100000011 | 0b1100000000
   357629000 |     9 | 0x275 |                1 |               1 | WRITE_WITH_VALID_READ | 0b1100000011 | 0b1100000000
   357632000 |     8 | 0x272 |                1 |               1 | WRITE_WITH_VALID_READ | 0b1100000011 | 0b1100000000
   357634000 |     9 | 0x277 |                1 |               1 | WRITE_WITH_VALID_READ | 0b1100000011 | 0b1100000000
   357637000 |     8 | 0x274 |                1 |               1 | WRITE_WITH_VALID_READ | 0b1100000011 | 0b1100000000
   357639000 |     9 | 0x279 |                1 |               1 | WRITE_WITH_VALID_READ | 0b1100000011 | 0b1100000000
   357642000 |     8 | 0x276 |                1 |               1 | WRITE_WITH_VALID_READ | 0b1100000011 | 0b1100000000
   357644000 |     9 | 0x27b |                1 |               1 | WRITE_WITH_VALID_READ | 0b1100000011 | 0b1100000000
   357647000 |     8 | 0x278 |                1 |               1 | WRITE_WITH_VALID_READ | 0b1100000011 | 0b1100000000
   357649000 |     9 | 0x27d |                1 |               1 | WRITE_WITH_VALID_READ | 0b1100000011 | 0b1100000000
   357652000 |     8 | 0x27a |                1 |               1 | WRITE_WITH_VALID_READ | 0b1100000011 | 0b1100000000
   357654000 |     9 | 0x27f |                1 |               1 | WRITE_WITH_VALID_READ | 0b1100000011 | 0b1100000000
   357657000 |     8 | 0x27c |                1 |               1 | WRITE_WITH_VALID_READ | 0b0100000011 | 0b1100000000
   357659000 |     8 | 0x27e |                1 |               1 | WRITE_WITH_VALID_READ | 0b0100000011 | 0b1100000000
   357664000 |     1 | 0x81 |                0 |               1 | NON_WRITE_REQ | 0b0000000011 | 0b1100000000
   357697000 |     0 | 0x80 |                0 |               1 | NON_WRITE_REQ | 0b0000000011 | 0b1100000000
   357719000 |     1 | 0x83 |                0 |               1 | NON_WRITE_REQ | 0b0000000011 | 0b1100000000
   357722000 |     0 | 0x82 |                0 |               1 | NON_WRITE_REQ | 0b0000000011 | 0b1100000000
   357724000 |     1 | 0x85 |                0 |               1 | NON_WRITE_REQ | 0b0000000011 | 0b1100000000
   357727000 |     0 | 0x84 |                0 |               1 | NON_WRITE_REQ | 0b0000000011 | 0b1100000000
   357729000 |     1 | 0x87 |                0 |               1 | NON_WRITE_REQ | 0b0000000011 | 0b1100000000
   357732000 |     0 | 0x86 |                0 |               1 | NON_WRITE_REQ | 0b0000000011 | 0b1100000000
   357734000 |     1 | 0x89 |                0 |               1 | NON_WRITE_REQ | 0b0000000011 | 0b1100000000
   357737000 |     0 | 0x88 |                0 |               1 | NON_WRITE_REQ | 0b0000000011 | 0b1100000000
   357739000 |     1 | 0x8b |                0 |               1 | NON_WRITE_REQ | 0b0000000011 | 0b1100000000
   357742000 |     0 | 0x8a |                0 |               1 | NON_WRITE_REQ | 0b0000000011 | 0b1100000000
   357744000 |     1 | 0x8d |                0 |               1 | NON_WRITE_REQ | 0b0000000011 | 0b1100000000
   357747000 |     0 | 0x8c |                0 |               1 | NON_WRITE_REQ | 0b0000000011 | 0b1100000000
   357749000 |     1 | 0x8f |                0 |               1 | NON_WRITE_REQ | 0b0000000011 | 0b1100000000
   357752000 |     0 | 0x8e |                0 |               1 | NON_WRITE_REQ | 0b0000000011 | 0b1100000000
   357754000 |     1 | 0x91 |                0 |               1 | NON_WRITE_REQ | 0b0000001111 | 0b1100000000
   357757000 |     0 | 0x90 |                0 |               1 | NON_WRITE_REQ | 0b0100001111 | 0b1100000000
   357759000 |     1 | 0x93 |                0 |               1 | NON_WRITE_REQ | 0b1100001111 | 0b1100000000
   357762000 |     0 | 0x92 |                0 |               1 | NON_WRITE_REQ | 0b1100001111 | 0b1100000000
   357764000 |     1 | 0x95 |                0 |               1 | NON_WRITE_REQ | 0b1100001111 | 0b1100000000
   357767000 |     0 | 0x94 |                0 |               1 | NON_WRITE_REQ | 0b1100001111 | 0b1100000000
   357769000 |     1 | 0x97 |                0 |               1 | NON_WRITE_REQ | 0b1100001111 | 0b1100000000
   357772000 |     0 | 0x96 |                0 |               1 | NON_WRITE_REQ | 0b1100001111 | 0b1100000000
   357774000 |     1 | 0x99 |                0 |               1 | NON_WRITE_REQ | 0b1100001111 | 0b1100000000
   357777000 |     0 | 0x98 |                0 |               1 | NON_WRITE_REQ | 0b1100001111 | 0b1100000000
   357779000 |     1 | 0x9b |                0 |               1 | NON_WRITE_REQ | 0b1100001111 | 0b1100000000
   357782000 |     0 | 0x9a |                0 |               1 | NON_WRITE_REQ | 0b1100001111 | 0b1100000000
   357784000 |     1 | 0x9d |                0 |               1 | NON_WRITE_REQ | 0b1100001111 | 0b1100000000
   357787000 |     0 | 0x9c |                0 |               1 | NON_WRITE_REQ | 0b1100001111 | 0b1100000000
   357789000 |     1 | 0x9f |                0 |               1 | NON_WRITE_REQ | 0b1100001111 | 0b1100000000
   357792000 |     0 | 0x9e |                0 |               1 | NON_WRITE_REQ | 0b1100001111 | 0b1100000000
   357794000 |     1 | 0xa1 |                0 |               1 | NON_WRITE_REQ | 0b1100001111 | 0b1100000000
   357797000 |     0 | 0xa0 |                0 |               1 | NON_WRITE_REQ | 0b1100001111 | 0b1100000000
   357799000 |     1 | 0xa3 |                0 |               1 | NON_WRITE_REQ | 0b1100001111 | 0b1100000000
   357802000 |     0 | 0xa2 |                0 |               1 | NON_WRITE_REQ | 0b1100001111 | 0b1100000000
   357804000 |     1 | 0xa5 |                0 |               1 | NON_WRITE_REQ | 0b1100001111 | 0b1100000000
   357807000 |     0 | 0xa4 |                0 |               1 | NON_WRITE_REQ | 0b1100001111 | 0b1100000000
   357809000 |     1 | 0xa7 |                0 |               1 | NON_WRITE_REQ | 0b1100001111 | 0b1100000000
   357812000 |     0 | 0xa6 |                0 |               1 | NON_WRITE_REQ | 0b1100001111 | 0b1100000000
   357814000 |     1 | 0xa9 |                0 |               1 | NON_WRITE_REQ | 0b1100001111 | 0b1100000000
   357817000 |     0 | 0xa8 |                0 |               1 | NON_WRITE_REQ | 0b1100001111 | 0b1100000000
   357819000 |     1 | 0xab |                0 |               1 | NON_WRITE_REQ | 0b1100001111 | 0b1100000000
   357822000 |     0 | 0xaa |                0 |               1 | NON_WRITE_REQ | 0b1100001111 | 0b1100000000
   357824000 |     1 | 0xad |                0 |               1 | NON_WRITE_REQ | 0b1100001111 | 0b1100000000
   357827000 |     0 | 0xac |                0 |               1 | NON_WRITE_REQ | 0b1100001111 | 0b1100000000
   357829000 |     1 | 0xaf |                0 |               1 | NON_WRITE_REQ | 0b1100001111 | 0b1100000000
   357832000 |     0 | 0xae |                0 |               1 | NON_WRITE_REQ | 0b1100001101 | 0b1100000000
   357837000 |     3 | 0x199 |                0 |               1 | NON_WRITE_REQ | 0b1100001100 | 0b1100000000
   357852000 |     3 | 0x19b |                0 |               1 | NON_WRITE_REQ | 0b1100001100 | 0b1100000000
   357874000 |     2 | 0x198 |                0 |               1 | NON_WRITE_REQ | 0b1100001100 | 0b1100000000
   357877000 |     3 | 0x19d |                0 |               1 | NON_WRITE_REQ | 0b1100001100 | 0b1100000000
   357879000 |     2 | 0x19a |                0 |               1 | NON_WRITE_REQ | 0b1100001100 | 0b1100000000
   357882000 |     3 | 0x19f |                0 |               1 | NON_WRITE_REQ | 0b1100001100 | 0b1100000000
   357884000 |     2 | 0x19c |                0 |               1 | NON_WRITE_REQ | 0b1100001100 | 0b1100000000
   357887000 |     3 | 0x1a1 |                0 |               1 | NON_WRITE_REQ | 0b1100001100 | 0b1100000000
   357889000 |     2 | 0x19e |                0 |               1 | NON_WRITE_REQ | 0b1100001100 | 0b1100000000
   357892000 |     3 | 0x1a3 |                0 |               1 | NON_WRITE_REQ | 0b1100001100 | 0b1100000000
   357894000 |     2 | 0x1a0 |                0 |               1 | NON_WRITE_REQ | 0b1100001100 | 0b1100000000
   357897000 |     3 | 0x1a5 |                0 |               1 | NON_WRITE_REQ | 0b1100001100 | 0b1100000000
   357899000 |     2 | 0x1a2 |                0 |               1 | NON_WRITE_REQ | 0b1100001100 | 0b1100000000
   357902000 |     3 | 0x1a7 |                0 |               1 | NON_WRITE_REQ | 0b1100001100 | 0b1100000000
   357904000 |     2 | 0x1a4 |                0 |               1 | NON_WRITE_REQ | 0b1100001100 | 0b1100000000
   357907000 |     3 | 0x1a9 |                0 |               1 | NON_WRITE_REQ | 0b1100001100 | 0b1100000000
   357909000 |     2 | 0x1a6 |                0 |               1 | NON_WRITE_REQ | 0b1100001100 | 0b1100000000
   357912000 |     3 | 0x1ab |                0 |               1 | NON_WRITE_REQ | 0b1100001111 | 0b1100000000
   357914000 |     2 | 0x1a8 |                0 |               1 | NON_WRITE_REQ | 0b1100001111 | 0b1100000000
   357917000 |     3 | 0x1ad |                0 |               1 | NON_WRITE_REQ | 0b1100001111 | 0b1100000000
   357919000 |     2 | 0x1aa |                0 |               1 | NON_WRITE_REQ | 0b1100001111 | 0b1100000000
   357922000 |     3 | 0x1af |                0 |               1 | NON_WRITE_REQ | 0b1100001111 | 0b1100000000
   357924000 |     2 | 0x1ac |                0 |               1 | NON_WRITE_REQ | 0b1100001111 | 0b1100000000
   357927000 |     3 | 0x1b1 |                0 |               1 | NON_WRITE_REQ | 0b1100001111 | 0b1100000000
   357929000 |     2 | 0x1ae |                0 |               1 | NON_WRITE_REQ | 0b1100001111 | 0b1100000000
   357932000 |     3 | 0x1b3 |                0 |               1 | NON_WRITE_REQ | 0b1100001111 | 0b1100000000
   357934000 |     2 | 0x1b0 |                0 |               1 | NON_WRITE_REQ | 0b1100001111 | 0b1100000000
   357937000 |     3 | 0x1b5 |                0 |               1 | NON_WRITE_REQ | 0b1100001111 | 0b1100000000
   357939000 |     2 | 0x1b2 |                0 |               1 | NON_WRITE_REQ | 0b1100001111 | 0b1100000000
   357942000 |     3 | 0x1b7 |                0 |               1 | NON_WRITE_REQ | 0b1100001111 | 0b1100000000
   357944000 |     2 | 0x1b4 |                0 |               1 | NON_WRITE_REQ | 0b1100001111 | 0b1100000000
   357947000 |     3 | 0x1b9 |                0 |               1 | NON_WRITE_REQ | 0b1100001111 | 0b1100000000
   357949000 |     2 | 0x1b6 |                0 |               1 | NON_WRITE_REQ | 0b1100001111 | 0b1100000000
   357952000 |     3 | 0x1bb |                0 |               1 | NON_WRITE_REQ | 0b1100001111 | 0b1100000000
   357954000 |     2 | 0x1b8 |                0 |               1 | NON_WRITE_REQ | 0b1100001111 | 0b1100000000
   357957000 |     3 | 0x1bd |                0 |               1 | NON_WRITE_REQ | 0b1100001111 | 0b1100000000
   357959000 |     2 | 0x1ba |                0 |               1 | NON_WRITE_REQ | 0b1100001111 | 0b1100000000
   357962000 |     3 | 0x1bf |                0 |               1 | NON_WRITE_REQ | 0b1100001111 | 0b1100000000
   357964000 |     2 | 0x1bc |                0 |               1 | NON_WRITE_REQ | 0b1100000111 | 0b1100000000
   357967000 |     2 | 0x1be |                0 |               1 | NON_WRITE_REQ | 0b1100000111 | 0b1100000000
   357972000 |     9 | 0x281 |                1 |               1 | WRITE_WITH_VALID_READ | 0b1100000011 | 0b1100000000
   357987000 |     9 | 0x283 |                1 |               1 | WRITE_WITH_VALID_READ | 0b1100000011 | 0b1100000000
   358009000 |     8 | 0x280 |                1 |               1 | WRITE_WITH_VALID_READ | 0b1100000011 | 0b1100000000
   358012000 |     9 | 0x285 |                1 |               1 | WRITE_WITH_VALID_READ | 0b1100000011 | 0b1100000000
   358014000 |     8 | 0x282 |                1 |               1 | WRITE_WITH_VALID_READ | 0b1100000011 | 0b1100000000
   358017000 |     9 | 0x287 |                1 |               1 | WRITE_WITH_VALID_READ | 0b1100000011 | 0b1100000000
   358019000 |     8 | 0x284 |                1 |               1 | WRITE_WITH_VALID_READ | 0b1100000011 | 0b1100000000
   358022000 |     9 | 0x289 |                1 |               1 | WRITE_WITH_VALID_READ | 0b1100000011 | 0b1100000000
   358024000 |     8 | 0x286 |                1 |               1 | WRITE_WITH_VALID_READ | 0b1100000011 | 0b1100000000
   358027000 |     9 | 0x28b |                1 |               1 | WRITE_WITH_VALID_READ | 0b1100000011 | 0b1100000000
   358029000 |     8 | 0x288 |                1 |               1 | WRITE_WITH_VALID_READ | 0b1100000011 | 0b1100000000
   358032000 |     9 | 0x28d |                1 |               1 | WRITE_WITH_VALID_READ | 0b1100000011 | 0b1100000000
   358034000 |     8 | 0x28a |                1 |               1 | WRITE_WITH_VALID_READ | 0b1100000011 | 0b1100000000
   358037000 |     9 | 0x28f |                1 |               1 | WRITE_WITH_VALID_READ | 0b1100000111 | 0b1100000000
   358039000 |     8 | 0x28c |                1 |               1 | WRITE_WITH_VALID_READ | 0b1100001111 | 0b1100000000
   358042000 |     9 | 0x291 |                1 |               1 | WRITE_WITH_VALID_READ | 0b1100001111 | 0b1100000000
   358044000 |     8 | 0x28e |                1 |               1 | WRITE_WITH_VALID_READ | 0b1100001111 | 0b1100000000
   358047000 |     9 | 0x293 |                1 |               1 | WRITE_WITH_VALID_READ | 0b1100001111 | 0b1100000000
   358049000 |     8 | 0x290 |                1 |               1 | WRITE_WITH_VALID_READ | 0b1100001111 | 0b1100000000
   358052000 |     9 | 0x295 |                1 |               1 | WRITE_WITH_VALID_READ | 0b1100001111 | 0b1100000000
   358054000 |     8 | 0x292 |                1 |               1 | WRITE_WITH_VALID_READ | 0b1100001111 | 0b1100000000
   358057000 |     9 | 0x297 |                1 |               1 | WRITE_WITH_VALID_READ | 0b1100001111 | 0b1100000000
   358059000 |     8 | 0x294 |                1 |               1 | WRITE_WITH_VALID_READ | 0b1100001111 | 0b1100000000
   358062000 |     9 | 0x299 |                1 |               1 | WRITE_WITH_VALID_READ | 0b1100001111 | 0b1100000000
   358064000 |     8 | 0x296 |                1 |               1 | WRITE_WITH_VALID_READ | 0b1100001111 | 0b1100000000
   358067000 |     9 | 0x29b |                1 |               1 | WRITE_WITH_VALID_READ | 0b1100001111 | 0b1100000000
   358069000 |     8 | 0x298 |                1 |               1 | WRITE_WITH_VALID_READ | 0b1100001111 | 0b1100000000
   358072000 |     9 | 0x29d |                1 |               1 | WRITE_WITH_VALID_READ | 0b1100001111 | 0b1100000000
   358074000 |     8 | 0x29a |                1 |               1 | WRITE_WITH_VALID_READ | 0b1100001111 | 0b1100000000
   358077000 |     9 | 0x29f |                1 |               1 | WRITE_WITH_VALID_READ | 0b1100001111 | 0b1100000000
   358079000 |     8 | 0x29c |                1 |               1 | WRITE_WITH_VALID_READ | 0b1100001111 | 0b1100000000
   358082000 |     9 | 0x2a1 |                1 |               1 | WRITE_WITH_VALID_READ | 0b1100001111 | 0b1100000000
   358084000 |     8 | 0x29e |                1 |               1 | WRITE_WITH_VALID_READ | 0b1100001111 | 0b1100000000
   358087000 |     9 | 0x2a3 |                1 |               1 | WRITE_WITH_VALID_READ | 0b1100001111 | 0b1100000000
   358089000 |     8 | 0x2a0 |                1 |               1 | WRITE_WITH_VALID_READ | 0b1100001111 | 0b1100000000
   358092000 |     9 | 0x2a5 |                1 |               1 | WRITE_WITH_VALID_READ | 0b1100001111 | 0b1100000000
   358094000 |     8 | 0x2a2 |                1 |               1 | WRITE_WITH_VALID_READ | 0b1100001111 | 0b1100000000
   358097000 |     9 | 0x2a7 |                1 |               1 | WRITE_WITH_VALID_READ | 0b1100001111 | 0b1100000000
   358099000 |     8 | 0x2a4 |                1 |               1 | WRITE_WITH_VALID_READ | 0b1100001111 | 0b1100000000
   358102000 |     9 | 0x2a9 |                1 |               1 | WRITE_WITH_VALID_READ | 0b1100001111 | 0b1100000000
   358104000 |     8 | 0x2a6 |                1 |               1 | WRITE_WITH_VALID_READ | 0b1100001111 | 0b1100000000
   358107000 |     9 | 0x2ab |                1 |               1 | WRITE_WITH_VALID_READ | 0b1100001111 | 0b1100000000
   358109000 |     8 | 0x2a8 |                1 |               1 | WRITE_WITH_VALID_READ | 0b1100001111 | 0b1100000000
   358112000 |     9 | 0x2ad |                1 |               1 | WRITE_WITH_VALID_READ | 0b1100001111 | 0b1100000000
   358114000 |     8 | 0x2aa |                1 |               1 | WRITE_WITH_VALID_READ | 0b1100001111 | 0b1100000000
   358117000 |     9 | 0x2af |                1 |               1 | WRITE_WITH_VALID_READ | 0b1100001111 | 0b1100000000
   358119000 |     8 | 0x2ac |                1 |               1 | WRITE_WITH_VALID_READ | 0b0100001111 | 0b1100000000
   358122000 |     8 | 0x2ae |                1 |               1 | WRITE_WITH_VALID_READ | 0b0100001111 | 0b1100000000
   358127000 |     1 | 0xb1 |                0 |               1 | NON_WRITE_REQ | 0b0000001111 | 0b1100000000
   358159000 |     0 | 0xb0 |                0 |               1 | NON_WRITE_REQ | 0b0000001111 | 0b1100000000
   358182000 |     1 | 0xb3 |                0 |               1 | NON_WRITE_REQ | 0b0000001111 | 0b1100000000
   358184000 |     0 | 0xb2 |                0 |               1 | NON_WRITE_REQ | 0b0000001111 | 0b1100000000
   358187000 |     1 | 0xb5 |                0 |               1 | NON_WRITE_REQ | 0b0000001111 | 0b1100000000
   358189000 |     0 | 0xb4 |                0 |               1 | NON_WRITE_REQ | 0b0000001111 | 0b1100000000
   358192000 |     1 | 0xb7 |                0 |               1 | NON_WRITE_REQ | 0b0000001111 | 0b1100000000
   358194000 |     0 | 0xb6 |                0 |               1 | NON_WRITE_REQ | 0b0000001111 | 0b1100000000
   358197000 |     1 | 0xb9 |                0 |               1 | NON_WRITE_REQ | 0b0000001111 | 0b1100000000
   358199000 |     0 | 0xb8 |                0 |               1 | NON_WRITE_REQ | 0b0000001111 | 0b1100000000
   358202000 |     1 | 0xbb |                0 |               1 | NON_WRITE_REQ | 0b0000001111 | 0b1100000000
   358204000 |     0 | 0xba |                0 |               1 | NON_WRITE_REQ | 0b0000001111 | 0b1100000000
   358207000 |     1 | 0xbd |                0 |               1 | NON_WRITE_REQ | 0b0000001111 | 0b1100000000
   358209000 |     0 | 0xbc |                0 |               1 | NON_WRITE_REQ | 0b0000001111 | 0b1100000000
   358212000 |     1 | 0xbf |                0 |               1 | NON_WRITE_REQ | 0b0000001111 | 0b1100000000
   358214000 |     0 | 0xbe |                0 |               1 | NON_WRITE_REQ | 0b0000001111 | 0b1100000000
   358219000 |     3 | 0x1c1 |                0 |               1 | NON_WRITE_REQ | 0b0100001111 | 0b1100000000
   358234000 |     3 | 0x1c3 |                0 |               1 | NON_WRITE_REQ | 0b1100001111 | 0b1100000000
   358257000 |     2 | 0x1c0 |                0 |               1 | NON_WRITE_REQ | 0b1100001111 | 0b1100000000
   358259000 |     3 | 0x1c5 |                0 |               1 | NON_WRITE_REQ | 0b1100001111 | 0b1100000000
   358262000 |     2 | 0x1c2 |                0 |               1 | NON_WRITE_REQ | 0b1100001111 | 0b1100000000
   358264000 |     3 | 0x1c7 |                0 |               1 | NON_WRITE_REQ | 0b1100001111 | 0b1100000000
   358267000 |     2 | 0x1c4 |                0 |               1 | NON_WRITE_REQ | 0b1100001111 | 0b1100000000
   358269000 |     3 | 0x1c9 |                0 |               1 | NON_WRITE_REQ | 0b1100001111 | 0b1100000000
   358272000 |     2 | 0x1c6 |                0 |               1 | NON_WRITE_REQ | 0b1100001111 | 0b1100000000
   358274000 |     3 | 0x1cb |                0 |               1 | NON_WRITE_REQ | 0b1100001111 | 0b1100000000
   358277000 |     2 | 0x1c8 |                0 |               1 | NON_WRITE_REQ | 0b1100001111 | 0b1100000000
   358279000 |     3 | 0x1cd |                0 |               1 | NON_WRITE_REQ | 0b1100001111 | 0b1100000000
   358282000 |     2 | 0x1ca |                0 |               1 | NON_WRITE_REQ | 0b1100001111 | 0b1100000000
   358284000 |     3 | 0x1cf |                0 |               1 | NON_WRITE_REQ | 0b1100001111 | 0b1100000000
   358287000 |     2 | 0x1cc |                0 |               1 | NON_WRITE_REQ | 0b1100001111 | 0b1100000000
   358289000 |     3 | 0x1d1 |                0 |               1 | NON_WRITE_REQ | 0b1100001111 | 0b1100000000
   358292000 |     2 | 0x1ce |                0 |               1 | NON_WRITE_REQ | 0b1100001111 | 0b1100000000
   358294000 |     3 | 0x1d3 |                0 |               1 | NON_WRITE_REQ | 0b1100001111 | 0b1100000000
   358297000 |     2 | 0x1d0 |                0 |               1 | NON_WRITE_REQ | 0b1100001111 | 0b1100000000
   358299000 |     3 | 0x1d5 |                0 |               1 | NON_WRITE_REQ | 0b1100001111 | 0b1100000000
   358302000 |     2 | 0x1d2 |                0 |               1 | NON_WRITE_REQ | 0b1100001111 | 0b1100000000
   358304000 |     3 | 0x1d7 |                0 |               1 | NON_WRITE_REQ | 0b1100001111 | 0b1100000000
   358307000 |     2 | 0x1d4 |                0 |               1 | NON_WRITE_REQ | 0b1100000111 | 0b1100000000
   358309000 |     2 | 0x1d6 |                0 |               1 | NON_WRITE_REQ | 0b1100000111 | 0b1100000000
   358314000 |     9 | 0x2b1 |                1 |               1 | WRITE_WITH_VALID_READ | 0b1100000011 | 0b1100000000
   358329000 |     9 | 0x2b3 |                1 |               1 | WRITE_WITH_VALID_READ | 0b1100000011 | 0b1100000000
   358352000 |     8 | 0x2b0 |                1 |               1 | WRITE_WITH_VALID_READ | 0b1100000011 | 0b1100000000
   358354000 |     9 | 0x2b5 |                1 |               1 | WRITE_WITH_VALID_READ | 0b1100000011 | 0b1100000000
   358357000 |     8 | 0x2b2 |                1 |               1 | WRITE_WITH_VALID_READ | 0b1100000011 | 0b1100000000
   358359000 |     9 | 0x2b7 |                1 |               1 | WRITE_WITH_VALID_READ | 0b1100000011 | 0b1100000000
   358362000 |     8 | 0x2b4 |                1 |               1 | WRITE_WITH_VALID_READ | 0b1100000011 | 0b1100000000
   358364000 |     9 | 0x2b9 |                1 |               1 | WRITE_WITH_VALID_READ | 0b1100000011 | 0b1100000000
   358367000 |     8 | 0x2b6 |                1 |               1 | WRITE_WITH_VALID_READ | 0b1100000011 | 0b1100000000
   358369000 |     9 | 0x2bb |                1 |               1 | WRITE_WITH_VALID_READ | 0b1100000011 | 0b1100000000
   358372000 |     8 | 0x2b8 |                1 |               1 | WRITE_WITH_VALID_READ | 0b1100000011 | 0b1100000000
   358374000 |     9 | 0x2bd |                1 |               1 | WRITE_WITH_VALID_READ | 0b1100000011 | 0b1100000000
   358377000 |     8 | 0x2ba |                1 |               1 | WRITE_WITH_VALID_READ | 0b1100000011 | 0b1100000000
   358379000 |     9 | 0x2bf |                1 |               1 | WRITE_WITH_VALID_READ | 0b1100000011 | 0b1100000000
   358382000 |     8 | 0x2bc |                1 |               1 | WRITE_WITH_VALID_READ | 0b0100000011 | 0b1100000000
   358384000 |     8 | 0x2be |                1 |               1 | WRITE_WITH_VALID_READ | 0b0100000011 | 0b1100000000
   358389000 |     1 | 0xc1 |                0 |               1 | NON_WRITE_REQ | 0b0000000011 | 0b1100000000
   358422000 |     0 | 0xc0 |                0 |               1 | NON_WRITE_REQ | 0b0000000011 | 0b1100000000
   358444000 |     1 | 0xc3 |                0 |               1 | NON_WRITE_REQ | 0b0000000011 | 0b1100000000
   358447000 |     0 | 0xc2 |                0 |               1 | NON_WRITE_REQ | 0b0000000011 | 0b1100000000
   358449000 |     1 | 0xc5 |                0 |               1 | NON_WRITE_REQ | 0b0000000011 | 0b1100000000
   358452000 |     0 | 0xc4 |                0 |               1 | NON_WRITE_REQ | 0b0000000011 | 0b1100000000
   358454000 |     1 | 0xc7 |                0 |               1 | NON_WRITE_REQ | 0b0000000011 | 0b1100000000
   358457000 |     0 | 0xc6 |                0 |               1 | NON_WRITE_REQ | 0b0000000011 | 0b1100000000
   358459000 |     1 | 0xc9 |                0 |               1 | NON_WRITE_REQ | 0b0000000011 | 0b1100000000
   358462000 |     0 | 0xc8 |                0 |               1 | NON_WRITE_REQ | 0b0000000011 | 0b1100000000
   358464000 |     1 | 0xcb |                0 |               1 | NON_WRITE_REQ | 0b0000000011 | 0b1100000000
   358467000 |     0 | 0xca |                0 |               1 | NON_WRITE_REQ | 0b0000000011 | 0b1100000000
   358469000 |     1 | 0xcd |                0 |               1 | NON_WRITE_REQ | 0b0000000011 | 0b1100000000
   358472000 |     0 | 0xcc |                0 |               1 | NON_WRITE_REQ | 0b0000000011 | 0b1100000000
   358474000 |     1 | 0xcf |                0 |               1 | NON_WRITE_REQ | 0b0000000011 | 0b1100000000
   358477000 |     0 | 0xce |                0 |               1 | NON_WRITE_REQ | 0b0000000011 | 0b1100000000
   358479000 |     1 | 0xd1 |                0 |               1 | NON_WRITE_REQ | 0b0000001111 | 0b1100000000
   358482000 |     0 | 0xd0 |                0 |               1 | NON_WRITE_REQ | 0b0100001111 | 0b1100000000
   358484000 |     1 | 0xd3 |                0 |               1 | NON_WRITE_REQ | 0b1100001111 | 0b1100000000
   358487000 |     0 | 0xd2 |                0 |               1 | NON_WRITE_REQ | 0b1100001111 | 0b1100000000
   358489000 |     1 | 0xd5 |                0 |               1 | NON_WRITE_REQ | 0b1100001111 | 0b1100000000
   358492000 |     0 | 0xd4 |                0 |               1 | NON_WRITE_REQ | 0b1100001111 | 0b1100000000
   358494000 |     1 | 0xd7 |                0 |               1 | NON_WRITE_REQ | 0b1100001111 | 0b1100000000
   358497000 |     0 | 0xd6 |                0 |               1 | NON_WRITE_REQ | 0b1100001111 | 0b1100000000
   358499000 |     1 | 0xd9 |                0 |               1 | NON_WRITE_REQ | 0b1100001111 | 0b1100000000
   358502000 |     0 | 0xd8 |                0 |               1 | NON_WRITE_REQ | 0b1100001111 | 0b1100000000
   358504000 |     1 | 0xdb |                0 |               1 | NON_WRITE_REQ | 0b1100001111 | 0b1100000000
   358507000 |     0 | 0xda |                0 |               1 | NON_WRITE_REQ | 0b1100001111 | 0b1100000000
   358509000 |     1 | 0xdd |                0 |               1 | NON_WRITE_REQ | 0b1100001111 | 0b1100000000
   358512000 |     0 | 0xdc |                0 |               1 | NON_WRITE_REQ | 0b1100001111 | 0b1100000000
   358514000 |     1 | 0xdf |                0 |               1 | NON_WRITE_REQ | 0b1100001111 | 0b1100000000
   358517000 |     0 | 0xde |                0 |               1 | NON_WRITE_REQ | 0b1100001111 | 0b1100000000
   358519000 |     1 | 0xe1 |                0 |               1 | NON_WRITE_REQ | 0b1100001111 | 0b1100000000
   358522000 |     0 | 0xe0 |                0 |               1 | NON_WRITE_REQ | 0b1100001111 | 0b1100000000
   358524000 |     1 | 0xe3 |                0 |               1 | NON_WRITE_REQ | 0b1100001111 | 0b1100000000
   358527000 |     0 | 0xe2 |                0 |               1 | NON_WRITE_REQ | 0b1100001111 | 0b1100000000
   358529000 |     1 | 0xe5 |                0 |               1 | NON_WRITE_REQ | 0b1100001111 | 0b1100000000
   358532000 |     0 | 0xe4 |                0 |               1 | NON_WRITE_REQ | 0b1100001111 | 0b1100000000
   358534000 |     1 | 0xe7 |                0 |               1 | NON_WRITE_REQ | 0b1100001111 | 0b1100000000
   358537000 |     0 | 0xe6 |                0 |               1 | NON_WRITE_REQ | 0b1100001111 | 0b1100000000
   358539000 |     1 | 0xe9 |                0 |               1 | NON_WRITE_REQ | 0b1100001111 | 0b1100000000
   358542000 |     0 | 0xe8 |                0 |               1 | NON_WRITE_REQ | 0b1100001111 | 0b1100000000
   358544000 |     1 | 0xeb |                0 |               1 | NON_WRITE_REQ | 0b1100001111 | 0b1100000000
   358547000 |     0 | 0xea |                0 |               1 | NON_WRITE_REQ | 0b1100001111 | 0b1100000000
   358549000 |     1 | 0xed |                0 |               1 | NON_WRITE_REQ | 0b1100001111 | 0b1100000000
   358552000 |     0 | 0xec |                0 |               1 | NON_WRITE_REQ | 0b1100001111 | 0b1100000000
   358554000 |     1 | 0xef |                0 |               1 | NON_WRITE_REQ | 0b1100001111 | 0b1100000000
   358557000 |     0 | 0xee |                0 |               1 | NON_WRITE_REQ | 0b1100001101 | 0b1100000000
   358562000 |     3 | 0x1d9 |                0 |               1 | NON_WRITE_REQ | 0b1100001100 | 0b1100000000
   358577000 |     3 | 0x1db |                0 |               1 | NON_WRITE_REQ | 0b1100001100 | 0b1100000000
   358599000 |     2 | 0x1d8 |                0 |               1 | NON_WRITE_REQ | 0b1100001100 | 0b1100000000
   358602000 |     3 | 0x1dd |                0 |               1 | NON_WRITE_REQ | 0b1100001100 | 0b1100000000
   358604000 |     2 | 0x1da |                0 |               1 | NON_WRITE_REQ | 0b1100001100 | 0b1100000000
   358607000 |     3 | 0x1df |                0 |               1 | NON_WRITE_REQ | 0b1100001100 | 0b1100000000
   358609000 |     2 | 0x1dc |                0 |               1 | NON_WRITE_REQ | 0b1100001100 | 0b1100000000
   358612000 |     3 | 0x1e1 |                0 |               1 | NON_WRITE_REQ | 0b1100001100 | 0b1100000000
   358614000 |     2 | 0x1de |                0 |               1 | NON_WRITE_REQ | 0b1100001100 | 0b1100000000
   358617000 |     3 | 0x1e3 |                0 |               1 | NON_WRITE_REQ | 0b1100001100 | 0b1100000000
   358619000 |     2 | 0x1e0 |                0 |               1 | NON_WRITE_REQ | 0b1100001100 | 0b1100000000
   358622000 |     3 | 0x1e5 |                0 |               1 | NON_WRITE_REQ | 0b1100001100 | 0b1100000000
   358624000 |     2 | 0x1e2 |                0 |               1 | NON_WRITE_REQ | 0b1100001100 | 0b1100000000
   358627000 |     3 | 0x1e7 |                0 |               1 | NON_WRITE_REQ | 0b1100001100 | 0b1100000000
   358629000 |     2 | 0x1e4 |                0 |               1 | NON_WRITE_REQ | 0b1100001100 | 0b1100000000
   358632000 |     3 | 0x1e9 |                0 |               1 | NON_WRITE_REQ | 0b1100001100 | 0b1100000000
   358634000 |     2 | 0x1e6 |                0 |               1 | NON_WRITE_REQ | 0b1100001100 | 0b1100000000
   358637000 |     3 | 0x1eb |                0 |               1 | NON_WRITE_REQ | 0b1100001111 | 0b1100000000
   358639000 |     2 | 0x1e8 |                0 |               1 | NON_WRITE_REQ | 0b1100001111 | 0b1100000000
   358642000 |     3 | 0x1ed |                0 |               1 | NON_WRITE_REQ | 0b1100001111 | 0b1100000000
   358644000 |     2 | 0x1ea |                0 |               1 | NON_WRITE_REQ | 0b1100001111 | 0b1100000000
   358647000 |     3 | 0x1ef |                0 |               1 | NON_WRITE_REQ | 0b1100001111 | 0b1100000000
   358649000 |     2 | 0x1ec |                0 |               1 | NON_WRITE_REQ | 0b1100001111 | 0b1100000000
   358652000 |     3 | 0x1f1 |                0 |               1 | NON_WRITE_REQ | 0b1100001111 | 0b1100000000
   358654000 |     2 | 0x1ee |                0 |               1 | NON_WRITE_REQ | 0b1100001111 | 0b1100000000
   358657000 |     3 | 0x1f3 |                0 |               1 | NON_WRITE_REQ | 0b1100001111 | 0b1100000000
   358659000 |     2 | 0x1f0 |                0 |               1 | NON_WRITE_REQ | 0b1100001111 | 0b1100000000
   358662000 |     3 | 0x1f5 |                0 |               1 | NON_WRITE_REQ | 0b1100001111 | 0b1100000000
   358664000 |     2 | 0x1f2 |                0 |               1 | NON_WRITE_REQ | 0b1100001111 | 0b1100000000
   358667000 |     3 | 0x1f7 |                0 |               1 | NON_WRITE_REQ | 0b1100001111 | 0b1100000000
   358669000 |     2 | 0x1f4 |                0 |               1 | NON_WRITE_REQ | 0b1100001111 | 0b1100000000
   358672000 |     3 | 0x1f9 |                0 |               1 | NON_WRITE_REQ | 0b1100001111 | 0b1100000000
   358674000 |     2 | 0x1f6 |                0 |               1 | NON_WRITE_REQ | 0b1100001111 | 0b1100000000
   358677000 |     3 | 0x1fb |                0 |               1 | NON_WRITE_REQ | 0b1100001111 | 0b1100000000
   358679000 |     2 | 0x1f8 |                0 |               1 | NON_WRITE_REQ | 0b1100001111 | 0b1100000000
   358682000 |     3 | 0x1fd |                0 |               1 | NON_WRITE_REQ | 0b1100001111 | 0b1100000000
   358684000 |     2 | 0x1fa |                0 |               1 | NON_WRITE_REQ | 0b1100001111 | 0b1100000000
   358687000 |     3 | 0x1ff |                0 |               1 | NON_WRITE_REQ | 0b1100001111 | 0b1100000000
   358689000 |     2 | 0x1fc |                0 |               1 | NON_WRITE_REQ | 0b1100000111 | 0b1100000000
   358692000 |     2 | 0x1fe |                0 |               1 | NON_WRITE_REQ | 0b1100000111 | 0b1100000000
   358697000 |     9 | 0x2c1 |                1 |               1 | WRITE_WITH_VALID_READ | 0b1100000011 | 0b1100000000
   358712000 |     9 | 0x2c3 |                1 |               1 | WRITE_WITH_VALID_READ | 0b1100000011 | 0b1100000000
   358734000 |     8 | 0x2c0 |                1 |               1 | WRITE_WITH_VALID_READ | 0b1100000011 | 0b1100000000
   358737000 |     9 | 0x2c5 |                1 |               1 | WRITE_WITH_VALID_READ | 0b1100000011 | 0b1100000000
   358739000 |     8 | 0x2c2 |                1 |               1 | WRITE_WITH_VALID_READ | 0b1100000011 | 0b1100000000
   358742000 |     9 | 0x2c7 |                1 |               1 | WRITE_WITH_VALID_READ | 0b1100000011 | 0b1100000000
   358744000 |     8 | 0x2c4 |                1 |               1 | WRITE_WITH_VALID_READ | 0b1100000011 | 0b1100000000
   358747000 |     9 | 0x2c9 |                1 |               1 | WRITE_WITH_VALID_READ | 0b1100000011 | 0b1100000000
   358749000 |     8 | 0x2c6 |                1 |               1 | WRITE_WITH_VALID_READ | 0b1100000011 | 0b1100000000
   358752000 |     9 | 0x2cb |                1 |               1 | WRITE_WITH_VALID_READ | 0b1100000011 | 0b1100000000
   358754000 |     8 | 0x2c8 |                1 |               1 | WRITE_WITH_VALID_READ | 0b1100000011 | 0b1100000000
   358757000 |     9 | 0x2cd |                1 |               1 | WRITE_WITH_VALID_READ | 0b1100000011 | 0b1100000000
   358759000 |     8 | 0x2ca |                1 |               1 | WRITE_WITH_VALID_READ | 0b1100000011 | 0b1100000000
   358762000 |     9 | 0x2cf |                1 |               1 | WRITE_WITH_VALID_READ | 0b1100000011 | 0b1100000000
   358764000 |     8 | 0x2cc |                1 |               1 | WRITE_WITH_VALID_READ | 0b1100000011 | 0b1100000000
   358767000 |     9 | 0x2d1 |                1 |               1 | WRITE_WITH_VALID_READ | 0b1100000011 | 0b1100000000
   358769000 |     8 | 0x2ce |                1 |               1 | WRITE_WITH_VALID_READ | 0b1100000011 | 0b1100000000
   358772000 |     9 | 0x2d3 |                1 |               1 | WRITE_WITH_VALID_READ | 0b1100000011 | 0b1100000000
   358774000 |     8 | 0x2d0 |                1 |               1 | WRITE_WITH_VALID_READ | 0b1100000011 | 0b1100000000
   358777000 |     9 | 0x2d5 |                1 |               1 | WRITE_WITH_VALID_READ | 0b1100000011 | 0b1100000000
   358779000 |     8 | 0x2d2 |                1 |               1 | WRITE_WITH_VALID_READ | 0b1100000011 | 0b1100000000
   358782000 |     9 | 0x2d7 |                1 |               1 | WRITE_WITH_VALID_READ | 0b1100000011 | 0b1100000000
   358784000 |     8 | 0x2d4 |                1 |               1 | WRITE_WITH_VALID_READ | 0b1100000011 | 0b1100000000
   358787000 |     9 | 0x2d9 |                1 |               1 | WRITE_WITH_VALID_READ | 0b1100000011 | 0b1100000000
   358789000 |     8 | 0x2d6 |                1 |               1 | WRITE_WITH_VALID_READ | 0b1100000011 | 0b1100000000
   358792000 |     9 | 0x2db |                1 |               1 | WRITE_WITH_VALID_READ | 0b1100000011 | 0b1100000000
   358794000 |     8 | 0x2d8 |                1 |               1 | WRITE_WITH_VALID_READ | 0b1100000011 | 0b1100000000
   358797000 |     9 | 0x2dd |                1 |               1 | WRITE_WITH_VALID_READ | 0b1100000011 | 0b1100000000
   358799000 |     8 | 0x2da |                1 |               1 | WRITE_WITH_VALID_READ | 0b1100000011 | 0b1100000000
   358802000 |     9 | 0x2df |                1 |               1 | WRITE_WITH_VALID_READ | 0b1100000011 | 0b1100000000
   358804000 |     8 | 0x2dc |                1 |               1 | WRITE_WITH_VALID_READ | 0b1100000011 | 0b1100000000
   358807000 |     9 | 0x2e1 |                1 |               1 | WRITE_WITH_VALID_READ | 0b1100000011 | 0b1100000000
   358809000 |     8 | 0x2de |                1 |               1 | WRITE_WITH_VALID_READ | 0b1100000011 | 0b1100000000
   358812000 |     9 | 0x2e3 |                1 |               1 | WRITE_WITH_VALID_READ | 0b1100000011 | 0b1100000000
   358814000 |     8 | 0x2e0 |                1 |               1 | WRITE_WITH_VALID_READ | 0b1100000011 | 0b1100000000
   358817000 |     9 | 0x2e5 |                1 |               1 | WRITE_WITH_VALID_READ | 0b1100000011 | 0b1100000000
   358819000 |     8 | 0x2e2 |                1 |               1 | WRITE_WITH_VALID_READ | 0b1100000011 | 0b1100000000
   358822000 |     9 | 0x2e7 |                1 |               1 | WRITE_WITH_VALID_READ | 0b1100000011 | 0b1100000000
   358824000 |     8 | 0x2e4 |                1 |               1 | WRITE_WITH_VALID_READ | 0b1100000011 | 0b1100000000
   358827000 |     9 | 0x2e9 |                1 |               1 | WRITE_WITH_VALID_READ | 0b1100000011 | 0b1100000000
   358829000 |     8 | 0x2e6 |                1 |               1 | WRITE_WITH_VALID_READ | 0b1100000011 | 0b1100000000
   358832000 |     9 | 0x2eb |                1 |               1 | WRITE_WITH_VALID_READ | 0b1100000011 | 0b1100000000
   358834000 |     8 | 0x2e8 |                1 |               1 | WRITE_WITH_VALID_READ | 0b1100000011 | 0b1100000000
   358837000 |     9 | 0x2ed |                1 |               1 | WRITE_WITH_VALID_READ | 0b1100000011 | 0b1100000000
   358839000 |     8 | 0x2ea |                1 |               1 | WRITE_WITH_VALID_READ | 0b1100000011 | 0b1100000000
   358842000 |     9 | 0x2ef |                1 |               1 | WRITE_WITH_VALID_READ | 0b1100000011 | 0b1100000000
   358844000 |     8 | 0x2ec |                1 |               1 | WRITE_WITH_VALID_READ | 0b0100000011 | 0b1100000000
   358847000 |     8 | 0x2ee |                1 |               1 | WRITE_WITH_VALID_READ | 0b0100000011 | 0b1100000000
   358852000 |     1 | 0xf1 |                0 |               1 | NON_WRITE_REQ | 0b0000000011 | 0b1100000000
   358884000 |     0 | 0xf0 |                0 |               1 | NON_WRITE_REQ | 0b0000000011 | 0b1100000000
   358907000 |     1 | 0xf3 |                0 |               1 | NON_WRITE_REQ | 0b0000000011 | 0b1100000000
   358909000 |     0 | 0xf2 |                0 |               1 | NON_WRITE_REQ | 0b0000000011 | 0b1100000000
   358912000 |     1 | 0xf5 |                0 |               1 | NON_WRITE_REQ | 0b0000000011 | 0b1100000000
   358914000 |     0 | 0xf4 |                0 |               1 | NON_WRITE_REQ | 0b0000000011 | 0b1100000000
   358917000 |     1 | 0xf7 |                0 |               1 | NON_WRITE_REQ | 0b0000000011 | 0b1100000000
   358919000 |     0 | 0xf6 |                0 |               1 | NON_WRITE_REQ | 0b0000000011 | 0b1100000000
   358922000 |     1 | 0xf9 |                0 |               1 | NON_WRITE_REQ | 0b0000000011 | 0b1100000000
   358924000 |     0 | 0xf8 |                0 |               1 | NON_WRITE_REQ | 0b0000000011 | 0b1100000000
   358927000 |     1 | 0xfb |                0 |               1 | NON_WRITE_REQ | 0b0000000011 | 0b1100000000
   358929000 |     0 | 0xfa |                0 |               1 | NON_WRITE_REQ | 0b0000000011 | 0b1100000000
   358932000 |     1 | 0xfd |                0 |               1 | NON_WRITE_REQ | 0b0000000011 | 0b1100000000
   358934000 |     0 | 0xfc |                0 |               1 | NON_WRITE_REQ | 0b0000000011 | 0b1100000000
   358937000 |     1 | 0xff |                0 |               1 | NON_WRITE_REQ | 0b0000000011 | 0b1100000000
   358939000 |     0 | 0xfe |                0 |               1 | NON_WRITE_REQ | 0b0000000001 | 0b1100000000
   358947000 |     9 | 0x2f1 |                1 |               0 | WRITE_NO_VALID_READ | 0b1100000000 | 0b1100000000
   358962000 |     9 | 0x2f3 |                1 |               0 | WRITE_NO_VALID_READ | 0b1100000000 | 0b1100000000
[358979000] INFO: slice completed (cycle=2286)
   358984000 |     8 | 0x2f0 |                1 |               0 | WRITE_NO_VALID_READ | 0b1100000000 | 0b1100000000
   358987000 |     9 | 0x2f5 |                1 |               0 | WRITE_NO_VALID_READ | 0b1100000000 | 0b1100000000
   358989000 |     8 | 0x2f2 |                1 |               0 | WRITE_NO_VALID_READ | 0b1100000000 | 0b1100000000
   358992000 |     9 | 0x2f7 |                1 |               0 | WRITE_NO_VALID_READ | 0b1100000000 | 0b1100000000
   358994000 |     8 | 0x2f4 |                1 |               0 | WRITE_NO_VALID_READ | 0b1100000000 | 0b1100000000
   358997000 |     9 | 0x2f9 |                1 |               0 | WRITE_NO_VALID_READ | 0b1100000000 | 0b1100000000
   358999000 |     8 | 0x2f6 |                1 |               0 | WRITE_NO_VALID_READ | 0b1100000000 | 0b1100000000
   359002000 |     9 | 0x2fb |                1 |               0 | WRITE_NO_VALID_READ | 0b1100000000 | 0b1100000000
   359004000 |     8 | 0x2f8 |                1 |               0 | WRITE_NO_VALID_READ | 0b1100000000 | 0b1100000000
   359007000 |     9 | 0x2fd |                1 |               0 | WRITE_NO_VALID_READ | 0b1100000000 | 0b1100000000
   359009000 |     8 | 0x2fa |                1 |               0 | WRITE_NO_VALID_READ | 0b1100000000 | 0b1100000000
   359012000 |     9 | 0x2ff |                1 |               0 | WRITE_NO_VALID_READ | 0b1100000000 | 0b1100000000
   359014000 |     8 | 0x2fc |                1 |               0 | WRITE_NO_VALID_READ | 0b0100000000 | 0b1100000000
   359017000 |     8 | 0x2fe |                1 |               0 | WRITE_NO_VALID_READ | 0b0100000000 | 0b1100000000
# Total handshakes: 768
