# Bank Frame Channel Monitor - Slice[0] Bank[1]
# Format: Time(ns) | CycleFromSliceStart | Row(dec) | Col(dec) | RW(0:R,1:W) | StartFrame | EndFrame | Data(hex128) | Addr(hex)
# ========================================
[9736000] INFO: slice start (cycle=0)
     9759000 |       18 |    0 |   0 | 0(R) | 1 | 0 | 0x00000000000000000000000000000000 | 0x000000
     9762000 |       20 |    0 |   1 | 0(R) | 0 | 0 | 0x00000000000000000000000000000000 | 0x000001
     9784000 |       38 |    0 |   2 | 0(R) | 0 | 0 | 0x00000000000000000000000000000000 | 0x000002
     9787000 |       40 |    0 |   3 | 0(R) | 0 | 0 | 0x00000000000000000000000000000000 | 0x000003
     9789000 |       42 |    0 |   4 | 0(R) | 0 | 0 | 0x00000000000000000000000000000000 | 0x000004
     9792000 |       44 |    0 |   5 | 0(R) | 0 | 0 | 0x00000000000000000000000000000000 | 0x000005
     9794000 |       46 |    0 |   6 | 0(R) | 0 | 0 | 0x00000000000000000000000000000000 | 0x000006
     9797000 |       48 |    0 |   7 | 0(R) | 0 | 0 | 0x00000000000000000000000000000000 | 0x000007
     9819000 |       66 |    0 |   8 | 0(R) | 0 | 0 | 0x00000000000000000000000000000000 | 0x000008
     9822000 |       68 |    0 |   9 | 0(R) | 0 | 0 | 0x00000000000000000000000000000000 | 0x000009
     9824000 |       70 |    0 |  10 | 0(R) | 0 | 0 | 0x00000000000000000000000000000000 | 0x00000a
     9827000 |       72 |    0 |  11 | 0(R) | 0 | 0 | 0x00000000000000000000000000000000 | 0x00000b
     9837000 |       80 |    0 |  12 | 0(R) | 0 | 0 | 0x00000000000000000000000000000000 | 0x00000c
    10392000 |      524 |    0 |  13 | 0(R) | 0 | 0 | 0x00000000000000000000000000000000 | 0x00000d
    10407000 |      536 |    0 |  14 | 0(R) | 0 | 0 | 0x00000000000000000000000000000000 | 0x00000e
    10409000 |      538 |    0 |  15 | 0(R) | 0 | 0 | 0x00000000000000000000000000000000 | 0x00000f
    10417000 |      544 |    0 |  16 | 0(R) | 0 | 0 | 0x00000000000000000000000000000000 | 0x000010
    10987000 |     1000 |    0 |  17 | 0(R) | 0 | 0 | 0x00000000000000000000000000000000 | 0x000011
    11002000 |     1012 |    0 |  18 | 0(R) | 0 | 0 | 0x00000000000000000000000000000000 | 0x000012
    11004000 |     1014 |    0 |  19 | 0(R) | 0 | 0 | 0x00000000000000000000000000000000 | 0x000013
    11012000 |     1020 |    0 |  20 | 0(R) | 0 | 0 | 0x00000000000000000000000000000000 | 0x000014
    11582000 |     1476 |    0 |  21 | 0(R) | 0 | 0 | 0x00000000000000000000000000000000 | 0x000015
    11597000 |     1488 |    0 |  22 | 0(R) | 0 | 0 | 0x00000000000000000000000000000000 | 0x000016
    11599000 |     1490 |    0 |  23 | 0(R) | 0 | 0 | 0x00000000000000000000000000000000 | 0x000017
    11607000 |     1496 |    0 |  24 | 0(R) | 0 | 0 | 0x00000000000000000000000000000000 | 0x000018
    12177000 |     1952 |    0 |  25 | 0(R) | 0 | 0 | 0x00000000000000000000000000000000 | 0x000019
    12192000 |     1964 |    0 |  26 | 0(R) | 0 | 0 | 0x00000000000000000000000000000000 | 0x00001a
    12194000 |     1966 |    0 |  27 | 0(R) | 0 | 0 | 0x00000000000000000000000000000000 | 0x00001b
    12202000 |     1972 |    0 |  28 | 0(R) | 0 | 0 | 0x00000000000000000000000000000000 | 0x00001c
    12772000 |     2428 |    0 |  29 | 0(R) | 0 | 0 | 0x00000000000000000000000000000000 | 0x00001d
    12787000 |     2440 |    0 |  30 | 0(R) | 0 | 0 | 0x00000000000000000000000000000000 | 0x00001e
    12789000 |     2442 |    0 |  31 | 0(R) | 0 | 0 | 0x00000000000000000000000000000000 | 0x00001f
    12797000 |     2448 |    0 |  32 | 0(R) | 0 | 0 | 0x00000000000000000000000000000000 | 0x000020
    13367000 |     2904 |    0 |  33 | 0(R) | 0 | 0 | 0x00000000000000000000000000000000 | 0x000021
    13382000 |     2916 |    0 |  34 | 0(R) | 0 | 0 | 0x00000000000000000000000000000000 | 0x000022
    13384000 |     2918 |    0 |  35 | 0(R) | 0 | 0 | 0x00000000000000000000000000000000 | 0x000023
    13392000 |     2924 |    0 |  36 | 0(R) | 0 | 0 | 0x00000000000000000000000000000000 | 0x000024
    13962000 |     3380 |    0 |  37 | 0(R) | 0 | 0 | 0x00000000000000000000000000000000 | 0x000025
    13977000 |     3392 |    0 |  38 | 0(R) | 0 | 0 | 0x00000000000000000000000000000000 | 0x000026
    13979000 |     3394 |    0 |  39 | 0(R) | 0 | 0 | 0x00000000000000000000000000000000 | 0x000027
    13987000 |     3400 |    0 |  40 | 0(R) | 0 | 0 | 0x00000000000000000000000000000000 | 0x000028
    14557000 |     3856 |    0 |  41 | 0(R) | 0 | 0 | 0x00000000000000000000000000000000 | 0x000029
    14572000 |     3868 |    0 |  42 | 0(R) | 0 | 0 | 0x00000000000000000000000000000000 | 0x00002a
    14574000 |     3870 |    0 |  43 | 0(R) | 0 | 0 | 0x00000000000000000000000000000000 | 0x00002b
    14582000 |     3876 |    0 |  44 | 0(R) | 0 | 0 | 0x00000000000000000000000000000000 | 0x00002c
    15152000 |     4332 |    0 |  45 | 0(R) | 0 | 0 | 0x00000000000000000000000000000000 | 0x00002d
    15167000 |     4344 |    0 |  46 | 0(R) | 0 | 0 | 0x00000000000000000000000000000000 | 0x00002e
    15169000 |     4346 |    0 |  47 | 0(R) | 0 | 0 | 0x00000000000000000000000000000000 | 0x00002f
    15177000 |     4352 |    0 |  48 | 0(R) | 0 | 0 | 0x00000000000000000000000000000000 | 0x000030
    15747000 |     4808 |    0 |  49 | 0(R) | 0 | 0 | 0x00000000000000000000000000000000 | 0x000031
    15762000 |     4820 |    0 |  50 | 0(R) | 0 | 0 | 0x00000000000000000000000000000000 | 0x000032
    15764000 |     4822 |    0 |  51 | 0(R) | 0 | 0 | 0x00000000000000000000000000000000 | 0x000033
    15772000 |     4828 |    0 |  52 | 0(R) | 0 | 0 | 0x00000000000000000000000000000000 | 0x000034
    16342000 |     5284 |    0 |  53 | 0(R) | 0 | 0 | 0x00000000000000000000000000000000 | 0x000035
    16357000 |     5296 |    0 |  54 | 0(R) | 0 | 0 | 0x00000000000000000000000000000000 | 0x000036
    16359000 |     5298 |    0 |  55 | 0(R) | 0 | 0 | 0x00000000000000000000000000000000 | 0x000037
    16367000 |     5304 |    0 |  56 | 0(R) | 0 | 0 | 0x00000000000000000000000000000000 | 0x000038
    16937000 |     5760 |    0 |  57 | 0(R) | 0 | 0 | 0x00000000000000000000000000000000 | 0x000039
    16952000 |     5772 |    0 |  58 | 0(R) | 0 | 0 | 0x00000000000000000000000000000000 | 0x00003a
    16954000 |     5774 |    0 |  59 | 0(R) | 0 | 0 | 0x00000000000000000000000000000000 | 0x00003b
    16962000 |     5780 |    0 |  60 | 0(R) | 0 | 0 | 0x00000000000000000000000000000000 | 0x00003c
    17532000 |     6236 |    0 |  61 | 0(R) | 0 | 0 | 0x00000000000000000000000000000000 | 0x00003d
    17547000 |     6248 |    0 |  62 | 0(R) | 0 | 0 | 0x00000000000000000000000000000000 | 0x00003e
    17549000 |     6250 |    0 |  63 | 0(R) | 0 | 0 | 0x00000000000000000000000000000000 | 0x00003f
    17557000 |     6256 |    0 |   0 | 0(R) | 0 | 0 | 0x00000000000000000000000000000000 | 0x000000
    18127000 |     6712 |    0 |   1 | 0(R) | 0 | 0 | 0x00000000000000000000000000000000 | 0x000001
    18142000 |     6724 |    0 |   2 | 0(R) | 0 | 0 | 0x00000000000000000000000000000000 | 0x000002
    18144000 |     6726 |    0 |   3 | 0(R) | 0 | 0 | 0x00000000000000000000000000000000 | 0x000003
    18152000 |     6732 |    0 |   4 | 0(R) | 0 | 0 | 0x00000000000000000000000000000000 | 0x000004
    18722000 |     7188 |    0 |   5 | 0(R) | 0 | 0 | 0x00000000000000000000000000000000 | 0x000005
    18737000 |     7200 |    0 |   6 | 0(R) | 0 | 0 | 0x00000000000000000000000000000000 | 0x000006
    18739000 |     7202 |    0 |   7 | 0(R) | 0 | 0 | 0x00000000000000000000000000000000 | 0x000007
    18747000 |     7208 |    0 |   8 | 0(R) | 0 | 0 | 0x00000000000000000000000000000000 | 0x000008
    19317000 |     7664 |    0 |   9 | 0(R) | 0 | 0 | 0x00000000000000000000000000000000 | 0x000009
    19332000 |     7676 |    0 |  10 | 0(R) | 0 | 0 | 0x00000000000000000000000000000000 | 0x00000a
    19334000 |     7678 |    0 |  11 | 0(R) | 0 | 0 | 0x00000000000000000000000000000000 | 0x00000b
    19342000 |     7684 |    0 |  12 | 0(R) | 0 | 0 | 0x00000000000000000000000000000000 | 0x00000c
    19359000 |     7698 |    0 |  12 | 0(R) | 0 | 1 | 0x00000000000000000000000000000000 | 0x00000c
[19359000] INFO: Row Change (cycle=7698, total=1)
    19362000 |     7700 |  114 |   0 | 1(W) | 1 | 0 | 0xxxxxxxxxxxxxxxxxxxxxxxxxxxxxxxxx | 0x001c80
    19377000 |     7712 |  114 |   1 | 1(W) | 0 | 0 | 0xxxxxxxxxxxxxxxxxxxxxxxxxxxxxxxxx | 0x001c81
    19399000 |     7730 |  114 |   2 | 1(W) | 0 | 0 | 0xxxxxxxxxxxxxxxxxxxxxxxxxxxxxxxxx | 0x001c82
    19402000 |     7732 |  114 |   3 | 1(W) | 0 | 0 | 0xxxxxxxxxxxxxxxxxxxxxxxxxxxxxxxxx | 0x001c83
    19404000 |     7734 |  114 |   4 | 1(W) | 0 | 0 | 0xxxxxxxxxxxxxxxxxxxxxxxxxxxxxxxxx | 0x001c84
    19407000 |     7736 |  114 |   5 | 1(W) | 0 | 0 | 0xxxxxxxxxxxxxxxxxxxxxxxxxxxxxxxxx | 0x001c85
    19409000 |     7738 |  114 |   6 | 1(W) | 0 | 0 | 0xxxxxxxxxxxxxxxxxxxxxxxxxxxxxxxxx | 0x001c86
    19412000 |     7740 |  114 |   7 | 1(W) | 0 | 0 | 0xxxxxxxxxxxxxxxxxxxxxxxxxxxxxxxxx | 0x001c87
    19414000 |     7742 |  114 |   8 | 1(W) | 0 | 0 | 0xxxxxxxxxxxxxxxxxxxxxxxxxxxxxxxxx | 0x001c88
    19417000 |     7744 |  114 |   9 | 1(W) | 0 | 0 | 0xxxxxxxxxxxxxxxxxxxxxxxxxxxxxxxxx | 0x001c89
    19419000 |     7746 |  114 |  10 | 1(W) | 0 | 0 | 0xxxxxxxxxxxxxxxxxxxxxxxxxxxxxxxxx | 0x001c8a
    19422000 |     7748 |  114 |  11 | 1(W) | 0 | 0 | 0xxxxxxxxxxxxxxxxxxxxxxxxxxxxxxxxx | 0x001c8b
    19424000 |     7750 |  114 |  12 | 1(W) | 0 | 0 | 0xxxxxxxxxxxxxxxxxxxxxxxxxxxxxxxxx | 0x001c8c
    19427000 |     7752 |  114 |  13 | 1(W) | 0 | 0 | 0xxxxxxxxxxxxxxxxxxxxxxxxxxxxxxxxx | 0x001c8d
    19429000 |     7754 |  114 |  14 | 1(W) | 0 | 0 | 0xxxxxxxxxxxxxxxxxxxxxxxxxxxxxxxxx | 0x001c8e
    19432000 |     7756 |  114 |  15 | 1(W) | 0 | 0 | 0xxxxxxxxxxxxxxxxxxxxxxxxxxxxxxxxx | 0x001c8f
    19434000 |     7758 |  114 |  16 | 1(W) | 0 | 0 | 0xxxxxxxxxxxxxxxxxxxxxxxxxxxxxxxxx | 0x001c90
    19437000 |     7760 |  114 |  17 | 1(W) | 0 | 0 | 0xxxxxxxxxxxxxxxxxxxxxxxxxxxxxxxxx | 0x001c91
    19439000 |     7762 |  114 |  18 | 1(W) | 0 | 0 | 0xxxxxxxxxxxxxxxxxxxxxxxxxxxxxxxxx | 0x001c92
    19442000 |     7764 |  114 |  19 | 1(W) | 0 | 0 | 0xxxxxxxxxxxxxxxxxxxxxxxxxxxxxxxxx | 0x001c93
    19444000 |     7766 |  114 |  20 | 1(W) | 0 | 0 | 0xxxxxxxxxxxxxxxxxxxxxxxxxxxxxxxxx | 0x001c94
    19447000 |     7768 |  114 |  21 | 1(W) | 0 | 0 | 0xxxxxxxxxxxxxxxxxxxxxxxxxxxxxxxxx | 0x001c95
    19449000 |     7770 |  114 |  22 | 1(W) | 0 | 0 | 0xxxxxxxxxxxxxxxxxxxxxxxxxxxxxxxxx | 0x001c96
    19452000 |     7772 |  114 |  23 | 1(W) | 0 | 0 | 0xxxxxxxxxxxxxxxxxxxxxxxxxxxxxxxxx | 0x001c97
    19454000 |     7774 |  114 |  24 | 1(W) | 0 | 0 | 0xxxxxxxxxxxxxxxxxxxxxxxxxxxxxxxxx | 0x001c98
    19457000 |     7776 |  114 |  25 | 1(W) | 0 | 0 | 0xxxxxxxxxxxxxxxxxxxxxxxxxxxxxxxxx | 0x001c99
    19459000 |     7778 |  114 |  26 | 1(W) | 0 | 0 | 0xxxxxxxxxxxxxxxxxxxxxxxxxxxxxxxxx | 0x001c9a
    19462000 |     7780 |  114 |  27 | 1(W) | 0 | 0 | 0xxxxxxxxxxxxxxxxxxxxxxxxxxxxxxxxx | 0x001c9b
    19464000 |     7782 |  114 |  28 | 1(W) | 0 | 0 | 0xxxxxxxxxxxxxxxxxxxxxxxxxxxxxxxxx | 0x001c9c
    19467000 |     7784 |  114 |  29 | 1(W) | 0 | 0 | 0xxxxxxxxxxxxxxxxxxxxxxxxxxxxxxxxx | 0x001c9d
    19469000 |     7786 |  114 |  30 | 1(W) | 0 | 0 | 0xxxxxxxxxxxxxxxxxxxxxxxxxxxxxxxxx | 0x001c9e
    19474000 |     7790 |  114 |  31 | 1(W) | 0 | 0 | 0xxxxxxxxxxxxxxxxxxxxxxxxxxxxxxxxx | 0x001c9f
    19479000 |     7794 |  114 |  32 | 1(W) | 0 | 0 | 0xxxxxxxxxxxxxxxxxxxxxxxxxxxxxxxxx | 0x001ca0
    19484000 |     7798 |  114 |  33 | 1(W) | 0 | 0 | 0xxxxxxxxxxxxxxxxxxxxxxxxxxxxxxxxx | 0x001ca1
    19489000 |     7802 |  114 |  34 | 1(W) | 0 | 0 | 0xxxxxxxxxxxxxxxxxxxxxxxxxxxxxxxxx | 0x001ca2
    19494000 |     7806 |  114 |  35 | 1(W) | 0 | 0 | 0xxxxxxxxxxxxxxxxxxxxxxxxxxxxxxxxx | 0x001ca3
    19499000 |     7810 |  114 |  36 | 1(W) | 0 | 0 | 0xxxxxxxxxxxxxxxxxxxxxxxxxxxxxxxxx | 0x001ca4
    19504000 |     7814 |  114 |  37 | 1(W) | 0 | 0 | 0xxxxxxxxxxxxxxxxxxxxxxxxxxxxxxxxx | 0x001ca5
    19509000 |     7818 |  114 |  38 | 1(W) | 0 | 0 | 0xxxxxxxxxxxxxxxxxxxxxxxxxxxxxxxxx | 0x001ca6
    19514000 |     7822 |  114 |  39 | 1(W) | 0 | 0 | 0xxxxxxxxxxxxxxxxxxxxxxxxxxxxxxxxx | 0x001ca7
    19519000 |     7826 |  114 |  40 | 1(W) | 0 | 0 | 0xxxxxxxxxxxxxxxxxxxxxxxxxxxxxxxxx | 0x001ca8
    19524000 |     7830 |  114 |  41 | 1(W) | 0 | 0 | 0xxxxxxxxxxxxxxxxxxxxxxxxxxxxxxxxx | 0x001ca9
    19529000 |     7834 |  114 |  42 | 1(W) | 0 | 0 | 0xxxxxxxxxxxxxxxxxxxxxxxxxxxxxxxxx | 0x001caa
    19534000 |     7838 |  114 |  43 | 1(W) | 0 | 0 | 0xxxxxxxxxxxxxxxxxxxxxxxxxxxxxxxxx | 0x001cab
    19539000 |     7842 |  114 |  44 | 1(W) | 0 | 0 | 0xxxxxxxxxxxxxxxxxxxxxxxxxxxxxxxxx | 0x001cac
    19544000 |     7846 |  114 |  45 | 1(W) | 0 | 0 | 0xxxxxxxxxxxxxxxxxxxxxxxxxxxxxxxxx | 0x001cad
    19549000 |     7850 |  114 |  46 | 1(W) | 0 | 0 | 0xxxxxxxxxxxxxxxxxxxxxxxxxxxxxxxxx | 0x001cae
    19554000 |     7854 |  114 |  47 | 1(W) | 0 | 0 | 0xxxxxxxxxxxxxxxxxxxxxxxxxxxxxxxxx | 0x001caf
    19559000 |     7858 |  114 |  48 | 1(W) | 0 | 0 | 0xxxxxxxxxxxxxxxxxxxxxxxxxxxxxxxxx | 0x001cb0
    19564000 |     7862 |  114 |  49 | 1(W) | 0 | 0 | 0xxxxxxxxxxxxxxxxxxxxxxxxxxxxxxxxx | 0x001cb1
    19569000 |     7866 |  114 |  50 | 1(W) | 0 | 0 | 0xxxxxxxxxxxxxxxxxxxxxxxxxxxxxxxxx | 0x001cb2
    19574000 |     7870 |  114 |  51 | 1(W) | 0 | 0 | 0xxxxxxxxxxxxxxxxxxxxxxxxxxxxxxxxx | 0x001cb3
    19579000 |     7874 |  114 |  52 | 1(W) | 0 | 0 | 0xxxxxxxxxxxxxxxxxxxxxxxxxxxxxxxxx | 0x001cb4
    19584000 |     7878 |  114 |  53 | 1(W) | 0 | 0 | 0xxxxxxxxxxxxxxxxxxxxxxxxxxxxxxxxx | 0x001cb5
    19589000 |     7882 |  114 |  54 | 1(W) | 0 | 0 | 0xxxxxxxxxxxxxxxxxxxxxxxxxxxxxxxxx | 0x001cb6
    19594000 |     7886 |  114 |  55 | 1(W) | 0 | 0 | 0xxxxxxxxxxxxxxxxxxxxxxxxxxxxxxxxx | 0x001cb7
    19599000 |     7890 |  114 |  56 | 1(W) | 0 | 0 | 0xxxxxxxxxxxxxxxxxxxxxxxxxxxxxxxxx | 0x001cb8
    19604000 |     7894 |  114 |  57 | 1(W) | 0 | 0 | 0xxxxxxxxxxxxxxxxxxxxxxxxxxxxxxxxx | 0x001cb9
    19609000 |     7898 |  114 |  58 | 1(W) | 0 | 0 | 0xxxxxxxxxxxxxxxxxxxxxxxxxxxxxxxxx | 0x001cba
    19614000 |     7902 |  114 |  59 | 1(W) | 0 | 0 | 0xxxxxxxxxxxxxxxxxxxxxxxxxxxxxxxxx | 0x001cbb
    19619000 |     7906 |  114 |  60 | 1(W) | 0 | 0 | 0xxxxxxxxxxxxxxxxxxxxxxxxxxxxxxxxx | 0x001cbc
    19624000 |     7910 |  114 |  61 | 1(W) | 0 | 0 | 0xxxxxxxxxxxxxxxxxxxxxxxxxxxxxxxxx | 0x001cbd
    19629000 |     7914 |  114 |  62 | 1(W) | 0 | 0 | 0xxxxxxxxxxxxxxxxxxxxxxxxxxxxxxxxx | 0x001cbe
    19634000 |     7918 |  114 |  63 | 1(W) | 0 | 0 | 0xxxxxxxxxxxxxxxxxxxxxxxxxxxxxxxxx | 0x001cbf
    19912000 |     8140 |  114 |  63 | 1(W) | 0 | 1 | 0xxxxxxxxxxxxxxxxxxxxxxxxxxxxxxxxx | 0x001cbf
[19912000] INFO: Row Change (cycle=8140, total=2)
    19914000 |     8142 |    0 |  13 | 0(R) | 1 | 0 | 0x00000000000000000000000000000000 | 0x00000d
    19947000 |     8168 |    0 |  14 | 0(R) | 0 | 0 | 0x00000000000000000000000000000000 | 0x00000e
    19969000 |     8186 |    0 |  15 | 0(R) | 0 | 0 | 0x00000000000000000000000000000000 | 0x00000f
    19972000 |     8188 |    0 |  16 | 0(R) | 0 | 0 | 0x00000000000000000000000000000000 | 0x000010
    20507000 |     8616 |    0 |  17 | 0(R) | 0 | 0 | 0x00000000000000000000000000000000 | 0x000011
    20522000 |     8628 |    0 |  18 | 0(R) | 0 | 0 | 0x00000000000000000000000000000000 | 0x000012
    20524000 |     8630 |    0 |  19 | 0(R) | 0 | 0 | 0x00000000000000000000000000000000 | 0x000013
    20532000 |     8636 |    0 |  20 | 0(R) | 0 | 0 | 0x00000000000000000000000000000000 | 0x000014
    21102000 |     9092 |    0 |  21 | 0(R) | 0 | 0 | 0x00000000000000000000000000000000 | 0x000015
    21117000 |     9104 |    0 |  22 | 0(R) | 0 | 0 | 0x00000000000000000000000000000000 | 0x000016
    21119000 |     9106 |    0 |  23 | 0(R) | 0 | 0 | 0x00000000000000000000000000000000 | 0x000017
    21127000 |     9112 |    0 |  24 | 0(R) | 0 | 0 | 0x00000000000000000000000000000000 | 0x000018
    21697000 |     9568 |    0 |  25 | 0(R) | 0 | 0 | 0x00000000000000000000000000000000 | 0x000019
    21712000 |     9580 |    0 |  26 | 0(R) | 0 | 0 | 0x00000000000000000000000000000000 | 0x00001a
    21714000 |     9582 |    0 |  27 | 0(R) | 0 | 0 | 0x00000000000000000000000000000000 | 0x00001b
    21722000 |     9588 |    0 |  28 | 0(R) | 0 | 0 | 0x00000000000000000000000000000000 | 0x00001c
    22292000 |    10044 |    0 |  29 | 0(R) | 0 | 0 | 0x00000000000000000000000000000000 | 0x00001d
    22307000 |    10056 |    0 |  30 | 0(R) | 0 | 0 | 0x00000000000000000000000000000000 | 0x00001e
    22309000 |    10058 |    0 |  31 | 0(R) | 0 | 0 | 0x00000000000000000000000000000000 | 0x00001f
    22317000 |    10064 |    0 |  32 | 0(R) | 0 | 0 | 0x00000000000000000000000000000000 | 0x000020
    22887000 |    10520 |    0 |  33 | 0(R) | 0 | 0 | 0x00000000000000000000000000000000 | 0x000021
    22902000 |    10532 |    0 |  34 | 0(R) | 0 | 0 | 0x00000000000000000000000000000000 | 0x000022
    22904000 |    10534 |    0 |  35 | 0(R) | 0 | 0 | 0x00000000000000000000000000000000 | 0x000023
    22912000 |    10540 |    0 |  36 | 0(R) | 0 | 0 | 0x00000000000000000000000000000000 | 0x000024
    23482000 |    10996 |    0 |  37 | 0(R) | 0 | 0 | 0x00000000000000000000000000000000 | 0x000025
    23497000 |    11008 |    0 |  38 | 0(R) | 0 | 0 | 0x00000000000000000000000000000000 | 0x000026
    23499000 |    11010 |    0 |  39 | 0(R) | 0 | 0 | 0x00000000000000000000000000000000 | 0x000027
    23507000 |    11016 |    0 |  40 | 0(R) | 0 | 0 | 0x00000000000000000000000000000000 | 0x000028
    24077000 |    11472 |    0 |  41 | 0(R) | 0 | 0 | 0x00000000000000000000000000000000 | 0x000029
    24092000 |    11484 |    0 |  42 | 0(R) | 0 | 0 | 0x00000000000000000000000000000000 | 0x00002a
    24094000 |    11486 |    0 |  43 | 0(R) | 0 | 0 | 0x00000000000000000000000000000000 | 0x00002b
    24102000 |    11492 |    0 |  44 | 0(R) | 0 | 0 | 0x00000000000000000000000000000000 | 0x00002c
    24672000 |    11948 |    0 |  45 | 0(R) | 0 | 0 | 0x00000000000000000000000000000000 | 0x00002d
    24687000 |    11960 |    0 |  46 | 0(R) | 0 | 0 | 0x00000000000000000000000000000000 | 0x00002e
    24689000 |    11962 |    0 |  47 | 0(R) | 0 | 0 | 0x00000000000000000000000000000000 | 0x00002f
    24697000 |    11968 |    0 |  48 | 0(R) | 0 | 0 | 0x00000000000000000000000000000000 | 0x000030
    25267000 |    12424 |    0 |  49 | 0(R) | 0 | 0 | 0x00000000000000000000000000000000 | 0x000031
    25282000 |    12436 |    0 |  50 | 0(R) | 0 | 0 | 0x00000000000000000000000000000000 | 0x000032
    25284000 |    12438 |    0 |  51 | 0(R) | 0 | 0 | 0x00000000000000000000000000000000 | 0x000033
    25292000 |    12444 |    0 |  52 | 0(R) | 0 | 0 | 0x00000000000000000000000000000000 | 0x000034
    25862000 |    12900 |    0 |  53 | 0(R) | 0 | 0 | 0x00000000000000000000000000000000 | 0x000035
    25877000 |    12912 |    0 |  54 | 0(R) | 0 | 0 | 0x00000000000000000000000000000000 | 0x000036
    25879000 |    12914 |    0 |  55 | 0(R) | 0 | 0 | 0x00000000000000000000000000000000 | 0x000037
    25887000 |    12920 |    0 |  56 | 0(R) | 0 | 0 | 0x00000000000000000000000000000000 | 0x000038
    26457000 |    13376 |    0 |  57 | 0(R) | 0 | 0 | 0x00000000000000000000000000000000 | 0x000039
    26472000 |    13388 |    0 |  58 | 0(R) | 0 | 0 | 0x00000000000000000000000000000000 | 0x00003a
    26474000 |    13390 |    0 |  59 | 0(R) | 0 | 0 | 0x00000000000000000000000000000000 | 0x00003b
    26482000 |    13396 |    0 |  60 | 0(R) | 0 | 0 | 0x00000000000000000000000000000000 | 0x00003c
    27052000 |    13852 |    0 |  61 | 0(R) | 0 | 0 | 0x00000000000000000000000000000000 | 0x00003d
    27067000 |    13864 |    0 |  62 | 0(R) | 0 | 0 | 0x00000000000000000000000000000000 | 0x00003e
    27069000 |    13866 |    0 |  63 | 0(R) | 0 | 0 | 0x00000000000000000000000000000000 | 0x00003f
    28879000 |    15314 |    0 |  63 | 0(R) | 0 | 1 | 0x00000000000000000000000000000000 | 0x00003f
[28879000] INFO: Row Change (cycle=15314, total=3)
    28882000 |    15316 |  115 |   0 | 1(W) | 1 | 0 | 0xxxxxxxxxxxxxxxxxxxxxxxxxxxxxxxxx | 0x001cc0
    28897000 |    15328 |  115 |   1 | 1(W) | 0 | 0 | 0xxxxxxxxxxxxxxxxxxxxxxxxxxxxxxxxx | 0x001cc1
    28919000 |    15346 |  115 |   2 | 1(W) | 0 | 0 | 0xxxxxxxxxxxxxxxxxxxxxxxxxxxxxxxxx | 0x001cc2
    28922000 |    15348 |  115 |   3 | 1(W) | 0 | 0 | 0xxxxxxxxxxxxxxxxxxxxxxxxxxxxxxxxx | 0x001cc3
    28924000 |    15350 |  115 |   4 | 1(W) | 0 | 0 | 0xxxxxxxxxxxxxxxxxxxxxxxxxxxxxxxxx | 0x001cc4
    28927000 |    15352 |  115 |   5 | 1(W) | 0 | 0 | 0xxxxxxxxxxxxxxxxxxxxxxxxxxxxxxxxx | 0x001cc5
    28929000 |    15354 |  115 |   6 | 1(W) | 0 | 0 | 0xxxxxxxxxxxxxxxxxxxxxxxxxxxxxxxxx | 0x001cc6
    28932000 |    15356 |  115 |   7 | 1(W) | 0 | 0 | 0xxxxxxxxxxxxxxxxxxxxxxxxxxxxxxxxx | 0x001cc7
    28934000 |    15358 |  115 |   8 | 1(W) | 0 | 0 | 0xxxxxxxxxxxxxxxxxxxxxxxxxxxxxxxxx | 0x001cc8
    28937000 |    15360 |  115 |   9 | 1(W) | 0 | 0 | 0xxxxxxxxxxxxxxxxxxxxxxxxxxxxxxxxx | 0x001cc9
    28939000 |    15362 |  115 |  10 | 1(W) | 0 | 0 | 0xxxxxxxxxxxxxxxxxxxxxxxxxxxxxxxxx | 0x001cca
    28942000 |    15364 |  115 |  11 | 1(W) | 0 | 0 | 0xxxxxxxxxxxxxxxxxxxxxxxxxxxxxxxxx | 0x001ccb
    28944000 |    15366 |  115 |  12 | 1(W) | 0 | 0 | 0xxxxxxxxxxxxxxxxxxxxxxxxxxxxxxxxx | 0x001ccc
    28947000 |    15368 |  115 |  13 | 1(W) | 0 | 0 | 0xxxxxxxxxxxxxxxxxxxxxxxxxxxxxxxxx | 0x001ccd
    28949000 |    15370 |  115 |  14 | 1(W) | 0 | 0 | 0xxxxxxxxxxxxxxxxxxxxxxxxxxxxxxxxx | 0x001cce
    28952000 |    15372 |  115 |  15 | 1(W) | 0 | 0 | 0xxxxxxxxxxxxxxxxxxxxxxxxxxxxxxxxx | 0x001ccf
    28954000 |    15374 |  115 |  16 | 1(W) | 0 | 0 | 0xxxxxxxxxxxxxxxxxxxxxxxxxxxxxxxxx | 0x001cd0
    28957000 |    15376 |  115 |  17 | 1(W) | 0 | 0 | 0xxxxxxxxxxxxxxxxxxxxxxxxxxxxxxxxx | 0x001cd1
    28959000 |    15378 |  115 |  18 | 1(W) | 0 | 0 | 0xxxxxxxxxxxxxxxxxxxxxxxxxxxxxxxxx | 0x001cd2
    28962000 |    15380 |  115 |  19 | 1(W) | 0 | 0 | 0xxxxxxxxxxxxxxxxxxxxxxxxxxxxxxxxx | 0x001cd3
    28964000 |    15382 |  115 |  20 | 1(W) | 0 | 0 | 0xxxxxxxxxxxxxxxxxxxxxxxxxxxxxxxxx | 0x001cd4
    28967000 |    15384 |  115 |  21 | 1(W) | 0 | 0 | 0xxxxxxxxxxxxxxxxxxxxxxxxxxxxxxxxx | 0x001cd5
    28969000 |    15386 |  115 |  22 | 1(W) | 0 | 0 | 0xxxxxxxxxxxxxxxxxxxxxxxxxxxxxxxxx | 0x001cd6
    28972000 |    15388 |  115 |  23 | 1(W) | 0 | 0 | 0xxxxxxxxxxxxxxxxxxxxxxxxxxxxxxxxx | 0x001cd7
    28974000 |    15390 |  115 |  24 | 1(W) | 0 | 0 | 0xxxxxxxxxxxxxxxxxxxxxxxxxxxxxxxxx | 0x001cd8
    28977000 |    15392 |  115 |  25 | 1(W) | 0 | 0 | 0xxxxxxxxxxxxxxxxxxxxxxxxxxxxxxxxx | 0x001cd9
    28979000 |    15394 |  115 |  26 | 1(W) | 0 | 0 | 0xxxxxxxxxxxxxxxxxxxxxxxxxxxxxxxxx | 0x001cda
    28982000 |    15396 |  115 |  27 | 1(W) | 0 | 0 | 0xxxxxxxxxxxxxxxxxxxxxxxxxxxxxxxxx | 0x001cdb
    28984000 |    15398 |  115 |  28 | 1(W) | 0 | 0 | 0xxxxxxxxxxxxxxxxxxxxxxxxxxxxxxxxx | 0x001cdc
    28987000 |    15400 |  115 |  29 | 1(W) | 0 | 0 | 0xxxxxxxxxxxxxxxxxxxxxxxxxxxxxxxxx | 0x001cdd
    28989000 |    15402 |  115 |  30 | 1(W) | 0 | 0 | 0xxxxxxxxxxxxxxxxxxxxxxxxxxxxxxxxx | 0x001cde
    28994000 |    15406 |  115 |  31 | 1(W) | 0 | 0 | 0xxxxxxxxxxxxxxxxxxxxxxxxxxxxxxxxx | 0x001cdf
    28999000 |    15410 |  115 |  32 | 1(W) | 0 | 0 | 0xxxxxxxxxxxxxxxxxxxxxxxxxxxxxxxxx | 0x001ce0
    29004000 |    15414 |  115 |  33 | 1(W) | 0 | 0 | 0xxxxxxxxxxxxxxxxxxxxxxxxxxxxxxxxx | 0x001ce1
    29009000 |    15418 |  115 |  34 | 1(W) | 0 | 0 | 0xxxxxxxxxxxxxxxxxxxxxxxxxxxxxxxxx | 0x001ce2
    29014000 |    15422 |  115 |  35 | 1(W) | 0 | 0 | 0xxxxxxxxxxxxxxxxxxxxxxxxxxxxxxxxx | 0x001ce3
    29019000 |    15426 |  115 |  36 | 1(W) | 0 | 0 | 0xxxxxxxxxxxxxxxxxxxxxxxxxxxxxxxxx | 0x001ce4
    29024000 |    15430 |  115 |  37 | 1(W) | 0 | 0 | 0xxxxxxxxxxxxxxxxxxxxxxxxxxxxxxxxx | 0x001ce5
    29029000 |    15434 |  115 |  38 | 1(W) | 0 | 0 | 0xxxxxxxxxxxxxxxxxxxxxxxxxxxxxxxxx | 0x001ce6
    29034000 |    15438 |  115 |  39 | 1(W) | 0 | 0 | 0xxxxxxxxxxxxxxxxxxxxxxxxxxxxxxxxx | 0x001ce7
    29039000 |    15442 |  115 |  40 | 1(W) | 0 | 0 | 0xxxxxxxxxxxxxxxxxxxxxxxxxxxxxxxxx | 0x001ce8
    29044000 |    15446 |  115 |  41 | 1(W) | 0 | 0 | 0xxxxxxxxxxxxxxxxxxxxxxxxxxxxxxxxx | 0x001ce9
    29049000 |    15450 |  115 |  42 | 1(W) | 0 | 0 | 0xxxxxxxxxxxxxxxxxxxxxxxxxxxxxxxxx | 0x001cea
    29054000 |    15454 |  115 |  43 | 1(W) | 0 | 0 | 0xxxxxxxxxxxxxxxxxxxxxxxxxxxxxxxxx | 0x001ceb
    29059000 |    15458 |  115 |  44 | 1(W) | 0 | 0 | 0xxxxxxxxxxxxxxxxxxxxxxxxxxxxxxxxx | 0x001cec
    29064000 |    15462 |  115 |  45 | 1(W) | 0 | 0 | 0xxxxxxxxxxxxxxxxxxxxxxxxxxxxxxxxx | 0x001ced
    29069000 |    15466 |  115 |  46 | 1(W) | 0 | 0 | 0xxxxxxxxxxxxxxxxxxxxxxxxxxxxxxxxx | 0x001cee
    29074000 |    15470 |  115 |  47 | 1(W) | 0 | 0 | 0xxxxxxxxxxxxxxxxxxxxxxxxxxxxxxxxx | 0x001cef
    29079000 |    15474 |  115 |  48 | 1(W) | 0 | 0 | 0xxxxxxxxxxxxxxxxxxxxxxxxxxxxxxxxx | 0x001cf0
    29084000 |    15478 |  115 |  49 | 1(W) | 0 | 0 | 0xxxxxxxxxxxxxxxxxxxxxxxxxxxxxxxxx | 0x001cf1
    29089000 |    15482 |  115 |  50 | 1(W) | 0 | 0 | 0xxxxxxxxxxxxxxxxxxxxxxxxxxxxxxxxx | 0x001cf2
    29094000 |    15486 |  115 |  51 | 1(W) | 0 | 0 | 0xxxxxxxxxxxxxxxxxxxxxxxxxxxxxxxxx | 0x001cf3
    29099000 |    15490 |  115 |  52 | 1(W) | 0 | 0 | 0xxxxxxxxxxxxxxxxxxxxxxxxxxxxxxxxx | 0x001cf4
    29104000 |    15494 |  115 |  53 | 1(W) | 0 | 0 | 0xxxxxxxxxxxxxxxxxxxxxxxxxxxxxxxxx | 0x001cf5
    29109000 |    15498 |  115 |  54 | 1(W) | 0 | 0 | 0xxxxxxxxxxxxxxxxxxxxxxxxxxxxxxxxx | 0x001cf6
    29114000 |    15502 |  115 |  55 | 1(W) | 0 | 0 | 0xxxxxxxxxxxxxxxxxxxxxxxxxxxxxxxxx | 0x001cf7
    29119000 |    15506 |  115 |  56 | 1(W) | 0 | 0 | 0xxxxxxxxxxxxxxxxxxxxxxxxxxxxxxxxx | 0x001cf8
    29124000 |    15510 |  115 |  57 | 1(W) | 0 | 0 | 0xxxxxxxxxxxxxxxxxxxxxxxxxxxxxxxxx | 0x001cf9
    29129000 |    15514 |  115 |  58 | 1(W) | 0 | 0 | 0xxxxxxxxxxxxxxxxxxxxxxxxxxxxxxxxx | 0x001cfa
    29134000 |    15518 |  115 |  59 | 1(W) | 0 | 0 | 0xxxxxxxxxxxxxxxxxxxxxxxxxxxxxxxxx | 0x001cfb
    29139000 |    15522 |  115 |  60 | 1(W) | 0 | 0 | 0xxxxxxxxxxxxxxxxxxxxxxxxxxxxxxxxx | 0x001cfc
    29144000 |    15526 |  115 |  61 | 1(W) | 0 | 0 | 0xxxxxxxxxxxxxxxxxxxxxxxxxxxxxxxxx | 0x001cfd
    29149000 |    15530 |  115 |  62 | 1(W) | 0 | 0 | 0xxxxxxxxxxxxxxxxxxxxxxxxxxxxxxxxx | 0x001cfe
[29152000] INFO: slice completed (cycle=15532)
[29152000] INFO: Row Change Count (Start->Finish) = 3
    29154000 |        0 |  115 |  63 | 1(W) | 0 | 0 | 0xxxxxxxxxxxxxxxxxxxxxxxxxxxxxxxxx | 0x001cff
# Total handshakes: 259
