# Bank Frame Channel Monitor - Slice[0] Bank[0]
# Format: Time(ns) | CycleFromSliceStart | Row(dec) | Col(dec) | RW(0:R,1:W) | StartFrame | EndFrame | Data(hex128) | Addr(hex)
# ========================================
     7834000 |        0 |  119 |   0 | 1(W) | 1 | 0 | 0x3b0001d87ffffff800000007fffffff9 | 0x001dc0
     7837000 |        0 |  119 |   1 | 1(W) | 0 | 0 | 0x0470080040440014047004004044000c | 0x001dc1
     7859000 |        0 |  119 |   2 | 1(W) | 0 | 0 | 0x047010004044002404700c004044001c | 0x001dc2
     7862000 |        0 |  119 |   3 | 1(W) | 0 | 0 | 0x0470180040440034047014004044002c | 0x001dc3
     7864000 |        0 |  119 |   4 | 1(W) | 0 | 0 | 0x047020004044004404701c004044003c | 0x001dc4
     7867000 |        0 |  119 |   5 | 1(W) | 0 | 0 | 0x0470280040440054047024004044004c | 0x001dc5
     7869000 |        0 |  119 |   6 | 1(W) | 0 | 0 | 0x047030004044006404702c004044005c | 0x001dc6
     7872000 |        0 |  119 |   7 | 1(W) | 0 | 0 | 0x0470380040440074047034004044006c | 0x001dc7
     7874000 |        0 |  119 |   8 | 1(W) | 0 | 0 | 0x047040004044008404703c004044007c | 0x001dc8
     7877000 |        0 |  119 |   9 | 1(W) | 0 | 0 | 0x0470480040440094047044004044008c | 0x001dc9
     7879000 |        0 |  119 |  10 | 1(W) | 0 | 0 | 0x04705000404400a404704c004044009c | 0x001dca
     7882000 |        0 |  119 |  11 | 1(W) | 0 | 0 | 0x04705800404400b404705400404400ac | 0x001dcb
     7884000 |        0 |  119 |  12 | 1(W) | 0 | 0 | 0x04706000404400c404705c00404400bc | 0x001dcc
     7887000 |        0 |  119 |  13 | 1(W) | 0 | 0 | 0x04706800404400d404706400404400cc | 0x001dcd
     7889000 |        0 |  119 |  14 | 1(W) | 0 | 0 | 0x0471860040c4000c04706c00404400dc | 0x001dce
     7892000 |        0 |  119 |  15 | 1(W) | 0 | 0 | 0x04718e0040c4001c04718a0040c40014 | 0x001dcf
     7894000 |        0 |  119 |  16 | 1(W) | 0 | 0 | 0x0471960040c4002c0471920040c40024 | 0x001dd0
     7897000 |        0 |  119 |  17 | 1(W) | 0 | 0 | 0x04719e0040c4003c04719a0040c40034 | 0x001dd1
     7899000 |        0 |  119 |  18 | 1(W) | 0 | 0 | 0x0471a60040c4004c0471a20040c40044 | 0x001dd2
     7902000 |        0 |  119 |  19 | 1(W) | 0 | 0 | 0x0471ae0040c4005c0471aa0040c40054 | 0x001dd3
     7904000 |        0 |  119 |  20 | 1(W) | 0 | 0 | 0x0471b60040c4006c0471b20040c40064 | 0x001dd4
     7907000 |        0 |  119 |  21 | 1(W) | 0 | 0 | 0x0471be0040c4007c0471ba0040c40074 | 0x001dd5
     7909000 |        0 |  119 |  22 | 1(W) | 0 | 0 | 0x0471c60040c4008c0471c20040c40084 | 0x001dd6
     7912000 |        0 |  119 |  23 | 1(W) | 0 | 0 | 0x0471ce0040c4009c0471ca0040c40094 | 0x001dd7
     7914000 |        0 |  119 |  24 | 1(W) | 0 | 0 | 0x0471d60040c400ac0471d20040c400a4 | 0x001dd8
     7917000 |        0 |  119 |  25 | 1(W) | 0 | 0 | 0x0471de0040c400bc0471da0040c400b4 | 0x001dd9
     7919000 |        0 |  119 |  26 | 1(W) | 0 | 0 | 0x0471e60040c400cc0471e20040c400c4 | 0x001dda
     7922000 |        0 |  119 |  27 | 1(W) | 0 | 0 | 0x0471ee0040c400dc0471ea0040c400d4 | 0x001ddb
     7924000 |        0 |  119 |  28 | 1(W) | 0 | 0 | 0x04718a0041440014047186004144000c | 0x001ddc
     7927000 |        0 |  119 |  29 | 1(W) | 0 | 0 | 0x047192004144002404718e004144001c | 0x001ddd
     7929000 |        0 |  119 |  30 | 1(W) | 0 | 0 | 0x04719a0041440034047196004144002c | 0x001dde
     7932000 |        0 |  119 |  31 | 1(W) | 0 | 0 | 0x0471a2004144004404719e004144003c | 0x001ddf
     7934000 |        0 |  119 |  32 | 1(W) | 0 | 0 | 0x0471aa00414400540471a6004144004c | 0x001de0
     7937000 |        0 |  119 |  33 | 1(W) | 0 | 0 | 0x0471b200414400640471ae004144005c | 0x001de1
     7939000 |        0 |  119 |  34 | 1(W) | 0 | 0 | 0x0471ba00414400740471b6004144006c | 0x001de2
     7942000 |        0 |  119 |  35 | 1(W) | 0 | 0 | 0x0471c200414400840471be004144007c | 0x001de3
     7944000 |        0 |  119 |  36 | 1(W) | 0 | 0 | 0x0471ca00414400940471c6004144008c | 0x001de4
     7947000 |        0 |  119 |  37 | 1(W) | 0 | 0 | 0x0471d200414400a40471ce004144009c | 0x001de5
     7949000 |        0 |  119 |  38 | 1(W) | 0 | 0 | 0x0471da00414400b40471d600414400ac | 0x001de6
     7952000 |        0 |  119 |  39 | 1(W) | 0 | 0 | 0x0471e200414400c40471de00414400bc | 0x001de7
     7954000 |        0 |  119 |  40 | 1(W) | 0 | 0 | 0x0471ea00414400d40471e600414400cc | 0x001de8
     7957000 |        0 |  119 |  41 | 1(W) | 0 | 0 | 0x2b80201c5034000c0471ee00414400dc | 0x001de9
     7959000 |        0 |  119 |  42 | 1(W) | 0 | 0 | 0x2b80601c5034001c2b80401c50340014 | 0x001dea
     7962000 |        0 |  119 |  43 | 1(W) | 0 | 0 | 0x2b80a01c5034002c2b80801c50340024 | 0x001deb
     7964000 |        0 |  119 |  44 | 1(W) | 0 | 0 | 0x2b80e01c5034003c2b80c01c50340034 | 0x001dec
     7967000 |        0 |  119 |  45 | 1(W) | 0 | 0 | 0x2b81201c5034004c2b81001c50340044 | 0x001ded
     7969000 |        0 |  119 |  46 | 1(W) | 0 | 0 | 0x2b81601c5034005c2b81401c50340054 | 0x001dee
     7972000 |        0 |  119 |  47 | 1(W) | 0 | 0 | 0x2b81a01c5034006c2b81801c50340064 | 0x001def
     7974000 |        0 |  119 |  48 | 1(W) | 0 | 0 | 0x2b81e01c5034007c2b81c01c50340074 | 0x001df0
     7977000 |        0 |  119 |  49 | 1(W) | 0 | 0 | 0x2b82201c5034008c2b82001c50340084 | 0x001df1
     7979000 |        0 |  119 |  50 | 1(W) | 0 | 0 | 0x2b82601c5034009c2b82401c50340094 | 0x001df2
     7982000 |        0 |  119 |  51 | 1(W) | 0 | 0 | 0x2b82a01c503400ac2b82801c503400a4 | 0x001df3
     7984000 |        0 |  119 |  52 | 1(W) | 0 | 0 | 0x2b82e01c503400bc2b82c01c503400b4 | 0x001df4
     7987000 |        0 |  119 |  53 | 1(W) | 0 | 0 | 0x2b83201c503400cc2b83001c503400c4 | 0x001df5
     7989000 |        0 |  119 |  54 | 1(W) | 0 | 0 | 0x2b83601c503400dc2b83401c503400d4 | 0x001df6
     7992000 |        0 |  119 |  55 | 1(W) | 0 | 0 | 0x0000000000000000000000007ffffffd | 0x001df7
     8077000 |        0 |  119 |  55 | 1(W) | 0 | 1 | 0x0000000000000000000000007ffffffd | 0x001df7
[8077000] INFO: Row Change (cycle=0, total=1)
     8079000 |        0 |  119 |   0 | 0(R) | 1 | 0 | 0x00000000000000000000000000000000 | 0x001dc0
     8082000 |        0 |  119 |   1 | 0(R) | 0 | 0 | 0x00000000000000000000000000000000 | 0x001dc1
     8092000 |        0 |  119 |   2 | 0(R) | 0 | 0 | 0x00000000000000000000000000000000 | 0x001dc2
     8094000 |        0 |  119 |   3 | 0(R) | 0 | 0 | 0x00000000000000000000000000000000 | 0x001dc3
     8097000 |        0 |  119 |   4 | 0(R) | 0 | 0 | 0x00000000000000000000000000000000 | 0x001dc4
     8099000 |        0 |  119 |   5 | 0(R) | 0 | 0 | 0x00000000000000000000000000000000 | 0x001dc5
     8102000 |        0 |  119 |   6 | 0(R) | 0 | 0 | 0x00000000000000000000000000000000 | 0x001dc6
     8104000 |        0 |  119 |   7 | 0(R) | 0 | 0 | 0x00000000000000000000000000000000 | 0x001dc7
     8107000 |        0 |  119 |   8 | 0(R) | 0 | 0 | 0x00000000000000000000000000000000 | 0x001dc8
     8109000 |        0 |  119 |   9 | 0(R) | 0 | 0 | 0x00000000000000000000000000000000 | 0x001dc9
     8112000 |        0 |  119 |  10 | 0(R) | 0 | 0 | 0x00000000000000000000000000000000 | 0x001dca
     8114000 |        0 |  119 |  11 | 0(R) | 0 | 0 | 0x00000000000000000000000000000000 | 0x001dcb
     8117000 |        0 |  119 |  12 | 0(R) | 0 | 0 | 0x00000000000000000000000000000000 | 0x001dcc
     8119000 |        0 |  119 |  13 | 0(R) | 0 | 0 | 0x00000000000000000000000000000000 | 0x001dcd
     8122000 |        0 |  119 |  14 | 0(R) | 0 | 0 | 0x00000000000000000000000000000000 | 0x001dce
     8124000 |        0 |  119 |  15 | 0(R) | 0 | 0 | 0x00000000000000000000000000000000 | 0x001dcf
     8127000 |        0 |  119 |  16 | 0(R) | 0 | 0 | 0x00000000000000000000000000000000 | 0x001dd0
     8129000 |        0 |  119 |  17 | 0(R) | 0 | 0 | 0x00000000000000000000000000000000 | 0x001dd1
     8132000 |        0 |  119 |  18 | 0(R) | 0 | 0 | 0x00000000000000000000000000000000 | 0x001dd2
     8134000 |        0 |  119 |  19 | 0(R) | 0 | 0 | 0x00000000000000000000000000000000 | 0x001dd3
     8137000 |        0 |  119 |  20 | 0(R) | 0 | 0 | 0x00000000000000000000000000000000 | 0x001dd4
     8139000 |        0 |  119 |  21 | 0(R) | 0 | 0 | 0x00000000000000000000000000000000 | 0x001dd5
     8142000 |        0 |  119 |  22 | 0(R) | 0 | 0 | 0x00000000000000000000000000000000 | 0x001dd6
     8144000 |        0 |  119 |  23 | 0(R) | 0 | 0 | 0x00000000000000000000000000000000 | 0x001dd7
     8147000 |        0 |  119 |  24 | 0(R) | 0 | 0 | 0x00000000000000000000000000000000 | 0x001dd8
     8149000 |        0 |  119 |  25 | 0(R) | 0 | 0 | 0x00000000000000000000000000000000 | 0x001dd9
     8152000 |        0 |  119 |  26 | 0(R) | 0 | 0 | 0x00000000000000000000000000000000 | 0x001dda
     8154000 |        0 |  119 |  27 | 0(R) | 0 | 0 | 0x00000000000000000000000000000000 | 0x001ddb
     8157000 |        0 |  119 |  28 | 0(R) | 0 | 0 | 0x00000000000000000000000000000000 | 0x001ddc
     8159000 |        0 |  119 |  29 | 0(R) | 0 | 0 | 0x00000000000000000000000000000000 | 0x001ddd
     8162000 |        0 |  119 |  30 | 0(R) | 0 | 0 | 0x00000000000000000000000000000000 | 0x001dde
     8164000 |        0 |  119 |  31 | 0(R) | 0 | 0 | 0x00000000000000000000000000000000 | 0x001ddf
     8167000 |        0 |  119 |  32 | 0(R) | 0 | 0 | 0x00000000000000000000000000000000 | 0x001de0
     8169000 |        0 |  119 |  33 | 0(R) | 0 | 0 | 0x00000000000000000000000000000000 | 0x001de1
     8172000 |        0 |  119 |  34 | 0(R) | 0 | 0 | 0x00000000000000000000000000000000 | 0x001de2
     8174000 |        0 |  119 |  35 | 0(R) | 0 | 0 | 0x00000000000000000000000000000000 | 0x001de3
     8177000 |        0 |  119 |  36 | 0(R) | 0 | 0 | 0x00000000000000000000000000000000 | 0x001de4
     8179000 |        0 |  119 |  37 | 0(R) | 0 | 0 | 0x00000000000000000000000000000000 | 0x001de5
     8182000 |        0 |  119 |  38 | 0(R) | 0 | 0 | 0x00000000000000000000000000000000 | 0x001de6
     8184000 |        0 |  119 |  39 | 0(R) | 0 | 0 | 0x00000000000000000000000000000000 | 0x001de7
     8187000 |        0 |  119 |  40 | 0(R) | 0 | 0 | 0x00000000000000000000000000000000 | 0x001de8
     8189000 |        0 |  119 |  41 | 0(R) | 0 | 0 | 0x00000000000000000000000000000000 | 0x001de9
     8192000 |        0 |  119 |  42 | 0(R) | 0 | 0 | 0x00000000000000000000000000000000 | 0x001dea
     8194000 |        0 |  119 |  43 | 0(R) | 0 | 0 | 0x00000000000000000000000000000000 | 0x001deb
     8197000 |        0 |  119 |  44 | 0(R) | 0 | 0 | 0x00000000000000000000000000000000 | 0x001dec
     8199000 |        0 |  119 |  45 | 0(R) | 0 | 0 | 0x00000000000000000000000000000000 | 0x001ded
     8202000 |        0 |  119 |  46 | 0(R) | 0 | 0 | 0x00000000000000000000000000000000 | 0x001dee
     8204000 |        0 |  119 |  47 | 0(R) | 0 | 0 | 0x00000000000000000000000000000000 | 0x001def
     8207000 |        0 |  119 |  48 | 0(R) | 0 | 0 | 0x00000000000000000000000000000000 | 0x001df0
     8209000 |        0 |  119 |  49 | 0(R) | 0 | 0 | 0x00000000000000000000000000000000 | 0x001df1
     8212000 |        0 |  119 |  50 | 0(R) | 0 | 0 | 0x00000000000000000000000000000000 | 0x001df2
     8214000 |        0 |  119 |  51 | 0(R) | 0 | 0 | 0x00000000000000000000000000000000 | 0x001df3
     8217000 |        0 |  119 |  52 | 0(R) | 0 | 0 | 0x00000000000000000000000000000000 | 0x001df4
     8219000 |        0 |  119 |  53 | 0(R) | 0 | 0 | 0x00000000000000000000000000000000 | 0x001df5
     8222000 |        0 |  119 |  54 | 0(R) | 0 | 0 | 0x00000000000000000000000000000000 | 0x001df6
     8224000 |        0 |  119 |  55 | 0(R) | 0 | 0 | 0x00000000000000000000000000000000 | 0x001df7
     8297000 |        0 |  119 |  55 | 0(R) | 0 | 1 | 0x0471ea00414400d40471e600414400cc | 0x001df7
[8297000] INFO: Row Change (cycle=0, total=2)
     8299000 |        0 |  118 |   0 | 1(W) | 1 | 0 | 0x87800000000200e0ee2e000000004000 | 0x001d80
     8314000 |        0 |  118 |   1 | 1(W) | 0 | 0 | 0x58000000008000842840000000100008 | 0x001d81
     8337000 |        0 |  118 |   2 | 1(W) | 0 | 0 | 0xd0000000008004080b80000000100021 | 0x001d82
     8339000 |        0 |  118 |   3 | 1(W) | 0 | 0 | 0x80000000080010cd8800000001000215 | 0x001d83
     8342000 |        0 |  118 |   4 | 1(W) | 0 | 0 | 0x27000844e001089c830e60c38830d706 | 0x001d84
     8344000 |        0 |  118 |   5 | 1(W) | 0 | 0 | 0x0080001883000000002111c002114200 | 0x001d85
     8347000 |        0 |  118 |   6 | 1(W) | 0 | 0 | 0x43400000100000200100008000460806 | 0x001d86
     8349000 |        0 |  118 |   7 | 1(W) | 0 | 0 | 0x70000008000200000013020191500000 | 0x001d87
     8352000 |        0 |  118 |   8 | 1(W) | 0 | 0 | 0x0001202018150000600c000000040002 | 0x001d88
     8354000 |        0 |  118 |   9 | 1(W) | 0 | 0 | 0x06c34000000800000004000080004808 | 0x001d89
     8357000 |        0 |  118 |  10 | 1(W) | 0 | 0 | 0xc8e0000000001c0e02c3984560000000 | 0x001d8a
     8359000 |        0 |  118 |  11 | 1(W) | 0 | 0 | 0x000006717b56a04e00e8200002000140 | 0x001d8b
     8362000 |        0 |  118 |  12 | 1(W) | 0 | 0 | 0x29062080008000005183dcd62d4ca0e6 | 0x001d8c
     8364000 |        0 |  118 |  13 | 1(W) | 0 | 0 | 0x000000020000003b0000000010000000 | 0x001d8d
     8367000 |        0 |  118 |  14 | 1(W) | 0 | 0 | 0x04103b0e61018000cce2b4c60d625052 | 0x001d8e
     8369000 |        0 |  118 |  15 | 1(W) | 0 | 0 | 0x703803a0800008000003238c10000000 | 0x001d8f
     8372000 |        0 |  118 |  16 | 1(W) | 0 | 0 | 0x8139460f7358b5320600000019c5ed5a | 0x001d90
     8374000 |        0 |  118 |  17 | 1(W) | 0 | 0 | 0x00000000000040008398a41882000200 | 0x001d91
     8377000 |        0 |  118 |  18 | 1(W) | 0 | 0 | 0x00ef338ad31835890000000000080000 | 0x001d92
     8379000 |        0 |  118 |  19 | 1(W) | 0 | 0 | 0x0000000c8e30400041481040ec398382 | 0x001d93
     8382000 |        0 |  118 |  20 | 1(W) | 0 | 0 | 0x20001800000067171001c0e00e820000 | 0x001d94
     8384000 |        0 |  118 |  21 | 1(W) | 0 | 0 | 0xd4ca0e6290620800b56a04e5183dcd62 | 0x001d95
     8387000 |        0 |  118 |  22 | 1(W) | 0 | 0 | 0x00000000000000200800000000000001 | 0x001d96
     8389000 |        0 |  118 |  23 | 1(W) | 0 | 0 | 0xd625052041030021000003bcce2b4c60 | 0x001d97
     8392000 |        0 |  118 |  24 | 1(W) | 0 | 0 | 0xc0000e400078388287306b0000000155 | 0x001d98
     8394000 |        0 |  118 |  25 | 1(W) | 0 | 0 | 0x000ce2f6ad013aa37100001000040100 | 0x001d99
     8397000 |        0 |  118 |  26 | 1(W) | 0 | 0 | 0x0c4100000000080007b9ac5a92839c52 | 0x001d9a
     8399000 |        0 |  118 |  27 | 1(W) | 0 | 0 | 0x83589414810427680000000ef338b691 | 0x001d9b
     8402000 |        0 |  118 |  28 | 1(W) | 0 | 0 | 0xdffc7b1bff8f607ff73fff1ee7ffe3d8 | 0x001d9c
     8404000 |        0 |  118 |  29 | 1(W) | 0 | 0 | 0x0000000000000000f26c0ffe019b3c44 | 0x001d9d
     8474000 |        0 |  118 |  29 | 1(W) | 0 | 1 | 0x0000000000000000f26c0ffe019b3c44 | 0x001d9d
[8474000] INFO: Row Change (cycle=0, total=3)
     8477000 |        0 |  118 |   0 | 0(R) | 1 | 0 | 0x00000000000000000000000000000000 | 0x001d80
     8479000 |        0 |  118 |   1 | 0(R) | 0 | 0 | 0x00000000000000000000000000000000 | 0x001d81
     8489000 |        0 |  118 |   2 | 0(R) | 0 | 0 | 0x00000000000000000000000000000000 | 0x001d82
     8492000 |        0 |  118 |   3 | 0(R) | 0 | 0 | 0x00000000000000000000000000000000 | 0x001d83
     8494000 |        0 |  118 |   4 | 0(R) | 0 | 0 | 0x00000000000000000000000000000000 | 0x001d84
     8497000 |        0 |  118 |   5 | 0(R) | 0 | 0 | 0x00000000000000000000000000000000 | 0x001d85
     8499000 |        0 |  118 |   6 | 0(R) | 0 | 0 | 0x00000000000000000000000000000000 | 0x001d86
     8502000 |        0 |  118 |   7 | 0(R) | 0 | 0 | 0x00000000000000000000000000000000 | 0x001d87
     8504000 |        0 |  118 |   8 | 0(R) | 0 | 0 | 0x00000000000000000000000000000000 | 0x001d88
     8507000 |        0 |  118 |   9 | 0(R) | 0 | 0 | 0x00000000000000000000000000000000 | 0x001d89
     8509000 |        0 |  118 |  10 | 0(R) | 0 | 0 | 0x00000000000000000000000000000000 | 0x001d8a
     8512000 |        0 |  118 |  11 | 0(R) | 0 | 0 | 0x00000000000000000000000000000000 | 0x001d8b
     8514000 |        0 |  118 |  12 | 0(R) | 0 | 0 | 0x00000000000000000000000000000000 | 0x001d8c
     8517000 |        0 |  118 |  13 | 0(R) | 0 | 0 | 0x00000000000000000000000000000000 | 0x001d8d
     8519000 |        0 |  118 |  14 | 0(R) | 0 | 0 | 0x00000000000000000000000000000000 | 0x001d8e
     8522000 |        0 |  118 |  15 | 0(R) | 0 | 0 | 0x00000000000000000000000000000000 | 0x001d8f
     8524000 |        0 |  118 |  16 | 0(R) | 0 | 0 | 0x00000000000000000000000000000000 | 0x001d90
     8527000 |        0 |  118 |  17 | 0(R) | 0 | 0 | 0x00000000000000000000000000000000 | 0x001d91
     8529000 |        0 |  118 |  18 | 0(R) | 0 | 0 | 0x00000000000000000000000000000000 | 0x001d92
     8532000 |        0 |  118 |  19 | 0(R) | 0 | 0 | 0x00000000000000000000000000000000 | 0x001d93
     8534000 |        0 |  118 |  20 | 0(R) | 0 | 0 | 0x00000000000000000000000000000000 | 0x001d94
     8537000 |        0 |  118 |  21 | 0(R) | 0 | 0 | 0x00000000000000000000000000000000 | 0x001d95
     8539000 |        0 |  118 |  22 | 0(R) | 0 | 0 | 0x00000000000000000000000000000000 | 0x001d96
     8542000 |        0 |  118 |  23 | 0(R) | 0 | 0 | 0x00000000000000000000000000000000 | 0x001d97
     8544000 |        0 |  118 |  24 | 0(R) | 0 | 0 | 0x00000000000000000000000000000000 | 0x001d98
     8547000 |        0 |  118 |  25 | 0(R) | 0 | 0 | 0x00000000000000000000000000000000 | 0x001d99
     8549000 |        0 |  118 |  26 | 0(R) | 0 | 0 | 0x00000000000000000000000000000000 | 0x001d9a
     8552000 |        0 |  118 |  27 | 0(R) | 0 | 0 | 0x00000000000000000000000000000000 | 0x001d9b
     8554000 |        0 |  118 |  28 | 0(R) | 0 | 0 | 0x00000000000000000000000000000000 | 0x001d9c
     8557000 |        0 |  118 |  29 | 0(R) | 0 | 0 | 0x00000000000000000000000000000000 | 0x001d9d
     8629000 |        0 |  118 |  29 | 0(R) | 0 | 1 | 0x04103b0e61018000cce2b4c60d625052 | 0x001d9d
[8629000] INFO: Row Change (cycle=0, total=4)
     8632000 |        0 |  118 |   0 | 1(W) | 1 | 0 | 0x87800000000200e0ee2e000000004000 | 0x001d80
     8634000 |        0 |  118 |   1 | 1(W) | 0 | 0 | 0x58000000008000842840000000100008 | 0x001d81
     8647000 |        0 |  118 |   2 | 1(W) | 0 | 0 | 0xd0000000008004080b80000000100021 | 0x001d82
     8649000 |        0 |  118 |   3 | 1(W) | 0 | 0 | 0x80000000080010cd8800000001000215 | 0x001d83
     8652000 |        0 |  118 |   4 | 1(W) | 0 | 0 | 0x27000844e001089c830e60c38830d706 | 0x001d84
     8654000 |        0 |  118 |   5 | 1(W) | 0 | 0 | 0x0080001883000000002111c002114200 | 0x001d85
     8657000 |        0 |  118 |   6 | 1(W) | 0 | 0 | 0x43400000100000200100008000460806 | 0x001d86
     8659000 |        0 |  118 |   7 | 1(W) | 0 | 0 | 0x70000008000200000013020191500000 | 0x001d87
     8662000 |        0 |  118 |   8 | 1(W) | 0 | 0 | 0x0001202018150000600c000000040002 | 0x001d88
     8664000 |        0 |  118 |   9 | 1(W) | 0 | 0 | 0x06c34000000800000004000080004808 | 0x001d89
     8667000 |        0 |  118 |  10 | 1(W) | 0 | 0 | 0xc8e0000000001c0e02c3984560000000 | 0x001d8a
     8669000 |        0 |  118 |  11 | 1(W) | 0 | 0 | 0x000006717b56a04e00e8200002000140 | 0x001d8b
     8672000 |        0 |  118 |  12 | 1(W) | 0 | 0 | 0x29062080008000005183dcd62d4ca0e6 | 0x001d8c
     8674000 |        0 |  118 |  13 | 1(W) | 0 | 0 | 0x000000020000003b0000000010000000 | 0x001d8d
     8677000 |        0 |  118 |  14 | 1(W) | 0 | 0 | 0x04103b0e61018000cce2b4c60d625052 | 0x001d8e
     8679000 |        0 |  118 |  15 | 1(W) | 0 | 0 | 0x703803a0800008000003238c10000000 | 0x001d8f
     8682000 |        0 |  118 |  16 | 1(W) | 0 | 0 | 0x8139460f7358b5320600000019c5ed5a | 0x001d90
     8684000 |        0 |  118 |  17 | 1(W) | 0 | 0 | 0x00000000000040008398a41882000200 | 0x001d91
     8687000 |        0 |  118 |  18 | 1(W) | 0 | 0 | 0x00ef338ad31835890000000000080000 | 0x001d92
     8689000 |        0 |  118 |  19 | 1(W) | 0 | 0 | 0x0000000c8e30400041481040ec398382 | 0x001d93
     8692000 |        0 |  118 |  20 | 1(W) | 0 | 0 | 0x20001800000067171001c0e00e820000 | 0x001d94
     8694000 |        0 |  118 |  21 | 1(W) | 0 | 0 | 0xd4ca0e6290620800b56a04e5183dcd62 | 0x001d95
     8697000 |        0 |  118 |  22 | 1(W) | 0 | 0 | 0x00000000000000200800000000000001 | 0x001d96
     8699000 |        0 |  118 |  23 | 1(W) | 0 | 0 | 0xd625052041030021000003bcce2b4c60 | 0x001d97
     8702000 |        0 |  118 |  24 | 1(W) | 0 | 0 | 0xc0000e400078388287306b0000000155 | 0x001d98
     8704000 |        0 |  118 |  25 | 1(W) | 0 | 0 | 0x000ce2f6ad013aa37100001000040100 | 0x001d99
     8707000 |        0 |  118 |  26 | 1(W) | 0 | 0 | 0x0c4100000000080007b9ac5a92839c52 | 0x001d9a
     8709000 |        0 |  118 |  27 | 1(W) | 0 | 0 | 0x83589414810427680000000ef338b691 | 0x001d9b
     8712000 |        0 |  118 |  28 | 1(W) | 0 | 0 | 0xdffc7b1bff8f607ff73fff1ee7ffe3d8 | 0x001d9c
     8714000 |        0 |  118 |  29 | 1(W) | 0 | 0 | 0x0000000000000000f26c0ffe019b3c44 | 0x001d9d
     8807000 |        0 |  118 |  29 | 1(W) | 0 | 1 | 0x0000000000000000f26c0ffe019b3c44 | 0x001d9d
[8807000] INFO: Row Change (cycle=0, total=5)
     8809000 |        0 |  118 |   0 | 0(R) | 1 | 0 | 0x00000000000000000000000000000000 | 0x001d80
     8812000 |        0 |  118 |   1 | 0(R) | 0 | 0 | 0x00000000000000000000000000000000 | 0x001d81
     8822000 |        0 |  118 |   2 | 0(R) | 0 | 0 | 0x00000000000000000000000000000000 | 0x001d82
     8824000 |        0 |  118 |   3 | 0(R) | 0 | 0 | 0x00000000000000000000000000000000 | 0x001d83
     8827000 |        0 |  118 |   4 | 0(R) | 0 | 0 | 0x00000000000000000000000000000000 | 0x001d84
     8829000 |        0 |  118 |   5 | 0(R) | 0 | 0 | 0x00000000000000000000000000000000 | 0x001d85
     8832000 |        0 |  118 |   6 | 0(R) | 0 | 0 | 0x00000000000000000000000000000000 | 0x001d86
     8834000 |        0 |  118 |   7 | 0(R) | 0 | 0 | 0x00000000000000000000000000000000 | 0x001d87
     8837000 |        0 |  118 |   8 | 0(R) | 0 | 0 | 0x00000000000000000000000000000000 | 0x001d88
     8839000 |        0 |  118 |   9 | 0(R) | 0 | 0 | 0x00000000000000000000000000000000 | 0x001d89
     8842000 |        0 |  118 |  10 | 0(R) | 0 | 0 | 0x00000000000000000000000000000000 | 0x001d8a
     8844000 |        0 |  118 |  11 | 0(R) | 0 | 0 | 0x00000000000000000000000000000000 | 0x001d8b
     8847000 |        0 |  118 |  12 | 0(R) | 0 | 0 | 0x00000000000000000000000000000000 | 0x001d8c
     8849000 |        0 |  118 |  13 | 0(R) | 0 | 0 | 0x00000000000000000000000000000000 | 0x001d8d
     8852000 |        0 |  118 |  14 | 0(R) | 0 | 0 | 0x00000000000000000000000000000000 | 0x001d8e
     8854000 |        0 |  118 |  15 | 0(R) | 0 | 0 | 0x00000000000000000000000000000000 | 0x001d8f
     8857000 |        0 |  118 |  16 | 0(R) | 0 | 0 | 0x00000000000000000000000000000000 | 0x001d90
     8859000 |        0 |  118 |  17 | 0(R) | 0 | 0 | 0x00000000000000000000000000000000 | 0x001d91
     8862000 |        0 |  118 |  18 | 0(R) | 0 | 0 | 0x00000000000000000000000000000000 | 0x001d92
     8864000 |        0 |  118 |  19 | 0(R) | 0 | 0 | 0x00000000000000000000000000000000 | 0x001d93
     8867000 |        0 |  118 |  20 | 0(R) | 0 | 0 | 0x00000000000000000000000000000000 | 0x001d94
     8869000 |        0 |  118 |  21 | 0(R) | 0 | 0 | 0x00000000000000000000000000000000 | 0x001d95
     8872000 |        0 |  118 |  22 | 0(R) | 0 | 0 | 0x00000000000000000000000000000000 | 0x001d96
     8874000 |        0 |  118 |  23 | 0(R) | 0 | 0 | 0x00000000000000000000000000000000 | 0x001d97
     8877000 |        0 |  118 |  24 | 0(R) | 0 | 0 | 0x00000000000000000000000000000000 | 0x001d98
     8879000 |        0 |  118 |  25 | 0(R) | 0 | 0 | 0x00000000000000000000000000000000 | 0x001d99
     8882000 |        0 |  118 |  26 | 0(R) | 0 | 0 | 0x00000000000000000000000000000000 | 0x001d9a
     8884000 |        0 |  118 |  27 | 0(R) | 0 | 0 | 0x00000000000000000000000000000000 | 0x001d9b
     8887000 |        0 |  118 |  28 | 0(R) | 0 | 0 | 0x00000000000000000000000000000000 | 0x001d9c
     8889000 |        0 |  118 |  29 | 0(R) | 0 | 0 | 0x00000000000000000000000000000000 | 0x001d9d
     8997000 |        0 |  118 |  29 | 0(R) | 0 | 1 | 0x04103b0e61018000cce2b4c60d625052 | 0x001d9d
[8997000] INFO: Row Change (cycle=0, total=6)
     8999000 |        0 |  119 |   0 | 0(R) | 1 | 0 | 0x00000000000000000000000000000000 | 0x001dc0
     9014000 |        0 |  119 |   1 | 0(R) | 0 | 0 | 0x00000000000000000000000000000000 | 0x001dc1
     9037000 |        0 |  119 |   2 | 0(R) | 0 | 0 | 0x00000000000000000000000000000000 | 0x001dc2
     9039000 |        0 |  119 |   3 | 0(R) | 0 | 0 | 0x00000000000000000000000000000000 | 0x001dc3
     9042000 |        0 |  119 |   4 | 0(R) | 0 | 0 | 0x00000000000000000000000000000000 | 0x001dc4
     9044000 |        0 |  119 |   5 | 0(R) | 0 | 0 | 0x00000000000000000000000000000000 | 0x001dc5
     9047000 |        0 |  119 |   6 | 0(R) | 0 | 0 | 0x00000000000000000000000000000000 | 0x001dc6
     9049000 |        0 |  119 |   7 | 0(R) | 0 | 0 | 0x00000000000000000000000000000000 | 0x001dc7
     9052000 |        0 |  119 |   8 | 0(R) | 0 | 0 | 0x00000000000000000000000000000000 | 0x001dc8
     9054000 |        0 |  119 |   9 | 0(R) | 0 | 0 | 0x00000000000000000000000000000000 | 0x001dc9
     9057000 |        0 |  119 |  10 | 0(R) | 0 | 0 | 0x00000000000000000000000000000000 | 0x001dca
     9059000 |        0 |  119 |  11 | 0(R) | 0 | 0 | 0x00000000000000000000000000000000 | 0x001dcb
     9062000 |        0 |  119 |  12 | 0(R) | 0 | 0 | 0x00000000000000000000000000000000 | 0x001dcc
     9064000 |        0 |  119 |  13 | 0(R) | 0 | 0 | 0x00000000000000000000000000000000 | 0x001dcd
     9067000 |        0 |  119 |  14 | 0(R) | 0 | 0 | 0x00000000000000000000000000000000 | 0x001dce
     9069000 |        0 |  119 |  15 | 0(R) | 0 | 0 | 0x00000000000000000000000000000000 | 0x001dcf
     9072000 |        0 |  119 |  16 | 0(R) | 0 | 0 | 0x00000000000000000000000000000000 | 0x001dd0
     9074000 |        0 |  119 |  17 | 0(R) | 0 | 0 | 0x00000000000000000000000000000000 | 0x001dd1
     9077000 |        0 |  119 |  18 | 0(R) | 0 | 0 | 0x00000000000000000000000000000000 | 0x001dd2
     9079000 |        0 |  119 |  19 | 0(R) | 0 | 0 | 0x00000000000000000000000000000000 | 0x001dd3
     9082000 |        0 |  119 |  20 | 0(R) | 0 | 0 | 0x00000000000000000000000000000000 | 0x001dd4
     9084000 |        0 |  119 |  21 | 0(R) | 0 | 0 | 0x00000000000000000000000000000000 | 0x001dd5
     9087000 |        0 |  119 |  22 | 0(R) | 0 | 0 | 0x00000000000000000000000000000000 | 0x001dd6
     9089000 |        0 |  119 |  23 | 0(R) | 0 | 0 | 0x00000000000000000000000000000000 | 0x001dd7
     9092000 |        0 |  119 |  24 | 0(R) | 0 | 0 | 0x00000000000000000000000000000000 | 0x001dd8
     9094000 |        0 |  119 |  25 | 0(R) | 0 | 0 | 0x00000000000000000000000000000000 | 0x001dd9
     9097000 |        0 |  119 |  26 | 0(R) | 0 | 0 | 0x00000000000000000000000000000000 | 0x001dda
     9099000 |        0 |  119 |  27 | 0(R) | 0 | 0 | 0x00000000000000000000000000000000 | 0x001ddb
     9102000 |        0 |  119 |  28 | 0(R) | 0 | 0 | 0x00000000000000000000000000000000 | 0x001ddc
     9104000 |        0 |  119 |  29 | 0(R) | 0 | 0 | 0x00000000000000000000000000000000 | 0x001ddd
     9107000 |        0 |  119 |  30 | 0(R) | 0 | 0 | 0x00000000000000000000000000000000 | 0x001dde
     9109000 |        0 |  119 |  31 | 0(R) | 0 | 0 | 0x00000000000000000000000000000000 | 0x001ddf
     9112000 |        0 |  119 |  32 | 0(R) | 0 | 0 | 0x00000000000000000000000000000000 | 0x001de0
     9114000 |        0 |  119 |  33 | 0(R) | 0 | 0 | 0x00000000000000000000000000000000 | 0x001de1
     9117000 |        0 |  119 |  34 | 0(R) | 0 | 0 | 0x00000000000000000000000000000000 | 0x001de2
     9119000 |        0 |  119 |  35 | 0(R) | 0 | 0 | 0x00000000000000000000000000000000 | 0x001de3
     9122000 |        0 |  119 |  36 | 0(R) | 0 | 0 | 0x00000000000000000000000000000000 | 0x001de4
     9124000 |        0 |  119 |  37 | 0(R) | 0 | 0 | 0x00000000000000000000000000000000 | 0x001de5
     9127000 |        0 |  119 |  38 | 0(R) | 0 | 0 | 0x00000000000000000000000000000000 | 0x001de6
     9129000 |        0 |  119 |  39 | 0(R) | 0 | 0 | 0x00000000000000000000000000000000 | 0x001de7
     9132000 |        0 |  119 |  40 | 0(R) | 0 | 0 | 0x00000000000000000000000000000000 | 0x001de8
     9134000 |        0 |  119 |  41 | 0(R) | 0 | 0 | 0x00000000000000000000000000000000 | 0x001de9
     9137000 |        0 |  119 |  42 | 0(R) | 0 | 0 | 0x00000000000000000000000000000000 | 0x001dea
     9139000 |        0 |  119 |  43 | 0(R) | 0 | 0 | 0x00000000000000000000000000000000 | 0x001deb
     9142000 |        0 |  119 |  44 | 0(R) | 0 | 0 | 0x00000000000000000000000000000000 | 0x001dec
     9144000 |        0 |  119 |  45 | 0(R) | 0 | 0 | 0x00000000000000000000000000000000 | 0x001ded
     9147000 |        0 |  119 |  46 | 0(R) | 0 | 0 | 0x00000000000000000000000000000000 | 0x001dee
     9149000 |        0 |  119 |  47 | 0(R) | 0 | 0 | 0x00000000000000000000000000000000 | 0x001def
     9152000 |        0 |  119 |  48 | 0(R) | 0 | 0 | 0x00000000000000000000000000000000 | 0x001df0
     9154000 |        0 |  119 |  49 | 0(R) | 0 | 0 | 0x00000000000000000000000000000000 | 0x001df1
     9157000 |        0 |  119 |  50 | 0(R) | 0 | 0 | 0x00000000000000000000000000000000 | 0x001df2
     9159000 |        0 |  119 |  51 | 0(R) | 0 | 0 | 0x00000000000000000000000000000000 | 0x001df3
     9162000 |        0 |  119 |  52 | 0(R) | 0 | 0 | 0x00000000000000000000000000000000 | 0x001df4
     9164000 |        0 |  119 |  53 | 0(R) | 0 | 0 | 0x00000000000000000000000000000000 | 0x001df5
     9167000 |        0 |  119 |  54 | 0(R) | 0 | 0 | 0x00000000000000000000000000000000 | 0x001df6
     9169000 |        0 |  119 |  55 | 0(R) | 0 | 0 | 0x00000000000000000000000000000000 | 0x001df7
     9217000 |        0 |  119 |  55 | 0(R) | 0 | 1 | 0x04103b0e61018000cce2b4c60d625052 | 0x001df7
[9217000] INFO: Row Change (cycle=0, total=7)
     9219000 |        0 |  118 |   0 | 0(R) | 1 | 0 | 0x00000000000000000000000000000000 | 0x001d80
     9234000 |        0 |  118 |   1 | 0(R) | 0 | 0 | 0x00000000000000000000000000000000 | 0x001d81
     9257000 |        0 |  118 |   2 | 0(R) | 0 | 0 | 0x00000000000000000000000000000000 | 0x001d82
     9259000 |        0 |  118 |   3 | 0(R) | 0 | 0 | 0x00000000000000000000000000000000 | 0x001d83
     9262000 |        0 |  118 |   4 | 0(R) | 0 | 0 | 0x00000000000000000000000000000000 | 0x001d84
     9264000 |        0 |  118 |   5 | 0(R) | 0 | 0 | 0x00000000000000000000000000000000 | 0x001d85
     9267000 |        0 |  118 |   6 | 0(R) | 0 | 0 | 0x00000000000000000000000000000000 | 0x001d86
     9269000 |        0 |  118 |   7 | 0(R) | 0 | 0 | 0x00000000000000000000000000000000 | 0x001d87
     9272000 |        0 |  118 |   8 | 0(R) | 0 | 0 | 0x00000000000000000000000000000000 | 0x001d88
     9274000 |        0 |  118 |   9 | 0(R) | 0 | 0 | 0x00000000000000000000000000000000 | 0x001d89
     9277000 |        0 |  118 |  10 | 0(R) | 0 | 0 | 0x00000000000000000000000000000000 | 0x001d8a
     9279000 |        0 |  118 |  11 | 0(R) | 0 | 0 | 0x00000000000000000000000000000000 | 0x001d8b
     9282000 |        0 |  118 |  12 | 0(R) | 0 | 0 | 0x00000000000000000000000000000000 | 0x001d8c
     9284000 |        0 |  118 |  13 | 0(R) | 0 | 0 | 0x00000000000000000000000000000000 | 0x001d8d
     9287000 |        0 |  118 |  14 | 0(R) | 0 | 0 | 0x00000000000000000000000000000000 | 0x001d8e
     9289000 |        0 |  118 |  15 | 0(R) | 0 | 0 | 0x00000000000000000000000000000000 | 0x001d8f
     9292000 |        0 |  118 |  16 | 0(R) | 0 | 0 | 0x00000000000000000000000000000000 | 0x001d90
     9294000 |        0 |  118 |  17 | 0(R) | 0 | 0 | 0x00000000000000000000000000000000 | 0x001d91
     9297000 |        0 |  118 |  18 | 0(R) | 0 | 0 | 0x00000000000000000000000000000000 | 0x001d92
     9299000 |        0 |  118 |  19 | 0(R) | 0 | 0 | 0x00000000000000000000000000000000 | 0x001d93
     9302000 |        0 |  118 |  20 | 0(R) | 0 | 0 | 0x00000000000000000000000000000000 | 0x001d94
     9304000 |        0 |  118 |  21 | 0(R) | 0 | 0 | 0x00000000000000000000000000000000 | 0x001d95
     9307000 |        0 |  118 |  22 | 0(R) | 0 | 0 | 0x00000000000000000000000000000000 | 0x001d96
     9309000 |        0 |  118 |  23 | 0(R) | 0 | 0 | 0x00000000000000000000000000000000 | 0x001d97
     9312000 |        0 |  118 |  24 | 0(R) | 0 | 0 | 0x00000000000000000000000000000000 | 0x001d98
     9314000 |        0 |  118 |  25 | 0(R) | 0 | 0 | 0x00000000000000000000000000000000 | 0x001d99
     9317000 |        0 |  118 |  26 | 0(R) | 0 | 0 | 0x00000000000000000000000000000000 | 0x001d9a
     9319000 |        0 |  118 |  27 | 0(R) | 0 | 0 | 0x00000000000000000000000000000000 | 0x001d9b
     9322000 |        0 |  118 |  28 | 0(R) | 0 | 0 | 0x00000000000000000000000000000000 | 0x001d9c
     9324000 |        0 |  118 |  29 | 0(R) | 0 | 0 | 0x00000000000000000000000000000000 | 0x001d9d
[9736000] INFO: slice start (cycle=0)
     9757000 |       16 |  118 |  29 | 0(R) | 0 | 1 | 0x04103b0e61018000cce2b4c60d625052 | 0x001d9d
[9757000] INFO: Row Change (cycle=16, total=1)
     9759000 |       18 |    0 |   0 | 0(R) | 1 | 0 | 0x00000000000000000000000000000000 | 0x000000
     9774000 |       30 |    0 |   1 | 0(R) | 0 | 0 | 0x00000000000000000000000000000000 | 0x000001
     9797000 |       48 |    0 |   2 | 0(R) | 0 | 0 | 0x00000000000000000000000000000000 | 0x000002
     9799000 |       50 |    0 |   3 | 0(R) | 0 | 0 | 0x00000000000000000000000000000000 | 0x000003
     9802000 |       52 |    0 |   4 | 0(R) | 0 | 0 | 0x00000000000000000000000000000000 | 0x000004
     9804000 |       54 |    0 |   5 | 0(R) | 0 | 0 | 0x00000000000000000000000000000000 | 0x000005
     9807000 |       56 |    0 |   6 | 0(R) | 0 | 0 | 0x00000000000000000000000000000000 | 0x000006
     9809000 |       58 |    0 |   7 | 0(R) | 0 | 0 | 0x00000000000000000000000000000000 | 0x000007
     9817000 |       64 |    0 |   8 | 0(R) | 0 | 0 | 0x00000000000000000000000000000000 | 0x000008
     9819000 |       66 |    0 |   9 | 0(R) | 0 | 0 | 0x00000000000000000000000000000000 | 0x000009
     9822000 |       68 |    0 |  10 | 0(R) | 0 | 0 | 0x00000000000000000000000000000000 | 0x00000a
     9824000 |       70 |    0 |  11 | 0(R) | 0 | 0 | 0x00000000000000000000000000000000 | 0x00000b
     9837000 |       80 |    0 |  12 | 0(R) | 0 | 0 | 0x00000000000000000000000000000000 | 0x00000c
     9839000 |       82 |    0 |  13 | 0(R) | 0 | 0 | 0x00000000000000000000000000000000 | 0x00000d
    10404000 |      534 |    0 |  14 | 0(R) | 0 | 0 | 0x00000000000000000000000000000000 | 0x00000e
    10407000 |      536 |    0 |  15 | 0(R) | 0 | 0 | 0x00000000000000000000000000000000 | 0x00000f
    10417000 |      544 |    0 |  16 | 0(R) | 0 | 0 | 0x00000000000000000000000000000000 | 0x000010
    10419000 |      546 |    0 |  17 | 0(R) | 0 | 0 | 0x00000000000000000000000000000000 | 0x000011
    10999000 |     1010 |    0 |  18 | 0(R) | 0 | 0 | 0x00000000000000000000000000000000 | 0x000012
    11002000 |     1012 |    0 |  19 | 0(R) | 0 | 0 | 0x00000000000000000000000000000000 | 0x000013
    11012000 |     1020 |    0 |  20 | 0(R) | 0 | 0 | 0x00000000000000000000000000000000 | 0x000014
    11014000 |     1022 |    0 |  21 | 0(R) | 0 | 0 | 0x00000000000000000000000000000000 | 0x000015
    11594000 |     1486 |    0 |  22 | 0(R) | 0 | 0 | 0x00000000000000000000000000000000 | 0x000016
    11597000 |     1488 |    0 |  23 | 0(R) | 0 | 0 | 0x00000000000000000000000000000000 | 0x000017
    11607000 |     1496 |    0 |  24 | 0(R) | 0 | 0 | 0x00000000000000000000000000000000 | 0x000018
    11609000 |     1498 |    0 |  25 | 0(R) | 0 | 0 | 0x00000000000000000000000000000000 | 0x000019
    12189000 |     1962 |    0 |  26 | 0(R) | 0 | 0 | 0x00000000000000000000000000000000 | 0x00001a
    12192000 |     1964 |    0 |  27 | 0(R) | 0 | 0 | 0x00000000000000000000000000000000 | 0x00001b
    12202000 |     1972 |    0 |  28 | 0(R) | 0 | 0 | 0x00000000000000000000000000000000 | 0x00001c
    12204000 |     1974 |    0 |  29 | 0(R) | 0 | 0 | 0x00000000000000000000000000000000 | 0x00001d
    12784000 |     2438 |    0 |  30 | 0(R) | 0 | 0 | 0x00000000000000000000000000000000 | 0x00001e
    12787000 |     2440 |    0 |  31 | 0(R) | 0 | 0 | 0x00000000000000000000000000000000 | 0x00001f
    12797000 |     2448 |    0 |  32 | 0(R) | 0 | 0 | 0x00000000000000000000000000000000 | 0x000020
    12799000 |     2450 |    0 |  33 | 0(R) | 0 | 0 | 0x00000000000000000000000000000000 | 0x000021
    13379000 |     2914 |    0 |  34 | 0(R) | 0 | 0 | 0x00000000000000000000000000000000 | 0x000022
    13382000 |     2916 |    0 |  35 | 0(R) | 0 | 0 | 0x00000000000000000000000000000000 | 0x000023
    13392000 |     2924 |    0 |  36 | 0(R) | 0 | 0 | 0x00000000000000000000000000000000 | 0x000024
    13394000 |     2926 |    0 |  37 | 0(R) | 0 | 0 | 0x00000000000000000000000000000000 | 0x000025
    13974000 |     3390 |    0 |  38 | 0(R) | 0 | 0 | 0x00000000000000000000000000000000 | 0x000026
    13977000 |     3392 |    0 |  39 | 0(R) | 0 | 0 | 0x00000000000000000000000000000000 | 0x000027
    13987000 |     3400 |    0 |  40 | 0(R) | 0 | 0 | 0x00000000000000000000000000000000 | 0x000028
    13989000 |     3402 |    0 |  41 | 0(R) | 0 | 0 | 0x00000000000000000000000000000000 | 0x000029
    14569000 |     3866 |    0 |  42 | 0(R) | 0 | 0 | 0x00000000000000000000000000000000 | 0x00002a
    14572000 |     3868 |    0 |  43 | 0(R) | 0 | 0 | 0x00000000000000000000000000000000 | 0x00002b
    14582000 |     3876 |    0 |  44 | 0(R) | 0 | 0 | 0x00000000000000000000000000000000 | 0x00002c
    14584000 |     3878 |    0 |  45 | 0(R) | 0 | 0 | 0x00000000000000000000000000000000 | 0x00002d
    15164000 |     4342 |    0 |  46 | 0(R) | 0 | 0 | 0x00000000000000000000000000000000 | 0x00002e
    15167000 |     4344 |    0 |  47 | 0(R) | 0 | 0 | 0x00000000000000000000000000000000 | 0x00002f
    15177000 |     4352 |    0 |  48 | 0(R) | 0 | 0 | 0x00000000000000000000000000000000 | 0x000030
    15179000 |     4354 |    0 |  49 | 0(R) | 0 | 0 | 0x00000000000000000000000000000000 | 0x000031
    15759000 |     4818 |    0 |  50 | 0(R) | 0 | 0 | 0x00000000000000000000000000000000 | 0x000032
    15762000 |     4820 |    0 |  51 | 0(R) | 0 | 0 | 0x00000000000000000000000000000000 | 0x000033
    15772000 |     4828 |    0 |  52 | 0(R) | 0 | 0 | 0x00000000000000000000000000000000 | 0x000034
    15774000 |     4830 |    0 |  53 | 0(R) | 0 | 0 | 0x00000000000000000000000000000000 | 0x000035
    16354000 |     5294 |    0 |  54 | 0(R) | 0 | 0 | 0x00000000000000000000000000000000 | 0x000036
    16357000 |     5296 |    0 |  55 | 0(R) | 0 | 0 | 0x00000000000000000000000000000000 | 0x000037
    16367000 |     5304 |    0 |  56 | 0(R) | 0 | 0 | 0x00000000000000000000000000000000 | 0x000038
    16369000 |     5306 |    0 |  57 | 0(R) | 0 | 0 | 0x00000000000000000000000000000000 | 0x000039
    16949000 |     5770 |    0 |  58 | 0(R) | 0 | 0 | 0x00000000000000000000000000000000 | 0x00003a
    16952000 |     5772 |    0 |  59 | 0(R) | 0 | 0 | 0x00000000000000000000000000000000 | 0x00003b
    16962000 |     5780 |    0 |  60 | 0(R) | 0 | 0 | 0x00000000000000000000000000000000 | 0x00003c
    16964000 |     5782 |    0 |  61 | 0(R) | 0 | 0 | 0x00000000000000000000000000000000 | 0x00003d
    17544000 |     6246 |    0 |  62 | 0(R) | 0 | 0 | 0x00000000000000000000000000000000 | 0x00003e
    17547000 |     6248 |    0 |  63 | 0(R) | 0 | 0 | 0x00000000000000000000000000000000 | 0x00003f
    17557000 |     6256 |    0 |   0 | 0(R) | 0 | 0 | 0x00000000000000000000000000000000 | 0x000000
    17559000 |     6258 |    0 |   1 | 0(R) | 0 | 0 | 0x00000000000000000000000000000000 | 0x000001
    18139000 |     6722 |    0 |   2 | 0(R) | 0 | 0 | 0x00000000000000000000000000000000 | 0x000002
    18142000 |     6724 |    0 |   3 | 0(R) | 0 | 0 | 0x00000000000000000000000000000000 | 0x000003
    18152000 |     6732 |    0 |   4 | 0(R) | 0 | 0 | 0x00000000000000000000000000000000 | 0x000004
    18154000 |     6734 |    0 |   5 | 0(R) | 0 | 0 | 0x00000000000000000000000000000000 | 0x000005
    18734000 |     7198 |    0 |   6 | 0(R) | 0 | 0 | 0x00000000000000000000000000000000 | 0x000006
    18737000 |     7200 |    0 |   7 | 0(R) | 0 | 0 | 0x00000000000000000000000000000000 | 0x000007
    18747000 |     7208 |    0 |   8 | 0(R) | 0 | 0 | 0x00000000000000000000000000000000 | 0x000008
    18749000 |     7210 |    0 |   9 | 0(R) | 0 | 0 | 0x00000000000000000000000000000000 | 0x000009
    19329000 |     7674 |    0 |  10 | 0(R) | 0 | 0 | 0x00000000000000000000000000000000 | 0x00000a
    19332000 |     7676 |    0 |  11 | 0(R) | 0 | 0 | 0x00000000000000000000000000000000 | 0x00000b
    19342000 |     7684 |    0 |  12 | 0(R) | 0 | 0 | 0x00000000000000000000000000000000 | 0x00000c
    19344000 |     7686 |    0 |  13 | 0(R) | 0 | 0 | 0x00000000000000000000000000000000 | 0x00000d
    19357000 |     7696 |    0 |  13 | 0(R) | 0 | 1 | 0x00000000000000000000000000000000 | 0x00000d
[19357000] INFO: Row Change (cycle=7696, total=2)
    19359000 |     7698 |  114 |   0 | 1(W) | 1 | 0 | 0xxxxxxxxxxxxxxxxxxxxxxxxxxxxxxxxx | 0x001c80
    19374000 |     7710 |  114 |   1 | 1(W) | 0 | 0 | 0xxxxxxxxxxxxxxxxxxxxxxxxxxxxxxxxx | 0x001c81
    19397000 |     7728 |  114 |   2 | 1(W) | 0 | 0 | 0xxxxxxxxxxxxxxxxxxxxxxxxxxxxxxxxx | 0x001c82
    19399000 |     7730 |  114 |   3 | 1(W) | 0 | 0 | 0xxxxxxxxxxxxxxxxxxxxxxxxxxxxxxxxx | 0x001c83
    19402000 |     7732 |  114 |   4 | 1(W) | 0 | 0 | 0xxxxxxxxxxxxxxxxxxxxxxxxxxxxxxxxx | 0x001c84
    19404000 |     7734 |  114 |   5 | 1(W) | 0 | 0 | 0xxxxxxxxxxxxxxxxxxxxxxxxxxxxxxxxx | 0x001c85
    19407000 |     7736 |  114 |   6 | 1(W) | 0 | 0 | 0xxxxxxxxxxxxxxxxxxxxxxxxxxxxxxxxx | 0x001c86
    19409000 |     7738 |  114 |   7 | 1(W) | 0 | 0 | 0xxxxxxxxxxxxxxxxxxxxxxxxxxxxxxxxx | 0x001c87
    19412000 |     7740 |  114 |   8 | 1(W) | 0 | 0 | 0xxxxxxxxxxxxxxxxxxxxxxxxxxxxxxxxx | 0x001c88
    19414000 |     7742 |  114 |   9 | 1(W) | 0 | 0 | 0xxxxxxxxxxxxxxxxxxxxxxxxxxxxxxxxx | 0x001c89
    19417000 |     7744 |  114 |  10 | 1(W) | 0 | 0 | 0xxxxxxxxxxxxxxxxxxxxxxxxxxxxxxxxx | 0x001c8a
    19419000 |     7746 |  114 |  11 | 1(W) | 0 | 0 | 0xxxxxxxxxxxxxxxxxxxxxxxxxxxxxxxxx | 0x001c8b
    19422000 |     7748 |  114 |  12 | 1(W) | 0 | 0 | 0xxxxxxxxxxxxxxxxxxxxxxxxxxxxxxxxx | 0x001c8c
    19424000 |     7750 |  114 |  13 | 1(W) | 0 | 0 | 0xxxxxxxxxxxxxxxxxxxxxxxxxxxxxxxxx | 0x001c8d
    19427000 |     7752 |  114 |  14 | 1(W) | 0 | 0 | 0xxxxxxxxxxxxxxxxxxxxxxxxxxxxxxxxx | 0x001c8e
    19429000 |     7754 |  114 |  15 | 1(W) | 0 | 0 | 0xxxxxxxxxxxxxxxxxxxxxxxxxxxxxxxxx | 0x001c8f
    19432000 |     7756 |  114 |  16 | 1(W) | 0 | 0 | 0xxxxxxxxxxxxxxxxxxxxxxxxxxxxxxxxx | 0x001c90
    19434000 |     7758 |  114 |  17 | 1(W) | 0 | 0 | 0xxxxxxxxxxxxxxxxxxxxxxxxxxxxxxxxx | 0x001c91
    19437000 |     7760 |  114 |  18 | 1(W) | 0 | 0 | 0xxxxxxxxxxxxxxxxxxxxxxxxxxxxxxxxx | 0x001c92
    19439000 |     7762 |  114 |  19 | 1(W) | 0 | 0 | 0xxxxxxxxxxxxxxxxxxxxxxxxxxxxxxxxx | 0x001c93
    19442000 |     7764 |  114 |  20 | 1(W) | 0 | 0 | 0xxxxxxxxxxxxxxxxxxxxxxxxxxxxxxxxx | 0x001c94
    19444000 |     7766 |  114 |  21 | 1(W) | 0 | 0 | 0xxxxxxxxxxxxxxxxxxxxxxxxxxxxxxxxx | 0x001c95
    19447000 |     7768 |  114 |  22 | 1(W) | 0 | 0 | 0xxxxxxxxxxxxxxxxxxxxxxxxxxxxxxxxx | 0x001c96
    19449000 |     7770 |  114 |  23 | 1(W) | 0 | 0 | 0xxxxxxxxxxxxxxxxxxxxxxxxxxxxxxxxx | 0x001c97
    19452000 |     7772 |  114 |  24 | 1(W) | 0 | 0 | 0xxxxxxxxxxxxxxxxxxxxxxxxxxxxxxxxx | 0x001c98
    19454000 |     7774 |  114 |  25 | 1(W) | 0 | 0 | 0xxxxxxxxxxxxxxxxxxxxxxxxxxxxxxxxx | 0x001c99
    19457000 |     7776 |  114 |  26 | 1(W) | 0 | 0 | 0xxxxxxxxxxxxxxxxxxxxxxxxxxxxxxxxx | 0x001c9a
    19459000 |     7778 |  114 |  27 | 1(W) | 0 | 0 | 0xxxxxxxxxxxxxxxxxxxxxxxxxxxxxxxxx | 0x001c9b
    19462000 |     7780 |  114 |  28 | 1(W) | 0 | 0 | 0xxxxxxxxxxxxxxxxxxxxxxxxxxxxxxxxx | 0x001c9c
    19464000 |     7782 |  114 |  29 | 1(W) | 0 | 0 | 0xxxxxxxxxxxxxxxxxxxxxxxxxxxxxxxxx | 0x001c9d
    19467000 |     7784 |  114 |  30 | 1(W) | 0 | 0 | 0xxxxxxxxxxxxxxxxxxxxxxxxxxxxxxxxx | 0x001c9e
    19472000 |     7788 |  114 |  31 | 1(W) | 0 | 0 | 0xxxxxxxxxxxxxxxxxxxxxxxxxxxxxxxxx | 0x001c9f
    19477000 |     7792 |  114 |  32 | 1(W) | 0 | 0 | 0xxxxxxxxxxxxxxxxxxxxxxxxxxxxxxxxx | 0x001ca0
    19482000 |     7796 |  114 |  33 | 1(W) | 0 | 0 | 0xxxxxxxxxxxxxxxxxxxxxxxxxxxxxxxxx | 0x001ca1
    19487000 |     7800 |  114 |  34 | 1(W) | 0 | 0 | 0xxxxxxxxxxxxxxxxxxxxxxxxxxxxxxxxx | 0x001ca2
    19492000 |     7804 |  114 |  35 | 1(W) | 0 | 0 | 0xxxxxxxxxxxxxxxxxxxxxxxxxxxxxxxxx | 0x001ca3
    19497000 |     7808 |  114 |  36 | 1(W) | 0 | 0 | 0xxxxxxxxxxxxxxxxxxxxxxxxxxxxxxxxx | 0x001ca4
    19502000 |     7812 |  114 |  37 | 1(W) | 0 | 0 | 0xxxxxxxxxxxxxxxxxxxxxxxxxxxxxxxxx | 0x001ca5
    19507000 |     7816 |  114 |  38 | 1(W) | 0 | 0 | 0xxxxxxxxxxxxxxxxxxxxxxxxxxxxxxxxx | 0x001ca6
    19512000 |     7820 |  114 |  39 | 1(W) | 0 | 0 | 0xxxxxxxxxxxxxxxxxxxxxxxxxxxxxxxxx | 0x001ca7
    19517000 |     7824 |  114 |  40 | 1(W) | 0 | 0 | 0xxxxxxxxxxxxxxxxxxxxxxxxxxxxxxxxx | 0x001ca8
    19522000 |     7828 |  114 |  41 | 1(W) | 0 | 0 | 0xxxxxxxxxxxxxxxxxxxxxxxxxxxxxxxxx | 0x001ca9
    19527000 |     7832 |  114 |  42 | 1(W) | 0 | 0 | 0xxxxxxxxxxxxxxxxxxxxxxxxxxxxxxxxx | 0x001caa
    19532000 |     7836 |  114 |  43 | 1(W) | 0 | 0 | 0xxxxxxxxxxxxxxxxxxxxxxxxxxxxxxxxx | 0x001cab
    19537000 |     7840 |  114 |  44 | 1(W) | 0 | 0 | 0xxxxxxxxxxxxxxxxxxxxxxxxxxxxxxxxx | 0x001cac
    19542000 |     7844 |  114 |  45 | 1(W) | 0 | 0 | 0xxxxxxxxxxxxxxxxxxxxxxxxxxxxxxxxx | 0x001cad
    19547000 |     7848 |  114 |  46 | 1(W) | 0 | 0 | 0xxxxxxxxxxxxxxxxxxxxxxxxxxxxxxxxx | 0x001cae
    19552000 |     7852 |  114 |  47 | 1(W) | 0 | 0 | 0xxxxxxxxxxxxxxxxxxxxxxxxxxxxxxxxx | 0x001caf
    19557000 |     7856 |  114 |  48 | 1(W) | 0 | 0 | 0xxxxxxxxxxxxxxxxxxxxxxxxxxxxxxxxx | 0x001cb0
    19562000 |     7860 |  114 |  49 | 1(W) | 0 | 0 | 0xxxxxxxxxxxxxxxxxxxxxxxxxxxxxxxxx | 0x001cb1
    19567000 |     7864 |  114 |  50 | 1(W) | 0 | 0 | 0xxxxxxxxxxxxxxxxxxxxxxxxxxxxxxxxx | 0x001cb2
    19572000 |     7868 |  114 |  51 | 1(W) | 0 | 0 | 0xxxxxxxxxxxxxxxxxxxxxxxxxxxxxxxxx | 0x001cb3
    19577000 |     7872 |  114 |  52 | 1(W) | 0 | 0 | 0xxxxxxxxxxxxxxxxxxxxxxxxxxxxxxxxx | 0x001cb4
    19582000 |     7876 |  114 |  53 | 1(W) | 0 | 0 | 0xxxxxxxxxxxxxxxxxxxxxxxxxxxxxxxxx | 0x001cb5
    19587000 |     7880 |  114 |  54 | 1(W) | 0 | 0 | 0xxxxxxxxxxxxxxxxxxxxxxxxxxxxxxxxx | 0x001cb6
    19592000 |     7884 |  114 |  55 | 1(W) | 0 | 0 | 0xxxxxxxxxxxxxxxxxxxxxxxxxxxxxxxxx | 0x001cb7
    19597000 |     7888 |  114 |  56 | 1(W) | 0 | 0 | 0xxxxxxxxxxxxxxxxxxxxxxxxxxxxxxxxx | 0x001cb8
    19602000 |     7892 |  114 |  57 | 1(W) | 0 | 0 | 0xxxxxxxxxxxxxxxxxxxxxxxxxxxxxxxxx | 0x001cb9
    19607000 |     7896 |  114 |  58 | 1(W) | 0 | 0 | 0xxxxxxxxxxxxxxxxxxxxxxxxxxxxxxxxx | 0x001cba
    19612000 |     7900 |  114 |  59 | 1(W) | 0 | 0 | 0xxxxxxxxxxxxxxxxxxxxxxxxxxxxxxxxx | 0x001cbb
    19617000 |     7904 |  114 |  60 | 1(W) | 0 | 0 | 0xxxxxxxxxxxxxxxxxxxxxxxxxxxxxxxxx | 0x001cbc
    19622000 |     7908 |  114 |  61 | 1(W) | 0 | 0 | 0xxxxxxxxxxxxxxxxxxxxxxxxxxxxxxxxx | 0x001cbd
    19627000 |     7912 |  114 |  62 | 1(W) | 0 | 0 | 0xxxxxxxxxxxxxxxxxxxxxxxxxxxxxxxxx | 0x001cbe
    19632000 |     7916 |  114 |  63 | 1(W) | 0 | 0 | 0xxxxxxxxxxxxxxxxxxxxxxxxxxxxxxxxx | 0x001cbf
    19924000 |     8150 |  114 |  63 | 1(W) | 0 | 1 | 0xxxxxxxxxxxxxxxxxxxxxxxxxxxxxxxxx | 0x001cbf
[19924000] INFO: Row Change (cycle=8150, total=3)
    19927000 |     8152 |    0 |  14 | 0(R) | 1 | 0 | 0x00000000000000000000000000000000 | 0x00000e
    19959000 |     8178 |    0 |  15 | 0(R) | 0 | 0 | 0x00000000000000000000000000000000 | 0x00000f
    19982000 |     8196 |    0 |  16 | 0(R) | 0 | 0 | 0x00000000000000000000000000000000 | 0x000010
    19984000 |     8198 |    0 |  17 | 0(R) | 0 | 0 | 0x00000000000000000000000000000000 | 0x000011
    20519000 |     8626 |    0 |  18 | 0(R) | 0 | 0 | 0x00000000000000000000000000000000 | 0x000012
    20522000 |     8628 |    0 |  19 | 0(R) | 0 | 0 | 0x00000000000000000000000000000000 | 0x000013
    20532000 |     8636 |    0 |  20 | 0(R) | 0 | 0 | 0x00000000000000000000000000000000 | 0x000014
    20534000 |     8638 |    0 |  21 | 0(R) | 0 | 0 | 0x00000000000000000000000000000000 | 0x000015
    21114000 |     9102 |    0 |  22 | 0(R) | 0 | 0 | 0x00000000000000000000000000000000 | 0x000016
    21117000 |     9104 |    0 |  23 | 0(R) | 0 | 0 | 0x00000000000000000000000000000000 | 0x000017
    21127000 |     9112 |    0 |  24 | 0(R) | 0 | 0 | 0x00000000000000000000000000000000 | 0x000018
    21129000 |     9114 |    0 |  25 | 0(R) | 0 | 0 | 0x00000000000000000000000000000000 | 0x000019
    21709000 |     9578 |    0 |  26 | 0(R) | 0 | 0 | 0x00000000000000000000000000000000 | 0x00001a
    21712000 |     9580 |    0 |  27 | 0(R) | 0 | 0 | 0x00000000000000000000000000000000 | 0x00001b
    21722000 |     9588 |    0 |  28 | 0(R) | 0 | 0 | 0x00000000000000000000000000000000 | 0x00001c
    21724000 |     9590 |    0 |  29 | 0(R) | 0 | 0 | 0x00000000000000000000000000000000 | 0x00001d
    22304000 |    10054 |    0 |  30 | 0(R) | 0 | 0 | 0x00000000000000000000000000000000 | 0x00001e
    22307000 |    10056 |    0 |  31 | 0(R) | 0 | 0 | 0x00000000000000000000000000000000 | 0x00001f
    22317000 |    10064 |    0 |  32 | 0(R) | 0 | 0 | 0x00000000000000000000000000000000 | 0x000020
    22319000 |    10066 |    0 |  33 | 0(R) | 0 | 0 | 0x00000000000000000000000000000000 | 0x000021
    22899000 |    10530 |    0 |  34 | 0(R) | 0 | 0 | 0x00000000000000000000000000000000 | 0x000022
    22902000 |    10532 |    0 |  35 | 0(R) | 0 | 0 | 0x00000000000000000000000000000000 | 0x000023
    22912000 |    10540 |    0 |  36 | 0(R) | 0 | 0 | 0x00000000000000000000000000000000 | 0x000024
    22914000 |    10542 |    0 |  37 | 0(R) | 0 | 0 | 0x00000000000000000000000000000000 | 0x000025
    23494000 |    11006 |    0 |  38 | 0(R) | 0 | 0 | 0x00000000000000000000000000000000 | 0x000026
    23497000 |    11008 |    0 |  39 | 0(R) | 0 | 0 | 0x00000000000000000000000000000000 | 0x000027
    23507000 |    11016 |    0 |  40 | 0(R) | 0 | 0 | 0x00000000000000000000000000000000 | 0x000028
    23509000 |    11018 |    0 |  41 | 0(R) | 0 | 0 | 0x00000000000000000000000000000000 | 0x000029
    24089000 |    11482 |    0 |  42 | 0(R) | 0 | 0 | 0x00000000000000000000000000000000 | 0x00002a
    24092000 |    11484 |    0 |  43 | 0(R) | 0 | 0 | 0x00000000000000000000000000000000 | 0x00002b
    24102000 |    11492 |    0 |  44 | 0(R) | 0 | 0 | 0x00000000000000000000000000000000 | 0x00002c
    24104000 |    11494 |    0 |  45 | 0(R) | 0 | 0 | 0x00000000000000000000000000000000 | 0x00002d
    24684000 |    11958 |    0 |  46 | 0(R) | 0 | 0 | 0x00000000000000000000000000000000 | 0x00002e
    24687000 |    11960 |    0 |  47 | 0(R) | 0 | 0 | 0x00000000000000000000000000000000 | 0x00002f
    24697000 |    11968 |    0 |  48 | 0(R) | 0 | 0 | 0x00000000000000000000000000000000 | 0x000030
    24699000 |    11970 |    0 |  49 | 0(R) | 0 | 0 | 0x00000000000000000000000000000000 | 0x000031
    25279000 |    12434 |    0 |  50 | 0(R) | 0 | 0 | 0x00000000000000000000000000000000 | 0x000032
    25282000 |    12436 |    0 |  51 | 0(R) | 0 | 0 | 0x00000000000000000000000000000000 | 0x000033
    25292000 |    12444 |    0 |  52 | 0(R) | 0 | 0 | 0x00000000000000000000000000000000 | 0x000034
    25294000 |    12446 |    0 |  53 | 0(R) | 0 | 0 | 0x00000000000000000000000000000000 | 0x000035
    25874000 |    12910 |    0 |  54 | 0(R) | 0 | 0 | 0x00000000000000000000000000000000 | 0x000036
    25877000 |    12912 |    0 |  55 | 0(R) | 0 | 0 | 0x00000000000000000000000000000000 | 0x000037
    25887000 |    12920 |    0 |  56 | 0(R) | 0 | 0 | 0x00000000000000000000000000000000 | 0x000038
    25889000 |    12922 |    0 |  57 | 0(R) | 0 | 0 | 0x00000000000000000000000000000000 | 0x000039
    26469000 |    13386 |    0 |  58 | 0(R) | 0 | 0 | 0x00000000000000000000000000000000 | 0x00003a
    26472000 |    13388 |    0 |  59 | 0(R) | 0 | 0 | 0x00000000000000000000000000000000 | 0x00003b
    26482000 |    13396 |    0 |  60 | 0(R) | 0 | 0 | 0x00000000000000000000000000000000 | 0x00003c
    26484000 |    13398 |    0 |  61 | 0(R) | 0 | 0 | 0x00000000000000000000000000000000 | 0x00003d
    27064000 |    13862 |    0 |  62 | 0(R) | 0 | 0 | 0x00000000000000000000000000000000 | 0x00003e
    27067000 |    13864 |    0 |  63 | 0(R) | 0 | 0 | 0x00000000000000000000000000000000 | 0x00003f
    28877000 |    15312 |    0 |  63 | 0(R) | 0 | 1 | 0x00000000000000000000000000000000 | 0x00003f
[28877000] INFO: Row Change (cycle=15312, total=4)
    28879000 |    15314 |  115 |   0 | 1(W) | 1 | 0 | 0xxxxxxxxxxxxxxxxxxxxxxxxxxxxxxxxx | 0x001cc0
    28894000 |    15326 |  115 |   1 | 1(W) | 0 | 0 | 0xxxxxxxxxxxxxxxxxxxxxxxxxxxxxxxxx | 0x001cc1
    28917000 |    15344 |  115 |   2 | 1(W) | 0 | 0 | 0xxxxxxxxxxxxxxxxxxxxxxxxxxxxxxxxx | 0x001cc2
    28919000 |    15346 |  115 |   3 | 1(W) | 0 | 0 | 0xxxxxxxxxxxxxxxxxxxxxxxxxxxxxxxxx | 0x001cc3
    28922000 |    15348 |  115 |   4 | 1(W) | 0 | 0 | 0xxxxxxxxxxxxxxxxxxxxxxxxxxxxxxxxx | 0x001cc4
    28924000 |    15350 |  115 |   5 | 1(W) | 0 | 0 | 0xxxxxxxxxxxxxxxxxxxxxxxxxxxxxxxxx | 0x001cc5
    28927000 |    15352 |  115 |   6 | 1(W) | 0 | 0 | 0xxxxxxxxxxxxxxxxxxxxxxxxxxxxxxxxx | 0x001cc6
    28929000 |    15354 |  115 |   7 | 1(W) | 0 | 0 | 0xxxxxxxxxxxxxxxxxxxxxxxxxxxxxxxxx | 0x001cc7
    28932000 |    15356 |  115 |   8 | 1(W) | 0 | 0 | 0xxxxxxxxxxxxxxxxxxxxxxxxxxxxxxxxx | 0x001cc8
    28934000 |    15358 |  115 |   9 | 1(W) | 0 | 0 | 0xxxxxxxxxxxxxxxxxxxxxxxxxxxxxxxxx | 0x001cc9
    28937000 |    15360 |  115 |  10 | 1(W) | 0 | 0 | 0xxxxxxxxxxxxxxxxxxxxxxxxxxxxxxxxx | 0x001cca
    28939000 |    15362 |  115 |  11 | 1(W) | 0 | 0 | 0xxxxxxxxxxxxxxxxxxxxxxxxxxxxxxxxx | 0x001ccb
    28942000 |    15364 |  115 |  12 | 1(W) | 0 | 0 | 0xxxxxxxxxxxxxxxxxxxxxxxxxxxxxxxxx | 0x001ccc
    28944000 |    15366 |  115 |  13 | 1(W) | 0 | 0 | 0xxxxxxxxxxxxxxxxxxxxxxxxxxxxxxxxx | 0x001ccd
    28947000 |    15368 |  115 |  14 | 1(W) | 0 | 0 | 0xxxxxxxxxxxxxxxxxxxxxxxxxxxxxxxxx | 0x001cce
    28949000 |    15370 |  115 |  15 | 1(W) | 0 | 0 | 0xxxxxxxxxxxxxxxxxxxxxxxxxxxxxxxxx | 0x001ccf
    28952000 |    15372 |  115 |  16 | 1(W) | 0 | 0 | 0xxxxxxxxxxxxxxxxxxxxxxxxxxxxxxxxx | 0x001cd0
    28954000 |    15374 |  115 |  17 | 1(W) | 0 | 0 | 0xxxxxxxxxxxxxxxxxxxxxxxxxxxxxxxxx | 0x001cd1
    28957000 |    15376 |  115 |  18 | 1(W) | 0 | 0 | 0xxxxxxxxxxxxxxxxxxxxxxxxxxxxxxxxx | 0x001cd2
    28959000 |    15378 |  115 |  19 | 1(W) | 0 | 0 | 0xxxxxxxxxxxxxxxxxxxxxxxxxxxxxxxxx | 0x001cd3
    28962000 |    15380 |  115 |  20 | 1(W) | 0 | 0 | 0xxxxxxxxxxxxxxxxxxxxxxxxxxxxxxxxx | 0x001cd4
    28964000 |    15382 |  115 |  21 | 1(W) | 0 | 0 | 0xxxxxxxxxxxxxxxxxxxxxxxxxxxxxxxxx | 0x001cd5
    28967000 |    15384 |  115 |  22 | 1(W) | 0 | 0 | 0xxxxxxxxxxxxxxxxxxxxxxxxxxxxxxxxx | 0x001cd6
    28969000 |    15386 |  115 |  23 | 1(W) | 0 | 0 | 0xxxxxxxxxxxxxxxxxxxxxxxxxxxxxxxxx | 0x001cd7
    28972000 |    15388 |  115 |  24 | 1(W) | 0 | 0 | 0xxxxxxxxxxxxxxxxxxxxxxxxxxxxxxxxx | 0x001cd8
    28974000 |    15390 |  115 |  25 | 1(W) | 0 | 0 | 0xxxxxxxxxxxxxxxxxxxxxxxxxxxxxxxxx | 0x001cd9
    28977000 |    15392 |  115 |  26 | 1(W) | 0 | 0 | 0xxxxxxxxxxxxxxxxxxxxxxxxxxxxxxxxx | 0x001cda
    28979000 |    15394 |  115 |  27 | 1(W) | 0 | 0 | 0xxxxxxxxxxxxxxxxxxxxxxxxxxxxxxxxx | 0x001cdb
    28982000 |    15396 |  115 |  28 | 1(W) | 0 | 0 | 0xxxxxxxxxxxxxxxxxxxxxxxxxxxxxxxxx | 0x001cdc
    28984000 |    15398 |  115 |  29 | 1(W) | 0 | 0 | 0xxxxxxxxxxxxxxxxxxxxxxxxxxxxxxxxx | 0x001cdd
    28987000 |    15400 |  115 |  30 | 1(W) | 0 | 0 | 0xxxxxxxxxxxxxxxxxxxxxxxxxxxxxxxxx | 0x001cde
    28992000 |    15404 |  115 |  31 | 1(W) | 0 | 0 | 0xxxxxxxxxxxxxxxxxxxxxxxxxxxxxxxxx | 0x001cdf
    28997000 |    15408 |  115 |  32 | 1(W) | 0 | 0 | 0xxxxxxxxxxxxxxxxxxxxxxxxxxxxxxxxx | 0x001ce0
    29002000 |    15412 |  115 |  33 | 1(W) | 0 | 0 | 0xxxxxxxxxxxxxxxxxxxxxxxxxxxxxxxxx | 0x001ce1
    29007000 |    15416 |  115 |  34 | 1(W) | 0 | 0 | 0xxxxxxxxxxxxxxxxxxxxxxxxxxxxxxxxx | 0x001ce2
    29012000 |    15420 |  115 |  35 | 1(W) | 0 | 0 | 0xxxxxxxxxxxxxxxxxxxxxxxxxxxxxxxxx | 0x001ce3
    29017000 |    15424 |  115 |  36 | 1(W) | 0 | 0 | 0xxxxxxxxxxxxxxxxxxxxxxxxxxxxxxxxx | 0x001ce4
    29022000 |    15428 |  115 |  37 | 1(W) | 0 | 0 | 0xxxxxxxxxxxxxxxxxxxxxxxxxxxxxxxxx | 0x001ce5
    29027000 |    15432 |  115 |  38 | 1(W) | 0 | 0 | 0xxxxxxxxxxxxxxxxxxxxxxxxxxxxxxxxx | 0x001ce6
    29032000 |    15436 |  115 |  39 | 1(W) | 0 | 0 | 0xxxxxxxxxxxxxxxxxxxxxxxxxxxxxxxxx | 0x001ce7
    29037000 |    15440 |  115 |  40 | 1(W) | 0 | 0 | 0xxxxxxxxxxxxxxxxxxxxxxxxxxxxxxxxx | 0x001ce8
    29042000 |    15444 |  115 |  41 | 1(W) | 0 | 0 | 0xxxxxxxxxxxxxxxxxxxxxxxxxxxxxxxxx | 0x001ce9
    29047000 |    15448 |  115 |  42 | 1(W) | 0 | 0 | 0xxxxxxxxxxxxxxxxxxxxxxxxxxxxxxxxx | 0x001cea
    29052000 |    15452 |  115 |  43 | 1(W) | 0 | 0 | 0xxxxxxxxxxxxxxxxxxxxxxxxxxxxxxxxx | 0x001ceb
    29057000 |    15456 |  115 |  44 | 1(W) | 0 | 0 | 0xxxxxxxxxxxxxxxxxxxxxxxxxxxxxxxxx | 0x001cec
    29062000 |    15460 |  115 |  45 | 1(W) | 0 | 0 | 0xxxxxxxxxxxxxxxxxxxxxxxxxxxxxxxxx | 0x001ced
    29067000 |    15464 |  115 |  46 | 1(W) | 0 | 0 | 0xxxxxxxxxxxxxxxxxxxxxxxxxxxxxxxxx | 0x001cee
    29072000 |    15468 |  115 |  47 | 1(W) | 0 | 0 | 0xxxxxxxxxxxxxxxxxxxxxxxxxxxxxxxxx | 0x001cef
    29077000 |    15472 |  115 |  48 | 1(W) | 0 | 0 | 0xxxxxxxxxxxxxxxxxxxxxxxxxxxxxxxxx | 0x001cf0
    29082000 |    15476 |  115 |  49 | 1(W) | 0 | 0 | 0xxxxxxxxxxxxxxxxxxxxxxxxxxxxxxxxx | 0x001cf1
    29087000 |    15480 |  115 |  50 | 1(W) | 0 | 0 | 0xxxxxxxxxxxxxxxxxxxxxxxxxxxxxxxxx | 0x001cf2
    29092000 |    15484 |  115 |  51 | 1(W) | 0 | 0 | 0xxxxxxxxxxxxxxxxxxxxxxxxxxxxxxxxx | 0x001cf3
    29097000 |    15488 |  115 |  52 | 1(W) | 0 | 0 | 0xxxxxxxxxxxxxxxxxxxxxxxxxxxxxxxxx | 0x001cf4
    29102000 |    15492 |  115 |  53 | 1(W) | 0 | 0 | 0xxxxxxxxxxxxxxxxxxxxxxxxxxxxxxxxx | 0x001cf5
    29107000 |    15496 |  115 |  54 | 1(W) | 0 | 0 | 0xxxxxxxxxxxxxxxxxxxxxxxxxxxxxxxxx | 0x001cf6
    29112000 |    15500 |  115 |  55 | 1(W) | 0 | 0 | 0xxxxxxxxxxxxxxxxxxxxxxxxxxxxxxxxx | 0x001cf7
    29117000 |    15504 |  115 |  56 | 1(W) | 0 | 0 | 0xxxxxxxxxxxxxxxxxxxxxxxxxxxxxxxxx | 0x001cf8
    29122000 |    15508 |  115 |  57 | 1(W) | 0 | 0 | 0xxxxxxxxxxxxxxxxxxxxxxxxxxxxxxxxx | 0x001cf9
    29127000 |    15512 |  115 |  58 | 1(W) | 0 | 0 | 0xxxxxxxxxxxxxxxxxxxxxxxxxxxxxxxxx | 0x001cfa
    29132000 |    15516 |  115 |  59 | 1(W) | 0 | 0 | 0xxxxxxxxxxxxxxxxxxxxxxxxxxxxxxxxx | 0x001cfb
    29137000 |    15520 |  115 |  60 | 1(W) | 0 | 0 | 0xxxxxxxxxxxxxxxxxxxxxxxxxxxxxxxxx | 0x001cfc
    29142000 |    15524 |  115 |  61 | 1(W) | 0 | 0 | 0xxxxxxxxxxxxxxxxxxxxxxxxxxxxxxxxx | 0x001cfd
    29147000 |    15528 |  115 |  62 | 1(W) | 0 | 0 | 0xxxxxxxxxxxxxxxxxxxxxxxxxxxxxxxxx | 0x001cfe
    29152000 |    15532 |  115 |  63 | 1(W) | 0 | 0 | 0xxxxxxxxxxxxxxxxxxxxxxxxxxxxxxxxx | 0x001cff
[29152000] INFO: slice completed (cycle=15532)
[29152000] INFO: Row Change Count (Start->Finish) = 4
# Total handshakes: 585
