# Hub Local Request Monitor - Slice[0] Bank[0]
# Format: Time(ns) | ReqCh | ReqAddrFullHex | ReqRW(1=Write,0=Read) | HasValidReadReq | HandshakeType | ArbValidMask | ReqRwMask
# HandshakeType: NON_WRITE_REQ / WRITE_NO_VALID_READ / WRITE_WITH_VALID_READ
# ========================================
[9736000] INFO: slice start (cycle=0)
     9759000 |     0 | 0x0 |                0 |               1 | NON_WRITE_REQ | 0b0000000001 | 0b1100000000
     9774000 |     0 | 0x1 |                0 |               1 | NON_WRITE_REQ | 0b0000000001 | 0b1100000000
     9797000 |     0 | 0x2 |                0 |               1 | NON_WRITE_REQ | 0b0000000001 | 0b1100000000
     9799000 |     0 | 0x3 |                0 |               1 | NON_WRITE_REQ | 0b0000000001 | 0b1100000000
     9802000 |     0 | 0x4 |                0 |               1 | NON_WRITE_REQ | 0b0000000001 | 0b1100000000
     9804000 |     0 | 0x5 |                0 |               1 | NON_WRITE_REQ | 0b0000000001 | 0b1100000000
     9807000 |     0 | 0x6 |                0 |               1 | NON_WRITE_REQ | 0b0000000001 | 0b1100000000
     9809000 |     0 | 0x7 |                0 |               1 | NON_WRITE_REQ | 0b0000000001 | 0b1100000000
     9817000 |     0 | 0x8 |                0 |               1 | NON_WRITE_REQ | 0b0000000001 | 0b1100000000
     9819000 |     0 | 0x9 |                0 |               1 | NON_WRITE_REQ | 0b0000000001 | 0b1100000000
     9822000 |     0 | 0xa |                0 |               1 | NON_WRITE_REQ | 0b0000000001 | 0b1100000000
     9824000 |     0 | 0xb |                0 |               1 | NON_WRITE_REQ | 0b0000000001 | 0b1100000000
     9837000 |     0 | 0xc |                0 |               1 | NON_WRITE_REQ | 0b0000000001 | 0b1100000000
     9839000 |     0 | 0xd |                0 |               1 | NON_WRITE_REQ | 0b0000000001 | 0b1100000000
    10404000 |     0 | 0xe |                0 |               1 | NON_WRITE_REQ | 0b0000000001 | 0b1100000000
    10407000 |     0 | 0xf |                0 |               1 | NON_WRITE_REQ | 0b0000000001 | 0b1100000000
    10417000 |     0 | 0x10 |                0 |               1 | NON_WRITE_REQ | 0b0000000001 | 0b1100000000
    10419000 |     0 | 0x11 |                0 |               1 | NON_WRITE_REQ | 0b0000000001 | 0b1100000000
    10999000 |     0 | 0x12 |                0 |               1 | NON_WRITE_REQ | 0b0000000001 | 0b1100000000
    11002000 |     0 | 0x13 |                0 |               1 | NON_WRITE_REQ | 0b0000000001 | 0b1100000000
    11012000 |     0 | 0x14 |                0 |               1 | NON_WRITE_REQ | 0b0000000001 | 0b1100000000
    11014000 |     0 | 0x15 |                0 |               1 | NON_WRITE_REQ | 0b0000000001 | 0b1100000000
    11594000 |     0 | 0x16 |                0 |               1 | NON_WRITE_REQ | 0b0000000001 | 0b1100000000
    11597000 |     0 | 0x17 |                0 |               1 | NON_WRITE_REQ | 0b0000000001 | 0b1100000000
    11607000 |     0 | 0x18 |                0 |               1 | NON_WRITE_REQ | 0b0000000001 | 0b1100000000
    11609000 |     0 | 0x19 |                0 |               1 | NON_WRITE_REQ | 0b0000000001 | 0b1100000000
    12189000 |     0 | 0x1a |                0 |               1 | NON_WRITE_REQ | 0b0000000001 | 0b1100000000
    12192000 |     0 | 0x1b |                0 |               1 | NON_WRITE_REQ | 0b0000000001 | 0b1100000000
    12202000 |     0 | 0x1c |                0 |               1 | NON_WRITE_REQ | 0b0000000001 | 0b1100000000
    12204000 |     0 | 0x1d |                0 |               1 | NON_WRITE_REQ | 0b0000000001 | 0b1100000000
    12784000 |     0 | 0x1e |                0 |               1 | NON_WRITE_REQ | 0b0000000001 | 0b1100000000
    12787000 |     0 | 0x1f |                0 |               1 | NON_WRITE_REQ | 0b0000000001 | 0b1100000000
    12797000 |     0 | 0x20 |                0 |               1 | NON_WRITE_REQ | 0b0000000001 | 0b1100000000
    12799000 |     0 | 0x21 |                0 |               1 | NON_WRITE_REQ | 0b0000000001 | 0b1100000000
    13379000 |     0 | 0x22 |                0 |               1 | NON_WRITE_REQ | 0b0000000001 | 0b1100000000
    13382000 |     0 | 0x23 |                0 |               1 | NON_WRITE_REQ | 0b0000000001 | 0b1100000000
    13392000 |     0 | 0x24 |                0 |               1 | NON_WRITE_REQ | 0b0000000001 | 0b1100000000
    13394000 |     0 | 0x25 |                0 |               1 | NON_WRITE_REQ | 0b0000000001 | 0b1100000000
    13974000 |     0 | 0x26 |                0 |               1 | NON_WRITE_REQ | 0b0000000001 | 0b1100000000
    13977000 |     0 | 0x27 |                0 |               1 | NON_WRITE_REQ | 0b0000000001 | 0b1100000000
    13987000 |     0 | 0x28 |                0 |               1 | NON_WRITE_REQ | 0b0000000001 | 0b1100000000
    13989000 |     0 | 0x29 |                0 |               1 | NON_WRITE_REQ | 0b0000000001 | 0b1100000000
    14569000 |     0 | 0x2a |                0 |               1 | NON_WRITE_REQ | 0b0000000001 | 0b1100000000
    14572000 |     0 | 0x2b |                0 |               1 | NON_WRITE_REQ | 0b0000000001 | 0b1100000000
    14582000 |     0 | 0x2c |                0 |               1 | NON_WRITE_REQ | 0b0000000001 | 0b1100000000
    14584000 |     0 | 0x2d |                0 |               1 | NON_WRITE_REQ | 0b0000000001 | 0b1100000000
    15164000 |     0 | 0x2e |                0 |               1 | NON_WRITE_REQ | 0b0000000001 | 0b1100000000
    15167000 |     0 | 0x2f |                0 |               1 | NON_WRITE_REQ | 0b0000000001 | 0b1100000000
    15177000 |     0 | 0x30 |                0 |               1 | NON_WRITE_REQ | 0b0000000001 | 0b1100000000
    15179000 |     0 | 0x31 |                0 |               1 | NON_WRITE_REQ | 0b0000000001 | 0b1100000000
    15759000 |     0 | 0x32 |                0 |               1 | NON_WRITE_REQ | 0b0000000001 | 0b1100000000
    15762000 |     0 | 0x33 |                0 |               1 | NON_WRITE_REQ | 0b0000000001 | 0b1100000000
    15772000 |     0 | 0x34 |                0 |               1 | NON_WRITE_REQ | 0b0000000001 | 0b1100000000
    15774000 |     0 | 0x35 |                0 |               1 | NON_WRITE_REQ | 0b0000000001 | 0b1100000000
    16354000 |     0 | 0x36 |                0 |               1 | NON_WRITE_REQ | 0b0000000001 | 0b1100000000
    16357000 |     0 | 0x37 |                0 |               1 | NON_WRITE_REQ | 0b0000000001 | 0b1100000000
    16367000 |     0 | 0x38 |                0 |               1 | NON_WRITE_REQ | 0b0000000001 | 0b1100000000
    16369000 |     0 | 0x39 |                0 |               1 | NON_WRITE_REQ | 0b0000000001 | 0b1100000000
    16949000 |     0 | 0x3a |                0 |               1 | NON_WRITE_REQ | 0b0000000001 | 0b1100000000
    16952000 |     0 | 0x3b |                0 |               1 | NON_WRITE_REQ | 0b0000000001 | 0b1100000000
    16962000 |     0 | 0x3c |                0 |               1 | NON_WRITE_REQ | 0b0000000001 | 0b1100000000
    16964000 |     0 | 0x3d |                0 |               1 | NON_WRITE_REQ | 0b0000000001 | 0b1100000000
    17544000 |     0 | 0x3e |                0 |               1 | NON_WRITE_REQ | 0b0000000001 | 0b1100000000
    17547000 |     0 | 0x3f |                0 |               1 | NON_WRITE_REQ | 0b0000000001 | 0b1100000000
    17557000 |     0 | 0x0 |                0 |               1 | NON_WRITE_REQ | 0b0000000001 | 0b1100000000
    17559000 |     0 | 0x1 |                0 |               1 | NON_WRITE_REQ | 0b0000000001 | 0b1100000000
    18139000 |     0 | 0x2 |                0 |               1 | NON_WRITE_REQ | 0b0000000001 | 0b1100000000
    18142000 |     0 | 0x3 |                0 |               1 | NON_WRITE_REQ | 0b0000000001 | 0b1100000000
    18152000 |     0 | 0x4 |                0 |               1 | NON_WRITE_REQ | 0b0000000001 | 0b1100000000
    18154000 |     0 | 0x5 |                0 |               1 | NON_WRITE_REQ | 0b0000000001 | 0b1100000000
    18734000 |     0 | 0x6 |                0 |               1 | NON_WRITE_REQ | 0b0000000001 | 0b1100000000
    18737000 |     0 | 0x7 |                0 |               1 | NON_WRITE_REQ | 0b0000000001 | 0b1100000000
    18747000 |     0 | 0x8 |                0 |               1 | NON_WRITE_REQ | 0b0000000001 | 0b1100000000
    18749000 |     0 | 0x9 |                0 |               1 | NON_WRITE_REQ | 0b0000000001 | 0b1100000000
    19329000 |     0 | 0xa |                0 |               1 | NON_WRITE_REQ | 0b0000000001 | 0b1100000000
    19332000 |     0 | 0xb |                0 |               1 | NON_WRITE_REQ | 0b0000000001 | 0b1100000000
    19342000 |     0 | 0xc |                0 |               1 | NON_WRITE_REQ | 0b0000000001 | 0b1100000000
    19344000 |     0 | 0xd |                0 |               1 | NON_WRITE_REQ | 0b0000000001 | 0b1100000000
    19359000 |     8 | 0x1c80 |                1 |               0 | WRITE_NO_VALID_READ | 0b0100000000 | 0b1100000000
    19374000 |     8 | 0x1c81 |                1 |               0 | WRITE_NO_VALID_READ | 0b0100000000 | 0b1100000000
    19397000 |     8 | 0x1c82 |                1 |               0 | WRITE_NO_VALID_READ | 0b0100000000 | 0b1100000000
    19399000 |     8 | 0x1c83 |                1 |               0 | WRITE_NO_VALID_READ | 0b0100000000 | 0b1100000000
    19402000 |     8 | 0x1c84 |                1 |               0 | WRITE_NO_VALID_READ | 0b0100000000 | 0b1100000000
    19404000 |     8 | 0x1c85 |                1 |               0 | WRITE_NO_VALID_READ | 0b0100000000 | 0b1100000000
    19407000 |     8 | 0x1c86 |                1 |               0 | WRITE_NO_VALID_READ | 0b0100000000 | 0b1100000000
    19409000 |     8 | 0x1c87 |                1 |               0 | WRITE_NO_VALID_READ | 0b0100000000 | 0b1100000000
    19412000 |     8 | 0x1c88 |                1 |               0 | WRITE_NO_VALID_READ | 0b0100000000 | 0b1100000000
    19414000 |     8 | 0x1c89 |                1 |               0 | WRITE_NO_VALID_READ | 0b0100000000 | 0b1100000000
    19417000 |     8 | 0x1c8a |                1 |               0 | WRITE_NO_VALID_READ | 0b0100000000 | 0b1100000000
    19419000 |     8 | 0x1c8b |                1 |               0 | WRITE_NO_VALID_READ | 0b0100000000 | 0b1100000000
    19422000 |     8 | 0x1c8c |                1 |               0 | WRITE_NO_VALID_READ | 0b0100000000 | 0b1100000000
    19424000 |     8 | 0x1c8d |                1 |               0 | WRITE_NO_VALID_READ | 0b0100000000 | 0b1100000000
    19427000 |     8 | 0x1c8e |                1 |               0 | WRITE_NO_VALID_READ | 0b0100000000 | 0b1100000000
    19429000 |     8 | 0x1c8f |                1 |               0 | WRITE_NO_VALID_READ | 0b0100000000 | 0b1100000000
    19432000 |     8 | 0x1c90 |                1 |               0 | WRITE_NO_VALID_READ | 0b0100000000 | 0b1100000000
    19434000 |     8 | 0x1c91 |                1 |               0 | WRITE_NO_VALID_READ | 0b0100000000 | 0b1100000000
    19437000 |     8 | 0x1c92 |                1 |               0 | WRITE_NO_VALID_READ | 0b0100000000 | 0b1100000000
    19439000 |     8 | 0x1c93 |                1 |               0 | WRITE_NO_VALID_READ | 0b0100000000 | 0b1100000000
    19442000 |     8 | 0x1c94 |                1 |               0 | WRITE_NO_VALID_READ | 0b0100000000 | 0b1100000000
    19444000 |     8 | 0x1c95 |                1 |               0 | WRITE_NO_VALID_READ | 0b0100000000 | 0b1100000000
    19447000 |     8 | 0x1c96 |                1 |               0 | WRITE_NO_VALID_READ | 0b0100000000 | 0b1100000000
    19449000 |     8 | 0x1c97 |                1 |               0 | WRITE_NO_VALID_READ | 0b0100000000 | 0b1100000000
    19452000 |     8 | 0x1c98 |                1 |               0 | WRITE_NO_VALID_READ | 0b0100000000 | 0b1100000000
    19454000 |     8 | 0x1c99 |                1 |               0 | WRITE_NO_VALID_READ | 0b0100000000 | 0b1100000000
    19457000 |     8 | 0x1c9a |                1 |               0 | WRITE_NO_VALID_READ | 0b0100000000 | 0b1100000000
    19459000 |     8 | 0x1c9b |                1 |               0 | WRITE_NO_VALID_READ | 0b0100000000 | 0b1100000000
    19462000 |     8 | 0x1c9c |                1 |               0 | WRITE_NO_VALID_READ | 0b0100000000 | 0b1100000000
    19464000 |     8 | 0x1c9d |                1 |               0 | WRITE_NO_VALID_READ | 0b0100000000 | 0b1100000000
    19467000 |     8 | 0x1c9e |                1 |               0 | WRITE_NO_VALID_READ | 0b0100000000 | 0b1100000000
    19472000 |     8 | 0x1c9f |                1 |               0 | WRITE_NO_VALID_READ | 0b0100000000 | 0b1100000000
    19477000 |     8 | 0x1ca0 |                1 |               0 | WRITE_NO_VALID_READ | 0b0100000000 | 0b1100000000
    19482000 |     8 | 0x1ca1 |                1 |               0 | WRITE_NO_VALID_READ | 0b0100000000 | 0b1100000000
    19487000 |     8 | 0x1ca2 |                1 |               0 | WRITE_NO_VALID_READ | 0b0100000000 | 0b1100000000
    19492000 |     8 | 0x1ca3 |                1 |               0 | WRITE_NO_VALID_READ | 0b0100000000 | 0b1100000000
    19497000 |     8 | 0x1ca4 |                1 |               0 | WRITE_NO_VALID_READ | 0b0100000000 | 0b1100000000
    19502000 |     8 | 0x1ca5 |                1 |               0 | WRITE_NO_VALID_READ | 0b0100000000 | 0b1100000000
    19507000 |     8 | 0x1ca6 |                1 |               0 | WRITE_NO_VALID_READ | 0b0100000000 | 0b1100000000
    19512000 |     8 | 0x1ca7 |                1 |               0 | WRITE_NO_VALID_READ | 0b0100000000 | 0b1100000000
    19517000 |     8 | 0x1ca8 |                1 |               0 | WRITE_NO_VALID_READ | 0b0100000000 | 0b1100000000
    19522000 |     8 | 0x1ca9 |                1 |               0 | WRITE_NO_VALID_READ | 0b0100000000 | 0b1100000000
    19527000 |     8 | 0x1caa |                1 |               0 | WRITE_NO_VALID_READ | 0b0100000000 | 0b1100000000
    19532000 |     8 | 0x1cab |                1 |               0 | WRITE_NO_VALID_READ | 0b0100000000 | 0b1100000000
    19537000 |     8 | 0x1cac |                1 |               0 | WRITE_NO_VALID_READ | 0b0100000000 | 0b1100000000
    19542000 |     8 | 0x1cad |                1 |               0 | WRITE_NO_VALID_READ | 0b0100000000 | 0b1100000000
    19547000 |     8 | 0x1cae |                1 |               0 | WRITE_NO_VALID_READ | 0b0100000000 | 0b1100000000
    19552000 |     8 | 0x1caf |                1 |               0 | WRITE_NO_VALID_READ | 0b0100000000 | 0b1100000000
    19557000 |     8 | 0x1cb0 |                1 |               0 | WRITE_NO_VALID_READ | 0b0100000000 | 0b1100000000
    19562000 |     8 | 0x1cb1 |                1 |               0 | WRITE_NO_VALID_READ | 0b0100000000 | 0b1100000000
    19567000 |     8 | 0x1cb2 |                1 |               0 | WRITE_NO_VALID_READ | 0b0100000000 | 0b1100000000
    19572000 |     8 | 0x1cb3 |                1 |               0 | WRITE_NO_VALID_READ | 0b0100000000 | 0b1100000000
    19577000 |     8 | 0x1cb4 |                1 |               0 | WRITE_NO_VALID_READ | 0b0100000000 | 0b1100000000
    19582000 |     8 | 0x1cb5 |                1 |               0 | WRITE_NO_VALID_READ | 0b0100000000 | 0b1100000000
    19587000 |     8 | 0x1cb6 |                1 |               0 | WRITE_NO_VALID_READ | 0b0100000000 | 0b1100000000
    19592000 |     8 | 0x1cb7 |                1 |               0 | WRITE_NO_VALID_READ | 0b0100000000 | 0b1100000000
    19597000 |     8 | 0x1cb8 |                1 |               0 | WRITE_NO_VALID_READ | 0b0100000000 | 0b1100000000
    19602000 |     8 | 0x1cb9 |                1 |               0 | WRITE_NO_VALID_READ | 0b0100000000 | 0b1100000000
    19607000 |     8 | 0x1cba |                1 |               0 | WRITE_NO_VALID_READ | 0b0100000000 | 0b1100000000
    19612000 |     8 | 0x1cbb |                1 |               0 | WRITE_NO_VALID_READ | 0b0100000000 | 0b1100000000
    19617000 |     8 | 0x1cbc |                1 |               0 | WRITE_NO_VALID_READ | 0b0100000000 | 0b1100000000
    19622000 |     8 | 0x1cbd |                1 |               0 | WRITE_NO_VALID_READ | 0b0100000000 | 0b1100000000
    19627000 |     8 | 0x1cbe |                1 |               0 | WRITE_NO_VALID_READ | 0b0100000000 | 0b1100000000
    19632000 |     8 | 0x1cbf |                1 |               0 | WRITE_NO_VALID_READ | 0b0100000000 | 0b1100000000
    19927000 |     0 | 0xe |                0 |               1 | NON_WRITE_REQ | 0b0000000001 | 0b1100000000
    19959000 |     0 | 0xf |                0 |               1 | NON_WRITE_REQ | 0b0000000001 | 0b1100000000
    19982000 |     0 | 0x10 |                0 |               1 | NON_WRITE_REQ | 0b0000000001 | 0b1100000000
    19984000 |     0 | 0x11 |                0 |               1 | NON_WRITE_REQ | 0b0000000001 | 0b1100000000
    20519000 |     0 | 0x12 |                0 |               1 | NON_WRITE_REQ | 0b0000000001 | 0b1100000000
    20522000 |     0 | 0x13 |                0 |               1 | NON_WRITE_REQ | 0b0000000001 | 0b1100000000
    20532000 |     0 | 0x14 |                0 |               1 | NON_WRITE_REQ | 0b0000000001 | 0b1100000000
    20534000 |     0 | 0x15 |                0 |               1 | NON_WRITE_REQ | 0b0000000001 | 0b1100000000
    21114000 |     0 | 0x16 |                0 |               1 | NON_WRITE_REQ | 0b0000000001 | 0b1100000000
    21117000 |     0 | 0x17 |                0 |               1 | NON_WRITE_REQ | 0b0000000001 | 0b1100000000
    21127000 |     0 | 0x18 |                0 |               1 | NON_WRITE_REQ | 0b0000000001 | 0b1100000000
    21129000 |     0 | 0x19 |                0 |               1 | NON_WRITE_REQ | 0b0000000001 | 0b1100000000
    21709000 |     0 | 0x1a |                0 |               1 | NON_WRITE_REQ | 0b0000000001 | 0b1100000000
    21712000 |     0 | 0x1b |                0 |               1 | NON_WRITE_REQ | 0b0000000001 | 0b1100000000
    21722000 |     0 | 0x1c |                0 |               1 | NON_WRITE_REQ | 0b0000000001 | 0b1100000000
    21724000 |     0 | 0x1d |                0 |               1 | NON_WRITE_REQ | 0b0000000001 | 0b1100000000
    22304000 |     0 | 0x1e |                0 |               1 | NON_WRITE_REQ | 0b0000000001 | 0b1100000000
    22307000 |     0 | 0x1f |                0 |               1 | NON_WRITE_REQ | 0b0000000001 | 0b1100000000
    22317000 |     0 | 0x20 |                0 |               1 | NON_WRITE_REQ | 0b0000000001 | 0b1100000000
    22319000 |     0 | 0x21 |                0 |               1 | NON_WRITE_REQ | 0b0000000001 | 0b1100000000
    22899000 |     0 | 0x22 |                0 |               1 | NON_WRITE_REQ | 0b0000000001 | 0b1100000000
    22902000 |     0 | 0x23 |                0 |               1 | NON_WRITE_REQ | 0b0000000001 | 0b1100000000
    22912000 |     0 | 0x24 |                0 |               1 | NON_WRITE_REQ | 0b0000000001 | 0b1100000000
    22914000 |     0 | 0x25 |                0 |               1 | NON_WRITE_REQ | 0b0000000001 | 0b1100000000
    23494000 |     0 | 0x26 |                0 |               1 | NON_WRITE_REQ | 0b0000000001 | 0b1100000000
    23497000 |     0 | 0x27 |                0 |               1 | NON_WRITE_REQ | 0b0000000001 | 0b1100000000
    23507000 |     0 | 0x28 |                0 |               1 | NON_WRITE_REQ | 0b0000000001 | 0b1100000000
    23509000 |     0 | 0x29 |                0 |               1 | NON_WRITE_REQ | 0b0000000001 | 0b1100000000
    24089000 |     0 | 0x2a |                0 |               1 | NON_WRITE_REQ | 0b0000000001 | 0b1100000000
    24092000 |     0 | 0x2b |                0 |               1 | NON_WRITE_REQ | 0b0000000001 | 0b1100000000
    24102000 |     0 | 0x2c |                0 |               1 | NON_WRITE_REQ | 0b0000000001 | 0b1100000000
    24104000 |     0 | 0x2d |                0 |               1 | NON_WRITE_REQ | 0b0000000001 | 0b1100000000
    24684000 |     0 | 0x2e |                0 |               1 | NON_WRITE_REQ | 0b0000000001 | 0b1100000000
    24687000 |     0 | 0x2f |                0 |               1 | NON_WRITE_REQ | 0b0000000001 | 0b1100000000
    24697000 |     0 | 0x30 |                0 |               1 | NON_WRITE_REQ | 0b0000000001 | 0b1100000000
    24699000 |     0 | 0x31 |                0 |               1 | NON_WRITE_REQ | 0b0000000001 | 0b1100000000
    25279000 |     0 | 0x32 |                0 |               1 | NON_WRITE_REQ | 0b0000000001 | 0b1100000000
    25282000 |     0 | 0x33 |                0 |               1 | NON_WRITE_REQ | 0b0000000001 | 0b1100000000
    25292000 |     0 | 0x34 |                0 |               1 | NON_WRITE_REQ | 0b0000000001 | 0b1100000000
    25294000 |     0 | 0x35 |                0 |               1 | NON_WRITE_REQ | 0b0000000001 | 0b1100000000
    25874000 |     0 | 0x36 |                0 |               1 | NON_WRITE_REQ | 0b0000000001 | 0b1100000000
    25877000 |     0 | 0x37 |                0 |               1 | NON_WRITE_REQ | 0b0000000001 | 0b1100000000
    25887000 |     0 | 0x38 |                0 |               1 | NON_WRITE_REQ | 0b0000000001 | 0b1100000000
    25889000 |     0 | 0x39 |                0 |               1 | NON_WRITE_REQ | 0b0000000001 | 0b1100000000
    26469000 |     0 | 0x3a |                0 |               1 | NON_WRITE_REQ | 0b0000000001 | 0b1100000000
    26472000 |     0 | 0x3b |                0 |               1 | NON_WRITE_REQ | 0b0000000001 | 0b1100000000
    26482000 |     0 | 0x3c |                0 |               1 | NON_WRITE_REQ | 0b0000000001 | 0b1100000000
    26484000 |     0 | 0x3d |                0 |               1 | NON_WRITE_REQ | 0b0000000001 | 0b1100000000
    27064000 |     0 | 0x3e |                0 |               1 | NON_WRITE_REQ | 0b0000000001 | 0b1100000000
    27067000 |     0 | 0x3f |                0 |               1 | NON_WRITE_REQ | 0b0000000001 | 0b1100000000
    28879000 |     8 | 0x1cc0 |                1 |               0 | WRITE_NO_VALID_READ | 0b0100000000 | 0b1100000000
    28894000 |     8 | 0x1cc1 |                1 |               0 | WRITE_NO_VALID_READ | 0b0100000000 | 0b1100000000
    28917000 |     8 | 0x1cc2 |                1 |               0 | WRITE_NO_VALID_READ | 0b0100000000 | 0b1100000000
    28919000 |     8 | 0x1cc3 |                1 |               0 | WRITE_NO_VALID_READ | 0b0100000000 | 0b1100000000
    28922000 |     8 | 0x1cc4 |                1 |               0 | WRITE_NO_VALID_READ | 0b0100000000 | 0b1100000000
    28924000 |     8 | 0x1cc5 |                1 |               0 | WRITE_NO_VALID_READ | 0b0100000000 | 0b1100000000
    28927000 |     8 | 0x1cc6 |                1 |               0 | WRITE_NO_VALID_READ | 0b0100000000 | 0b1100000000
    28929000 |     8 | 0x1cc7 |                1 |               0 | WRITE_NO_VALID_READ | 0b0100000000 | 0b1100000000
    28932000 |     8 | 0x1cc8 |                1 |               0 | WRITE_NO_VALID_READ | 0b0100000000 | 0b1100000000
    28934000 |     8 | 0x1cc9 |                1 |               0 | WRITE_NO_VALID_READ | 0b0100000000 | 0b1100000000
    28937000 |     8 | 0x1cca |                1 |               0 | WRITE_NO_VALID_READ | 0b0100000000 | 0b1100000000
    28939000 |     8 | 0x1ccb |                1 |               0 | WRITE_NO_VALID_READ | 0b0100000000 | 0b1100000000
    28942000 |     8 | 0x1ccc |                1 |               0 | WRITE_NO_VALID_READ | 0b0100000000 | 0b1100000000
    28944000 |     8 | 0x1ccd |                1 |               0 | WRITE_NO_VALID_READ | 0b0100000000 | 0b1100000000
    28947000 |     8 | 0x1cce |                1 |               0 | WRITE_NO_VALID_READ | 0b0100000000 | 0b1100000000
    28949000 |     8 | 0x1ccf |                1 |               0 | WRITE_NO_VALID_READ | 0b0100000000 | 0b1100000000
    28952000 |     8 | 0x1cd0 |                1 |               0 | WRITE_NO_VALID_READ | 0b0100000000 | 0b1100000000
    28954000 |     8 | 0x1cd1 |                1 |               0 | WRITE_NO_VALID_READ | 0b0100000000 | 0b1100000000
    28957000 |     8 | 0x1cd2 |                1 |               0 | WRITE_NO_VALID_READ | 0b0100000000 | 0b1100000000
    28959000 |     8 | 0x1cd3 |                1 |               0 | WRITE_NO_VALID_READ | 0b0100000000 | 0b1100000000
    28962000 |     8 | 0x1cd4 |                1 |               0 | WRITE_NO_VALID_READ | 0b0100000000 | 0b1100000000
    28964000 |     8 | 0x1cd5 |                1 |               0 | WRITE_NO_VALID_READ | 0b0100000000 | 0b1100000000
    28967000 |     8 | 0x1cd6 |                1 |               0 | WRITE_NO_VALID_READ | 0b0100000000 | 0b1100000000
    28969000 |     8 | 0x1cd7 |                1 |               0 | WRITE_NO_VALID_READ | 0b0100000000 | 0b1100000000
    28972000 |     8 | 0x1cd8 |                1 |               0 | WRITE_NO_VALID_READ | 0b0100000000 | 0b1100000000
    28974000 |     8 | 0x1cd9 |                1 |               0 | WRITE_NO_VALID_READ | 0b0100000000 | 0b1100000000
    28977000 |     8 | 0x1cda |                1 |               0 | WRITE_NO_VALID_READ | 0b0100000000 | 0b1100000000
    28979000 |     8 | 0x1cdb |                1 |               0 | WRITE_NO_VALID_READ | 0b0100000000 | 0b1100000000
    28982000 |     8 | 0x1cdc |                1 |               0 | WRITE_NO_VALID_READ | 0b0100000000 | 0b1100000000
    28984000 |     8 | 0x1cdd |                1 |               0 | WRITE_NO_VALID_READ | 0b0100000000 | 0b1100000000
    28987000 |     8 | 0x1cde |                1 |               0 | WRITE_NO_VALID_READ | 0b0100000000 | 0b1100000000
    28992000 |     8 | 0x1cdf |                1 |               0 | WRITE_NO_VALID_READ | 0b0100000000 | 0b1100000000
    28997000 |     8 | 0x1ce0 |                1 |               0 | WRITE_NO_VALID_READ | 0b0100000000 | 0b1100000000
    29002000 |     8 | 0x1ce1 |                1 |               0 | WRITE_NO_VALID_READ | 0b0100000000 | 0b1100000000
    29007000 |     8 | 0x1ce2 |                1 |               0 | WRITE_NO_VALID_READ | 0b0100000000 | 0b1100000000
    29012000 |     8 | 0x1ce3 |                1 |               0 | WRITE_NO_VALID_READ | 0b0100000000 | 0b1100000000
    29017000 |     8 | 0x1ce4 |                1 |               0 | WRITE_NO_VALID_READ | 0b0100000000 | 0b1100000000
    29022000 |     8 | 0x1ce5 |                1 |               0 | WRITE_NO_VALID_READ | 0b0100000000 | 0b1100000000
    29027000 |     8 | 0x1ce6 |                1 |               0 | WRITE_NO_VALID_READ | 0b0100000000 | 0b1100000000
    29032000 |     8 | 0x1ce7 |                1 |               0 | WRITE_NO_VALID_READ | 0b0100000000 | 0b1100000000
    29037000 |     8 | 0x1ce8 |                1 |               0 | WRITE_NO_VALID_READ | 0b0100000000 | 0b1100000000
    29042000 |     8 | 0x1ce9 |                1 |               0 | WRITE_NO_VALID_READ | 0b0100000000 | 0b1100000000
    29047000 |     8 | 0x1cea |                1 |               0 | WRITE_NO_VALID_READ | 0b0100000000 | 0b1100000000
    29052000 |     8 | 0x1ceb |                1 |               0 | WRITE_NO_VALID_READ | 0b0100000000 | 0b1100000000
    29057000 |     8 | 0x1cec |                1 |               0 | WRITE_NO_VALID_READ | 0b0100000000 | 0b1100000000
    29062000 |     8 | 0x1ced |                1 |               0 | WRITE_NO_VALID_READ | 0b0100000000 | 0b1100000000
    29067000 |     8 | 0x1cee |                1 |               0 | WRITE_NO_VALID_READ | 0b0100000000 | 0b1100000000
    29072000 |     8 | 0x1cef |                1 |               0 | WRITE_NO_VALID_READ | 0b0100000000 | 0b1100000000
    29077000 |     8 | 0x1cf0 |                1 |               0 | WRITE_NO_VALID_READ | 0b0100000000 | 0b1100000000
    29082000 |     8 | 0x1cf1 |                1 |               0 | WRITE_NO_VALID_READ | 0b0100000000 | 0b1100000000
    29087000 |     8 | 0x1cf2 |                1 |               0 | WRITE_NO_VALID_READ | 0b0100000000 | 0b1100000000
    29092000 |     8 | 0x1cf3 |                1 |               0 | WRITE_NO_VALID_READ | 0b0100000000 | 0b1100000000
    29097000 |     8 | 0x1cf4 |                1 |               0 | WRITE_NO_VALID_READ | 0b0100000000 | 0b1100000000
    29102000 |     8 | 0x1cf5 |                1 |               0 | WRITE_NO_VALID_READ | 0b0100000000 | 0b1100000000
    29107000 |     8 | 0x1cf6 |                1 |               0 | WRITE_NO_VALID_READ | 0b0100000000 | 0b1100000000
    29112000 |     8 | 0x1cf7 |                1 |               0 | WRITE_NO_VALID_READ | 0b0100000000 | 0b1100000000
    29117000 |     8 | 0x1cf8 |                1 |               0 | WRITE_NO_VALID_READ | 0b0100000000 | 0b1100000000
    29122000 |     8 | 0x1cf9 |                1 |               0 | WRITE_NO_VALID_READ | 0b0100000000 | 0b1100000000
    29127000 |     8 | 0x1cfa |                1 |               0 | WRITE_NO_VALID_READ | 0b0100000000 | 0b1100000000
    29132000 |     8 | 0x1cfb |                1 |               0 | WRITE_NO_VALID_READ | 0b0100000000 | 0b1100000000
    29137000 |     8 | 0x1cfc |                1 |               0 | WRITE_NO_VALID_READ | 0b0100000000 | 0b1100000000
    29142000 |     8 | 0x1cfd |                1 |               0 | WRITE_NO_VALID_READ | 0b0100000000 | 0b1100000000
    29147000 |     8 | 0x1cfe |                1 |               0 | WRITE_NO_VALID_READ | 0b0100000000 | 0b1100000000
    29152000 |     8 | 0x1cff |                1 |               0 | WRITE_NO_VALID_READ | 0b0100000000 | 0b1100000000
[29152000] INFO: slice completed (cycle=15532)
# Total handshakes: 256
