# Hub Local Request Monitor - Slice[0] Bank[1]
# Format: Time(ns) | ReqCh | ReqAddrFullHex | ReqRW(1=Write,0=Read) | HasValidReadReq | HandshakeType | ArbValidMask | ReqRwMask
# HandshakeType: NON_WRITE_REQ / WRITE_NO_VALID_READ / WRITE_WITH_VALID_READ
# ========================================
[9736000] INFO: slice start (cycle=0)
     9759000 |     1 | 0x80000 |                0 |               1 | NON_WRITE_REQ | 0b0000000010 | 0b1100000000
     9762000 |     1 | 0x80001 |                0 |               1 | NON_WRITE_REQ | 0b0000000010 | 0b1100000000
     9784000 |     1 | 0x80002 |                0 |               1 | NON_WRITE_REQ | 0b0000000010 | 0b1100000000
     9787000 |     1 | 0x80003 |                0 |               1 | NON_WRITE_REQ | 0b0000000010 | 0b1100000000
     9789000 |     1 | 0x80004 |                0 |               1 | NON_WRITE_REQ | 0b0000000010 | 0b1100000000
     9792000 |     1 | 0x80005 |                0 |               1 | NON_WRITE_REQ | 0b0000000010 | 0b1100000000
     9794000 |     1 | 0x80006 |                0 |               1 | NON_WRITE_REQ | 0b0000000010 | 0b1100000000
     9797000 |     1 | 0x80007 |                0 |               1 | NON_WRITE_REQ | 0b0000000010 | 0b1100000000
     9819000 |     1 | 0x80008 |                0 |               1 | NON_WRITE_REQ | 0b0000000010 | 0b1100000000
     9822000 |     1 | 0x80009 |                0 |               1 | NON_WRITE_REQ | 0b0000000010 | 0b1100000000
     9824000 |     1 | 0x8000a |                0 |               1 | NON_WRITE_REQ | 0b0000000010 | 0b1100000000
     9827000 |     1 | 0x8000b |                0 |               1 | NON_WRITE_REQ | 0b0000000010 | 0b1100000000
     9837000 |     1 | 0x8000c |                0 |               1 | NON_WRITE_REQ | 0b0000000010 | 0b1100000000
    10392000 |     1 | 0x8000d |                0 |               1 | NON_WRITE_REQ | 0b0000000010 | 0b1100000000
    10407000 |     1 | 0x8000e |                0 |               1 | NON_WRITE_REQ | 0b0000000010 | 0b1100000000
    10409000 |     1 | 0x8000f |                0 |               1 | NON_WRITE_REQ | 0b0000000010 | 0b1100000000
    10417000 |     1 | 0x80010 |                0 |               1 | NON_WRITE_REQ | 0b0000000010 | 0b1100000000
    10987000 |     1 | 0x80011 |                0 |               1 | NON_WRITE_REQ | 0b0000000010 | 0b1100000000
    11002000 |     1 | 0x80012 |                0 |               1 | NON_WRITE_REQ | 0b0000000010 | 0b1100000000
    11004000 |     1 | 0x80013 |                0 |               1 | NON_WRITE_REQ | 0b0000000010 | 0b1100000000
    11012000 |     1 | 0x80014 |                0 |               1 | NON_WRITE_REQ | 0b0000000010 | 0b1100000000
    11582000 |     1 | 0x80015 |                0 |               1 | NON_WRITE_REQ | 0b0000000010 | 0b1100000000
    11597000 |     1 | 0x80016 |                0 |               1 | NON_WRITE_REQ | 0b0000000010 | 0b1100000000
    11599000 |     1 | 0x80017 |                0 |               1 | NON_WRITE_REQ | 0b0000000010 | 0b1100000000
    11607000 |     1 | 0x80018 |                0 |               1 | NON_WRITE_REQ | 0b0000000010 | 0b1100000000
    12177000 |     1 | 0x80019 |                0 |               1 | NON_WRITE_REQ | 0b0000000010 | 0b1100000000
    12192000 |     1 | 0x8001a |                0 |               1 | NON_WRITE_REQ | 0b0000000010 | 0b1100000000
    12194000 |     1 | 0x8001b |                0 |               1 | NON_WRITE_REQ | 0b0000000010 | 0b1100000000
    12202000 |     1 | 0x8001c |                0 |               1 | NON_WRITE_REQ | 0b0000000010 | 0b1100000000
    12772000 |     1 | 0x8001d |                0 |               1 | NON_WRITE_REQ | 0b0000000010 | 0b1100000000
    12787000 |     1 | 0x8001e |                0 |               1 | NON_WRITE_REQ | 0b0000000010 | 0b1100000000
    12789000 |     1 | 0x8001f |                0 |               1 | NON_WRITE_REQ | 0b0000000010 | 0b1100000000
    12797000 |     1 | 0x80020 |                0 |               1 | NON_WRITE_REQ | 0b0000000010 | 0b1100000000
    13367000 |     1 | 0x80021 |                0 |               1 | NON_WRITE_REQ | 0b0000000010 | 0b1100000000
    13382000 |     1 | 0x80022 |                0 |               1 | NON_WRITE_REQ | 0b0000000010 | 0b1100000000
    13384000 |     1 | 0x80023 |                0 |               1 | NON_WRITE_REQ | 0b0000000010 | 0b1100000000
    13392000 |     1 | 0x80024 |                0 |               1 | NON_WRITE_REQ | 0b0000000010 | 0b1100000000
    13962000 |     1 | 0x80025 |                0 |               1 | NON_WRITE_REQ | 0b0000000010 | 0b1100000000
    13977000 |     1 | 0x80026 |                0 |               1 | NON_WRITE_REQ | 0b0000000010 | 0b1100000000
    13979000 |     1 | 0x80027 |                0 |               1 | NON_WRITE_REQ | 0b0000000010 | 0b1100000000
    13987000 |     1 | 0x80028 |                0 |               1 | NON_WRITE_REQ | 0b0000000010 | 0b1100000000
    14557000 |     1 | 0x80029 |                0 |               1 | NON_WRITE_REQ | 0b0000000010 | 0b1100000000
    14572000 |     1 | 0x8002a |                0 |               1 | NON_WRITE_REQ | 0b0000000010 | 0b1100000000
    14574000 |     1 | 0x8002b |                0 |               1 | NON_WRITE_REQ | 0b0000000010 | 0b1100000000
    14582000 |     1 | 0x8002c |                0 |               1 | NON_WRITE_REQ | 0b0000000010 | 0b1100000000
    15152000 |     1 | 0x8002d |                0 |               1 | NON_WRITE_REQ | 0b0000000010 | 0b1100000000
    15167000 |     1 | 0x8002e |                0 |               1 | NON_WRITE_REQ | 0b0000000010 | 0b1100000000
    15169000 |     1 | 0x8002f |                0 |               1 | NON_WRITE_REQ | 0b0000000010 | 0b1100000000
    15177000 |     1 | 0x80030 |                0 |               1 | NON_WRITE_REQ | 0b0000000010 | 0b1100000000
    15747000 |     1 | 0x80031 |                0 |               1 | NON_WRITE_REQ | 0b0000000010 | 0b1100000000
    15762000 |     1 | 0x80032 |                0 |               1 | NON_WRITE_REQ | 0b0000000010 | 0b1100000000
    15764000 |     1 | 0x80033 |                0 |               1 | NON_WRITE_REQ | 0b0000000010 | 0b1100000000
    15772000 |     1 | 0x80034 |                0 |               1 | NON_WRITE_REQ | 0b0000000010 | 0b1100000000
    16342000 |     1 | 0x80035 |                0 |               1 | NON_WRITE_REQ | 0b0000000010 | 0b1100000000
    16357000 |     1 | 0x80036 |                0 |               1 | NON_WRITE_REQ | 0b0000000010 | 0b1100000000
    16359000 |     1 | 0x80037 |                0 |               1 | NON_WRITE_REQ | 0b0000000010 | 0b1100000000
    16367000 |     1 | 0x80038 |                0 |               1 | NON_WRITE_REQ | 0b0000000010 | 0b1100000000
    16937000 |     1 | 0x80039 |                0 |               1 | NON_WRITE_REQ | 0b0000000010 | 0b1100000000
    16952000 |     1 | 0x8003a |                0 |               1 | NON_WRITE_REQ | 0b0000000010 | 0b1100000000
    16954000 |     1 | 0x8003b |                0 |               1 | NON_WRITE_REQ | 0b0000000010 | 0b1100000000
    16962000 |     1 | 0x8003c |                0 |               1 | NON_WRITE_REQ | 0b0000000010 | 0b1100000000
    17532000 |     1 | 0x8003d |                0 |               1 | NON_WRITE_REQ | 0b0000000010 | 0b1100000000
    17547000 |     1 | 0x8003e |                0 |               1 | NON_WRITE_REQ | 0b0000000010 | 0b1100000000
    17549000 |     1 | 0x8003f |                0 |               1 | NON_WRITE_REQ | 0b0000000010 | 0b1100000000
    17557000 |     1 | 0x80000 |                0 |               1 | NON_WRITE_REQ | 0b0000000010 | 0b1100000000
    18127000 |     1 | 0x80001 |                0 |               1 | NON_WRITE_REQ | 0b0000000010 | 0b1100000000
    18142000 |     1 | 0x80002 |                0 |               1 | NON_WRITE_REQ | 0b0000000010 | 0b1100000000
    18144000 |     1 | 0x80003 |                0 |               1 | NON_WRITE_REQ | 0b0000000010 | 0b1100000000
    18152000 |     1 | 0x80004 |                0 |               1 | NON_WRITE_REQ | 0b0000000010 | 0b1100000000
    18722000 |     1 | 0x80005 |                0 |               1 | NON_WRITE_REQ | 0b0000000010 | 0b1100000000
    18737000 |     1 | 0x80006 |                0 |               1 | NON_WRITE_REQ | 0b0000000010 | 0b1100000000
    18739000 |     1 | 0x80007 |                0 |               1 | NON_WRITE_REQ | 0b0000000010 | 0b1100000000
    18747000 |     1 | 0x80008 |                0 |               1 | NON_WRITE_REQ | 0b0000000010 | 0b1100000000
    19317000 |     1 | 0x80009 |                0 |               1 | NON_WRITE_REQ | 0b0000000010 | 0b1100000000
    19332000 |     1 | 0x8000a |                0 |               1 | NON_WRITE_REQ | 0b0000000010 | 0b1100000000
    19334000 |     1 | 0x8000b |                0 |               1 | NON_WRITE_REQ | 0b0000000010 | 0b1100000000
    19342000 |     1 | 0x8000c |                0 |               1 | NON_WRITE_REQ | 0b0000000010 | 0b1100000000
    19362000 |     9 | 0x81c80 |                1 |               0 | WRITE_NO_VALID_READ | 0b1000000000 | 0b1100000000
    19377000 |     9 | 0x81c81 |                1 |               0 | WRITE_NO_VALID_READ | 0b1000000000 | 0b1100000000
    19399000 |     9 | 0x81c82 |                1 |               0 | WRITE_NO_VALID_READ | 0b1000000000 | 0b1100000000
    19402000 |     9 | 0x81c83 |                1 |               0 | WRITE_NO_VALID_READ | 0b1000000000 | 0b1100000000
    19404000 |     9 | 0x81c84 |                1 |               0 | WRITE_NO_VALID_READ | 0b1000000000 | 0b1100000000
    19407000 |     9 | 0x81c85 |                1 |               0 | WRITE_NO_VALID_READ | 0b1000000000 | 0b1100000000
    19409000 |     9 | 0x81c86 |                1 |               0 | WRITE_NO_VALID_READ | 0b1000000000 | 0b1100000000
    19412000 |     9 | 0x81c87 |                1 |               0 | WRITE_NO_VALID_READ | 0b1000000000 | 0b1100000000
    19414000 |     9 | 0x81c88 |                1 |               0 | WRITE_NO_VALID_READ | 0b1000000000 | 0b1100000000
    19417000 |     9 | 0x81c89 |                1 |               0 | WRITE_NO_VALID_READ | 0b1000000000 | 0b1100000000
    19419000 |     9 | 0x81c8a |                1 |               0 | WRITE_NO_VALID_READ | 0b1000000000 | 0b1100000000
    19422000 |     9 | 0x81c8b |                1 |               0 | WRITE_NO_VALID_READ | 0b1000000000 | 0b1100000000
    19424000 |     9 | 0x81c8c |                1 |               0 | WRITE_NO_VALID_READ | 0b1000000000 | 0b1100000000
    19427000 |     9 | 0x81c8d |                1 |               0 | WRITE_NO_VALID_READ | 0b1000000000 | 0b1100000000
    19429000 |     9 | 0x81c8e |                1 |               0 | WRITE_NO_VALID_READ | 0b1000000000 | 0b1100000000
    19432000 |     9 | 0x81c8f |                1 |               0 | WRITE_NO_VALID_READ | 0b1000000000 | 0b1100000000
    19434000 |     9 | 0x81c90 |                1 |               0 | WRITE_NO_VALID_READ | 0b1000000000 | 0b1100000000
    19437000 |     9 | 0x81c91 |                1 |               0 | WRITE_NO_VALID_READ | 0b1000000000 | 0b1100000000
    19439000 |     9 | 0x81c92 |                1 |               0 | WRITE_NO_VALID_READ | 0b1000000000 | 0b1100000000
    19442000 |     9 | 0x81c93 |                1 |               0 | WRITE_NO_VALID_READ | 0b1000000000 | 0b1100000000
    19444000 |     9 | 0x81c94 |                1 |               0 | WRITE_NO_VALID_READ | 0b1000000000 | 0b1100000000
    19447000 |     9 | 0x81c95 |                1 |               0 | WRITE_NO_VALID_READ | 0b1000000000 | 0b1100000000
    19449000 |     9 | 0x81c96 |                1 |               0 | WRITE_NO_VALID_READ | 0b1000000000 | 0b1100000000
    19452000 |     9 | 0x81c97 |                1 |               0 | WRITE_NO_VALID_READ | 0b1000000000 | 0b1100000000
    19454000 |     9 | 0x81c98 |                1 |               0 | WRITE_NO_VALID_READ | 0b1000000000 | 0b1100000000
    19457000 |     9 | 0x81c99 |                1 |               0 | WRITE_NO_VALID_READ | 0b1000000000 | 0b1100000000
    19459000 |     9 | 0x81c9a |                1 |               0 | WRITE_NO_VALID_READ | 0b1000000000 | 0b1100000000
    19462000 |     9 | 0x81c9b |                1 |               0 | WRITE_NO_VALID_READ | 0b1000000000 | 0b1100000000
    19464000 |     9 | 0x81c9c |                1 |               0 | WRITE_NO_VALID_READ | 0b1000000000 | 0b1100000000
    19467000 |     9 | 0x81c9d |                1 |               0 | WRITE_NO_VALID_READ | 0b1000000000 | 0b1100000000
    19469000 |     9 | 0x81c9e |                1 |               0 | WRITE_NO_VALID_READ | 0b1000000000 | 0b1100000000
    19474000 |     9 | 0x81c9f |                1 |               0 | WRITE_NO_VALID_READ | 0b1000000000 | 0b1100000000
    19479000 |     9 | 0x81ca0 |                1 |               0 | WRITE_NO_VALID_READ | 0b1000000000 | 0b1100000000
    19484000 |     9 | 0x81ca1 |                1 |               0 | WRITE_NO_VALID_READ | 0b1000000000 | 0b1100000000
    19489000 |     9 | 0x81ca2 |                1 |               0 | WRITE_NO_VALID_READ | 0b1000000000 | 0b1100000000
    19494000 |     9 | 0x81ca3 |                1 |               0 | WRITE_NO_VALID_READ | 0b1000000000 | 0b1100000000
    19499000 |     9 | 0x81ca4 |                1 |               0 | WRITE_NO_VALID_READ | 0b1000000000 | 0b1100000000
    19504000 |     9 | 0x81ca5 |                1 |               0 | WRITE_NO_VALID_READ | 0b1000000000 | 0b1100000000
    19509000 |     9 | 0x81ca6 |                1 |               0 | WRITE_NO_VALID_READ | 0b1000000000 | 0b1100000000
    19514000 |     9 | 0x81ca7 |                1 |               0 | WRITE_NO_VALID_READ | 0b1000000000 | 0b1100000000
    19519000 |     9 | 0x81ca8 |                1 |               0 | WRITE_NO_VALID_READ | 0b1000000000 | 0b1100000000
    19524000 |     9 | 0x81ca9 |                1 |               0 | WRITE_NO_VALID_READ | 0b1000000000 | 0b1100000000
    19529000 |     9 | 0x81caa |                1 |               0 | WRITE_NO_VALID_READ | 0b1000000000 | 0b1100000000
    19534000 |     9 | 0x81cab |                1 |               0 | WRITE_NO_VALID_READ | 0b1000000000 | 0b1100000000
    19539000 |     9 | 0x81cac |                1 |               0 | WRITE_NO_VALID_READ | 0b1000000000 | 0b1100000000
    19544000 |     9 | 0x81cad |                1 |               0 | WRITE_NO_VALID_READ | 0b1000000000 | 0b1100000000
    19549000 |     9 | 0x81cae |                1 |               0 | WRITE_NO_VALID_READ | 0b1000000000 | 0b1100000000
    19554000 |     9 | 0x81caf |                1 |               0 | WRITE_NO_VALID_READ | 0b1000000000 | 0b1100000000
    19559000 |     9 | 0x81cb0 |                1 |               0 | WRITE_NO_VALID_READ | 0b1000000000 | 0b1100000000
    19564000 |     9 | 0x81cb1 |                1 |               0 | WRITE_NO_VALID_READ | 0b1000000000 | 0b1100000000
    19569000 |     9 | 0x81cb2 |                1 |               0 | WRITE_NO_VALID_READ | 0b1000000000 | 0b1100000000
    19574000 |     9 | 0x81cb3 |                1 |               0 | WRITE_NO_VALID_READ | 0b1000000000 | 0b1100000000
    19579000 |     9 | 0x81cb4 |                1 |               0 | WRITE_NO_VALID_READ | 0b1000000000 | 0b1100000000
    19584000 |     9 | 0x81cb5 |                1 |               0 | WRITE_NO_VALID_READ | 0b1000000000 | 0b1100000000
    19589000 |     9 | 0x81cb6 |                1 |               0 | WRITE_NO_VALID_READ | 0b1000000000 | 0b1100000000
    19594000 |     9 | 0x81cb7 |                1 |               0 | WRITE_NO_VALID_READ | 0b1000000000 | 0b1100000000
    19599000 |     9 | 0x81cb8 |                1 |               0 | WRITE_NO_VALID_READ | 0b1000000000 | 0b1100000000
    19604000 |     9 | 0x81cb9 |                1 |               0 | WRITE_NO_VALID_READ | 0b1000000000 | 0b1100000000
    19609000 |     9 | 0x81cba |                1 |               0 | WRITE_NO_VALID_READ | 0b1000000000 | 0b1100000000
    19614000 |     9 | 0x81cbb |                1 |               0 | WRITE_NO_VALID_READ | 0b1000000000 | 0b1100000000
    19619000 |     9 | 0x81cbc |                1 |               0 | WRITE_NO_VALID_READ | 0b1000000000 | 0b1100000000
    19624000 |     9 | 0x81cbd |                1 |               0 | WRITE_NO_VALID_READ | 0b1000000000 | 0b1100000000
    19629000 |     9 | 0x81cbe |                1 |               0 | WRITE_NO_VALID_READ | 0b1000000000 | 0b1100000000
    19634000 |     9 | 0x81cbf |                1 |               0 | WRITE_NO_VALID_READ | 0b1000000000 | 0b1100000000
    19914000 |     1 | 0x8000d |                0 |               1 | NON_WRITE_REQ | 0b0000000010 | 0b1100000000
    19947000 |     1 | 0x8000e |                0 |               1 | NON_WRITE_REQ | 0b0000000010 | 0b1100000000
    19969000 |     1 | 0x8000f |                0 |               1 | NON_WRITE_REQ | 0b0000000010 | 0b1100000000
    19972000 |     1 | 0x80010 |                0 |               1 | NON_WRITE_REQ | 0b0000000010 | 0b1100000000
    20507000 |     1 | 0x80011 |                0 |               1 | NON_WRITE_REQ | 0b0000000010 | 0b1100000000
    20522000 |     1 | 0x80012 |                0 |               1 | NON_WRITE_REQ | 0b0000000010 | 0b1100000000
    20524000 |     1 | 0x80013 |                0 |               1 | NON_WRITE_REQ | 0b0000000010 | 0b1100000000
    20532000 |     1 | 0x80014 |                0 |               1 | NON_WRITE_REQ | 0b0000000010 | 0b1100000000
    21102000 |     1 | 0x80015 |                0 |               1 | NON_WRITE_REQ | 0b0000000010 | 0b1100000000
    21117000 |     1 | 0x80016 |                0 |               1 | NON_WRITE_REQ | 0b0000000010 | 0b1100000000
    21119000 |     1 | 0x80017 |                0 |               1 | NON_WRITE_REQ | 0b0000000010 | 0b1100000000
    21127000 |     1 | 0x80018 |                0 |               1 | NON_WRITE_REQ | 0b0000000010 | 0b1100000000
    21697000 |     1 | 0x80019 |                0 |               1 | NON_WRITE_REQ | 0b0000000010 | 0b1100000000
    21712000 |     1 | 0x8001a |                0 |               1 | NON_WRITE_REQ | 0b0000000010 | 0b1100000000
    21714000 |     1 | 0x8001b |                0 |               1 | NON_WRITE_REQ | 0b0000000010 | 0b1100000000
    21722000 |     1 | 0x8001c |                0 |               1 | NON_WRITE_REQ | 0b0000000010 | 0b1100000000
    22292000 |     1 | 0x8001d |                0 |               1 | NON_WRITE_REQ | 0b0000000010 | 0b1100000000
    22307000 |     1 | 0x8001e |                0 |               1 | NON_WRITE_REQ | 0b0000000010 | 0b1100000000
    22309000 |     1 | 0x8001f |                0 |               1 | NON_WRITE_REQ | 0b0000000010 | 0b1100000000
    22317000 |     1 | 0x80020 |                0 |               1 | NON_WRITE_REQ | 0b0000000010 | 0b1100000000
    22887000 |     1 | 0x80021 |                0 |               1 | NON_WRITE_REQ | 0b0000000010 | 0b1100000000
    22902000 |     1 | 0x80022 |                0 |               1 | NON_WRITE_REQ | 0b0000000010 | 0b1100000000
    22904000 |     1 | 0x80023 |                0 |               1 | NON_WRITE_REQ | 0b0000000010 | 0b1100000000
    22912000 |     1 | 0x80024 |                0 |               1 | NON_WRITE_REQ | 0b0000000010 | 0b1100000000
    23482000 |     1 | 0x80025 |                0 |               1 | NON_WRITE_REQ | 0b0000000010 | 0b1100000000
    23497000 |     1 | 0x80026 |                0 |               1 | NON_WRITE_REQ | 0b0000000010 | 0b1100000000
    23499000 |     1 | 0x80027 |                0 |               1 | NON_WRITE_REQ | 0b0000000010 | 0b1100000000
    23507000 |     1 | 0x80028 |                0 |               1 | NON_WRITE_REQ | 0b0000000010 | 0b1100000000
    24077000 |     1 | 0x80029 |                0 |               1 | NON_WRITE_REQ | 0b0000000010 | 0b1100000000
    24092000 |     1 | 0x8002a |                0 |               1 | NON_WRITE_REQ | 0b0000000010 | 0b1100000000
    24094000 |     1 | 0x8002b |                0 |               1 | NON_WRITE_REQ | 0b0000000010 | 0b1100000000
    24102000 |     1 | 0x8002c |                0 |               1 | NON_WRITE_REQ | 0b0000000010 | 0b1100000000
    24672000 |     1 | 0x8002d |                0 |               1 | NON_WRITE_REQ | 0b0000000010 | 0b1100000000
    24687000 |     1 | 0x8002e |                0 |               1 | NON_WRITE_REQ | 0b0000000010 | 0b1100000000
    24689000 |     1 | 0x8002f |                0 |               1 | NON_WRITE_REQ | 0b0000000010 | 0b1100000000
    24697000 |     1 | 0x80030 |                0 |               1 | NON_WRITE_REQ | 0b0000000010 | 0b1100000000
    25267000 |     1 | 0x80031 |                0 |               1 | NON_WRITE_REQ | 0b0000000010 | 0b1100000000
    25282000 |     1 | 0x80032 |                0 |               1 | NON_WRITE_REQ | 0b0000000010 | 0b1100000000
    25284000 |     1 | 0x80033 |                0 |               1 | NON_WRITE_REQ | 0b0000000010 | 0b1100000000
    25292000 |     1 | 0x80034 |                0 |               1 | NON_WRITE_REQ | 0b0000000010 | 0b1100000000
    25862000 |     1 | 0x80035 |                0 |               1 | NON_WRITE_REQ | 0b0000000010 | 0b1100000000
    25877000 |     1 | 0x80036 |                0 |               1 | NON_WRITE_REQ | 0b0000000010 | 0b1100000000
    25879000 |     1 | 0x80037 |                0 |               1 | NON_WRITE_REQ | 0b0000000010 | 0b1100000000
    25887000 |     1 | 0x80038 |                0 |               1 | NON_WRITE_REQ | 0b0000000010 | 0b1100000000
    26457000 |     1 | 0x80039 |                0 |               1 | NON_WRITE_REQ | 0b0000000010 | 0b1100000000
    26472000 |     1 | 0x8003a |                0 |               1 | NON_WRITE_REQ | 0b0000000010 | 0b1100000000
    26474000 |     1 | 0x8003b |                0 |               1 | NON_WRITE_REQ | 0b0000000010 | 0b1100000000
    26482000 |     1 | 0x8003c |                0 |               1 | NON_WRITE_REQ | 0b0000000010 | 0b1100000000
    27052000 |     1 | 0x8003d |                0 |               1 | NON_WRITE_REQ | 0b0000000010 | 0b1100000000
    27067000 |     1 | 0x8003e |                0 |               1 | NON_WRITE_REQ | 0b0000000010 | 0b1100000000
    27069000 |     1 | 0x8003f |                0 |               1 | NON_WRITE_REQ | 0b0000000010 | 0b1100000000
    28882000 |     9 | 0x81cc0 |                1 |               0 | WRITE_NO_VALID_READ | 0b1000000000 | 0b1100000000
    28897000 |     9 | 0x81cc1 |                1 |               0 | WRITE_NO_VALID_READ | 0b1000000000 | 0b1100000000
    28919000 |     9 | 0x81cc2 |                1 |               0 | WRITE_NO_VALID_READ | 0b1000000000 | 0b1100000000
    28922000 |     9 | 0x81cc3 |                1 |               0 | WRITE_NO_VALID_READ | 0b1000000000 | 0b1100000000
    28924000 |     9 | 0x81cc4 |                1 |               0 | WRITE_NO_VALID_READ | 0b1000000000 | 0b1100000000
    28927000 |     9 | 0x81cc5 |                1 |               0 | WRITE_NO_VALID_READ | 0b1000000000 | 0b1100000000
    28929000 |     9 | 0x81cc6 |                1 |               0 | WRITE_NO_VALID_READ | 0b1000000000 | 0b1100000000
    28932000 |     9 | 0x81cc7 |                1 |               0 | WRITE_NO_VALID_READ | 0b1000000000 | 0b1100000000
    28934000 |     9 | 0x81cc8 |                1 |               0 | WRITE_NO_VALID_READ | 0b1000000000 | 0b1100000000
    28937000 |     9 | 0x81cc9 |                1 |               0 | WRITE_NO_VALID_READ | 0b1000000000 | 0b1100000000
    28939000 |     9 | 0x81cca |                1 |               0 | WRITE_NO_VALID_READ | 0b1000000000 | 0b1100000000
    28942000 |     9 | 0x81ccb |                1 |               0 | WRITE_NO_VALID_READ | 0b1000000000 | 0b1100000000
    28944000 |     9 | 0x81ccc |                1 |               0 | WRITE_NO_VALID_READ | 0b1000000000 | 0b1100000000
    28947000 |     9 | 0x81ccd |                1 |               0 | WRITE_NO_VALID_READ | 0b1000000000 | 0b1100000000
    28949000 |     9 | 0x81cce |                1 |               0 | WRITE_NO_VALID_READ | 0b1000000000 | 0b1100000000
    28952000 |     9 | 0x81ccf |                1 |               0 | WRITE_NO_VALID_READ | 0b1000000000 | 0b1100000000
    28954000 |     9 | 0x81cd0 |                1 |               0 | WRITE_NO_VALID_READ | 0b1000000000 | 0b1100000000
    28957000 |     9 | 0x81cd1 |                1 |               0 | WRITE_NO_VALID_READ | 0b1000000000 | 0b1100000000
    28959000 |     9 | 0x81cd2 |                1 |               0 | WRITE_NO_VALID_READ | 0b1000000000 | 0b1100000000
    28962000 |     9 | 0x81cd3 |                1 |               0 | WRITE_NO_VALID_READ | 0b1000000000 | 0b1100000000
    28964000 |     9 | 0x81cd4 |                1 |               0 | WRITE_NO_VALID_READ | 0b1000000000 | 0b1100000000
    28967000 |     9 | 0x81cd5 |                1 |               0 | WRITE_NO_VALID_READ | 0b1000000000 | 0b1100000000
    28969000 |     9 | 0x81cd6 |                1 |               0 | WRITE_NO_VALID_READ | 0b1000000000 | 0b1100000000
    28972000 |     9 | 0x81cd7 |                1 |               0 | WRITE_NO_VALID_READ | 0b1000000000 | 0b1100000000
    28974000 |     9 | 0x81cd8 |                1 |               0 | WRITE_NO_VALID_READ | 0b1000000000 | 0b1100000000
    28977000 |     9 | 0x81cd9 |                1 |               0 | WRITE_NO_VALID_READ | 0b1000000000 | 0b1100000000
    28979000 |     9 | 0x81cda |                1 |               0 | WRITE_NO_VALID_READ | 0b1000000000 | 0b1100000000
    28982000 |     9 | 0x81cdb |                1 |               0 | WRITE_NO_VALID_READ | 0b1000000000 | 0b1100000000
    28984000 |     9 | 0x81cdc |                1 |               0 | WRITE_NO_VALID_READ | 0b1000000000 | 0b1100000000
    28987000 |     9 | 0x81cdd |                1 |               0 | WRITE_NO_VALID_READ | 0b1000000000 | 0b1100000000
    28989000 |     9 | 0x81cde |                1 |               0 | WRITE_NO_VALID_READ | 0b1000000000 | 0b1100000000
    28994000 |     9 | 0x81cdf |                1 |               0 | WRITE_NO_VALID_READ | 0b1000000000 | 0b1100000000
    28999000 |     9 | 0x81ce0 |                1 |               0 | WRITE_NO_VALID_READ | 0b1000000000 | 0b1100000000
    29004000 |     9 | 0x81ce1 |                1 |               0 | WRITE_NO_VALID_READ | 0b1000000000 | 0b1100000000
    29009000 |     9 | 0x81ce2 |                1 |               0 | WRITE_NO_VALID_READ | 0b1000000000 | 0b1100000000
    29014000 |     9 | 0x81ce3 |                1 |               0 | WRITE_NO_VALID_READ | 0b1000000000 | 0b1100000000
    29019000 |     9 | 0x81ce4 |                1 |               0 | WRITE_NO_VALID_READ | 0b1000000000 | 0b1100000000
    29024000 |     9 | 0x81ce5 |                1 |               0 | WRITE_NO_VALID_READ | 0b1000000000 | 0b1100000000
    29029000 |     9 | 0x81ce6 |                1 |               0 | WRITE_NO_VALID_READ | 0b1000000000 | 0b1100000000
    29034000 |     9 | 0x81ce7 |                1 |               0 | WRITE_NO_VALID_READ | 0b1000000000 | 0b1100000000
    29039000 |     9 | 0x81ce8 |                1 |               0 | WRITE_NO_VALID_READ | 0b1000000000 | 0b1100000000
    29044000 |     9 | 0x81ce9 |                1 |               0 | WRITE_NO_VALID_READ | 0b1000000000 | 0b1100000000
    29049000 |     9 | 0x81cea |                1 |               0 | WRITE_NO_VALID_READ | 0b1000000000 | 0b1100000000
    29054000 |     9 | 0x81ceb |                1 |               0 | WRITE_NO_VALID_READ | 0b1000000000 | 0b1100000000
    29059000 |     9 | 0x81cec |                1 |               0 | WRITE_NO_VALID_READ | 0b1000000000 | 0b1100000000
    29064000 |     9 | 0x81ced |                1 |               0 | WRITE_NO_VALID_READ | 0b1000000000 | 0b1100000000
    29069000 |     9 | 0x81cee |                1 |               0 | WRITE_NO_VALID_READ | 0b1000000000 | 0b1100000000
    29074000 |     9 | 0x81cef |                1 |               0 | WRITE_NO_VALID_READ | 0b1000000000 | 0b1100000000
    29079000 |     9 | 0x81cf0 |                1 |               0 | WRITE_NO_VALID_READ | 0b1000000000 | 0b1100000000
    29084000 |     9 | 0x81cf1 |                1 |               0 | WRITE_NO_VALID_READ | 0b1000000000 | 0b1100000000
    29089000 |     9 | 0x81cf2 |                1 |               0 | WRITE_NO_VALID_READ | 0b1000000000 | 0b1100000000
    29094000 |     9 | 0x81cf3 |                1 |               0 | WRITE_NO_VALID_READ | 0b1000000000 | 0b1100000000
    29099000 |     9 | 0x81cf4 |                1 |               0 | WRITE_NO_VALID_READ | 0b1000000000 | 0b1100000000
    29104000 |     9 | 0x81cf5 |                1 |               0 | WRITE_NO_VALID_READ | 0b1000000000 | 0b1100000000
    29109000 |     9 | 0x81cf6 |                1 |               0 | WRITE_NO_VALID_READ | 0b1000000000 | 0b1100000000
    29114000 |     9 | 0x81cf7 |                1 |               0 | WRITE_NO_VALID_READ | 0b1000000000 | 0b1100000000
    29119000 |     9 | 0x81cf8 |                1 |               0 | WRITE_NO_VALID_READ | 0b1000000000 | 0b1100000000
    29124000 |     9 | 0x81cf9 |                1 |               0 | WRITE_NO_VALID_READ | 0b1000000000 | 0b1100000000
    29129000 |     9 | 0x81cfa |                1 |               0 | WRITE_NO_VALID_READ | 0b1000000000 | 0b1100000000
    29134000 |     9 | 0x81cfb |                1 |               0 | WRITE_NO_VALID_READ | 0b1000000000 | 0b1100000000
    29139000 |     9 | 0x81cfc |                1 |               0 | WRITE_NO_VALID_READ | 0b1000000000 | 0b1100000000
    29144000 |     9 | 0x81cfd |                1 |               0 | WRITE_NO_VALID_READ | 0b1000000000 | 0b1100000000
    29149000 |     9 | 0x81cfe |                1 |               0 | WRITE_NO_VALID_READ | 0b1000000000 | 0b1100000000
[29152000] INFO: slice completed (cycle=15532)
    29154000 |     9 | 0x81cff |                1 |               0 | WRITE_NO_VALID_READ | 0b1000000000 | 0b1100000000
# Total handshakes: 256
