# Bank Frame Channel Monitor - Slice[0] Bank[1]
# Format: Time(ns) | CycleFromSliceStart | Row(dec) | Col(dec) | RW(0:R,1:W) | StartFrame | EndFrame | Data(hex128) | Addr(hex)
# ========================================
[12244000] INFO: slice start (cycle=0)
    12267000 |       17 |    0 |   0 | 0(R) | 1 | 0 | 0x00000000000000000000000000000000 | 0x000000
    12269000 |       19 |    0 |   1 | 0(R) | 0 | 0 | 0x00000000000000000000000000000000 | 0x000001
    12292000 |       37 |    0 |   2 | 0(R) | 0 | 0 | 0x00000000000000000000000000000000 | 0x000002
    12294000 |       39 |    0 |   3 | 0(R) | 0 | 0 | 0x00000000000000000000000000000000 | 0x000003
    12297000 |       41 |    0 |   4 | 0(R) | 0 | 0 | 0x00000000000000000000000000000000 | 0x000004
    12299000 |       43 |    0 |   5 | 0(R) | 0 | 0 | 0x00000000000000000000000000000000 | 0x000005
    12302000 |       45 |    0 |   6 | 0(R) | 0 | 0 | 0x00000000000000000000000000000000 | 0x000006
    12304000 |       47 |    0 |   7 | 0(R) | 0 | 0 | 0x00000000000000000000000000000000 | 0x000007
    12329000 |       67 |    0 |   8 | 0(R) | 0 | 0 | 0x00000000000000000000000000000000 | 0x000008
    12332000 |       69 |    0 |   9 | 0(R) | 0 | 0 | 0x00000000000000000000000000000000 | 0x000009
    12334000 |       71 |    0 |  10 | 0(R) | 0 | 0 | 0x00000000000000000000000000000000 | 0x00000a
    12337000 |       73 |    0 |  11 | 0(R) | 0 | 0 | 0x00000000000000000000000000000000 | 0x00000b
    12347000 |       81 |    0 |  12 | 0(R) | 0 | 0 | 0x00000000000000000000000000000000 | 0x00000c
    12392000 |      117 |    0 |  13 | 0(R) | 0 | 0 | 0x00000000000000000000000000000000 | 0x00000d
    12407000 |      129 |    0 |  14 | 0(R) | 0 | 0 | 0x00000000000000000000000000000000 | 0x00000e
    12409000 |      131 |    0 |  15 | 0(R) | 0 | 0 | 0x00000000000000000000000000000000 | 0x00000f
    12417000 |      137 |    0 |  16 | 0(R) | 0 | 0 | 0x00000000000000000000000000000000 | 0x000010
    12477000 |      185 |    0 |  17 | 0(R) | 0 | 0 | 0x00000000000000000000000000000000 | 0x000011
    12492000 |      197 |    0 |  18 | 0(R) | 0 | 0 | 0x00000000000000000000000000000000 | 0x000012
    12494000 |      199 |    0 |  19 | 0(R) | 0 | 0 | 0x00000000000000000000000000000000 | 0x000013
    12502000 |      205 |    0 |  20 | 0(R) | 0 | 0 | 0x00000000000000000000000000000000 | 0x000014
    12562000 |      253 |    0 |  21 | 0(R) | 0 | 0 | 0x00000000000000000000000000000000 | 0x000015
    12577000 |      265 |    0 |  22 | 0(R) | 0 | 0 | 0x00000000000000000000000000000000 | 0x000016
    12579000 |      267 |    0 |  23 | 0(R) | 0 | 0 | 0x00000000000000000000000000000000 | 0x000017
    12587000 |      273 |    0 |  24 | 0(R) | 0 | 0 | 0x00000000000000000000000000000000 | 0x000018
    12647000 |      321 |    0 |  25 | 0(R) | 0 | 0 | 0x00000000000000000000000000000000 | 0x000019
    12662000 |      333 |    0 |  26 | 0(R) | 0 | 0 | 0x00000000000000000000000000000000 | 0x00001a
    12664000 |      335 |    0 |  27 | 0(R) | 0 | 0 | 0x00000000000000000000000000000000 | 0x00001b
    12672000 |      341 |    0 |  28 | 0(R) | 0 | 0 | 0x00000000000000000000000000000000 | 0x00001c
    12732000 |      389 |    0 |  29 | 0(R) | 0 | 0 | 0x00000000000000000000000000000000 | 0x00001d
    12747000 |      401 |    0 |  30 | 0(R) | 0 | 0 | 0x00000000000000000000000000000000 | 0x00001e
    12749000 |      403 |    0 |  31 | 0(R) | 0 | 0 | 0x00000000000000000000000000000000 | 0x00001f
    12757000 |      409 |    0 |  32 | 0(R) | 0 | 0 | 0x00000000000000000000000000000000 | 0x000020
    12817000 |      457 |    0 |  33 | 0(R) | 0 | 0 | 0x00000000000000000000000000000000 | 0x000021
    12832000 |      469 |    0 |  34 | 0(R) | 0 | 0 | 0x00000000000000000000000000000000 | 0x000022
    12834000 |      471 |    0 |  35 | 0(R) | 0 | 0 | 0x00000000000000000000000000000000 | 0x000023
    12842000 |      477 |    0 |  36 | 0(R) | 0 | 0 | 0x00000000000000000000000000000000 | 0x000024
    12902000 |      525 |    0 |  37 | 0(R) | 0 | 0 | 0x00000000000000000000000000000000 | 0x000025
    12917000 |      537 |    0 |  38 | 0(R) | 0 | 0 | 0x00000000000000000000000000000000 | 0x000026
    12919000 |      539 |    0 |  39 | 0(R) | 0 | 0 | 0x00000000000000000000000000000000 | 0x000027
    12927000 |      545 |    0 |  40 | 0(R) | 0 | 0 | 0x00000000000000000000000000000000 | 0x000028
    12987000 |      593 |    0 |  41 | 0(R) | 0 | 0 | 0x00000000000000000000000000000000 | 0x000029
    13002000 |      605 |    0 |  42 | 0(R) | 0 | 0 | 0x00000000000000000000000000000000 | 0x00002a
    13004000 |      607 |    0 |  43 | 0(R) | 0 | 0 | 0x00000000000000000000000000000000 | 0x00002b
    13012000 |      613 |    0 |  44 | 0(R) | 0 | 0 | 0x00000000000000000000000000000000 | 0x00002c
    13072000 |      661 |    0 |  45 | 0(R) | 0 | 0 | 0x00000000000000000000000000000000 | 0x00002d
    13087000 |      673 |    0 |  46 | 0(R) | 0 | 0 | 0x00000000000000000000000000000000 | 0x00002e
    13089000 |      675 |    0 |  47 | 0(R) | 0 | 0 | 0x00000000000000000000000000000000 | 0x00002f
    13097000 |      681 |    0 |  48 | 0(R) | 0 | 0 | 0x00000000000000000000000000000000 | 0x000030
    13157000 |      729 |    0 |  49 | 0(R) | 0 | 0 | 0x00000000000000000000000000000000 | 0x000031
    13172000 |      741 |    0 |  50 | 0(R) | 0 | 0 | 0x00000000000000000000000000000000 | 0x000032
    13174000 |      743 |    0 |  51 | 0(R) | 0 | 0 | 0x00000000000000000000000000000000 | 0x000033
    13182000 |      749 |    0 |  52 | 0(R) | 0 | 0 | 0x00000000000000000000000000000000 | 0x000034
    13242000 |      797 |    0 |  53 | 0(R) | 0 | 0 | 0x00000000000000000000000000000000 | 0x000035
    13257000 |      809 |    0 |  54 | 0(R) | 0 | 0 | 0x00000000000000000000000000000000 | 0x000036
    13259000 |      811 |    0 |  55 | 0(R) | 0 | 0 | 0x00000000000000000000000000000000 | 0x000037
    13267000 |      817 |    0 |  56 | 0(R) | 0 | 0 | 0x00000000000000000000000000000000 | 0x000038
    13327000 |      865 |    0 |  57 | 0(R) | 0 | 0 | 0x00000000000000000000000000000000 | 0x000039
    13342000 |      877 |    0 |  58 | 0(R) | 0 | 0 | 0x00000000000000000000000000000000 | 0x00003a
    13344000 |      879 |    0 |  59 | 0(R) | 0 | 0 | 0x00000000000000000000000000000000 | 0x00003b
    13352000 |      885 |    0 |  60 | 0(R) | 0 | 0 | 0x00000000000000000000000000000000 | 0x00003c
    13412000 |      933 |    0 |  61 | 0(R) | 0 | 0 | 0x00000000000000000000000000000000 | 0x00003d
    13427000 |      945 |    0 |  62 | 0(R) | 0 | 0 | 0x00000000000000000000000000000000 | 0x00003e
    13429000 |      947 |    0 |  63 | 0(R) | 0 | 0 | 0x00000000000000000000000000000000 | 0x00003f
    13437000 |      953 |    0 |  63 | 0(R) | 0 | 1 | 0x00000000000000000000000000000000 | 0x00003f
[13437000] INFO: Row Change (cycle=953, total=1)
    13439000 |      955 |    1 |   0 | 0(R) | 1 | 0 | 0x00000000000000000000000000000000 | 0x000040
    13497000 |     1001 |    1 |   1 | 0(R) | 0 | 0 | 0x00000000000000000000000000000000 | 0x000041
    13512000 |     1013 |    1 |   2 | 0(R) | 0 | 0 | 0x00000000000000000000000000000000 | 0x000042
    13514000 |     1015 |    1 |   3 | 0(R) | 0 | 0 | 0x00000000000000000000000000000000 | 0x000043
    13522000 |     1021 |    1 |   4 | 0(R) | 0 | 0 | 0x00000000000000000000000000000000 | 0x000044
    13582000 |     1069 |    1 |   5 | 0(R) | 0 | 0 | 0x00000000000000000000000000000000 | 0x000045
    13597000 |     1081 |    1 |   6 | 0(R) | 0 | 0 | 0x00000000000000000000000000000000 | 0x000046
    13599000 |     1083 |    1 |   7 | 0(R) | 0 | 0 | 0x00000000000000000000000000000000 | 0x000047
    13607000 |     1089 |    1 |   8 | 0(R) | 0 | 0 | 0x00000000000000000000000000000000 | 0x000048
    13667000 |     1137 |    1 |   9 | 0(R) | 0 | 0 | 0x00000000000000000000000000000000 | 0x000049
    13682000 |     1149 |    1 |  10 | 0(R) | 0 | 0 | 0x00000000000000000000000000000000 | 0x00004a
    13684000 |     1151 |    1 |  11 | 0(R) | 0 | 0 | 0x00000000000000000000000000000000 | 0x00004b
    13692000 |     1157 |    1 |  12 | 0(R) | 0 | 0 | 0x00000000000000000000000000000000 | 0x00004c
    13752000 |     1205 |    1 |  13 | 0(R) | 0 | 0 | 0x00000000000000000000000000000000 | 0x00004d
    13767000 |     1217 |    1 |  14 | 0(R) | 0 | 0 | 0x00000000000000000000000000000000 | 0x00004e
    13769000 |     1219 |    1 |  15 | 0(R) | 0 | 0 | 0x00000000000000000000000000000000 | 0x00004f
    13777000 |     1225 |    1 |  16 | 0(R) | 0 | 0 | 0x00000000000000000000000000000000 | 0x000050
    13837000 |     1273 |    1 |  17 | 0(R) | 0 | 0 | 0x00000000000000000000000000000000 | 0x000051
    13852000 |     1285 |    1 |  18 | 0(R) | 0 | 0 | 0x00000000000000000000000000000000 | 0x000052
    13854000 |     1287 |    1 |  19 | 0(R) | 0 | 0 | 0x00000000000000000000000000000000 | 0x000053
    13862000 |     1293 |    1 |  20 | 0(R) | 0 | 0 | 0x00000000000000000000000000000000 | 0x000054
    13922000 |     1341 |    1 |  21 | 0(R) | 0 | 0 | 0x00000000000000000000000000000000 | 0x000055
    13937000 |     1353 |    1 |  22 | 0(R) | 0 | 0 | 0x00000000000000000000000000000000 | 0x000056
    13939000 |     1355 |    1 |  23 | 0(R) | 0 | 0 | 0x00000000000000000000000000000000 | 0x000057
    13947000 |     1361 |    1 |  24 | 0(R) | 0 | 0 | 0x00000000000000000000000000000000 | 0x000058
    14007000 |     1409 |    1 |  25 | 0(R) | 0 | 0 | 0x00000000000000000000000000000000 | 0x000059
    14022000 |     1421 |    1 |  26 | 0(R) | 0 | 0 | 0x00000000000000000000000000000000 | 0x00005a
    14024000 |     1423 |    1 |  27 | 0(R) | 0 | 0 | 0x00000000000000000000000000000000 | 0x00005b
    14032000 |     1429 |    1 |  28 | 0(R) | 0 | 0 | 0x00000000000000000000000000000000 | 0x00005c
    14092000 |     1477 |    1 |  29 | 0(R) | 0 | 0 | 0x00000000000000000000000000000000 | 0x00005d
    14107000 |     1489 |    1 |  30 | 0(R) | 0 | 0 | 0x00000000000000000000000000000000 | 0x00005e
    14109000 |     1491 |    1 |  31 | 0(R) | 0 | 0 | 0x00000000000000000000000000000000 | 0x00005f
    14117000 |     1497 |    1 |  32 | 0(R) | 0 | 0 | 0x00000000000000000000000000000000 | 0x000060
    14177000 |     1545 |    1 |  33 | 0(R) | 0 | 0 | 0x00000000000000000000000000000000 | 0x000061
    14192000 |     1557 |    1 |  34 | 0(R) | 0 | 0 | 0x00000000000000000000000000000000 | 0x000062
    14194000 |     1559 |    1 |  35 | 0(R) | 0 | 0 | 0x00000000000000000000000000000000 | 0x000063
    14202000 |     1565 |    1 |  36 | 0(R) | 0 | 0 | 0x00000000000000000000000000000000 | 0x000064
    14262000 |     1613 |    1 |  37 | 0(R) | 0 | 0 | 0x00000000000000000000000000000000 | 0x000065
    14277000 |     1625 |    1 |  38 | 0(R) | 0 | 0 | 0x00000000000000000000000000000000 | 0x000066
    14279000 |     1627 |    1 |  39 | 0(R) | 0 | 0 | 0x00000000000000000000000000000000 | 0x000067
    14287000 |     1633 |    1 |  40 | 0(R) | 0 | 0 | 0x00000000000000000000000000000000 | 0x000068
    14347000 |     1681 |    1 |  41 | 0(R) | 0 | 0 | 0x00000000000000000000000000000000 | 0x000069
    14362000 |     1693 |    1 |  42 | 0(R) | 0 | 0 | 0x00000000000000000000000000000000 | 0x00006a
    14364000 |     1695 |    1 |  43 | 0(R) | 0 | 0 | 0x00000000000000000000000000000000 | 0x00006b
    14372000 |     1701 |    1 |  44 | 0(R) | 0 | 0 | 0x00000000000000000000000000000000 | 0x00006c
    14432000 |     1749 |    1 |  45 | 0(R) | 0 | 0 | 0x00000000000000000000000000000000 | 0x00006d
    14447000 |     1761 |    1 |  46 | 0(R) | 0 | 0 | 0x00000000000000000000000000000000 | 0x00006e
    14449000 |     1763 |    1 |  47 | 0(R) | 0 | 0 | 0x00000000000000000000000000000000 | 0x00006f
    14457000 |     1769 |    1 |  48 | 0(R) | 0 | 0 | 0x00000000000000000000000000000000 | 0x000070
    14517000 |     1817 |    1 |  49 | 0(R) | 0 | 0 | 0x00000000000000000000000000000000 | 0x000071
    14532000 |     1829 |    1 |  50 | 0(R) | 0 | 0 | 0x00000000000000000000000000000000 | 0x000072
    14534000 |     1831 |    1 |  51 | 0(R) | 0 | 0 | 0x00000000000000000000000000000000 | 0x000073
    14542000 |     1837 |    1 |  52 | 0(R) | 0 | 0 | 0x00000000000000000000000000000000 | 0x000074
    14602000 |     1885 |    1 |  53 | 0(R) | 0 | 0 | 0x00000000000000000000000000000000 | 0x000075
    14617000 |     1897 |    1 |  54 | 0(R) | 0 | 0 | 0x00000000000000000000000000000000 | 0x000076
    14619000 |     1899 |    1 |  55 | 0(R) | 0 | 0 | 0x00000000000000000000000000000000 | 0x000077
    14627000 |     1905 |    1 |  56 | 0(R) | 0 | 0 | 0x00000000000000000000000000000000 | 0x000078
    14687000 |     1953 |    1 |  57 | 0(R) | 0 | 0 | 0x00000000000000000000000000000000 | 0x000079
    14702000 |     1965 |    1 |  58 | 0(R) | 0 | 0 | 0x00000000000000000000000000000000 | 0x00007a
    14704000 |     1967 |    1 |  59 | 0(R) | 0 | 0 | 0x00000000000000000000000000000000 | 0x00007b
    14712000 |     1973 |    1 |  60 | 0(R) | 0 | 0 | 0x00000000000000000000000000000000 | 0x00007c
    14772000 |     2021 |    1 |  61 | 0(R) | 0 | 0 | 0x00000000000000000000000000000000 | 0x00007d
    14787000 |     2033 |    1 |  62 | 0(R) | 0 | 0 | 0x00000000000000000000000000000000 | 0x00007e
    14789000 |     2035 |    1 |  63 | 0(R) | 0 | 0 | 0x00000000000000000000000000000000 | 0x00007f
    14797000 |     2041 |    1 |  63 | 0(R) | 0 | 1 | 0x00000000000000000000000000000000 | 0x00007f
[14797000] INFO: Row Change (cycle=2041, total=2)
    14799000 |     2043 |    2 |   0 | 0(R) | 1 | 0 | 0x00000000000000000000000000000000 | 0x000080
    14857000 |     2089 |    2 |   1 | 0(R) | 0 | 0 | 0x00000000000000000000000000000000 | 0x000081
    14872000 |     2101 |    2 |   2 | 0(R) | 0 | 0 | 0x00000000000000000000000000000000 | 0x000082
    14874000 |     2103 |    2 |   3 | 0(R) | 0 | 0 | 0x00000000000000000000000000000000 | 0x000083
    14882000 |     2109 |    2 |   4 | 0(R) | 0 | 0 | 0x00000000000000000000000000000000 | 0x000084
    14942000 |     2157 |    2 |   5 | 0(R) | 0 | 0 | 0x00000000000000000000000000000000 | 0x000085
    14957000 |     2169 |    2 |   6 | 0(R) | 0 | 0 | 0x00000000000000000000000000000000 | 0x000086
    14959000 |     2171 |    2 |   7 | 0(R) | 0 | 0 | 0x00000000000000000000000000000000 | 0x000087
    14967000 |     2177 |    2 |   8 | 0(R) | 0 | 0 | 0x00000000000000000000000000000000 | 0x000088
    15027000 |     2225 |    2 |   9 | 0(R) | 0 | 0 | 0x00000000000000000000000000000000 | 0x000089
    15042000 |     2237 |    2 |  10 | 0(R) | 0 | 0 | 0x00000000000000000000000000000000 | 0x00008a
    15044000 |     2239 |    2 |  11 | 0(R) | 0 | 0 | 0x00000000000000000000000000000000 | 0x00008b
    15052000 |     2245 |    2 |  12 | 0(R) | 0 | 0 | 0x00000000000000000000000000000000 | 0x00008c
    15112000 |     2293 |    2 |  13 | 0(R) | 0 | 0 | 0x00000000000000000000000000000000 | 0x00008d
    15127000 |     2305 |    2 |  14 | 0(R) | 0 | 0 | 0x00000000000000000000000000000000 | 0x00008e
    15129000 |     2307 |    2 |  15 | 0(R) | 0 | 0 | 0x00000000000000000000000000000000 | 0x00008f
    15137000 |     2313 |    2 |  16 | 0(R) | 0 | 0 | 0x00000000000000000000000000000000 | 0x000090
    15197000 |     2361 |    2 |  17 | 0(R) | 0 | 0 | 0x00000000000000000000000000000000 | 0x000091
    15212000 |     2373 |    2 |  18 | 0(R) | 0 | 0 | 0x00000000000000000000000000000000 | 0x000092
    15214000 |     2375 |    2 |  19 | 0(R) | 0 | 0 | 0x00000000000000000000000000000000 | 0x000093
    15222000 |     2381 |    2 |  20 | 0(R) | 0 | 0 | 0x00000000000000000000000000000000 | 0x000094
    15282000 |     2429 |    2 |  21 | 0(R) | 0 | 0 | 0x00000000000000000000000000000000 | 0x000095
    15297000 |     2441 |    2 |  22 | 0(R) | 0 | 0 | 0x00000000000000000000000000000000 | 0x000096
    15299000 |     2443 |    2 |  23 | 0(R) | 0 | 0 | 0x00000000000000000000000000000000 | 0x000097
    15307000 |     2449 |    2 |  24 | 0(R) | 0 | 0 | 0x00000000000000000000000000000000 | 0x000098
    15367000 |     2497 |    2 |  25 | 0(R) | 0 | 0 | 0x00000000000000000000000000000000 | 0x000099
    15382000 |     2509 |    2 |  26 | 0(R) | 0 | 0 | 0x00000000000000000000000000000000 | 0x00009a
    15384000 |     2511 |    2 |  27 | 0(R) | 0 | 0 | 0x00000000000000000000000000000000 | 0x00009b
    15392000 |     2517 |    2 |  28 | 0(R) | 0 | 0 | 0x00000000000000000000000000000000 | 0x00009c
    15452000 |     2565 |    2 |  29 | 0(R) | 0 | 0 | 0x00000000000000000000000000000000 | 0x00009d
    15467000 |     2577 |    2 |  30 | 0(R) | 0 | 0 | 0x00000000000000000000000000000000 | 0x00009e
    15469000 |     2579 |    2 |  31 | 0(R) | 0 | 0 | 0x00000000000000000000000000000000 | 0x00009f
    15477000 |     2585 |    2 |  32 | 0(R) | 0 | 0 | 0x00000000000000000000000000000000 | 0x0000a0
    15537000 |     2633 |    2 |  33 | 0(R) | 0 | 0 | 0x00000000000000000000000000000000 | 0x0000a1
    15552000 |     2645 |    2 |  34 | 0(R) | 0 | 0 | 0x00000000000000000000000000000000 | 0x0000a2
    15554000 |     2647 |    2 |  35 | 0(R) | 0 | 0 | 0x00000000000000000000000000000000 | 0x0000a3
    15562000 |     2653 |    2 |  36 | 0(R) | 0 | 0 | 0x00000000000000000000000000000000 | 0x0000a4
    15622000 |     2701 |    2 |  37 | 0(R) | 0 | 0 | 0x00000000000000000000000000000000 | 0x0000a5
    15637000 |     2713 |    2 |  38 | 0(R) | 0 | 0 | 0x00000000000000000000000000000000 | 0x0000a6
    15639000 |     2715 |    2 |  39 | 0(R) | 0 | 0 | 0x00000000000000000000000000000000 | 0x0000a7
    15647000 |     2721 |    2 |  40 | 0(R) | 0 | 0 | 0x00000000000000000000000000000000 | 0x0000a8
    15707000 |     2769 |    2 |  41 | 0(R) | 0 | 0 | 0x00000000000000000000000000000000 | 0x0000a9
    15722000 |     2781 |    2 |  42 | 0(R) | 0 | 0 | 0x00000000000000000000000000000000 | 0x0000aa
    15724000 |     2783 |    2 |  43 | 0(R) | 0 | 0 | 0x00000000000000000000000000000000 | 0x0000ab
    15732000 |     2789 |    2 |  44 | 0(R) | 0 | 0 | 0x00000000000000000000000000000000 | 0x0000ac
    15792000 |     2837 |    2 |  45 | 0(R) | 0 | 0 | 0x00000000000000000000000000000000 | 0x0000ad
    15807000 |     2849 |    2 |  46 | 0(R) | 0 | 0 | 0x00000000000000000000000000000000 | 0x0000ae
    15809000 |     2851 |    2 |  47 | 0(R) | 0 | 0 | 0x00000000000000000000000000000000 | 0x0000af
    15817000 |     2857 |    2 |  48 | 0(R) | 0 | 0 | 0x00000000000000000000000000000000 | 0x0000b0
    15877000 |     2905 |    2 |  49 | 0(R) | 0 | 0 | 0x00000000000000000000000000000000 | 0x0000b1
    15892000 |     2917 |    2 |  50 | 0(R) | 0 | 0 | 0x00000000000000000000000000000000 | 0x0000b2
    15894000 |     2919 |    2 |  51 | 0(R) | 0 | 0 | 0x00000000000000000000000000000000 | 0x0000b3
    15902000 |     2925 |    2 |  52 | 0(R) | 0 | 0 | 0x00000000000000000000000000000000 | 0x0000b4
    15962000 |     2973 |    2 |  53 | 0(R) | 0 | 0 | 0x00000000000000000000000000000000 | 0x0000b5
    15977000 |     2985 |    2 |  54 | 0(R) | 0 | 0 | 0x00000000000000000000000000000000 | 0x0000b6
    15979000 |     2987 |    2 |  55 | 0(R) | 0 | 0 | 0x00000000000000000000000000000000 | 0x0000b7
    15987000 |     2993 |    2 |  56 | 0(R) | 0 | 0 | 0x00000000000000000000000000000000 | 0x0000b8
    16047000 |     3041 |    2 |  57 | 0(R) | 0 | 0 | 0x00000000000000000000000000000000 | 0x0000b9
    16062000 |     3053 |    2 |  58 | 0(R) | 0 | 0 | 0x00000000000000000000000000000000 | 0x0000ba
    16064000 |     3055 |    2 |  59 | 0(R) | 0 | 0 | 0x00000000000000000000000000000000 | 0x0000bb
    16072000 |     3061 |    2 |  60 | 0(R) | 0 | 0 | 0x00000000000000000000000000000000 | 0x0000bc
    16132000 |     3109 |    2 |  61 | 0(R) | 0 | 0 | 0x00000000000000000000000000000000 | 0x0000bd
    16147000 |     3121 |    2 |  62 | 0(R) | 0 | 0 | 0x00000000000000000000000000000000 | 0x0000be
    16149000 |     3123 |    2 |  63 | 0(R) | 0 | 0 | 0x00000000000000000000000000000000 | 0x0000bf
    16157000 |     3129 |    2 |  63 | 0(R) | 0 | 1 | 0x00000000000000000000000000000000 | 0x0000bf
[16157000] INFO: Row Change (cycle=3129, total=3)
    16159000 |     3131 |    3 |   0 | 0(R) | 1 | 0 | 0x00000000000000000000000000000000 | 0x0000c0
    16217000 |     3177 |    3 |   1 | 0(R) | 0 | 0 | 0x00000000000000000000000000000000 | 0x0000c1
    16232000 |     3189 |    3 |   2 | 0(R) | 0 | 0 | 0x00000000000000000000000000000000 | 0x0000c2
    16234000 |     3191 |    3 |   3 | 0(R) | 0 | 0 | 0x00000000000000000000000000000000 | 0x0000c3
    16242000 |     3197 |    3 |   4 | 0(R) | 0 | 0 | 0x00000000000000000000000000000000 | 0x0000c4
    16302000 |     3245 |    3 |   5 | 0(R) | 0 | 0 | 0x00000000000000000000000000000000 | 0x0000c5
    16317000 |     3257 |    3 |   6 | 0(R) | 0 | 0 | 0x00000000000000000000000000000000 | 0x0000c6
    16319000 |     3259 |    3 |   7 | 0(R) | 0 | 0 | 0x00000000000000000000000000000000 | 0x0000c7
    16327000 |     3265 |    3 |   8 | 0(R) | 0 | 0 | 0x00000000000000000000000000000000 | 0x0000c8
    16387000 |     3313 |    3 |   9 | 0(R) | 0 | 0 | 0x00000000000000000000000000000000 | 0x0000c9
    16402000 |     3325 |    3 |  10 | 0(R) | 0 | 0 | 0x00000000000000000000000000000000 | 0x0000ca
    16404000 |     3327 |    3 |  11 | 0(R) | 0 | 0 | 0x00000000000000000000000000000000 | 0x0000cb
    16412000 |     3333 |    3 |  12 | 0(R) | 0 | 0 | 0x00000000000000000000000000000000 | 0x0000cc
    16472000 |     3381 |    3 |  13 | 0(R) | 0 | 0 | 0x00000000000000000000000000000000 | 0x0000cd
    16487000 |     3393 |    3 |  14 | 0(R) | 0 | 0 | 0x00000000000000000000000000000000 | 0x0000ce
    16489000 |     3395 |    3 |  15 | 0(R) | 0 | 0 | 0x00000000000000000000000000000000 | 0x0000cf
    16497000 |     3401 |    3 |  16 | 0(R) | 0 | 0 | 0x00000000000000000000000000000000 | 0x0000d0
    16557000 |     3449 |    3 |  17 | 0(R) | 0 | 0 | 0x00000000000000000000000000000000 | 0x0000d1
    16572000 |     3461 |    3 |  18 | 0(R) | 0 | 0 | 0x00000000000000000000000000000000 | 0x0000d2
    16574000 |     3463 |    3 |  19 | 0(R) | 0 | 0 | 0x00000000000000000000000000000000 | 0x0000d3
    16582000 |     3469 |    3 |  20 | 0(R) | 0 | 0 | 0x00000000000000000000000000000000 | 0x0000d4
    16642000 |     3517 |    3 |  21 | 0(R) | 0 | 0 | 0x00000000000000000000000000000000 | 0x0000d5
    16657000 |     3529 |    3 |  22 | 0(R) | 0 | 0 | 0x00000000000000000000000000000000 | 0x0000d6
    16659000 |     3531 |    3 |  23 | 0(R) | 0 | 0 | 0x00000000000000000000000000000000 | 0x0000d7
    16667000 |     3537 |    3 |  24 | 0(R) | 0 | 0 | 0x00000000000000000000000000000000 | 0x0000d8
    16727000 |     3585 |    3 |  25 | 0(R) | 0 | 0 | 0x00000000000000000000000000000000 | 0x0000d9
    16742000 |     3597 |    3 |  26 | 0(R) | 0 | 0 | 0x00000000000000000000000000000000 | 0x0000da
    16744000 |     3599 |    3 |  27 | 0(R) | 0 | 0 | 0x00000000000000000000000000000000 | 0x0000db
    16752000 |     3605 |    3 |  28 | 0(R) | 0 | 0 | 0x00000000000000000000000000000000 | 0x0000dc
    16812000 |     3653 |    3 |  29 | 0(R) | 0 | 0 | 0x00000000000000000000000000000000 | 0x0000dd
    16827000 |     3665 |    3 |  30 | 0(R) | 0 | 0 | 0x00000000000000000000000000000000 | 0x0000de
    16829000 |     3667 |    3 |  31 | 0(R) | 0 | 0 | 0x00000000000000000000000000000000 | 0x0000df
    16837000 |     3673 |    3 |  32 | 0(R) | 0 | 0 | 0x00000000000000000000000000000000 | 0x0000e0
    16897000 |     3721 |    3 |  33 | 0(R) | 0 | 0 | 0x00000000000000000000000000000000 | 0x0000e1
    16912000 |     3733 |    3 |  34 | 0(R) | 0 | 0 | 0x00000000000000000000000000000000 | 0x0000e2
    16914000 |     3735 |    3 |  35 | 0(R) | 0 | 0 | 0x00000000000000000000000000000000 | 0x0000e3
    16922000 |     3741 |    3 |  36 | 0(R) | 0 | 0 | 0x00000000000000000000000000000000 | 0x0000e4
    16982000 |     3789 |    3 |  37 | 0(R) | 0 | 0 | 0x00000000000000000000000000000000 | 0x0000e5
    16997000 |     3801 |    3 |  38 | 0(R) | 0 | 0 | 0x00000000000000000000000000000000 | 0x0000e6
    16999000 |     3803 |    3 |  39 | 0(R) | 0 | 0 | 0x00000000000000000000000000000000 | 0x0000e7
    17007000 |     3809 |    3 |  40 | 0(R) | 0 | 0 | 0x00000000000000000000000000000000 | 0x0000e8
    17067000 |     3857 |    3 |  41 | 0(R) | 0 | 0 | 0x00000000000000000000000000000000 | 0x0000e9
    17082000 |     3869 |    3 |  42 | 0(R) | 0 | 0 | 0x00000000000000000000000000000000 | 0x0000ea
    17084000 |     3871 |    3 |  43 | 0(R) | 0 | 0 | 0x00000000000000000000000000000000 | 0x0000eb
    17092000 |     3877 |    3 |  44 | 0(R) | 0 | 0 | 0x00000000000000000000000000000000 | 0x0000ec
    17152000 |     3925 |    3 |  45 | 0(R) | 0 | 0 | 0x00000000000000000000000000000000 | 0x0000ed
    17167000 |     3937 |    3 |  46 | 0(R) | 0 | 0 | 0x00000000000000000000000000000000 | 0x0000ee
    17169000 |     3939 |    3 |  47 | 0(R) | 0 | 0 | 0x00000000000000000000000000000000 | 0x0000ef
    17177000 |     3945 |    3 |  48 | 0(R) | 0 | 0 | 0x00000000000000000000000000000000 | 0x0000f0
    17237000 |     3993 |    3 |  49 | 0(R) | 0 | 0 | 0x00000000000000000000000000000000 | 0x0000f1
    17252000 |     4005 |    3 |  50 | 0(R) | 0 | 0 | 0x00000000000000000000000000000000 | 0x0000f2
    17254000 |     4007 |    3 |  51 | 0(R) | 0 | 0 | 0x00000000000000000000000000000000 | 0x0000f3
    17262000 |     4013 |    3 |  52 | 0(R) | 0 | 0 | 0x00000000000000000000000000000000 | 0x0000f4
    17322000 |     4061 |    3 |  53 | 0(R) | 0 | 0 | 0x00000000000000000000000000000000 | 0x0000f5
    17337000 |     4073 |    3 |  54 | 0(R) | 0 | 0 | 0x00000000000000000000000000000000 | 0x0000f6
    17339000 |     4075 |    3 |  55 | 0(R) | 0 | 0 | 0x00000000000000000000000000000000 | 0x0000f7
    17347000 |     4081 |    3 |  56 | 0(R) | 0 | 0 | 0x00000000000000000000000000000000 | 0x0000f8
    17407000 |     4129 |    3 |  57 | 0(R) | 0 | 0 | 0x00000000000000000000000000000000 | 0x0000f9
    17422000 |     4141 |    3 |  58 | 0(R) | 0 | 0 | 0x00000000000000000000000000000000 | 0x0000fa
    17424000 |     4143 |    3 |  59 | 0(R) | 0 | 0 | 0x00000000000000000000000000000000 | 0x0000fb
    17432000 |     4149 |    3 |  60 | 0(R) | 0 | 0 | 0x00000000000000000000000000000000 | 0x0000fc
    17492000 |     4197 |    3 |  61 | 0(R) | 0 | 0 | 0x00000000000000000000000000000000 | 0x0000fd
    17507000 |     4209 |    3 |  62 | 0(R) | 0 | 0 | 0x00000000000000000000000000000000 | 0x0000fe
    17509000 |     4211 |    3 |  63 | 0(R) | 0 | 0 | 0x00000000000000000000000000000000 | 0x0000ff
    17517000 |     4217 |    3 |  63 | 0(R) | 0 | 1 | 0x00000000000000000000000000000000 | 0x0000ff
[17517000] INFO: Row Change (cycle=4217, total=4)
    17519000 |     4219 |    4 |   0 | 0(R) | 1 | 0 | 0x00000000000000000000000000000000 | 0x000100
    17577000 |     4265 |    4 |   1 | 0(R) | 0 | 0 | 0x00000000000000000000000000000000 | 0x000101
    17592000 |     4277 |    4 |   2 | 0(R) | 0 | 0 | 0x00000000000000000000000000000000 | 0x000102
    17594000 |     4279 |    4 |   3 | 0(R) | 0 | 0 | 0x00000000000000000000000000000000 | 0x000103
    17602000 |     4285 |    4 |   4 | 0(R) | 0 | 0 | 0x00000000000000000000000000000000 | 0x000104
    17662000 |     4333 |    4 |   5 | 0(R) | 0 | 0 | 0x00000000000000000000000000000000 | 0x000105
    17677000 |     4345 |    4 |   6 | 0(R) | 0 | 0 | 0x00000000000000000000000000000000 | 0x000106
    17679000 |     4347 |    4 |   7 | 0(R) | 0 | 0 | 0x00000000000000000000000000000000 | 0x000107
    17687000 |     4353 |    4 |   8 | 0(R) | 0 | 0 | 0x00000000000000000000000000000000 | 0x000108
    17747000 |     4401 |    4 |   9 | 0(R) | 0 | 0 | 0x00000000000000000000000000000000 | 0x000109
    17762000 |     4413 |    4 |  10 | 0(R) | 0 | 0 | 0x00000000000000000000000000000000 | 0x00010a
    17764000 |     4415 |    4 |  11 | 0(R) | 0 | 0 | 0x00000000000000000000000000000000 | 0x00010b
    17772000 |     4421 |    4 |  12 | 0(R) | 0 | 0 | 0x00000000000000000000000000000000 | 0x00010c
    17832000 |     4469 |    4 |  13 | 0(R) | 0 | 0 | 0x00000000000000000000000000000000 | 0x00010d
    17847000 |     4481 |    4 |  14 | 0(R) | 0 | 0 | 0x00000000000000000000000000000000 | 0x00010e
    17849000 |     4483 |    4 |  15 | 0(R) | 0 | 0 | 0x00000000000000000000000000000000 | 0x00010f
    17857000 |     4489 |    4 |  16 | 0(R) | 0 | 0 | 0x00000000000000000000000000000000 | 0x000110
    17917000 |     4537 |    4 |  17 | 0(R) | 0 | 0 | 0x00000000000000000000000000000000 | 0x000111
    17932000 |     4549 |    4 |  18 | 0(R) | 0 | 0 | 0x00000000000000000000000000000000 | 0x000112
    17934000 |     4551 |    4 |  19 | 0(R) | 0 | 0 | 0x00000000000000000000000000000000 | 0x000113
    17942000 |     4557 |    4 |  20 | 0(R) | 0 | 0 | 0x00000000000000000000000000000000 | 0x000114
    18002000 |     4605 |    4 |  21 | 0(R) | 0 | 0 | 0x00000000000000000000000000000000 | 0x000115
    18017000 |     4617 |    4 |  22 | 0(R) | 0 | 0 | 0x00000000000000000000000000000000 | 0x000116
    18019000 |     4619 |    4 |  23 | 0(R) | 0 | 0 | 0x00000000000000000000000000000000 | 0x000117
    18027000 |     4625 |    4 |  24 | 0(R) | 0 | 0 | 0x00000000000000000000000000000000 | 0x000118
    18087000 |     4673 |    4 |  25 | 0(R) | 0 | 0 | 0x00000000000000000000000000000000 | 0x000119
    18102000 |     4685 |    4 |  26 | 0(R) | 0 | 0 | 0x00000000000000000000000000000000 | 0x00011a
    18104000 |     4687 |    4 |  27 | 0(R) | 0 | 0 | 0x00000000000000000000000000000000 | 0x00011b
    18112000 |     4693 |    4 |  28 | 0(R) | 0 | 0 | 0x00000000000000000000000000000000 | 0x00011c
    18172000 |     4741 |    4 |  29 | 0(R) | 0 | 0 | 0x00000000000000000000000000000000 | 0x00011d
    18187000 |     4753 |    4 |  30 | 0(R) | 0 | 0 | 0x00000000000000000000000000000000 | 0x00011e
    18189000 |     4755 |    4 |  31 | 0(R) | 0 | 0 | 0x00000000000000000000000000000000 | 0x00011f
    18197000 |     4761 |    4 |  32 | 0(R) | 0 | 0 | 0x00000000000000000000000000000000 | 0x000120
    18257000 |     4809 |    4 |  33 | 0(R) | 0 | 0 | 0x00000000000000000000000000000000 | 0x000121
    18272000 |     4821 |    4 |  34 | 0(R) | 0 | 0 | 0x00000000000000000000000000000000 | 0x000122
    18274000 |     4823 |    4 |  35 | 0(R) | 0 | 0 | 0x00000000000000000000000000000000 | 0x000123
    18282000 |     4829 |    4 |  36 | 0(R) | 0 | 0 | 0x00000000000000000000000000000000 | 0x000124
    18342000 |     4877 |    4 |  37 | 0(R) | 0 | 0 | 0x00000000000000000000000000000000 | 0x000125
    18357000 |     4889 |    4 |  38 | 0(R) | 0 | 0 | 0x00000000000000000000000000000000 | 0x000126
    18359000 |     4891 |    4 |  39 | 0(R) | 0 | 0 | 0x00000000000000000000000000000000 | 0x000127
    18367000 |     4897 |    4 |  40 | 0(R) | 0 | 0 | 0x00000000000000000000000000000000 | 0x000128
    18427000 |     4945 |    4 |  41 | 0(R) | 0 | 0 | 0x00000000000000000000000000000000 | 0x000129
    18442000 |     4957 |    4 |  42 | 0(R) | 0 | 0 | 0x00000000000000000000000000000000 | 0x00012a
    18444000 |     4959 |    4 |  43 | 0(R) | 0 | 0 | 0x00000000000000000000000000000000 | 0x00012b
    18452000 |     4965 |    4 |  44 | 0(R) | 0 | 0 | 0x00000000000000000000000000000000 | 0x00012c
    18512000 |     5013 |    4 |  45 | 0(R) | 0 | 0 | 0x00000000000000000000000000000000 | 0x00012d
    18527000 |     5025 |    4 |  46 | 0(R) | 0 | 0 | 0x00000000000000000000000000000000 | 0x00012e
    18529000 |     5027 |    4 |  47 | 0(R) | 0 | 0 | 0x00000000000000000000000000000000 | 0x00012f
    18537000 |     5033 |    4 |  48 | 0(R) | 0 | 0 | 0x00000000000000000000000000000000 | 0x000130
    18597000 |     5081 |    4 |  49 | 0(R) | 0 | 0 | 0x00000000000000000000000000000000 | 0x000131
    18612000 |     5093 |    4 |  50 | 0(R) | 0 | 0 | 0x00000000000000000000000000000000 | 0x000132
    18614000 |     5095 |    4 |  51 | 0(R) | 0 | 0 | 0x00000000000000000000000000000000 | 0x000133
    18622000 |     5101 |    4 |  52 | 0(R) | 0 | 0 | 0x00000000000000000000000000000000 | 0x000134
    18682000 |     5149 |    4 |  53 | 0(R) | 0 | 0 | 0x00000000000000000000000000000000 | 0x000135
    18697000 |     5161 |    4 |  54 | 0(R) | 0 | 0 | 0x00000000000000000000000000000000 | 0x000136
    18699000 |     5163 |    4 |  55 | 0(R) | 0 | 0 | 0x00000000000000000000000000000000 | 0x000137
    18707000 |     5169 |    4 |  56 | 0(R) | 0 | 0 | 0x00000000000000000000000000000000 | 0x000138
    18767000 |     5217 |    4 |  57 | 0(R) | 0 | 0 | 0x00000000000000000000000000000000 | 0x000139
    18782000 |     5229 |    4 |  58 | 0(R) | 0 | 0 | 0x00000000000000000000000000000000 | 0x00013a
    18784000 |     5231 |    4 |  59 | 0(R) | 0 | 0 | 0x00000000000000000000000000000000 | 0x00013b
    18792000 |     5237 |    4 |  60 | 0(R) | 0 | 0 | 0x00000000000000000000000000000000 | 0x00013c
    18852000 |     5285 |    4 |  61 | 0(R) | 0 | 0 | 0x00000000000000000000000000000000 | 0x00013d
    18867000 |     5297 |    4 |  62 | 0(R) | 0 | 0 | 0x00000000000000000000000000000000 | 0x00013e
    18869000 |     5299 |    4 |  63 | 0(R) | 0 | 0 | 0x00000000000000000000000000000000 | 0x00013f
    18877000 |     5305 |    4 |  63 | 0(R) | 0 | 1 | 0x00000000000000000000000000000000 | 0x00013f
[18877000] INFO: Row Change (cycle=5305, total=5)
    18879000 |     5307 |    5 |   0 | 0(R) | 1 | 0 | 0x00000000000000000000000000000000 | 0x000140
    18937000 |     5353 |    5 |   1 | 0(R) | 0 | 0 | 0x00000000000000000000000000000000 | 0x000141
    18952000 |     5365 |    5 |   2 | 0(R) | 0 | 0 | 0x00000000000000000000000000000000 | 0x000142
    18954000 |     5367 |    5 |   3 | 0(R) | 0 | 0 | 0x00000000000000000000000000000000 | 0x000143
    18962000 |     5373 |    5 |   4 | 0(R) | 0 | 0 | 0x00000000000000000000000000000000 | 0x000144
    19022000 |     5421 |    5 |   5 | 0(R) | 0 | 0 | 0x00000000000000000000000000000000 | 0x000145
    19037000 |     5433 |    5 |   6 | 0(R) | 0 | 0 | 0x00000000000000000000000000000000 | 0x000146
    19039000 |     5435 |    5 |   7 | 0(R) | 0 | 0 | 0x00000000000000000000000000000000 | 0x000147
    19047000 |     5441 |    5 |   8 | 0(R) | 0 | 0 | 0x00000000000000000000000000000000 | 0x000148
    19107000 |     5489 |    5 |   9 | 0(R) | 0 | 0 | 0x00000000000000000000000000000000 | 0x000149
    19122000 |     5501 |    5 |  10 | 0(R) | 0 | 0 | 0x00000000000000000000000000000000 | 0x00014a
    19124000 |     5503 |    5 |  11 | 0(R) | 0 | 0 | 0x00000000000000000000000000000000 | 0x00014b
    19132000 |     5509 |    5 |  12 | 0(R) | 0 | 0 | 0x00000000000000000000000000000000 | 0x00014c
    19192000 |     5557 |    5 |  13 | 0(R) | 0 | 0 | 0x00000000000000000000000000000000 | 0x00014d
    19207000 |     5569 |    5 |  14 | 0(R) | 0 | 0 | 0x00000000000000000000000000000000 | 0x00014e
    19209000 |     5571 |    5 |  15 | 0(R) | 0 | 0 | 0x00000000000000000000000000000000 | 0x00014f
    19217000 |     5577 |    5 |  16 | 0(R) | 0 | 0 | 0x00000000000000000000000000000000 | 0x000150
    19277000 |     5625 |    5 |  17 | 0(R) | 0 | 0 | 0x00000000000000000000000000000000 | 0x000151
    19292000 |     5637 |    5 |  18 | 0(R) | 0 | 0 | 0x00000000000000000000000000000000 | 0x000152
    19294000 |     5639 |    5 |  19 | 0(R) | 0 | 0 | 0x00000000000000000000000000000000 | 0x000153
    19302000 |     5645 |    5 |  20 | 0(R) | 0 | 0 | 0x00000000000000000000000000000000 | 0x000154
    19362000 |     5693 |    5 |  21 | 0(R) | 0 | 0 | 0x00000000000000000000000000000000 | 0x000155
    19377000 |     5705 |    5 |  22 | 0(R) | 0 | 0 | 0x00000000000000000000000000000000 | 0x000156
    19379000 |     5707 |    5 |  23 | 0(R) | 0 | 0 | 0x00000000000000000000000000000000 | 0x000157
    19387000 |     5713 |    5 |  24 | 0(R) | 0 | 0 | 0x00000000000000000000000000000000 | 0x000158
    19447000 |     5761 |    5 |  25 | 0(R) | 0 | 0 | 0x00000000000000000000000000000000 | 0x000159
    19462000 |     5773 |    5 |  26 | 0(R) | 0 | 0 | 0x00000000000000000000000000000000 | 0x00015a
    19464000 |     5775 |    5 |  27 | 0(R) | 0 | 0 | 0x00000000000000000000000000000000 | 0x00015b
    19472000 |     5781 |    5 |  28 | 0(R) | 0 | 0 | 0x00000000000000000000000000000000 | 0x00015c
    19532000 |     5829 |    5 |  29 | 0(R) | 0 | 0 | 0x00000000000000000000000000000000 | 0x00015d
    19547000 |     5841 |    5 |  30 | 0(R) | 0 | 0 | 0x00000000000000000000000000000000 | 0x00015e
    19549000 |     5843 |    5 |  31 | 0(R) | 0 | 0 | 0x00000000000000000000000000000000 | 0x00015f
    19557000 |     5849 |    5 |  32 | 0(R) | 0 | 0 | 0x00000000000000000000000000000000 | 0x000160
    19617000 |     5897 |    5 |  33 | 0(R) | 0 | 0 | 0x00000000000000000000000000000000 | 0x000161
    19632000 |     5909 |    5 |  34 | 0(R) | 0 | 0 | 0x00000000000000000000000000000000 | 0x000162
    19634000 |     5911 |    5 |  35 | 0(R) | 0 | 0 | 0x00000000000000000000000000000000 | 0x000163
    19642000 |     5917 |    5 |  36 | 0(R) | 0 | 0 | 0x00000000000000000000000000000000 | 0x000164
    19702000 |     5965 |    5 |  37 | 0(R) | 0 | 0 | 0x00000000000000000000000000000000 | 0x000165
    19717000 |     5977 |    5 |  38 | 0(R) | 0 | 0 | 0x00000000000000000000000000000000 | 0x000166
    19719000 |     5979 |    5 |  39 | 0(R) | 0 | 0 | 0x00000000000000000000000000000000 | 0x000167
    19727000 |     5985 |    5 |  40 | 0(R) | 0 | 0 | 0x00000000000000000000000000000000 | 0x000168
    19787000 |     6033 |    5 |  41 | 0(R) | 0 | 0 | 0x00000000000000000000000000000000 | 0x000169
    19802000 |     6045 |    5 |  42 | 0(R) | 0 | 0 | 0x00000000000000000000000000000000 | 0x00016a
    19804000 |     6047 |    5 |  43 | 0(R) | 0 | 0 | 0x00000000000000000000000000000000 | 0x00016b
    19812000 |     6053 |    5 |  44 | 0(R) | 0 | 0 | 0x00000000000000000000000000000000 | 0x00016c
    19872000 |     6101 |    5 |  45 | 0(R) | 0 | 0 | 0x00000000000000000000000000000000 | 0x00016d
    19887000 |     6113 |    5 |  46 | 0(R) | 0 | 0 | 0x00000000000000000000000000000000 | 0x00016e
    19889000 |     6115 |    5 |  47 | 0(R) | 0 | 0 | 0x00000000000000000000000000000000 | 0x00016f
    19897000 |     6121 |    5 |  48 | 0(R) | 0 | 0 | 0x00000000000000000000000000000000 | 0x000170
    19957000 |     6169 |    5 |  49 | 0(R) | 0 | 0 | 0x00000000000000000000000000000000 | 0x000171
    19972000 |     6181 |    5 |  50 | 0(R) | 0 | 0 | 0x00000000000000000000000000000000 | 0x000172
    19974000 |     6183 |    5 |  51 | 0(R) | 0 | 0 | 0x00000000000000000000000000000000 | 0x000173
    19982000 |     6189 |    5 |  52 | 0(R) | 0 | 0 | 0x00000000000000000000000000000000 | 0x000174
    20042000 |     6237 |    5 |  53 | 0(R) | 0 | 0 | 0x00000000000000000000000000000000 | 0x000175
    20057000 |     6249 |    5 |  54 | 0(R) | 0 | 0 | 0x00000000000000000000000000000000 | 0x000176
    20059000 |     6251 |    5 |  55 | 0(R) | 0 | 0 | 0x00000000000000000000000000000000 | 0x000177
    20067000 |     6257 |    5 |  56 | 0(R) | 0 | 0 | 0x00000000000000000000000000000000 | 0x000178
    20127000 |     6305 |    5 |  57 | 0(R) | 0 | 0 | 0x00000000000000000000000000000000 | 0x000179
    20142000 |     6317 |    5 |  58 | 0(R) | 0 | 0 | 0x00000000000000000000000000000000 | 0x00017a
    20144000 |     6319 |    5 |  59 | 0(R) | 0 | 0 | 0x00000000000000000000000000000000 | 0x00017b
    20152000 |     6325 |    5 |  60 | 0(R) | 0 | 0 | 0x00000000000000000000000000000000 | 0x00017c
    20212000 |     6373 |    5 |  61 | 0(R) | 0 | 0 | 0x00000000000000000000000000000000 | 0x00017d
    20227000 |     6385 |    5 |  62 | 0(R) | 0 | 0 | 0x00000000000000000000000000000000 | 0x00017e
    20229000 |     6387 |    5 |  63 | 0(R) | 0 | 0 | 0x00000000000000000000000000000000 | 0x00017f
    20237000 |     6393 |    5 |  63 | 0(R) | 0 | 1 | 0x00000000000000000000000000000000 | 0x00017f
[20237000] INFO: Row Change (cycle=6393, total=6)
    20239000 |     6395 |    6 |   0 | 0(R) | 1 | 0 | 0x00000000000000000000000000000000 | 0x000180
    20297000 |     6441 |    6 |   1 | 0(R) | 0 | 0 | 0x00000000000000000000000000000000 | 0x000181
    20312000 |     6453 |    6 |   2 | 0(R) | 0 | 0 | 0x00000000000000000000000000000000 | 0x000182
    20314000 |     6455 |    6 |   3 | 0(R) | 0 | 0 | 0x00000000000000000000000000000000 | 0x000183
    20322000 |     6461 |    6 |   4 | 0(R) | 0 | 0 | 0x00000000000000000000000000000000 | 0x000184
    20382000 |     6509 |    6 |   5 | 0(R) | 0 | 0 | 0x00000000000000000000000000000000 | 0x000185
    20397000 |     6521 |    6 |   6 | 0(R) | 0 | 0 | 0x00000000000000000000000000000000 | 0x000186
    20399000 |     6523 |    6 |   7 | 0(R) | 0 | 0 | 0x00000000000000000000000000000000 | 0x000187
    20407000 |     6529 |    6 |   8 | 0(R) | 0 | 0 | 0x00000000000000000000000000000000 | 0x000188
    20467000 |     6577 |    6 |   9 | 0(R) | 0 | 0 | 0x00000000000000000000000000000000 | 0x000189
    20482000 |     6589 |    6 |  10 | 0(R) | 0 | 0 | 0x00000000000000000000000000000000 | 0x00018a
    20484000 |     6591 |    6 |  11 | 0(R) | 0 | 0 | 0x00000000000000000000000000000000 | 0x00018b
    20492000 |     6597 |    6 |  12 | 0(R) | 0 | 0 | 0x00000000000000000000000000000000 | 0x00018c
    20552000 |     6645 |    6 |  13 | 0(R) | 0 | 0 | 0x00000000000000000000000000000000 | 0x00018d
    20567000 |     6657 |    6 |  14 | 0(R) | 0 | 0 | 0x00000000000000000000000000000000 | 0x00018e
    20569000 |     6659 |    6 |  15 | 0(R) | 0 | 0 | 0x00000000000000000000000000000000 | 0x00018f
    20577000 |     6665 |    6 |  16 | 0(R) | 0 | 0 | 0x00000000000000000000000000000000 | 0x000190
    20637000 |     6713 |    6 |  17 | 0(R) | 0 | 0 | 0x00000000000000000000000000000000 | 0x000191
    20652000 |     6725 |    6 |  18 | 0(R) | 0 | 0 | 0x00000000000000000000000000000000 | 0x000192
    20654000 |     6727 |    6 |  19 | 0(R) | 0 | 0 | 0x00000000000000000000000000000000 | 0x000193
    20662000 |     6733 |    6 |  20 | 0(R) | 0 | 0 | 0x00000000000000000000000000000000 | 0x000194
    20722000 |     6781 |    6 |  21 | 0(R) | 0 | 0 | 0x00000000000000000000000000000000 | 0x000195
    20737000 |     6793 |    6 |  22 | 0(R) | 0 | 0 | 0x00000000000000000000000000000000 | 0x000196
    20739000 |     6795 |    6 |  23 | 0(R) | 0 | 0 | 0x00000000000000000000000000000000 | 0x000197
    20747000 |     6801 |    6 |  24 | 0(R) | 0 | 0 | 0x00000000000000000000000000000000 | 0x000198
    20807000 |     6849 |    6 |  25 | 0(R) | 0 | 0 | 0x00000000000000000000000000000000 | 0x000199
    20822000 |     6861 |    6 |  26 | 0(R) | 0 | 0 | 0x00000000000000000000000000000000 | 0x00019a
    20824000 |     6863 |    6 |  27 | 0(R) | 0 | 0 | 0x00000000000000000000000000000000 | 0x00019b
    20832000 |     6869 |    6 |  28 | 0(R) | 0 | 0 | 0x00000000000000000000000000000000 | 0x00019c
    20892000 |     6917 |    6 |  29 | 0(R) | 0 | 0 | 0x00000000000000000000000000000000 | 0x00019d
    20907000 |     6929 |    6 |  30 | 0(R) | 0 | 0 | 0x00000000000000000000000000000000 | 0x00019e
    20909000 |     6931 |    6 |  31 | 0(R) | 0 | 0 | 0x00000000000000000000000000000000 | 0x00019f
    20917000 |     6937 |    6 |  32 | 0(R) | 0 | 0 | 0x00000000000000000000000000000000 | 0x0001a0
    20977000 |     6985 |    6 |  33 | 0(R) | 0 | 0 | 0x00000000000000000000000000000000 | 0x0001a1
    20992000 |     6997 |    6 |  34 | 0(R) | 0 | 0 | 0x00000000000000000000000000000000 | 0x0001a2
    20994000 |     6999 |    6 |  35 | 0(R) | 0 | 0 | 0x00000000000000000000000000000000 | 0x0001a3
    21002000 |     7005 |    6 |  36 | 0(R) | 0 | 0 | 0x00000000000000000000000000000000 | 0x0001a4
    21062000 |     7053 |    6 |  37 | 0(R) | 0 | 0 | 0x00000000000000000000000000000000 | 0x0001a5
    21077000 |     7065 |    6 |  38 | 0(R) | 0 | 0 | 0x00000000000000000000000000000000 | 0x0001a6
    21079000 |     7067 |    6 |  39 | 0(R) | 0 | 0 | 0x00000000000000000000000000000000 | 0x0001a7
    21087000 |     7073 |    6 |  40 | 0(R) | 0 | 0 | 0x00000000000000000000000000000000 | 0x0001a8
    21147000 |     7121 |    6 |  41 | 0(R) | 0 | 0 | 0x00000000000000000000000000000000 | 0x0001a9
    21162000 |     7133 |    6 |  42 | 0(R) | 0 | 0 | 0x00000000000000000000000000000000 | 0x0001aa
    21164000 |     7135 |    6 |  43 | 0(R) | 0 | 0 | 0x00000000000000000000000000000000 | 0x0001ab
    21172000 |     7141 |    6 |  44 | 0(R) | 0 | 0 | 0x00000000000000000000000000000000 | 0x0001ac
    21232000 |     7189 |    6 |  45 | 0(R) | 0 | 0 | 0x00000000000000000000000000000000 | 0x0001ad
    21247000 |     7201 |    6 |  46 | 0(R) | 0 | 0 | 0x00000000000000000000000000000000 | 0x0001ae
    21249000 |     7203 |    6 |  47 | 0(R) | 0 | 0 | 0x00000000000000000000000000000000 | 0x0001af
    21257000 |     7209 |    6 |  48 | 0(R) | 0 | 0 | 0x00000000000000000000000000000000 | 0x0001b0
    21317000 |     7257 |    6 |  49 | 0(R) | 0 | 0 | 0x00000000000000000000000000000000 | 0x0001b1
    21332000 |     7269 |    6 |  50 | 0(R) | 0 | 0 | 0x00000000000000000000000000000000 | 0x0001b2
    21334000 |     7271 |    6 |  51 | 0(R) | 0 | 0 | 0x00000000000000000000000000000000 | 0x0001b3
    21342000 |     7277 |    6 |  52 | 0(R) | 0 | 0 | 0x00000000000000000000000000000000 | 0x0001b4
    21402000 |     7325 |    6 |  53 | 0(R) | 0 | 0 | 0x00000000000000000000000000000000 | 0x0001b5
    21417000 |     7337 |    6 |  54 | 0(R) | 0 | 0 | 0x00000000000000000000000000000000 | 0x0001b6
    21419000 |     7339 |    6 |  55 | 0(R) | 0 | 0 | 0x00000000000000000000000000000000 | 0x0001b7
    21427000 |     7345 |    6 |  56 | 0(R) | 0 | 0 | 0x00000000000000000000000000000000 | 0x0001b8
    21487000 |     7393 |    6 |  57 | 0(R) | 0 | 0 | 0x00000000000000000000000000000000 | 0x0001b9
    21502000 |     7405 |    6 |  58 | 0(R) | 0 | 0 | 0x00000000000000000000000000000000 | 0x0001ba
    21504000 |     7407 |    6 |  59 | 0(R) | 0 | 0 | 0x00000000000000000000000000000000 | 0x0001bb
    21512000 |     7413 |    6 |  60 | 0(R) | 0 | 0 | 0x00000000000000000000000000000000 | 0x0001bc
    21572000 |     7461 |    6 |  61 | 0(R) | 0 | 0 | 0x00000000000000000000000000000000 | 0x0001bd
    21587000 |     7473 |    6 |  62 | 0(R) | 0 | 0 | 0x00000000000000000000000000000000 | 0x0001be
    21589000 |     7475 |    6 |  63 | 0(R) | 0 | 0 | 0x00000000000000000000000000000000 | 0x0001bf
    21597000 |     7481 |    6 |  63 | 0(R) | 0 | 1 | 0x00000000000000000000000000000000 | 0x0001bf
[21597000] INFO: Row Change (cycle=7481, total=7)
    21599000 |     7483 |    7 |   0 | 0(R) | 1 | 0 | 0x00000000000000000000000000000000 | 0x0001c0
    21657000 |     7529 |    7 |   1 | 0(R) | 0 | 0 | 0x00000000000000000000000000000000 | 0x0001c1
    21672000 |     7541 |    7 |   2 | 0(R) | 0 | 0 | 0x00000000000000000000000000000000 | 0x0001c2
    21674000 |     7543 |    7 |   3 | 0(R) | 0 | 0 | 0x00000000000000000000000000000000 | 0x0001c3
    21682000 |     7549 |    7 |   4 | 0(R) | 0 | 0 | 0x00000000000000000000000000000000 | 0x0001c4
    21742000 |     7597 |    7 |   5 | 0(R) | 0 | 0 | 0x00000000000000000000000000000000 | 0x0001c5
    21757000 |     7609 |    7 |   6 | 0(R) | 0 | 0 | 0x00000000000000000000000000000000 | 0x0001c6
    21759000 |     7611 |    7 |   7 | 0(R) | 0 | 0 | 0x00000000000000000000000000000000 | 0x0001c7
    21767000 |     7617 |    7 |   8 | 0(R) | 0 | 0 | 0x00000000000000000000000000000000 | 0x0001c8
    21827000 |     7665 |    7 |   9 | 0(R) | 0 | 0 | 0x00000000000000000000000000000000 | 0x0001c9
    21842000 |     7677 |    7 |  10 | 0(R) | 0 | 0 | 0x00000000000000000000000000000000 | 0x0001ca
    21844000 |     7679 |    7 |  11 | 0(R) | 0 | 0 | 0x00000000000000000000000000000000 | 0x0001cb
    21852000 |     7685 |    7 |  12 | 0(R) | 0 | 0 | 0x00000000000000000000000000000000 | 0x0001cc
    21912000 |     7733 |    7 |  13 | 0(R) | 0 | 0 | 0x00000000000000000000000000000000 | 0x0001cd
    21927000 |     7745 |    7 |  14 | 0(R) | 0 | 0 | 0x00000000000000000000000000000000 | 0x0001ce
    21929000 |     7747 |    7 |  15 | 0(R) | 0 | 0 | 0x00000000000000000000000000000000 | 0x0001cf
    21937000 |     7753 |    7 |  16 | 0(R) | 0 | 0 | 0x00000000000000000000000000000000 | 0x0001d0
    21997000 |     7801 |    7 |  17 | 0(R) | 0 | 0 | 0x00000000000000000000000000000000 | 0x0001d1
    22012000 |     7813 |    7 |  18 | 0(R) | 0 | 0 | 0x00000000000000000000000000000000 | 0x0001d2
    22014000 |     7815 |    7 |  19 | 0(R) | 0 | 0 | 0x00000000000000000000000000000000 | 0x0001d3
    22022000 |     7821 |    7 |  20 | 0(R) | 0 | 0 | 0x00000000000000000000000000000000 | 0x0001d4
    22082000 |     7869 |    7 |  21 | 0(R) | 0 | 0 | 0x00000000000000000000000000000000 | 0x0001d5
    22097000 |     7881 |    7 |  22 | 0(R) | 0 | 0 | 0x00000000000000000000000000000000 | 0x0001d6
    22099000 |     7883 |    7 |  23 | 0(R) | 0 | 0 | 0x00000000000000000000000000000000 | 0x0001d7
    22107000 |     7889 |    7 |  24 | 0(R) | 0 | 0 | 0x00000000000000000000000000000000 | 0x0001d8
    22167000 |     7937 |    7 |  25 | 0(R) | 0 | 0 | 0x00000000000000000000000000000000 | 0x0001d9
    22182000 |     7949 |    7 |  26 | 0(R) | 0 | 0 | 0x00000000000000000000000000000000 | 0x0001da
    22184000 |     7951 |    7 |  27 | 0(R) | 0 | 0 | 0x00000000000000000000000000000000 | 0x0001db
    22192000 |     7957 |    7 |  28 | 0(R) | 0 | 0 | 0x00000000000000000000000000000000 | 0x0001dc
    22252000 |     8005 |    7 |  29 | 0(R) | 0 | 0 | 0x00000000000000000000000000000000 | 0x0001dd
    22267000 |     8017 |    7 |  30 | 0(R) | 0 | 0 | 0x00000000000000000000000000000000 | 0x0001de
    22269000 |     8019 |    7 |  31 | 0(R) | 0 | 0 | 0x00000000000000000000000000000000 | 0x0001df
    22277000 |     8025 |    7 |  32 | 0(R) | 0 | 0 | 0x00000000000000000000000000000000 | 0x0001e0
    22337000 |     8073 |    7 |  33 | 0(R) | 0 | 0 | 0x00000000000000000000000000000000 | 0x0001e1
    22352000 |     8085 |    7 |  34 | 0(R) | 0 | 0 | 0x00000000000000000000000000000000 | 0x0001e2
    22354000 |     8087 |    7 |  35 | 0(R) | 0 | 0 | 0x00000000000000000000000000000000 | 0x0001e3
    22362000 |     8093 |    7 |  36 | 0(R) | 0 | 0 | 0x00000000000000000000000000000000 | 0x0001e4
    22422000 |     8141 |    7 |  37 | 0(R) | 0 | 0 | 0x00000000000000000000000000000000 | 0x0001e5
    22437000 |     8153 |    7 |  38 | 0(R) | 0 | 0 | 0x00000000000000000000000000000000 | 0x0001e6
    22439000 |     8155 |    7 |  39 | 0(R) | 0 | 0 | 0x00000000000000000000000000000000 | 0x0001e7
    22447000 |     8161 |    7 |  40 | 0(R) | 0 | 0 | 0x00000000000000000000000000000000 | 0x0001e8
    22507000 |     8209 |    7 |  41 | 0(R) | 0 | 0 | 0x00000000000000000000000000000000 | 0x0001e9
    22522000 |     8221 |    7 |  42 | 0(R) | 0 | 0 | 0x00000000000000000000000000000000 | 0x0001ea
    22524000 |     8223 |    7 |  43 | 0(R) | 0 | 0 | 0x00000000000000000000000000000000 | 0x0001eb
    22532000 |     8229 |    7 |  44 | 0(R) | 0 | 0 | 0x00000000000000000000000000000000 | 0x0001ec
    22592000 |     8277 |    7 |  45 | 0(R) | 0 | 0 | 0x00000000000000000000000000000000 | 0x0001ed
    22607000 |     8289 |    7 |  46 | 0(R) | 0 | 0 | 0x00000000000000000000000000000000 | 0x0001ee
    22609000 |     8291 |    7 |  47 | 0(R) | 0 | 0 | 0x00000000000000000000000000000000 | 0x0001ef
    22617000 |     8297 |    7 |  48 | 0(R) | 0 | 0 | 0x00000000000000000000000000000000 | 0x0001f0
    22677000 |     8345 |    7 |  49 | 0(R) | 0 | 0 | 0x00000000000000000000000000000000 | 0x0001f1
    22692000 |     8357 |    7 |  50 | 0(R) | 0 | 0 | 0x00000000000000000000000000000000 | 0x0001f2
    22694000 |     8359 |    7 |  51 | 0(R) | 0 | 0 | 0x00000000000000000000000000000000 | 0x0001f3
    22702000 |     8365 |    7 |  52 | 0(R) | 0 | 0 | 0x00000000000000000000000000000000 | 0x0001f4
    22762000 |     8413 |    7 |  53 | 0(R) | 0 | 0 | 0x00000000000000000000000000000000 | 0x0001f5
    22777000 |     8425 |    7 |  54 | 0(R) | 0 | 0 | 0x00000000000000000000000000000000 | 0x0001f6
    22779000 |     8427 |    7 |  55 | 0(R) | 0 | 0 | 0x00000000000000000000000000000000 | 0x0001f7
    22787000 |     8433 |    7 |  56 | 0(R) | 0 | 0 | 0x00000000000000000000000000000000 | 0x0001f8
    22847000 |     8481 |    7 |  57 | 0(R) | 0 | 0 | 0x00000000000000000000000000000000 | 0x0001f9
    22862000 |     8493 |    7 |  58 | 0(R) | 0 | 0 | 0x00000000000000000000000000000000 | 0x0001fa
    22864000 |     8495 |    7 |  59 | 0(R) | 0 | 0 | 0x00000000000000000000000000000000 | 0x0001fb
    22872000 |     8501 |    7 |  60 | 0(R) | 0 | 0 | 0x00000000000000000000000000000000 | 0x0001fc
    22932000 |     8549 |    7 |  61 | 0(R) | 0 | 0 | 0x00000000000000000000000000000000 | 0x0001fd
    22947000 |     8561 |    7 |  62 | 0(R) | 0 | 0 | 0x00000000000000000000000000000000 | 0x0001fe
    22949000 |     8563 |    7 |  63 | 0(R) | 0 | 0 | 0x00000000000000000000000000000000 | 0x0001ff
    23229000 |     8787 |    7 |  63 | 0(R) | 0 | 1 | 0x00000000000000000000000000000000 | 0x0001ff
[23229000] INFO: Row Change (cycle=8787, total=8)
    23232000 |     8789 |   16 |   0 | 1(W) | 1 | 0 | 0xxxxxxxxxxxxxxxxxxxxxxxxxxxxxxxxx | 0x000400
    23247000 |     8801 |   16 |   1 | 1(W) | 0 | 0 | 0xxxxxxxxxxxxxxxxxxxxxxxxxxxxxxxxx | 0x000401
    23269000 |     8819 |   16 |   2 | 1(W) | 0 | 0 | 0xxxxxxxxxxxxxxxxxxxxxxxxxxxxxxxxx | 0x000402
    23272000 |     8821 |   16 |   3 | 1(W) | 0 | 0 | 0xxxxxxxxxxxxxxxxxxxxxxxxxxxxxxxxx | 0x000403
    23274000 |     8823 |   16 |   4 | 1(W) | 0 | 0 | 0xxxxxxxxxxxxxxxxxxxxxxxxxxxxxxxxx | 0x000404
    23277000 |     8825 |   16 |   5 | 1(W) | 0 | 0 | 0xxxxxxxxxxxxxxxxxxxxxxxxxxxxxxxxx | 0x000405
    23279000 |     8827 |   16 |   6 | 1(W) | 0 | 0 | 0xxxxxxxxxxxxxxxxxxxxxxxxxxxxxxxxx | 0x000406
    23282000 |     8829 |   16 |   7 | 1(W) | 0 | 0 | 0xxxxxxxxxxxxxxxxxxxxxxxxxxxxxxxxx | 0x000407
    23284000 |     8831 |   16 |   8 | 1(W) | 0 | 0 | 0xxxxxxxxxxxxxxxxxxxxxxxxxxxxxxxxx | 0x000408
    23287000 |     8833 |   16 |   9 | 1(W) | 0 | 0 | 0xxxxxxxxxxxxxxxxxxxxxxxxxxxxxxxxx | 0x000409
    23289000 |     8835 |   16 |  10 | 1(W) | 0 | 0 | 0xxxxxxxxxxxxxxxxxxxxxxxxxxxxxxxxx | 0x00040a
    23292000 |     8837 |   16 |  11 | 1(W) | 0 | 0 | 0xxxxxxxxxxxxxxxxxxxxxxxxxxxxxxxxx | 0x00040b
    23294000 |     8839 |   16 |  12 | 1(W) | 0 | 0 | 0xxxxxxxxxxxxxxxxxxxxxxxxxxxxxxxxx | 0x00040c
    23297000 |     8841 |   16 |  13 | 1(W) | 0 | 0 | 0xxxxxxxxxxxxxxxxxxxxxxxxxxxxxxxxx | 0x00040d
    23299000 |     8843 |   16 |  14 | 1(W) | 0 | 0 | 0xxxxxxxxxxxxxxxxxxxxxxxxxxxxxxxxx | 0x00040e
    23302000 |     8845 |   16 |  15 | 1(W) | 0 | 0 | 0xxxxxxxxxxxxxxxxxxxxxxxxxxxxxxxxx | 0x00040f
    23304000 |     8847 |   16 |  16 | 1(W) | 0 | 0 | 0xxxxxxxxxxxxxxxxxxxxxxxxxxxxxxxxx | 0x000410
    23307000 |     8849 |   16 |  17 | 1(W) | 0 | 0 | 0xxxxxxxxxxxxxxxxxxxxxxxxxxxxxxxxx | 0x000411
    23309000 |     8851 |   16 |  18 | 1(W) | 0 | 0 | 0xxxxxxxxxxxxxxxxxxxxxxxxxxxxxxxxx | 0x000412
    23312000 |     8853 |   16 |  19 | 1(W) | 0 | 0 | 0xxxxxxxxxxxxxxxxxxxxxxxxxxxxxxxxx | 0x000413
    23314000 |     8855 |   16 |  20 | 1(W) | 0 | 0 | 0xxxxxxxxxxxxxxxxxxxxxxxxxxxxxxxxx | 0x000414
    23317000 |     8857 |   16 |  21 | 1(W) | 0 | 0 | 0xxxxxxxxxxxxxxxxxxxxxxxxxxxxxxxxx | 0x000415
    23319000 |     8859 |   16 |  22 | 1(W) | 0 | 0 | 0xxxxxxxxxxxxxxxxxxxxxxxxxxxxxxxxx | 0x000416
    23322000 |     8861 |   16 |  23 | 1(W) | 0 | 0 | 0xxxxxxxxxxxxxxxxxxxxxxxxxxxxxxxxx | 0x000417
    23324000 |     8863 |   16 |  24 | 1(W) | 0 | 0 | 0xxxxxxxxxxxxxxxxxxxxxxxxxxxxxxxxx | 0x000418
    23327000 |     8865 |   16 |  25 | 1(W) | 0 | 0 | 0xxxxxxxxxxxxxxxxxxxxxxxxxxxxxxxxx | 0x000419
    23329000 |     8867 |   16 |  26 | 1(W) | 0 | 0 | 0xxxxxxxxxxxxxxxxxxxxxxxxxxxxxxxxx | 0x00041a
    23332000 |     8869 |   16 |  27 | 1(W) | 0 | 0 | 0xxxxxxxxxxxxxxxxxxxxxxxxxxxxxxxxx | 0x00041b
    23334000 |     8871 |   16 |  28 | 1(W) | 0 | 0 | 0xxxxxxxxxxxxxxxxxxxxxxxxxxxxxxxxx | 0x00041c
    23337000 |     8873 |   16 |  29 | 1(W) | 0 | 0 | 0xxxxxxxxxxxxxxxxxxxxxxxxxxxxxxxxx | 0x00041d
    23339000 |     8875 |   16 |  30 | 1(W) | 0 | 0 | 0xxxxxxxxxxxxxxxxxxxxxxxxxxxxxxxxx | 0x00041e
    23344000 |     8879 |   16 |  31 | 1(W) | 0 | 0 | 0xxxxxxxxxxxxxxxxxxxxxxxxxxxxxxxxx | 0x00041f
    23349000 |     8883 |   16 |  32 | 1(W) | 0 | 0 | 0xxxxxxxxxxxxxxxxxxxxxxxxxxxxxxxxx | 0x000420
    23354000 |     8887 |   16 |  33 | 1(W) | 0 | 0 | 0xxxxxxxxxxxxxxxxxxxxxxxxxxxxxxxxx | 0x000421
    23359000 |     8891 |   16 |  34 | 1(W) | 0 | 0 | 0xxxxxxxxxxxxxxxxxxxxxxxxxxxxxxxxx | 0x000422
    23364000 |     8895 |   16 |  35 | 1(W) | 0 | 0 | 0xxxxxxxxxxxxxxxxxxxxxxxxxxxxxxxxx | 0x000423
    23369000 |     8899 |   16 |  36 | 1(W) | 0 | 0 | 0xxxxxxxxxxxxxxxxxxxxxxxxxxxxxxxxx | 0x000424
    23374000 |     8903 |   16 |  37 | 1(W) | 0 | 0 | 0xxxxxxxxxxxxxxxxxxxxxxxxxxxxxxxxx | 0x000425
    23379000 |     8907 |   16 |  38 | 1(W) | 0 | 0 | 0xxxxxxxxxxxxxxxxxxxxxxxxxxxxxxxxx | 0x000426
    23384000 |     8911 |   16 |  39 | 1(W) | 0 | 0 | 0xxxxxxxxxxxxxxxxxxxxxxxxxxxxxxxxx | 0x000427
    23389000 |     8915 |   16 |  40 | 1(W) | 0 | 0 | 0xxxxxxxxxxxxxxxxxxxxxxxxxxxxxxxxx | 0x000428
    23394000 |     8919 |   16 |  41 | 1(W) | 0 | 0 | 0xxxxxxxxxxxxxxxxxxxxxxxxxxxxxxxxx | 0x000429
    23399000 |     8923 |   16 |  42 | 1(W) | 0 | 0 | 0xxxxxxxxxxxxxxxxxxxxxxxxxxxxxxxxx | 0x00042a
    23404000 |     8927 |   16 |  43 | 1(W) | 0 | 0 | 0xxxxxxxxxxxxxxxxxxxxxxxxxxxxxxxxx | 0x00042b
    23409000 |     8931 |   16 |  44 | 1(W) | 0 | 0 | 0xxxxxxxxxxxxxxxxxxxxxxxxxxxxxxxxx | 0x00042c
    23414000 |     8935 |   16 |  45 | 1(W) | 0 | 0 | 0xxxxxxxxxxxxxxxxxxxxxxxxxxxxxxxxx | 0x00042d
    23419000 |     8939 |   16 |  46 | 1(W) | 0 | 0 | 0xxxxxxxxxxxxxxxxxxxxxxxxxxxxxxxxx | 0x00042e
    23424000 |     8943 |   16 |  47 | 1(W) | 0 | 0 | 0xxxxxxxxxxxxxxxxxxxxxxxxxxxxxxxxx | 0x00042f
    23429000 |     8947 |   16 |  48 | 1(W) | 0 | 0 | 0xxxxxxxxxxxxxxxxxxxxxxxxxxxxxxxxx | 0x000430
    23434000 |     8951 |   16 |  49 | 1(W) | 0 | 0 | 0xxxxxxxxxxxxxxxxxxxxxxxxxxxxxxxxx | 0x000431
    23439000 |     8955 |   16 |  50 | 1(W) | 0 | 0 | 0xxxxxxxxxxxxxxxxxxxxxxxxxxxxxxxxx | 0x000432
    23444000 |     8959 |   16 |  51 | 1(W) | 0 | 0 | 0xxxxxxxxxxxxxxxxxxxxxxxxxxxxxxxxx | 0x000433
    23449000 |     8963 |   16 |  52 | 1(W) | 0 | 0 | 0xxxxxxxxxxxxxxxxxxxxxxxxxxxxxxxxx | 0x000434
    23454000 |     8967 |   16 |  53 | 1(W) | 0 | 0 | 0xxxxxxxxxxxxxxxxxxxxxxxxxxxxxxxxx | 0x000435
    23459000 |     8971 |   16 |  54 | 1(W) | 0 | 0 | 0xxxxxxxxxxxxxxxxxxxxxxxxxxxxxxxxx | 0x000436
    23464000 |     8975 |   16 |  55 | 1(W) | 0 | 0 | 0xxxxxxxxxxxxxxxxxxxxxxxxxxxxxxxxx | 0x000437
    23469000 |     8979 |   16 |  56 | 1(W) | 0 | 0 | 0xxxxxxxxxxxxxxxxxxxxxxxxxxxxxxxxx | 0x000438
    23474000 |     8983 |   16 |  57 | 1(W) | 0 | 0 | 0xxxxxxxxxxxxxxxxxxxxxxxxxxxxxxxxx | 0x000439
    23479000 |     8987 |   16 |  58 | 1(W) | 0 | 0 | 0xxxxxxxxxxxxxxxxxxxxxxxxxxxxxxxxx | 0x00043a
    23484000 |     8991 |   16 |  59 | 1(W) | 0 | 0 | 0xxxxxxxxxxxxxxxxxxxxxxxxxxxxxxxxx | 0x00043b
    23489000 |     8995 |   16 |  60 | 1(W) | 0 | 0 | 0xxxxxxxxxxxxxxxxxxxxxxxxxxxxxxxxx | 0x00043c
    23494000 |     8999 |   16 |  61 | 1(W) | 0 | 0 | 0xxxxxxxxxxxxxxxxxxxxxxxxxxxxxxxxx | 0x00043d
    23499000 |     9003 |   16 |  62 | 1(W) | 0 | 0 | 0xxxxxxxxxxxxxxxxxxxxxxxxxxxxxxxxx | 0x00043e
[23502000] INFO: slice completed (cycle=9005)
[23502000] INFO: Row Change Count (Start->Finish) = 8
    23504000 |        0 |   16 |  63 | 1(W) | 0 | 0 | 0xxxxxxxxxxxxxxxxxxxxxxxxxxxxxxxxx | 0x00043f
# Total handshakes: 584
