# Bank Frame Channel Monitor - Slice[0] Bank[0]
# Format: Time(ns) | CycleFromSliceStart | Row(dec) | Col(dec) | RW(0:R,1:W) | StartFrame | EndFrame | Data(hex128) | Addr(hex)
# ========================================
     6827000 |        0 | 5000 |   0 | 1(W) | 1 | 0 | 0x3b0000f0000000080000000280000079 | 0x04e200
     6829000 |        0 | 5000 |   1 | 1(W) | 0 | 0 | 0x3b0400f0000000203b0200f000000010 | 0x04e201
     6852000 |        0 | 5000 |   2 | 1(W) | 0 | 0 | 0x000000000000007d3b0600f000000040 | 0x04e202
     6937000 |        0 | 5000 |   2 | 1(W) | 0 | 1 | 0x000000000000007d3b0600f000000040 | 0x04e202
[6937000] INFO: Row Change (cycle=0, total=1)
     6939000 |        0 | 5000 |   0 | 0(R) | 1 | 0 | 0x00000000000000000000000000000000 | 0x04e200
     6942000 |        0 | 5000 |   1 | 0(R) | 0 | 0 | 0x00000000000000000000000000000000 | 0x04e201
     6952000 |        0 | 5000 |   2 | 0(R) | 0 | 0 | 0x00000000000000000000000000000000 | 0x04e202
     7024000 |        0 | 5000 |   2 | 0(R) | 0 | 1 | 0xxxxxxxxxxxxxxxxxxxxxxxxxxxxxxxxx | 0x04e202
[7024000] INFO: Row Change (cycle=0, total=2)
     7027000 |        0 |    0 |   0 | 1(W) | 1 | 0 | 0x00000011010040040000000000404004 | 0x000000
     7042000 |        0 |    0 |   1 | 1(W) | 0 | 0 | 0x08082000000000000000020000000008 | 0x000001
     7064000 |        0 |    0 |   2 | 1(W) | 0 | 0 | 0x00000000000000200000080002000000 | 0x000002
     7067000 |        0 |    0 |   3 | 1(W) | 0 | 0 | 0x00000000000000000000000000000000 | 0x000003
     7069000 |        0 |    0 |   4 | 1(W) | 0 | 0 | 0x8000040008220022002200a000808300 | 0x000004
     7072000 |        0 |    0 |   5 | 1(W) | 0 | 0 | 0x200000000000a0000020000000080000 | 0x000005
     7074000 |        0 |    0 |   6 | 1(W) | 0 | 0 | 0x00800200000800200028020000000000 | 0x000006
     7077000 |        0 |    0 |   7 | 1(W) | 0 | 0 | 0x00000000000000080a00002020008000 | 0x000007
     7079000 |        0 |    0 |   8 | 1(W) | 0 | 0 | 0x00000800000000200808088020800000 | 0x000008
     7082000 |        0 |    0 |   9 | 1(W) | 0 | 0 | 0x02800000000000000000000000000000 | 0x000009
     7084000 |        0 |    0 |  10 | 1(W) | 0 | 0 | 0x00880000000000000000000000000000 | 0x00000a
     7087000 |        0 |    0 |  11 | 1(W) | 0 | 0 | 0x00000000000000000000000000000000 | 0x00000b
     7089000 |        0 |    0 |  12 | 1(W) | 0 | 0 | 0x00000000000000000800080000200000 | 0x00000c
     7092000 |        0 |    0 |  13 | 1(W) | 0 | 0 | 0x20800028800000002000000000000000 | 0x00000d
     7094000 |        0 |    0 |  14 | 1(W) | 0 | 0 | 0x000080000000000022000002a20000a0 | 0x00000e
     7097000 |        0 |    0 |  15 | 1(W) | 0 | 0 | 0x00002088000000000000220000000000 | 0x00000f
     7099000 |        0 |    0 |  16 | 1(W) | 0 | 0 | 0x00020000002000000002000800208088 | 0x000010
     7102000 |        0 |    0 |  17 | 1(W) | 0 | 0 | 0x00000020000002002000000000000000 | 0x000011
     7104000 |        0 |    0 |  18 | 1(W) | 0 | 0 | 0x00000008000020000000200000000000 | 0x000012
     7107000 |        0 |    0 |  19 | 1(W) | 0 | 0 | 0xa09000000000000a0000000000000000 | 0x000013
     7109000 |        0 |    0 |  20 | 1(W) | 0 | 0 | 0x00008000000808000200000800000000 | 0x000014
     7112000 |        0 |    0 |  21 | 1(W) | 0 | 0 | 0x00000002000000000000000000000000 | 0x000015
     7114000 |        0 |    0 |  22 | 1(W) | 0 | 0 | 0x00000000000000000200000802000082 | 0x000016
     7117000 |        0 |    0 |  23 | 1(W) | 0 | 0 | 0x20008000200200000000000088200800 | 0x000017
     7119000 |        0 |    0 |  24 | 1(W) | 0 | 0 | 0x00000000000000000000000000000000 | 0x000018
     7122000 |        0 |    0 |  25 | 1(W) | 0 | 0 | 0x00000000000002020006080000000002 | 0x000019
     7124000 |        0 |    0 |  26 | 1(W) | 0 | 0 | 0x02000020000000000000000000000000 | 0x00001a
     7127000 |        0 |    0 |  27 | 1(W) | 0 | 0 | 0x00082000002000000000008000020000 | 0x00001b
     7129000 |        0 |    0 |  28 | 1(W) | 0 | 0 | 0x00000000000000810020000000000000 | 0x00001c
     7199000 |        0 |    0 |  28 | 1(W) | 0 | 1 | 0x00000000000000810020000000000000 | 0x00001c
[7199000] INFO: Row Change (cycle=0, total=3)
     7202000 |        0 |    0 |   0 | 0(R) | 1 | 0 | 0x00000000000000000000000000000000 | 0x000000
     7204000 |        0 |    0 |   1 | 0(R) | 0 | 0 | 0x00000000000000000000000000000000 | 0x000001
     7214000 |        0 |    0 |   2 | 0(R) | 0 | 0 | 0x00000000000000000000000000000000 | 0x000002
     7217000 |        0 |    0 |   3 | 0(R) | 0 | 0 | 0x00000000000000000000000000000000 | 0x000003
     7219000 |        0 |    0 |   4 | 0(R) | 0 | 0 | 0x00000000000000000000000000000000 | 0x000004
     7222000 |        0 |    0 |   5 | 0(R) | 0 | 0 | 0x00000000000000000000000000000000 | 0x000005
     7224000 |        0 |    0 |   6 | 0(R) | 0 | 0 | 0x00000000000000000000000000000000 | 0x000006
     7227000 |        0 |    0 |   7 | 0(R) | 0 | 0 | 0x00000000000000000000000000000000 | 0x000007
     7229000 |        0 |    0 |   8 | 0(R) | 0 | 0 | 0x00000000000000000000000000000000 | 0x000008
     7232000 |        0 |    0 |   9 | 0(R) | 0 | 0 | 0x00000000000000000000000000000000 | 0x000009
     7234000 |        0 |    0 |  10 | 0(R) | 0 | 0 | 0x00000000000000000000000000000000 | 0x00000a
     7237000 |        0 |    0 |  11 | 0(R) | 0 | 0 | 0x00000000000000000000000000000000 | 0x00000b
     7239000 |        0 |    0 |  12 | 0(R) | 0 | 0 | 0x00000000000000000000000000000000 | 0x00000c
     7242000 |        0 |    0 |  13 | 0(R) | 0 | 0 | 0x00000000000000000000000000000000 | 0x00000d
     7244000 |        0 |    0 |  14 | 0(R) | 0 | 0 | 0x00000000000000000000000000000000 | 0x00000e
     7247000 |        0 |    0 |  15 | 0(R) | 0 | 0 | 0x00000000000000000000000000000000 | 0x00000f
     7249000 |        0 |    0 |  16 | 0(R) | 0 | 0 | 0x00000000000000000000000000000000 | 0x000010
     7252000 |        0 |    0 |  17 | 0(R) | 0 | 0 | 0x00000000000000000000000000000000 | 0x000011
     7254000 |        0 |    0 |  18 | 0(R) | 0 | 0 | 0x00000000000000000000000000000000 | 0x000012
     7257000 |        0 |    0 |  19 | 0(R) | 0 | 0 | 0x00000000000000000000000000000000 | 0x000013
     7259000 |        0 |    0 |  20 | 0(R) | 0 | 0 | 0x00000000000000000000000000000000 | 0x000014
     7262000 |        0 |    0 |  21 | 0(R) | 0 | 0 | 0x00000000000000000000000000000000 | 0x000015
     7264000 |        0 |    0 |  22 | 0(R) | 0 | 0 | 0x00000000000000000000000000000000 | 0x000016
     7267000 |        0 |    0 |  23 | 0(R) | 0 | 0 | 0x00000000000000000000000000000000 | 0x000017
     7269000 |        0 |    0 |  24 | 0(R) | 0 | 0 | 0x00000000000000000000000000000000 | 0x000018
     7272000 |        0 |    0 |  25 | 0(R) | 0 | 0 | 0x00000000000000000000000000000000 | 0x000019
     7274000 |        0 |    0 |  26 | 0(R) | 0 | 0 | 0x00000000000000000000000000000000 | 0x00001a
     7277000 |        0 |    0 |  27 | 0(R) | 0 | 0 | 0x00000000000000000000000000000000 | 0x00001b
     7279000 |        0 |    0 |  28 | 0(R) | 0 | 0 | 0x00000000000000000000000000000000 | 0x00001c
     9314000 |        0 |    0 |  28 | 0(R) | 0 | 1 | 0x20800028800000002000000000000000 | 0x00001c
[9314000] INFO: Row Change (cycle=0, total=4)
     9317000 |        0 |   60 |   0 | 1(W) | 1 | 0 | 0x0d80000000020100ee60000000008001 | 0x000f00
     9332000 |        0 |   60 |   1 | 1(W) | 0 | 0 | 0x58000000008000462840000000100008 | 0x000f01
     9354000 |        0 |   60 |   2 | 1(W) | 0 | 0 | 0x500000000080200ac000000004000840 | 0x000f02
     9357000 |        0 |   60 |   3 | 1(W) | 0 | 0 | 0x40000000080010cdc000000004000864 | 0x000f03
     9359000 |        0 |   60 |   4 | 1(W) | 0 | 0 | 0x27004204e008409c830e60c38830d706 | 0x000f04
     9362000 |        0 |   60 |   5 | 1(W) | 0 | 0 | 0x0080001803000000010811c002114200 | 0x000f05
     9364000 |        0 |   60 |   6 | 1(W) | 0 | 0 | 0x434000008000002001000080004a0806 | 0x000f06
     9367000 |        0 |   60 |   7 | 1(W) | 0 | 0 | 0x80000008000200000013020191500000 | 0x000f07
     9369000 |        0 |   60 |   8 | 1(W) | 0 | 0 | 0x0001082018150000600c000000040002 | 0x000f08
     9372000 |        0 |   60 |   9 | 1(W) | 0 | 0 | 0x06c34000000400000004000080004808 | 0x000f09
     9374000 |        0 |   60 |  10 | 1(W) | 0 | 0 | 0xc8e0000000001c0e02c3984560000000 | 0x000f0a
     9377000 |        0 |   60 |  11 | 1(W) | 0 | 0 | 0x000006717b56a04e00e8200002000140 | 0x000f0b
     9379000 |        0 |   60 |  12 | 1(W) | 0 | 0 | 0x29062080008000005183dcd62d4ca0e6 | 0x000f0c
     9382000 |        0 |   60 |  13 | 1(W) | 0 | 0 | 0x000000020000001e0000000010000000 | 0x000f0d
     9384000 |        0 |   60 |  14 | 1(W) | 0 | 0 | 0x04103b0e61018000e6b16a6507314831 | 0x000f0e
     9387000 |        0 |   60 |  15 | 1(W) | 0 | 0 | 0x703803a0800008000003238c10000000 | 0x000f0f
     9389000 |        0 |   60 |  16 | 1(W) | 0 | 0 | 0x8139460f7358b5320600000019c5ed5a | 0x000f10
     9392000 |        0 |   60 |  17 | 1(W) | 0 | 0 | 0x00000000000040008398a41882000200 | 0x000f11
     9394000 |        0 |   60 |  18 | 1(W) | 0 | 0 | 0x007b9ac5a9941cc50000000000080000 | 0x000f12
     9397000 |        0 |   60 |  19 | 1(W) | 0 | 0 | 0x0000000c8e30400020c41040ec398382 | 0x000f13
     9399000 |        0 |   60 |  20 | 1(W) | 0 | 0 | 0x20001800000067171001c0e00e820000 | 0x000f14
     9402000 |        0 |   60 |  21 | 1(W) | 0 | 0 | 0xd4ca0e6290620800b56a04e5183dcd62 | 0x000f15
     9404000 |        0 |   60 |  22 | 1(W) | 0 | 0 | 0x00000000000000200800000000000001 | 0x000f16
     9407000 |        0 |   60 |  23 | 1(W) | 0 | 0 | 0x7314831041030021000001ee6b16a650 | 0x000f17
     9409000 |        0 |   60 |  24 | 1(W) | 0 | 0 | 0xc00002000078388287306b0000000155 | 0x000f18
     9412000 |        0 |   60 |  25 | 1(W) | 0 | 0 | 0x000ce2f6ad013aa37100001000040100 | 0x000f19
     9414000 |        0 |   60 |  26 | 1(W) | 0 | 0 | 0x0c4100000000080007b9ac5a92839c52 | 0x000f1a
     9417000 |        0 |   60 |  27 | 1(W) | 0 | 0 | 0x8358941481043c680000000ef338b691 | 0x000f1b
     9419000 |        0 |   60 |  28 | 1(W) | 0 | 0 | 0xdffc631bff8c607fc73fff18e7ffe318 | 0x000f1c
     9422000 |        0 |   60 |  29 | 1(W) | 0 | 0 | 0x0000000000000000f20c0ffe019b3c44 | 0x000f1d
     9492000 |        0 |   60 |  29 | 1(W) | 0 | 1 | 0x0000000000000000f20c0ffe019b3c44 | 0x000f1d
[9492000] INFO: Row Change (cycle=0, total=5)
     9494000 |        0 |   60 |   0 | 0(R) | 1 | 0 | 0x00000000000000000000000000000000 | 0x000f00
     9497000 |        0 |   60 |   1 | 0(R) | 0 | 0 | 0x00000000000000000000000000000000 | 0x000f01
     9507000 |        0 |   60 |   2 | 0(R) | 0 | 0 | 0x00000000000000000000000000000000 | 0x000f02
     9509000 |        0 |   60 |   3 | 0(R) | 0 | 0 | 0x00000000000000000000000000000000 | 0x000f03
     9512000 |        0 |   60 |   4 | 0(R) | 0 | 0 | 0x00000000000000000000000000000000 | 0x000f04
     9514000 |        0 |   60 |   5 | 0(R) | 0 | 0 | 0x00000000000000000000000000000000 | 0x000f05
     9517000 |        0 |   60 |   6 | 0(R) | 0 | 0 | 0x00000000000000000000000000000000 | 0x000f06
     9519000 |        0 |   60 |   7 | 0(R) | 0 | 0 | 0x00000000000000000000000000000000 | 0x000f07
     9522000 |        0 |   60 |   8 | 0(R) | 0 | 0 | 0x00000000000000000000000000000000 | 0x000f08
     9524000 |        0 |   60 |   9 | 0(R) | 0 | 0 | 0x00000000000000000000000000000000 | 0x000f09
     9527000 |        0 |   60 |  10 | 0(R) | 0 | 0 | 0x00000000000000000000000000000000 | 0x000f0a
     9529000 |        0 |   60 |  11 | 0(R) | 0 | 0 | 0x00000000000000000000000000000000 | 0x000f0b
     9532000 |        0 |   60 |  12 | 0(R) | 0 | 0 | 0x00000000000000000000000000000000 | 0x000f0c
     9534000 |        0 |   60 |  13 | 0(R) | 0 | 0 | 0x00000000000000000000000000000000 | 0x000f0d
     9537000 |        0 |   60 |  14 | 0(R) | 0 | 0 | 0x00000000000000000000000000000000 | 0x000f0e
     9539000 |        0 |   60 |  15 | 0(R) | 0 | 0 | 0x00000000000000000000000000000000 | 0x000f0f
     9542000 |        0 |   60 |  16 | 0(R) | 0 | 0 | 0x00000000000000000000000000000000 | 0x000f10
     9544000 |        0 |   60 |  17 | 0(R) | 0 | 0 | 0x00000000000000000000000000000000 | 0x000f11
     9547000 |        0 |   60 |  18 | 0(R) | 0 | 0 | 0x00000000000000000000000000000000 | 0x000f12
     9549000 |        0 |   60 |  19 | 0(R) | 0 | 0 | 0x00000000000000000000000000000000 | 0x000f13
     9552000 |        0 |   60 |  20 | 0(R) | 0 | 0 | 0x00000000000000000000000000000000 | 0x000f14
     9554000 |        0 |   60 |  21 | 0(R) | 0 | 0 | 0x00000000000000000000000000000000 | 0x000f15
     9557000 |        0 |   60 |  22 | 0(R) | 0 | 0 | 0x00000000000000000000000000000000 | 0x000f16
     9559000 |        0 |   60 |  23 | 0(R) | 0 | 0 | 0x00000000000000000000000000000000 | 0x000f17
     9562000 |        0 |   60 |  24 | 0(R) | 0 | 0 | 0x00000000000000000000000000000000 | 0x000f18
     9564000 |        0 |   60 |  25 | 0(R) | 0 | 0 | 0x00000000000000000000000000000000 | 0x000f19
     9567000 |        0 |   60 |  26 | 0(R) | 0 | 0 | 0x00000000000000000000000000000000 | 0x000f1a
     9569000 |        0 |   60 |  27 | 0(R) | 0 | 0 | 0x00000000000000000000000000000000 | 0x000f1b
     9572000 |        0 |   60 |  28 | 0(R) | 0 | 0 | 0x00000000000000000000000000000000 | 0x000f1c
     9574000 |        0 |   60 |  29 | 0(R) | 0 | 0 | 0x00000000000000000000000000000000 | 0x000f1d
    10679000 |        0 |   60 |  29 | 0(R) | 0 | 1 | 0x04103b0e61018000e6b16a6507314831 | 0x000f1d
[10679000] INFO: Row Change (cycle=0, total=6)
    10682000 |        0 | 5000 |   0 | 0(R) | 1 | 0 | 0x00000000000000000000000000000000 | 0x04e200
    10697000 |        0 | 5000 |   1 | 0(R) | 0 | 0 | 0x00000000000000000000000000000000 | 0x04e201
    10719000 |        0 | 5000 |   2 | 0(R) | 0 | 0 | 0x00000000000000000000000000000000 | 0x04e202
    10722000 |        0 | 5000 |   3 | 0(R) | 0 | 0 | 0x00000000000000000000000000000000 | 0x04e203
    10724000 |        0 | 5000 |   4 | 0(R) | 0 | 0 | 0x00000000000000000000000000000000 | 0x04e204
    10727000 |        0 | 5000 |   5 | 0(R) | 0 | 0 | 0x00000000000000000000000000000000 | 0x04e205
    10774000 |        0 | 5000 |   5 | 0(R) | 0 | 1 | 0x04103b0e61018000e6b16a6507314831 | 0x04e205
[10774000] INFO: Row Change (cycle=0, total=7)
    10777000 |        0 |   60 |   0 | 0(R) | 1 | 0 | 0x00000000000000000000000000000000 | 0x000f00
    10792000 |        0 |   60 |   1 | 0(R) | 0 | 0 | 0x00000000000000000000000000000000 | 0x000f01
    10814000 |        0 |   60 |   2 | 0(R) | 0 | 0 | 0x00000000000000000000000000000000 | 0x000f02
    10817000 |        0 |   60 |   3 | 0(R) | 0 | 0 | 0x00000000000000000000000000000000 | 0x000f03
    10819000 |        0 |   60 |   4 | 0(R) | 0 | 0 | 0x00000000000000000000000000000000 | 0x000f04
    10822000 |        0 |   60 |   5 | 0(R) | 0 | 0 | 0x00000000000000000000000000000000 | 0x000f05
    10824000 |        0 |   60 |   6 | 0(R) | 0 | 0 | 0x00000000000000000000000000000000 | 0x000f06
    10827000 |        0 |   60 |   7 | 0(R) | 0 | 0 | 0x00000000000000000000000000000000 | 0x000f07
    10829000 |        0 |   60 |   8 | 0(R) | 0 | 0 | 0x00000000000000000000000000000000 | 0x000f08
    10832000 |        0 |   60 |   9 | 0(R) | 0 | 0 | 0x00000000000000000000000000000000 | 0x000f09
    10834000 |        0 |   60 |  10 | 0(R) | 0 | 0 | 0x00000000000000000000000000000000 | 0x000f0a
    10837000 |        0 |   60 |  11 | 0(R) | 0 | 0 | 0x00000000000000000000000000000000 | 0x000f0b
    10839000 |        0 |   60 |  12 | 0(R) | 0 | 0 | 0x00000000000000000000000000000000 | 0x000f0c
    10842000 |        0 |   60 |  13 | 0(R) | 0 | 0 | 0x00000000000000000000000000000000 | 0x000f0d
    10844000 |        0 |   60 |  14 | 0(R) | 0 | 0 | 0x00000000000000000000000000000000 | 0x000f0e
    10847000 |        0 |   60 |  15 | 0(R) | 0 | 0 | 0x00000000000000000000000000000000 | 0x000f0f
    10849000 |        0 |   60 |  16 | 0(R) | 0 | 0 | 0x00000000000000000000000000000000 | 0x000f10
    10852000 |        0 |   60 |  17 | 0(R) | 0 | 0 | 0x00000000000000000000000000000000 | 0x000f11
    10854000 |        0 |   60 |  18 | 0(R) | 0 | 0 | 0x00000000000000000000000000000000 | 0x000f12
    10857000 |        0 |   60 |  19 | 0(R) | 0 | 0 | 0x00000000000000000000000000000000 | 0x000f13
    10859000 |        0 |   60 |  20 | 0(R) | 0 | 0 | 0x00000000000000000000000000000000 | 0x000f14
    10862000 |        0 |   60 |  21 | 0(R) | 0 | 0 | 0x00000000000000000000000000000000 | 0x000f15
    10864000 |        0 |   60 |  22 | 0(R) | 0 | 0 | 0x00000000000000000000000000000000 | 0x000f16
    10867000 |        0 |   60 |  23 | 0(R) | 0 | 0 | 0x00000000000000000000000000000000 | 0x000f17
    10869000 |        0 |   60 |  24 | 0(R) | 0 | 0 | 0x00000000000000000000000000000000 | 0x000f18
    10872000 |        0 |   60 |  25 | 0(R) | 0 | 0 | 0x00000000000000000000000000000000 | 0x000f19
    10874000 |        0 |   60 |  26 | 0(R) | 0 | 0 | 0x00000000000000000000000000000000 | 0x000f1a
    10877000 |        0 |   60 |  27 | 0(R) | 0 | 0 | 0x00000000000000000000000000000000 | 0x000f1b
    10879000 |        0 |   60 |  28 | 0(R) | 0 | 0 | 0x00000000000000000000000000000000 | 0x000f1c
    10882000 |        0 |   60 |  29 | 0(R) | 0 | 0 | 0x00000000000000000000000000000000 | 0x000f1d
[12244000] INFO: slice start (cycle=0)
    12267000 |       17 |   60 |  29 | 0(R) | 0 | 1 | 0x04103b0e61018000e6b16a6507314831 | 0x000f1d
[12267000] INFO: Row Change (cycle=17, total=1)
    12269000 |       19 |    0 |   0 | 0(R) | 1 | 0 | 0x00000000000000000000000000000000 | 0x000000
    12284000 |       31 |    0 |   1 | 0(R) | 0 | 0 | 0x00000000000000000000000000000000 | 0x000001
    12307000 |       49 |    0 |   2 | 0(R) | 0 | 0 | 0x00000000000000000000000000000000 | 0x000002
    12309000 |       51 |    0 |   3 | 0(R) | 0 | 0 | 0x00000000000000000000000000000000 | 0x000003
    12312000 |       53 |    0 |   4 | 0(R) | 0 | 0 | 0x00000000000000000000000000000000 | 0x000004
    12314000 |       55 |    0 |   5 | 0(R) | 0 | 0 | 0x00000000000000000000000000000000 | 0x000005
    12317000 |       57 |    0 |   6 | 0(R) | 0 | 0 | 0x00000000000000000000000000000000 | 0x000006
    12319000 |       59 |    0 |   7 | 0(R) | 0 | 0 | 0x00000000000000000000000000000000 | 0x000007
    12327000 |       65 |    0 |   8 | 0(R) | 0 | 0 | 0x00000000000000000000000000000000 | 0x000008
    12329000 |       67 |    0 |   9 | 0(R) | 0 | 0 | 0x00000000000000000000000000000000 | 0x000009
    12332000 |       69 |    0 |  10 | 0(R) | 0 | 0 | 0x00000000000000000000000000000000 | 0x00000a
    12334000 |       71 |    0 |  11 | 0(R) | 0 | 0 | 0x00000000000000000000000000000000 | 0x00000b
    12347000 |       81 |    0 |  12 | 0(R) | 0 | 0 | 0x00000000000000000000000000000000 | 0x00000c
    12349000 |       83 |    0 |  13 | 0(R) | 0 | 0 | 0x00000000000000000000000000000000 | 0x00000d
    12404000 |      127 |    0 |  14 | 0(R) | 0 | 0 | 0x00000000000000000000000000000000 | 0x00000e
    12407000 |      129 |    0 |  15 | 0(R) | 0 | 0 | 0x00000000000000000000000000000000 | 0x00000f
    12417000 |      137 |    0 |  16 | 0(R) | 0 | 0 | 0x00000000000000000000000000000000 | 0x000010
    12419000 |      139 |    0 |  17 | 0(R) | 0 | 0 | 0x00000000000000000000000000000000 | 0x000011
    12489000 |      195 |    0 |  18 | 0(R) | 0 | 0 | 0x00000000000000000000000000000000 | 0x000012
    12492000 |      197 |    0 |  19 | 0(R) | 0 | 0 | 0x00000000000000000000000000000000 | 0x000013
    12502000 |      205 |    0 |  20 | 0(R) | 0 | 0 | 0x00000000000000000000000000000000 | 0x000014
    12504000 |      207 |    0 |  21 | 0(R) | 0 | 0 | 0x00000000000000000000000000000000 | 0x000015
    12574000 |      263 |    0 |  22 | 0(R) | 0 | 0 | 0x00000000000000000000000000000000 | 0x000016
    12577000 |      265 |    0 |  23 | 0(R) | 0 | 0 | 0x00000000000000000000000000000000 | 0x000017
    12587000 |      273 |    0 |  24 | 0(R) | 0 | 0 | 0x00000000000000000000000000000000 | 0x000018
    12589000 |      275 |    0 |  25 | 0(R) | 0 | 0 | 0x00000000000000000000000000000000 | 0x000019
    12659000 |      331 |    0 |  26 | 0(R) | 0 | 0 | 0x00000000000000000000000000000000 | 0x00001a
    12662000 |      333 |    0 |  27 | 0(R) | 0 | 0 | 0x00000000000000000000000000000000 | 0x00001b
    12672000 |      341 |    0 |  28 | 0(R) | 0 | 0 | 0x00000000000000000000000000000000 | 0x00001c
    12674000 |      343 |    0 |  29 | 0(R) | 0 | 0 | 0x00000000000000000000000000000000 | 0x00001d
    12744000 |      399 |    0 |  30 | 0(R) | 0 | 0 | 0x00000000000000000000000000000000 | 0x00001e
    12747000 |      401 |    0 |  31 | 0(R) | 0 | 0 | 0x00000000000000000000000000000000 | 0x00001f
    12757000 |      409 |    0 |  32 | 0(R) | 0 | 0 | 0x00000000000000000000000000000000 | 0x000020
    12759000 |      411 |    0 |  33 | 0(R) | 0 | 0 | 0x00000000000000000000000000000000 | 0x000021
    12829000 |      467 |    0 |  34 | 0(R) | 0 | 0 | 0x00000000000000000000000000000000 | 0x000022
    12832000 |      469 |    0 |  35 | 0(R) | 0 | 0 | 0x00000000000000000000000000000000 | 0x000023
    12842000 |      477 |    0 |  36 | 0(R) | 0 | 0 | 0x00000000000000000000000000000000 | 0x000024
    12844000 |      479 |    0 |  37 | 0(R) | 0 | 0 | 0x00000000000000000000000000000000 | 0x000025
    12914000 |      535 |    0 |  38 | 0(R) | 0 | 0 | 0x00000000000000000000000000000000 | 0x000026
    12917000 |      537 |    0 |  39 | 0(R) | 0 | 0 | 0x00000000000000000000000000000000 | 0x000027
    12927000 |      545 |    0 |  40 | 0(R) | 0 | 0 | 0x00000000000000000000000000000000 | 0x000028
    12929000 |      547 |    0 |  41 | 0(R) | 0 | 0 | 0x00000000000000000000000000000000 | 0x000029
    12999000 |      603 |    0 |  42 | 0(R) | 0 | 0 | 0x00000000000000000000000000000000 | 0x00002a
    13002000 |      605 |    0 |  43 | 0(R) | 0 | 0 | 0x00000000000000000000000000000000 | 0x00002b
    13012000 |      613 |    0 |  44 | 0(R) | 0 | 0 | 0x00000000000000000000000000000000 | 0x00002c
    13014000 |      615 |    0 |  45 | 0(R) | 0 | 0 | 0x00000000000000000000000000000000 | 0x00002d
    13084000 |      671 |    0 |  46 | 0(R) | 0 | 0 | 0x00000000000000000000000000000000 | 0x00002e
    13087000 |      673 |    0 |  47 | 0(R) | 0 | 0 | 0x00000000000000000000000000000000 | 0x00002f
    13097000 |      681 |    0 |  48 | 0(R) | 0 | 0 | 0x00000000000000000000000000000000 | 0x000030
    13099000 |      683 |    0 |  49 | 0(R) | 0 | 0 | 0x00000000000000000000000000000000 | 0x000031
    13169000 |      739 |    0 |  50 | 0(R) | 0 | 0 | 0x00000000000000000000000000000000 | 0x000032
    13172000 |      741 |    0 |  51 | 0(R) | 0 | 0 | 0x00000000000000000000000000000000 | 0x000033
    13182000 |      749 |    0 |  52 | 0(R) | 0 | 0 | 0x00000000000000000000000000000000 | 0x000034
    13184000 |      751 |    0 |  53 | 0(R) | 0 | 0 | 0x00000000000000000000000000000000 | 0x000035
    13254000 |      807 |    0 |  54 | 0(R) | 0 | 0 | 0x00000000000000000000000000000000 | 0x000036
    13257000 |      809 |    0 |  55 | 0(R) | 0 | 0 | 0x00000000000000000000000000000000 | 0x000037
    13267000 |      817 |    0 |  56 | 0(R) | 0 | 0 | 0x00000000000000000000000000000000 | 0x000038
    13269000 |      819 |    0 |  57 | 0(R) | 0 | 0 | 0x00000000000000000000000000000000 | 0x000039
    13339000 |      875 |    0 |  58 | 0(R) | 0 | 0 | 0x00000000000000000000000000000000 | 0x00003a
    13342000 |      877 |    0 |  59 | 0(R) | 0 | 0 | 0x00000000000000000000000000000000 | 0x00003b
    13352000 |      885 |    0 |  60 | 0(R) | 0 | 0 | 0x00000000000000000000000000000000 | 0x00003c
    13354000 |      887 |    0 |  61 | 0(R) | 0 | 0 | 0x00000000000000000000000000000000 | 0x00003d
    13424000 |      943 |    0 |  62 | 0(R) | 0 | 0 | 0x00000000000000000000000000000000 | 0x00003e
    13427000 |      945 |    0 |  63 | 0(R) | 0 | 0 | 0x00000000000000000000000000000000 | 0x00003f
    13437000 |      953 |    0 |  63 | 0(R) | 0 | 1 | 0x00000000000000000000000000000000 | 0x00003f
[13437000] INFO: Row Change (cycle=953, total=2)
    13439000 |      955 |    1 |   0 | 0(R) | 1 | 0 | 0x00000000000000000000000000000000 | 0x000040
    13454000 |      967 |    1 |   1 | 0(R) | 0 | 0 | 0x00000000000000000000000000000000 | 0x000041
    13509000 |     1011 |    1 |   2 | 0(R) | 0 | 0 | 0x00000000000000000000000000000000 | 0x000042
    13512000 |     1013 |    1 |   3 | 0(R) | 0 | 0 | 0x00000000000000000000000000000000 | 0x000043
    13522000 |     1021 |    1 |   4 | 0(R) | 0 | 0 | 0x00000000000000000000000000000000 | 0x000044
    13524000 |     1023 |    1 |   5 | 0(R) | 0 | 0 | 0x00000000000000000000000000000000 | 0x000045
    13594000 |     1079 |    1 |   6 | 0(R) | 0 | 0 | 0x00000000000000000000000000000000 | 0x000046
    13597000 |     1081 |    1 |   7 | 0(R) | 0 | 0 | 0x00000000000000000000000000000000 | 0x000047
    13607000 |     1089 |    1 |   8 | 0(R) | 0 | 0 | 0x00000000000000000000000000000000 | 0x000048
    13609000 |     1091 |    1 |   9 | 0(R) | 0 | 0 | 0x00000000000000000000000000000000 | 0x000049
    13679000 |     1147 |    1 |  10 | 0(R) | 0 | 0 | 0x00000000000000000000000000000000 | 0x00004a
    13682000 |     1149 |    1 |  11 | 0(R) | 0 | 0 | 0x00000000000000000000000000000000 | 0x00004b
    13692000 |     1157 |    1 |  12 | 0(R) | 0 | 0 | 0x00000000000000000000000000000000 | 0x00004c
    13694000 |     1159 |    1 |  13 | 0(R) | 0 | 0 | 0x00000000000000000000000000000000 | 0x00004d
    13764000 |     1215 |    1 |  14 | 0(R) | 0 | 0 | 0x00000000000000000000000000000000 | 0x00004e
    13767000 |     1217 |    1 |  15 | 0(R) | 0 | 0 | 0x00000000000000000000000000000000 | 0x00004f
    13777000 |     1225 |    1 |  16 | 0(R) | 0 | 0 | 0x00000000000000000000000000000000 | 0x000050
    13779000 |     1227 |    1 |  17 | 0(R) | 0 | 0 | 0x00000000000000000000000000000000 | 0x000051
    13849000 |     1283 |    1 |  18 | 0(R) | 0 | 0 | 0x00000000000000000000000000000000 | 0x000052
    13852000 |     1285 |    1 |  19 | 0(R) | 0 | 0 | 0x00000000000000000000000000000000 | 0x000053
    13862000 |     1293 |    1 |  20 | 0(R) | 0 | 0 | 0x00000000000000000000000000000000 | 0x000054
    13864000 |     1295 |    1 |  21 | 0(R) | 0 | 0 | 0x00000000000000000000000000000000 | 0x000055
    13934000 |     1351 |    1 |  22 | 0(R) | 0 | 0 | 0x00000000000000000000000000000000 | 0x000056
    13937000 |     1353 |    1 |  23 | 0(R) | 0 | 0 | 0x00000000000000000000000000000000 | 0x000057
    13947000 |     1361 |    1 |  24 | 0(R) | 0 | 0 | 0x00000000000000000000000000000000 | 0x000058
    13949000 |     1363 |    1 |  25 | 0(R) | 0 | 0 | 0x00000000000000000000000000000000 | 0x000059
    14019000 |     1419 |    1 |  26 | 0(R) | 0 | 0 | 0x00000000000000000000000000000000 | 0x00005a
    14022000 |     1421 |    1 |  27 | 0(R) | 0 | 0 | 0x00000000000000000000000000000000 | 0x00005b
    14032000 |     1429 |    1 |  28 | 0(R) | 0 | 0 | 0x00000000000000000000000000000000 | 0x00005c
    14034000 |     1431 |    1 |  29 | 0(R) | 0 | 0 | 0x00000000000000000000000000000000 | 0x00005d
    14104000 |     1487 |    1 |  30 | 0(R) | 0 | 0 | 0x00000000000000000000000000000000 | 0x00005e
    14107000 |     1489 |    1 |  31 | 0(R) | 0 | 0 | 0x00000000000000000000000000000000 | 0x00005f
    14117000 |     1497 |    1 |  32 | 0(R) | 0 | 0 | 0x00000000000000000000000000000000 | 0x000060
    14119000 |     1499 |    1 |  33 | 0(R) | 0 | 0 | 0x00000000000000000000000000000000 | 0x000061
    14189000 |     1555 |    1 |  34 | 0(R) | 0 | 0 | 0x00000000000000000000000000000000 | 0x000062
    14192000 |     1557 |    1 |  35 | 0(R) | 0 | 0 | 0x00000000000000000000000000000000 | 0x000063
    14202000 |     1565 |    1 |  36 | 0(R) | 0 | 0 | 0x00000000000000000000000000000000 | 0x000064
    14204000 |     1567 |    1 |  37 | 0(R) | 0 | 0 | 0x00000000000000000000000000000000 | 0x000065
    14274000 |     1623 |    1 |  38 | 0(R) | 0 | 0 | 0x00000000000000000000000000000000 | 0x000066
    14277000 |     1625 |    1 |  39 | 0(R) | 0 | 0 | 0x00000000000000000000000000000000 | 0x000067
    14287000 |     1633 |    1 |  40 | 0(R) | 0 | 0 | 0x00000000000000000000000000000000 | 0x000068
    14289000 |     1635 |    1 |  41 | 0(R) | 0 | 0 | 0x00000000000000000000000000000000 | 0x000069
    14359000 |     1691 |    1 |  42 | 0(R) | 0 | 0 | 0x00000000000000000000000000000000 | 0x00006a
    14362000 |     1693 |    1 |  43 | 0(R) | 0 | 0 | 0x00000000000000000000000000000000 | 0x00006b
    14372000 |     1701 |    1 |  44 | 0(R) | 0 | 0 | 0x00000000000000000000000000000000 | 0x00006c
    14374000 |     1703 |    1 |  45 | 0(R) | 0 | 0 | 0x00000000000000000000000000000000 | 0x00006d
    14444000 |     1759 |    1 |  46 | 0(R) | 0 | 0 | 0x00000000000000000000000000000000 | 0x00006e
    14447000 |     1761 |    1 |  47 | 0(R) | 0 | 0 | 0x00000000000000000000000000000000 | 0x00006f
    14457000 |     1769 |    1 |  48 | 0(R) | 0 | 0 | 0x00000000000000000000000000000000 | 0x000070
    14459000 |     1771 |    1 |  49 | 0(R) | 0 | 0 | 0x00000000000000000000000000000000 | 0x000071
    14529000 |     1827 |    1 |  50 | 0(R) | 0 | 0 | 0x00000000000000000000000000000000 | 0x000072
    14532000 |     1829 |    1 |  51 | 0(R) | 0 | 0 | 0x00000000000000000000000000000000 | 0x000073
    14542000 |     1837 |    1 |  52 | 0(R) | 0 | 0 | 0x00000000000000000000000000000000 | 0x000074
    14544000 |     1839 |    1 |  53 | 0(R) | 0 | 0 | 0x00000000000000000000000000000000 | 0x000075
    14614000 |     1895 |    1 |  54 | 0(R) | 0 | 0 | 0x00000000000000000000000000000000 | 0x000076
    14617000 |     1897 |    1 |  55 | 0(R) | 0 | 0 | 0x00000000000000000000000000000000 | 0x000077
    14627000 |     1905 |    1 |  56 | 0(R) | 0 | 0 | 0x00000000000000000000000000000000 | 0x000078
    14629000 |     1907 |    1 |  57 | 0(R) | 0 | 0 | 0x00000000000000000000000000000000 | 0x000079
    14699000 |     1963 |    1 |  58 | 0(R) | 0 | 0 | 0x00000000000000000000000000000000 | 0x00007a
    14702000 |     1965 |    1 |  59 | 0(R) | 0 | 0 | 0x00000000000000000000000000000000 | 0x00007b
    14712000 |     1973 |    1 |  60 | 0(R) | 0 | 0 | 0x00000000000000000000000000000000 | 0x00007c
    14714000 |     1975 |    1 |  61 | 0(R) | 0 | 0 | 0x00000000000000000000000000000000 | 0x00007d
    14784000 |     2031 |    1 |  62 | 0(R) | 0 | 0 | 0x00000000000000000000000000000000 | 0x00007e
    14787000 |     2033 |    1 |  63 | 0(R) | 0 | 0 | 0x00000000000000000000000000000000 | 0x00007f
    14797000 |     2041 |    1 |  63 | 0(R) | 0 | 1 | 0x00000000000000000000000000000000 | 0x00007f
[14797000] INFO: Row Change (cycle=2041, total=3)
    14799000 |     2043 |    2 |   0 | 0(R) | 1 | 0 | 0x00000000000000000000000000000000 | 0x000080
    14814000 |     2055 |    2 |   1 | 0(R) | 0 | 0 | 0x00000000000000000000000000000000 | 0x000081
    14869000 |     2099 |    2 |   2 | 0(R) | 0 | 0 | 0x00000000000000000000000000000000 | 0x000082
    14872000 |     2101 |    2 |   3 | 0(R) | 0 | 0 | 0x00000000000000000000000000000000 | 0x000083
    14882000 |     2109 |    2 |   4 | 0(R) | 0 | 0 | 0x00000000000000000000000000000000 | 0x000084
    14884000 |     2111 |    2 |   5 | 0(R) | 0 | 0 | 0x00000000000000000000000000000000 | 0x000085
    14954000 |     2167 |    2 |   6 | 0(R) | 0 | 0 | 0x00000000000000000000000000000000 | 0x000086
    14957000 |     2169 |    2 |   7 | 0(R) | 0 | 0 | 0x00000000000000000000000000000000 | 0x000087
    14967000 |     2177 |    2 |   8 | 0(R) | 0 | 0 | 0x00000000000000000000000000000000 | 0x000088
    14969000 |     2179 |    2 |   9 | 0(R) | 0 | 0 | 0x00000000000000000000000000000000 | 0x000089
    15039000 |     2235 |    2 |  10 | 0(R) | 0 | 0 | 0x00000000000000000000000000000000 | 0x00008a
    15042000 |     2237 |    2 |  11 | 0(R) | 0 | 0 | 0x00000000000000000000000000000000 | 0x00008b
    15052000 |     2245 |    2 |  12 | 0(R) | 0 | 0 | 0x00000000000000000000000000000000 | 0x00008c
    15054000 |     2247 |    2 |  13 | 0(R) | 0 | 0 | 0x00000000000000000000000000000000 | 0x00008d
    15124000 |     2303 |    2 |  14 | 0(R) | 0 | 0 | 0x00000000000000000000000000000000 | 0x00008e
    15127000 |     2305 |    2 |  15 | 0(R) | 0 | 0 | 0x00000000000000000000000000000000 | 0x00008f
    15137000 |     2313 |    2 |  16 | 0(R) | 0 | 0 | 0x00000000000000000000000000000000 | 0x000090
    15139000 |     2315 |    2 |  17 | 0(R) | 0 | 0 | 0x00000000000000000000000000000000 | 0x000091
    15209000 |     2371 |    2 |  18 | 0(R) | 0 | 0 | 0x00000000000000000000000000000000 | 0x000092
    15212000 |     2373 |    2 |  19 | 0(R) | 0 | 0 | 0x00000000000000000000000000000000 | 0x000093
    15222000 |     2381 |    2 |  20 | 0(R) | 0 | 0 | 0x00000000000000000000000000000000 | 0x000094
    15224000 |     2383 |    2 |  21 | 0(R) | 0 | 0 | 0x00000000000000000000000000000000 | 0x000095
    15294000 |     2439 |    2 |  22 | 0(R) | 0 | 0 | 0x00000000000000000000000000000000 | 0x000096
    15297000 |     2441 |    2 |  23 | 0(R) | 0 | 0 | 0x00000000000000000000000000000000 | 0x000097
    15307000 |     2449 |    2 |  24 | 0(R) | 0 | 0 | 0x00000000000000000000000000000000 | 0x000098
    15309000 |     2451 |    2 |  25 | 0(R) | 0 | 0 | 0x00000000000000000000000000000000 | 0x000099
    15379000 |     2507 |    2 |  26 | 0(R) | 0 | 0 | 0x00000000000000000000000000000000 | 0x00009a
    15382000 |     2509 |    2 |  27 | 0(R) | 0 | 0 | 0x00000000000000000000000000000000 | 0x00009b
    15392000 |     2517 |    2 |  28 | 0(R) | 0 | 0 | 0x00000000000000000000000000000000 | 0x00009c
    15394000 |     2519 |    2 |  29 | 0(R) | 0 | 0 | 0x00000000000000000000000000000000 | 0x00009d
    15464000 |     2575 |    2 |  30 | 0(R) | 0 | 0 | 0x00000000000000000000000000000000 | 0x00009e
    15467000 |     2577 |    2 |  31 | 0(R) | 0 | 0 | 0x00000000000000000000000000000000 | 0x00009f
    15477000 |     2585 |    2 |  32 | 0(R) | 0 | 0 | 0x00000000000000000000000000000000 | 0x0000a0
    15479000 |     2587 |    2 |  33 | 0(R) | 0 | 0 | 0x00000000000000000000000000000000 | 0x0000a1
    15549000 |     2643 |    2 |  34 | 0(R) | 0 | 0 | 0x00000000000000000000000000000000 | 0x0000a2
    15552000 |     2645 |    2 |  35 | 0(R) | 0 | 0 | 0x00000000000000000000000000000000 | 0x0000a3
    15562000 |     2653 |    2 |  36 | 0(R) | 0 | 0 | 0x00000000000000000000000000000000 | 0x0000a4
    15564000 |     2655 |    2 |  37 | 0(R) | 0 | 0 | 0x00000000000000000000000000000000 | 0x0000a5
    15634000 |     2711 |    2 |  38 | 0(R) | 0 | 0 | 0x00000000000000000000000000000000 | 0x0000a6
    15637000 |     2713 |    2 |  39 | 0(R) | 0 | 0 | 0x00000000000000000000000000000000 | 0x0000a7
    15647000 |     2721 |    2 |  40 | 0(R) | 0 | 0 | 0x00000000000000000000000000000000 | 0x0000a8
    15649000 |     2723 |    2 |  41 | 0(R) | 0 | 0 | 0x00000000000000000000000000000000 | 0x0000a9
    15719000 |     2779 |    2 |  42 | 0(R) | 0 | 0 | 0x00000000000000000000000000000000 | 0x0000aa
    15722000 |     2781 |    2 |  43 | 0(R) | 0 | 0 | 0x00000000000000000000000000000000 | 0x0000ab
    15732000 |     2789 |    2 |  44 | 0(R) | 0 | 0 | 0x00000000000000000000000000000000 | 0x0000ac
    15734000 |     2791 |    2 |  45 | 0(R) | 0 | 0 | 0x00000000000000000000000000000000 | 0x0000ad
    15804000 |     2847 |    2 |  46 | 0(R) | 0 | 0 | 0x00000000000000000000000000000000 | 0x0000ae
    15807000 |     2849 |    2 |  47 | 0(R) | 0 | 0 | 0x00000000000000000000000000000000 | 0x0000af
    15817000 |     2857 |    2 |  48 | 0(R) | 0 | 0 | 0x00000000000000000000000000000000 | 0x0000b0
    15819000 |     2859 |    2 |  49 | 0(R) | 0 | 0 | 0x00000000000000000000000000000000 | 0x0000b1
    15889000 |     2915 |    2 |  50 | 0(R) | 0 | 0 | 0x00000000000000000000000000000000 | 0x0000b2
    15892000 |     2917 |    2 |  51 | 0(R) | 0 | 0 | 0x00000000000000000000000000000000 | 0x0000b3
    15902000 |     2925 |    2 |  52 | 0(R) | 0 | 0 | 0x00000000000000000000000000000000 | 0x0000b4
    15904000 |     2927 |    2 |  53 | 0(R) | 0 | 0 | 0x00000000000000000000000000000000 | 0x0000b5
    15974000 |     2983 |    2 |  54 | 0(R) | 0 | 0 | 0x00000000000000000000000000000000 | 0x0000b6
    15977000 |     2985 |    2 |  55 | 0(R) | 0 | 0 | 0x00000000000000000000000000000000 | 0x0000b7
    15987000 |     2993 |    2 |  56 | 0(R) | 0 | 0 | 0x00000000000000000000000000000000 | 0x0000b8
    15989000 |     2995 |    2 |  57 | 0(R) | 0 | 0 | 0x00000000000000000000000000000000 | 0x0000b9
    16059000 |     3051 |    2 |  58 | 0(R) | 0 | 0 | 0x00000000000000000000000000000000 | 0x0000ba
    16062000 |     3053 |    2 |  59 | 0(R) | 0 | 0 | 0x00000000000000000000000000000000 | 0x0000bb
    16072000 |     3061 |    2 |  60 | 0(R) | 0 | 0 | 0x00000000000000000000000000000000 | 0x0000bc
    16074000 |     3063 |    2 |  61 | 0(R) | 0 | 0 | 0x00000000000000000000000000000000 | 0x0000bd
    16144000 |     3119 |    2 |  62 | 0(R) | 0 | 0 | 0x00000000000000000000000000000000 | 0x0000be
    16147000 |     3121 |    2 |  63 | 0(R) | 0 | 0 | 0x00000000000000000000000000000000 | 0x0000bf
    16157000 |     3129 |    2 |  63 | 0(R) | 0 | 1 | 0x00000000000000000000000000000000 | 0x0000bf
[16157000] INFO: Row Change (cycle=3129, total=4)
    16159000 |     3131 |    3 |   0 | 0(R) | 1 | 0 | 0x00000000000000000000000000000000 | 0x0000c0
    16174000 |     3143 |    3 |   1 | 0(R) | 0 | 0 | 0x00000000000000000000000000000000 | 0x0000c1
    16229000 |     3187 |    3 |   2 | 0(R) | 0 | 0 | 0x00000000000000000000000000000000 | 0x0000c2
    16232000 |     3189 |    3 |   3 | 0(R) | 0 | 0 | 0x00000000000000000000000000000000 | 0x0000c3
    16242000 |     3197 |    3 |   4 | 0(R) | 0 | 0 | 0x00000000000000000000000000000000 | 0x0000c4
    16244000 |     3199 |    3 |   5 | 0(R) | 0 | 0 | 0x00000000000000000000000000000000 | 0x0000c5
    16314000 |     3255 |    3 |   6 | 0(R) | 0 | 0 | 0x00000000000000000000000000000000 | 0x0000c6
    16317000 |     3257 |    3 |   7 | 0(R) | 0 | 0 | 0x00000000000000000000000000000000 | 0x0000c7
    16327000 |     3265 |    3 |   8 | 0(R) | 0 | 0 | 0x00000000000000000000000000000000 | 0x0000c8
    16329000 |     3267 |    3 |   9 | 0(R) | 0 | 0 | 0x00000000000000000000000000000000 | 0x0000c9
    16399000 |     3323 |    3 |  10 | 0(R) | 0 | 0 | 0x00000000000000000000000000000000 | 0x0000ca
    16402000 |     3325 |    3 |  11 | 0(R) | 0 | 0 | 0x00000000000000000000000000000000 | 0x0000cb
    16412000 |     3333 |    3 |  12 | 0(R) | 0 | 0 | 0x00000000000000000000000000000000 | 0x0000cc
    16414000 |     3335 |    3 |  13 | 0(R) | 0 | 0 | 0x00000000000000000000000000000000 | 0x0000cd
    16484000 |     3391 |    3 |  14 | 0(R) | 0 | 0 | 0x00000000000000000000000000000000 | 0x0000ce
    16487000 |     3393 |    3 |  15 | 0(R) | 0 | 0 | 0x00000000000000000000000000000000 | 0x0000cf
    16497000 |     3401 |    3 |  16 | 0(R) | 0 | 0 | 0x00000000000000000000000000000000 | 0x0000d0
    16499000 |     3403 |    3 |  17 | 0(R) | 0 | 0 | 0x00000000000000000000000000000000 | 0x0000d1
    16569000 |     3459 |    3 |  18 | 0(R) | 0 | 0 | 0x00000000000000000000000000000000 | 0x0000d2
    16572000 |     3461 |    3 |  19 | 0(R) | 0 | 0 | 0x00000000000000000000000000000000 | 0x0000d3
    16582000 |     3469 |    3 |  20 | 0(R) | 0 | 0 | 0x00000000000000000000000000000000 | 0x0000d4
    16584000 |     3471 |    3 |  21 | 0(R) | 0 | 0 | 0x00000000000000000000000000000000 | 0x0000d5
    16654000 |     3527 |    3 |  22 | 0(R) | 0 | 0 | 0x00000000000000000000000000000000 | 0x0000d6
    16657000 |     3529 |    3 |  23 | 0(R) | 0 | 0 | 0x00000000000000000000000000000000 | 0x0000d7
    16667000 |     3537 |    3 |  24 | 0(R) | 0 | 0 | 0x00000000000000000000000000000000 | 0x0000d8
    16669000 |     3539 |    3 |  25 | 0(R) | 0 | 0 | 0x00000000000000000000000000000000 | 0x0000d9
    16739000 |     3595 |    3 |  26 | 0(R) | 0 | 0 | 0x00000000000000000000000000000000 | 0x0000da
    16742000 |     3597 |    3 |  27 | 0(R) | 0 | 0 | 0x00000000000000000000000000000000 | 0x0000db
    16752000 |     3605 |    3 |  28 | 0(R) | 0 | 0 | 0x00000000000000000000000000000000 | 0x0000dc
    16754000 |     3607 |    3 |  29 | 0(R) | 0 | 0 | 0x00000000000000000000000000000000 | 0x0000dd
    16824000 |     3663 |    3 |  30 | 0(R) | 0 | 0 | 0x00000000000000000000000000000000 | 0x0000de
    16827000 |     3665 |    3 |  31 | 0(R) | 0 | 0 | 0x00000000000000000000000000000000 | 0x0000df
    16837000 |     3673 |    3 |  32 | 0(R) | 0 | 0 | 0x00000000000000000000000000000000 | 0x0000e0
    16839000 |     3675 |    3 |  33 | 0(R) | 0 | 0 | 0x00000000000000000000000000000000 | 0x0000e1
    16909000 |     3731 |    3 |  34 | 0(R) | 0 | 0 | 0x00000000000000000000000000000000 | 0x0000e2
    16912000 |     3733 |    3 |  35 | 0(R) | 0 | 0 | 0x00000000000000000000000000000000 | 0x0000e3
    16922000 |     3741 |    3 |  36 | 0(R) | 0 | 0 | 0x00000000000000000000000000000000 | 0x0000e4
    16924000 |     3743 |    3 |  37 | 0(R) | 0 | 0 | 0x00000000000000000000000000000000 | 0x0000e5
    16994000 |     3799 |    3 |  38 | 0(R) | 0 | 0 | 0x00000000000000000000000000000000 | 0x0000e6
    16997000 |     3801 |    3 |  39 | 0(R) | 0 | 0 | 0x00000000000000000000000000000000 | 0x0000e7
    17007000 |     3809 |    3 |  40 | 0(R) | 0 | 0 | 0x00000000000000000000000000000000 | 0x0000e8
    17009000 |     3811 |    3 |  41 | 0(R) | 0 | 0 | 0x00000000000000000000000000000000 | 0x0000e9
    17079000 |     3867 |    3 |  42 | 0(R) | 0 | 0 | 0x00000000000000000000000000000000 | 0x0000ea
    17082000 |     3869 |    3 |  43 | 0(R) | 0 | 0 | 0x00000000000000000000000000000000 | 0x0000eb
    17092000 |     3877 |    3 |  44 | 0(R) | 0 | 0 | 0x00000000000000000000000000000000 | 0x0000ec
    17094000 |     3879 |    3 |  45 | 0(R) | 0 | 0 | 0x00000000000000000000000000000000 | 0x0000ed
    17164000 |     3935 |    3 |  46 | 0(R) | 0 | 0 | 0x00000000000000000000000000000000 | 0x0000ee
    17167000 |     3937 |    3 |  47 | 0(R) | 0 | 0 | 0x00000000000000000000000000000000 | 0x0000ef
    17177000 |     3945 |    3 |  48 | 0(R) | 0 | 0 | 0x00000000000000000000000000000000 | 0x0000f0
    17179000 |     3947 |    3 |  49 | 0(R) | 0 | 0 | 0x00000000000000000000000000000000 | 0x0000f1
    17249000 |     4003 |    3 |  50 | 0(R) | 0 | 0 | 0x00000000000000000000000000000000 | 0x0000f2
    17252000 |     4005 |    3 |  51 | 0(R) | 0 | 0 | 0x00000000000000000000000000000000 | 0x0000f3
    17262000 |     4013 |    3 |  52 | 0(R) | 0 | 0 | 0x00000000000000000000000000000000 | 0x0000f4
    17264000 |     4015 |    3 |  53 | 0(R) | 0 | 0 | 0x00000000000000000000000000000000 | 0x0000f5
    17334000 |     4071 |    3 |  54 | 0(R) | 0 | 0 | 0x00000000000000000000000000000000 | 0x0000f6
    17337000 |     4073 |    3 |  55 | 0(R) | 0 | 0 | 0x00000000000000000000000000000000 | 0x0000f7
    17347000 |     4081 |    3 |  56 | 0(R) | 0 | 0 | 0x00000000000000000000000000000000 | 0x0000f8
    17349000 |     4083 |    3 |  57 | 0(R) | 0 | 0 | 0x00000000000000000000000000000000 | 0x0000f9
    17419000 |     4139 |    3 |  58 | 0(R) | 0 | 0 | 0x00000000000000000000000000000000 | 0x0000fa
    17422000 |     4141 |    3 |  59 | 0(R) | 0 | 0 | 0x00000000000000000000000000000000 | 0x0000fb
    17432000 |     4149 |    3 |  60 | 0(R) | 0 | 0 | 0x00000000000000000000000000000000 | 0x0000fc
    17434000 |     4151 |    3 |  61 | 0(R) | 0 | 0 | 0x00000000000000000000000000000000 | 0x0000fd
    17504000 |     4207 |    3 |  62 | 0(R) | 0 | 0 | 0x00000000000000000000000000000000 | 0x0000fe
    17507000 |     4209 |    3 |  63 | 0(R) | 0 | 0 | 0x00000000000000000000000000000000 | 0x0000ff
    17517000 |     4217 |    3 |  63 | 0(R) | 0 | 1 | 0x00000000000000000000000000000000 | 0x0000ff
[17517000] INFO: Row Change (cycle=4217, total=5)
    17519000 |     4219 |    4 |   0 | 0(R) | 1 | 0 | 0x00000000000000000000000000000000 | 0x000100
    17534000 |     4231 |    4 |   1 | 0(R) | 0 | 0 | 0x00000000000000000000000000000000 | 0x000101
    17589000 |     4275 |    4 |   2 | 0(R) | 0 | 0 | 0x00000000000000000000000000000000 | 0x000102
    17592000 |     4277 |    4 |   3 | 0(R) | 0 | 0 | 0x00000000000000000000000000000000 | 0x000103
    17602000 |     4285 |    4 |   4 | 0(R) | 0 | 0 | 0x00000000000000000000000000000000 | 0x000104
    17604000 |     4287 |    4 |   5 | 0(R) | 0 | 0 | 0x00000000000000000000000000000000 | 0x000105
    17674000 |     4343 |    4 |   6 | 0(R) | 0 | 0 | 0x00000000000000000000000000000000 | 0x000106
    17677000 |     4345 |    4 |   7 | 0(R) | 0 | 0 | 0x00000000000000000000000000000000 | 0x000107
    17687000 |     4353 |    4 |   8 | 0(R) | 0 | 0 | 0x00000000000000000000000000000000 | 0x000108
    17689000 |     4355 |    4 |   9 | 0(R) | 0 | 0 | 0x00000000000000000000000000000000 | 0x000109
    17759000 |     4411 |    4 |  10 | 0(R) | 0 | 0 | 0x00000000000000000000000000000000 | 0x00010a
    17762000 |     4413 |    4 |  11 | 0(R) | 0 | 0 | 0x00000000000000000000000000000000 | 0x00010b
    17772000 |     4421 |    4 |  12 | 0(R) | 0 | 0 | 0x00000000000000000000000000000000 | 0x00010c
    17774000 |     4423 |    4 |  13 | 0(R) | 0 | 0 | 0x00000000000000000000000000000000 | 0x00010d
    17844000 |     4479 |    4 |  14 | 0(R) | 0 | 0 | 0x00000000000000000000000000000000 | 0x00010e
    17847000 |     4481 |    4 |  15 | 0(R) | 0 | 0 | 0x00000000000000000000000000000000 | 0x00010f
    17857000 |     4489 |    4 |  16 | 0(R) | 0 | 0 | 0x00000000000000000000000000000000 | 0x000110
    17859000 |     4491 |    4 |  17 | 0(R) | 0 | 0 | 0x00000000000000000000000000000000 | 0x000111
    17929000 |     4547 |    4 |  18 | 0(R) | 0 | 0 | 0x00000000000000000000000000000000 | 0x000112
    17932000 |     4549 |    4 |  19 | 0(R) | 0 | 0 | 0x00000000000000000000000000000000 | 0x000113
    17942000 |     4557 |    4 |  20 | 0(R) | 0 | 0 | 0x00000000000000000000000000000000 | 0x000114
    17944000 |     4559 |    4 |  21 | 0(R) | 0 | 0 | 0x00000000000000000000000000000000 | 0x000115
    18014000 |     4615 |    4 |  22 | 0(R) | 0 | 0 | 0x00000000000000000000000000000000 | 0x000116
    18017000 |     4617 |    4 |  23 | 0(R) | 0 | 0 | 0x00000000000000000000000000000000 | 0x000117
    18027000 |     4625 |    4 |  24 | 0(R) | 0 | 0 | 0x00000000000000000000000000000000 | 0x000118
    18029000 |     4627 |    4 |  25 | 0(R) | 0 | 0 | 0x00000000000000000000000000000000 | 0x000119
    18099000 |     4683 |    4 |  26 | 0(R) | 0 | 0 | 0x00000000000000000000000000000000 | 0x00011a
    18102000 |     4685 |    4 |  27 | 0(R) | 0 | 0 | 0x00000000000000000000000000000000 | 0x00011b
    18112000 |     4693 |    4 |  28 | 0(R) | 0 | 0 | 0x00000000000000000000000000000000 | 0x00011c
    18114000 |     4695 |    4 |  29 | 0(R) | 0 | 0 | 0x00000000000000000000000000000000 | 0x00011d
    18184000 |     4751 |    4 |  30 | 0(R) | 0 | 0 | 0x00000000000000000000000000000000 | 0x00011e
    18187000 |     4753 |    4 |  31 | 0(R) | 0 | 0 | 0x00000000000000000000000000000000 | 0x00011f
    18197000 |     4761 |    4 |  32 | 0(R) | 0 | 0 | 0x00000000000000000000000000000000 | 0x000120
    18199000 |     4763 |    4 |  33 | 0(R) | 0 | 0 | 0x00000000000000000000000000000000 | 0x000121
    18269000 |     4819 |    4 |  34 | 0(R) | 0 | 0 | 0x00000000000000000000000000000000 | 0x000122
    18272000 |     4821 |    4 |  35 | 0(R) | 0 | 0 | 0x00000000000000000000000000000000 | 0x000123
    18282000 |     4829 |    4 |  36 | 0(R) | 0 | 0 | 0x00000000000000000000000000000000 | 0x000124
    18284000 |     4831 |    4 |  37 | 0(R) | 0 | 0 | 0x00000000000000000000000000000000 | 0x000125
    18354000 |     4887 |    4 |  38 | 0(R) | 0 | 0 | 0x00000000000000000000000000000000 | 0x000126
    18357000 |     4889 |    4 |  39 | 0(R) | 0 | 0 | 0x00000000000000000000000000000000 | 0x000127
    18367000 |     4897 |    4 |  40 | 0(R) | 0 | 0 | 0x00000000000000000000000000000000 | 0x000128
    18369000 |     4899 |    4 |  41 | 0(R) | 0 | 0 | 0x00000000000000000000000000000000 | 0x000129
    18439000 |     4955 |    4 |  42 | 0(R) | 0 | 0 | 0x00000000000000000000000000000000 | 0x00012a
    18442000 |     4957 |    4 |  43 | 0(R) | 0 | 0 | 0x00000000000000000000000000000000 | 0x00012b
    18452000 |     4965 |    4 |  44 | 0(R) | 0 | 0 | 0x00000000000000000000000000000000 | 0x00012c
    18454000 |     4967 |    4 |  45 | 0(R) | 0 | 0 | 0x00000000000000000000000000000000 | 0x00012d
    18524000 |     5023 |    4 |  46 | 0(R) | 0 | 0 | 0x00000000000000000000000000000000 | 0x00012e
    18527000 |     5025 |    4 |  47 | 0(R) | 0 | 0 | 0x00000000000000000000000000000000 | 0x00012f
    18537000 |     5033 |    4 |  48 | 0(R) | 0 | 0 | 0x00000000000000000000000000000000 | 0x000130
    18539000 |     5035 |    4 |  49 | 0(R) | 0 | 0 | 0x00000000000000000000000000000000 | 0x000131
    18609000 |     5091 |    4 |  50 | 0(R) | 0 | 0 | 0x00000000000000000000000000000000 | 0x000132
    18612000 |     5093 |    4 |  51 | 0(R) | 0 | 0 | 0x00000000000000000000000000000000 | 0x000133
    18622000 |     5101 |    4 |  52 | 0(R) | 0 | 0 | 0x00000000000000000000000000000000 | 0x000134
    18624000 |     5103 |    4 |  53 | 0(R) | 0 | 0 | 0x00000000000000000000000000000000 | 0x000135
    18694000 |     5159 |    4 |  54 | 0(R) | 0 | 0 | 0x00000000000000000000000000000000 | 0x000136
    18697000 |     5161 |    4 |  55 | 0(R) | 0 | 0 | 0x00000000000000000000000000000000 | 0x000137
    18707000 |     5169 |    4 |  56 | 0(R) | 0 | 0 | 0x00000000000000000000000000000000 | 0x000138
    18709000 |     5171 |    4 |  57 | 0(R) | 0 | 0 | 0x00000000000000000000000000000000 | 0x000139
    18779000 |     5227 |    4 |  58 | 0(R) | 0 | 0 | 0x00000000000000000000000000000000 | 0x00013a
    18782000 |     5229 |    4 |  59 | 0(R) | 0 | 0 | 0x00000000000000000000000000000000 | 0x00013b
    18792000 |     5237 |    4 |  60 | 0(R) | 0 | 0 | 0x00000000000000000000000000000000 | 0x00013c
    18794000 |     5239 |    4 |  61 | 0(R) | 0 | 0 | 0x00000000000000000000000000000000 | 0x00013d
    18864000 |     5295 |    4 |  62 | 0(R) | 0 | 0 | 0x00000000000000000000000000000000 | 0x00013e
    18867000 |     5297 |    4 |  63 | 0(R) | 0 | 0 | 0x00000000000000000000000000000000 | 0x00013f
    18877000 |     5305 |    4 |  63 | 0(R) | 0 | 1 | 0x00000000000000000000000000000000 | 0x00013f
[18877000] INFO: Row Change (cycle=5305, total=6)
    18879000 |     5307 |    5 |   0 | 0(R) | 1 | 0 | 0x00000000000000000000000000000000 | 0x000140
    18894000 |     5319 |    5 |   1 | 0(R) | 0 | 0 | 0x00000000000000000000000000000000 | 0x000141
    18949000 |     5363 |    5 |   2 | 0(R) | 0 | 0 | 0x00000000000000000000000000000000 | 0x000142
    18952000 |     5365 |    5 |   3 | 0(R) | 0 | 0 | 0x00000000000000000000000000000000 | 0x000143
    18962000 |     5373 |    5 |   4 | 0(R) | 0 | 0 | 0x00000000000000000000000000000000 | 0x000144
    18964000 |     5375 |    5 |   5 | 0(R) | 0 | 0 | 0x00000000000000000000000000000000 | 0x000145
    19034000 |     5431 |    5 |   6 | 0(R) | 0 | 0 | 0x00000000000000000000000000000000 | 0x000146
    19037000 |     5433 |    5 |   7 | 0(R) | 0 | 0 | 0x00000000000000000000000000000000 | 0x000147
    19047000 |     5441 |    5 |   8 | 0(R) | 0 | 0 | 0x00000000000000000000000000000000 | 0x000148
    19049000 |     5443 |    5 |   9 | 0(R) | 0 | 0 | 0x00000000000000000000000000000000 | 0x000149
    19119000 |     5499 |    5 |  10 | 0(R) | 0 | 0 | 0x00000000000000000000000000000000 | 0x00014a
    19122000 |     5501 |    5 |  11 | 0(R) | 0 | 0 | 0x00000000000000000000000000000000 | 0x00014b
    19132000 |     5509 |    5 |  12 | 0(R) | 0 | 0 | 0x00000000000000000000000000000000 | 0x00014c
    19134000 |     5511 |    5 |  13 | 0(R) | 0 | 0 | 0x00000000000000000000000000000000 | 0x00014d
    19204000 |     5567 |    5 |  14 | 0(R) | 0 | 0 | 0x00000000000000000000000000000000 | 0x00014e
    19207000 |     5569 |    5 |  15 | 0(R) | 0 | 0 | 0x00000000000000000000000000000000 | 0x00014f
    19217000 |     5577 |    5 |  16 | 0(R) | 0 | 0 | 0x00000000000000000000000000000000 | 0x000150
    19219000 |     5579 |    5 |  17 | 0(R) | 0 | 0 | 0x00000000000000000000000000000000 | 0x000151
    19289000 |     5635 |    5 |  18 | 0(R) | 0 | 0 | 0x00000000000000000000000000000000 | 0x000152
    19292000 |     5637 |    5 |  19 | 0(R) | 0 | 0 | 0x00000000000000000000000000000000 | 0x000153
    19302000 |     5645 |    5 |  20 | 0(R) | 0 | 0 | 0x00000000000000000000000000000000 | 0x000154
    19304000 |     5647 |    5 |  21 | 0(R) | 0 | 0 | 0x00000000000000000000000000000000 | 0x000155
    19374000 |     5703 |    5 |  22 | 0(R) | 0 | 0 | 0x00000000000000000000000000000000 | 0x000156
    19377000 |     5705 |    5 |  23 | 0(R) | 0 | 0 | 0x00000000000000000000000000000000 | 0x000157
    19387000 |     5713 |    5 |  24 | 0(R) | 0 | 0 | 0x00000000000000000000000000000000 | 0x000158
    19389000 |     5715 |    5 |  25 | 0(R) | 0 | 0 | 0x00000000000000000000000000000000 | 0x000159
    19459000 |     5771 |    5 |  26 | 0(R) | 0 | 0 | 0x00000000000000000000000000000000 | 0x00015a
    19462000 |     5773 |    5 |  27 | 0(R) | 0 | 0 | 0x00000000000000000000000000000000 | 0x00015b
    19472000 |     5781 |    5 |  28 | 0(R) | 0 | 0 | 0x00000000000000000000000000000000 | 0x00015c
    19474000 |     5783 |    5 |  29 | 0(R) | 0 | 0 | 0x00000000000000000000000000000000 | 0x00015d
    19544000 |     5839 |    5 |  30 | 0(R) | 0 | 0 | 0x00000000000000000000000000000000 | 0x00015e
    19547000 |     5841 |    5 |  31 | 0(R) | 0 | 0 | 0x00000000000000000000000000000000 | 0x00015f
    19557000 |     5849 |    5 |  32 | 0(R) | 0 | 0 | 0x00000000000000000000000000000000 | 0x000160
    19559000 |     5851 |    5 |  33 | 0(R) | 0 | 0 | 0x00000000000000000000000000000000 | 0x000161
    19629000 |     5907 |    5 |  34 | 0(R) | 0 | 0 | 0x00000000000000000000000000000000 | 0x000162
    19632000 |     5909 |    5 |  35 | 0(R) | 0 | 0 | 0x00000000000000000000000000000000 | 0x000163
    19642000 |     5917 |    5 |  36 | 0(R) | 0 | 0 | 0x00000000000000000000000000000000 | 0x000164
    19644000 |     5919 |    5 |  37 | 0(R) | 0 | 0 | 0x00000000000000000000000000000000 | 0x000165
    19714000 |     5975 |    5 |  38 | 0(R) | 0 | 0 | 0x00000000000000000000000000000000 | 0x000166
    19717000 |     5977 |    5 |  39 | 0(R) | 0 | 0 | 0x00000000000000000000000000000000 | 0x000167
    19727000 |     5985 |    5 |  40 | 0(R) | 0 | 0 | 0x00000000000000000000000000000000 | 0x000168
    19729000 |     5987 |    5 |  41 | 0(R) | 0 | 0 | 0x00000000000000000000000000000000 | 0x000169
    19799000 |     6043 |    5 |  42 | 0(R) | 0 | 0 | 0x00000000000000000000000000000000 | 0x00016a
    19802000 |     6045 |    5 |  43 | 0(R) | 0 | 0 | 0x00000000000000000000000000000000 | 0x00016b
    19812000 |     6053 |    5 |  44 | 0(R) | 0 | 0 | 0x00000000000000000000000000000000 | 0x00016c
    19814000 |     6055 |    5 |  45 | 0(R) | 0 | 0 | 0x00000000000000000000000000000000 | 0x00016d
    19884000 |     6111 |    5 |  46 | 0(R) | 0 | 0 | 0x00000000000000000000000000000000 | 0x00016e
    19887000 |     6113 |    5 |  47 | 0(R) | 0 | 0 | 0x00000000000000000000000000000000 | 0x00016f
    19897000 |     6121 |    5 |  48 | 0(R) | 0 | 0 | 0x00000000000000000000000000000000 | 0x000170
    19899000 |     6123 |    5 |  49 | 0(R) | 0 | 0 | 0x00000000000000000000000000000000 | 0x000171
    19969000 |     6179 |    5 |  50 | 0(R) | 0 | 0 | 0x00000000000000000000000000000000 | 0x000172
    19972000 |     6181 |    5 |  51 | 0(R) | 0 | 0 | 0x00000000000000000000000000000000 | 0x000173
    19982000 |     6189 |    5 |  52 | 0(R) | 0 | 0 | 0x00000000000000000000000000000000 | 0x000174
    19984000 |     6191 |    5 |  53 | 0(R) | 0 | 0 | 0x00000000000000000000000000000000 | 0x000175
    20054000 |     6247 |    5 |  54 | 0(R) | 0 | 0 | 0x00000000000000000000000000000000 | 0x000176
    20057000 |     6249 |    5 |  55 | 0(R) | 0 | 0 | 0x00000000000000000000000000000000 | 0x000177
    20067000 |     6257 |    5 |  56 | 0(R) | 0 | 0 | 0x00000000000000000000000000000000 | 0x000178
    20069000 |     6259 |    5 |  57 | 0(R) | 0 | 0 | 0x00000000000000000000000000000000 | 0x000179
    20139000 |     6315 |    5 |  58 | 0(R) | 0 | 0 | 0x00000000000000000000000000000000 | 0x00017a
    20142000 |     6317 |    5 |  59 | 0(R) | 0 | 0 | 0x00000000000000000000000000000000 | 0x00017b
    20152000 |     6325 |    5 |  60 | 0(R) | 0 | 0 | 0x00000000000000000000000000000000 | 0x00017c
    20154000 |     6327 |    5 |  61 | 0(R) | 0 | 0 | 0x00000000000000000000000000000000 | 0x00017d
    20224000 |     6383 |    5 |  62 | 0(R) | 0 | 0 | 0x00000000000000000000000000000000 | 0x00017e
    20227000 |     6385 |    5 |  63 | 0(R) | 0 | 0 | 0x00000000000000000000000000000000 | 0x00017f
    20237000 |     6393 |    5 |  63 | 0(R) | 0 | 1 | 0x00000000000000000000000000000000 | 0x00017f
[20237000] INFO: Row Change (cycle=6393, total=7)
    20239000 |     6395 |    6 |   0 | 0(R) | 1 | 0 | 0x00000000000000000000000000000000 | 0x000180
    20254000 |     6407 |    6 |   1 | 0(R) | 0 | 0 | 0x00000000000000000000000000000000 | 0x000181
    20309000 |     6451 |    6 |   2 | 0(R) | 0 | 0 | 0x00000000000000000000000000000000 | 0x000182
    20312000 |     6453 |    6 |   3 | 0(R) | 0 | 0 | 0x00000000000000000000000000000000 | 0x000183
    20322000 |     6461 |    6 |   4 | 0(R) | 0 | 0 | 0x00000000000000000000000000000000 | 0x000184
    20324000 |     6463 |    6 |   5 | 0(R) | 0 | 0 | 0x00000000000000000000000000000000 | 0x000185
    20394000 |     6519 |    6 |   6 | 0(R) | 0 | 0 | 0x00000000000000000000000000000000 | 0x000186
    20397000 |     6521 |    6 |   7 | 0(R) | 0 | 0 | 0x00000000000000000000000000000000 | 0x000187
    20407000 |     6529 |    6 |   8 | 0(R) | 0 | 0 | 0x00000000000000000000000000000000 | 0x000188
    20409000 |     6531 |    6 |   9 | 0(R) | 0 | 0 | 0x00000000000000000000000000000000 | 0x000189
    20479000 |     6587 |    6 |  10 | 0(R) | 0 | 0 | 0x00000000000000000000000000000000 | 0x00018a
    20482000 |     6589 |    6 |  11 | 0(R) | 0 | 0 | 0x00000000000000000000000000000000 | 0x00018b
    20492000 |     6597 |    6 |  12 | 0(R) | 0 | 0 | 0x00000000000000000000000000000000 | 0x00018c
    20494000 |     6599 |    6 |  13 | 0(R) | 0 | 0 | 0x00000000000000000000000000000000 | 0x00018d
    20564000 |     6655 |    6 |  14 | 0(R) | 0 | 0 | 0x00000000000000000000000000000000 | 0x00018e
    20567000 |     6657 |    6 |  15 | 0(R) | 0 | 0 | 0x00000000000000000000000000000000 | 0x00018f
    20577000 |     6665 |    6 |  16 | 0(R) | 0 | 0 | 0x00000000000000000000000000000000 | 0x000190
    20579000 |     6667 |    6 |  17 | 0(R) | 0 | 0 | 0x00000000000000000000000000000000 | 0x000191
    20649000 |     6723 |    6 |  18 | 0(R) | 0 | 0 | 0x00000000000000000000000000000000 | 0x000192
    20652000 |     6725 |    6 |  19 | 0(R) | 0 | 0 | 0x00000000000000000000000000000000 | 0x000193
    20662000 |     6733 |    6 |  20 | 0(R) | 0 | 0 | 0x00000000000000000000000000000000 | 0x000194
    20664000 |     6735 |    6 |  21 | 0(R) | 0 | 0 | 0x00000000000000000000000000000000 | 0x000195
    20734000 |     6791 |    6 |  22 | 0(R) | 0 | 0 | 0x00000000000000000000000000000000 | 0x000196
    20737000 |     6793 |    6 |  23 | 0(R) | 0 | 0 | 0x00000000000000000000000000000000 | 0x000197
    20747000 |     6801 |    6 |  24 | 0(R) | 0 | 0 | 0x00000000000000000000000000000000 | 0x000198
    20749000 |     6803 |    6 |  25 | 0(R) | 0 | 0 | 0x00000000000000000000000000000000 | 0x000199
    20819000 |     6859 |    6 |  26 | 0(R) | 0 | 0 | 0x00000000000000000000000000000000 | 0x00019a
    20822000 |     6861 |    6 |  27 | 0(R) | 0 | 0 | 0x00000000000000000000000000000000 | 0x00019b
    20832000 |     6869 |    6 |  28 | 0(R) | 0 | 0 | 0x00000000000000000000000000000000 | 0x00019c
    20834000 |     6871 |    6 |  29 | 0(R) | 0 | 0 | 0x00000000000000000000000000000000 | 0x00019d
    20904000 |     6927 |    6 |  30 | 0(R) | 0 | 0 | 0x00000000000000000000000000000000 | 0x00019e
    20907000 |     6929 |    6 |  31 | 0(R) | 0 | 0 | 0x00000000000000000000000000000000 | 0x00019f
    20917000 |     6937 |    6 |  32 | 0(R) | 0 | 0 | 0x00000000000000000000000000000000 | 0x0001a0
    20919000 |     6939 |    6 |  33 | 0(R) | 0 | 0 | 0x00000000000000000000000000000000 | 0x0001a1
    20989000 |     6995 |    6 |  34 | 0(R) | 0 | 0 | 0x00000000000000000000000000000000 | 0x0001a2
    20992000 |     6997 |    6 |  35 | 0(R) | 0 | 0 | 0x00000000000000000000000000000000 | 0x0001a3
    21002000 |     7005 |    6 |  36 | 0(R) | 0 | 0 | 0x00000000000000000000000000000000 | 0x0001a4
    21004000 |     7007 |    6 |  37 | 0(R) | 0 | 0 | 0x00000000000000000000000000000000 | 0x0001a5
    21074000 |     7063 |    6 |  38 | 0(R) | 0 | 0 | 0x00000000000000000000000000000000 | 0x0001a6
    21077000 |     7065 |    6 |  39 | 0(R) | 0 | 0 | 0x00000000000000000000000000000000 | 0x0001a7
    21087000 |     7073 |    6 |  40 | 0(R) | 0 | 0 | 0x00000000000000000000000000000000 | 0x0001a8
    21089000 |     7075 |    6 |  41 | 0(R) | 0 | 0 | 0x00000000000000000000000000000000 | 0x0001a9
    21159000 |     7131 |    6 |  42 | 0(R) | 0 | 0 | 0x00000000000000000000000000000000 | 0x0001aa
    21162000 |     7133 |    6 |  43 | 0(R) | 0 | 0 | 0x00000000000000000000000000000000 | 0x0001ab
    21172000 |     7141 |    6 |  44 | 0(R) | 0 | 0 | 0x00000000000000000000000000000000 | 0x0001ac
    21174000 |     7143 |    6 |  45 | 0(R) | 0 | 0 | 0x00000000000000000000000000000000 | 0x0001ad
    21244000 |     7199 |    6 |  46 | 0(R) | 0 | 0 | 0x00000000000000000000000000000000 | 0x0001ae
    21247000 |     7201 |    6 |  47 | 0(R) | 0 | 0 | 0x00000000000000000000000000000000 | 0x0001af
    21257000 |     7209 |    6 |  48 | 0(R) | 0 | 0 | 0x00000000000000000000000000000000 | 0x0001b0
    21259000 |     7211 |    6 |  49 | 0(R) | 0 | 0 | 0x00000000000000000000000000000000 | 0x0001b1
    21329000 |     7267 |    6 |  50 | 0(R) | 0 | 0 | 0x00000000000000000000000000000000 | 0x0001b2
    21332000 |     7269 |    6 |  51 | 0(R) | 0 | 0 | 0x00000000000000000000000000000000 | 0x0001b3
    21342000 |     7277 |    6 |  52 | 0(R) | 0 | 0 | 0x00000000000000000000000000000000 | 0x0001b4
    21344000 |     7279 |    6 |  53 | 0(R) | 0 | 0 | 0x00000000000000000000000000000000 | 0x0001b5
    21414000 |     7335 |    6 |  54 | 0(R) | 0 | 0 | 0x00000000000000000000000000000000 | 0x0001b6
    21417000 |     7337 |    6 |  55 | 0(R) | 0 | 0 | 0x00000000000000000000000000000000 | 0x0001b7
    21427000 |     7345 |    6 |  56 | 0(R) | 0 | 0 | 0x00000000000000000000000000000000 | 0x0001b8
    21429000 |     7347 |    6 |  57 | 0(R) | 0 | 0 | 0x00000000000000000000000000000000 | 0x0001b9
    21499000 |     7403 |    6 |  58 | 0(R) | 0 | 0 | 0x00000000000000000000000000000000 | 0x0001ba
    21502000 |     7405 |    6 |  59 | 0(R) | 0 | 0 | 0x00000000000000000000000000000000 | 0x0001bb
    21512000 |     7413 |    6 |  60 | 0(R) | 0 | 0 | 0x00000000000000000000000000000000 | 0x0001bc
    21514000 |     7415 |    6 |  61 | 0(R) | 0 | 0 | 0x00000000000000000000000000000000 | 0x0001bd
    21584000 |     7471 |    6 |  62 | 0(R) | 0 | 0 | 0x00000000000000000000000000000000 | 0x0001be
    21587000 |     7473 |    6 |  63 | 0(R) | 0 | 0 | 0x00000000000000000000000000000000 | 0x0001bf
    21597000 |     7481 |    6 |  63 | 0(R) | 0 | 1 | 0x00000000000000000000000000000000 | 0x0001bf
[21597000] INFO: Row Change (cycle=7481, total=8)
    21599000 |     7483 |    7 |   0 | 0(R) | 1 | 0 | 0x00000000000000000000000000000000 | 0x0001c0
    21614000 |     7495 |    7 |   1 | 0(R) | 0 | 0 | 0x00000000000000000000000000000000 | 0x0001c1
    21669000 |     7539 |    7 |   2 | 0(R) | 0 | 0 | 0x00000000000000000000000000000000 | 0x0001c2
    21672000 |     7541 |    7 |   3 | 0(R) | 0 | 0 | 0x00000000000000000000000000000000 | 0x0001c3
    21682000 |     7549 |    7 |   4 | 0(R) | 0 | 0 | 0x00000000000000000000000000000000 | 0x0001c4
    21684000 |     7551 |    7 |   5 | 0(R) | 0 | 0 | 0x00000000000000000000000000000000 | 0x0001c5
    21754000 |     7607 |    7 |   6 | 0(R) | 0 | 0 | 0x00000000000000000000000000000000 | 0x0001c6
    21757000 |     7609 |    7 |   7 | 0(R) | 0 | 0 | 0x00000000000000000000000000000000 | 0x0001c7
    21767000 |     7617 |    7 |   8 | 0(R) | 0 | 0 | 0x00000000000000000000000000000000 | 0x0001c8
    21769000 |     7619 |    7 |   9 | 0(R) | 0 | 0 | 0x00000000000000000000000000000000 | 0x0001c9
    21839000 |     7675 |    7 |  10 | 0(R) | 0 | 0 | 0x00000000000000000000000000000000 | 0x0001ca
    21842000 |     7677 |    7 |  11 | 0(R) | 0 | 0 | 0x00000000000000000000000000000000 | 0x0001cb
    21852000 |     7685 |    7 |  12 | 0(R) | 0 | 0 | 0x00000000000000000000000000000000 | 0x0001cc
    21854000 |     7687 |    7 |  13 | 0(R) | 0 | 0 | 0x00000000000000000000000000000000 | 0x0001cd
    21924000 |     7743 |    7 |  14 | 0(R) | 0 | 0 | 0x00000000000000000000000000000000 | 0x0001ce
    21927000 |     7745 |    7 |  15 | 0(R) | 0 | 0 | 0x00000000000000000000000000000000 | 0x0001cf
    21937000 |     7753 |    7 |  16 | 0(R) | 0 | 0 | 0x00000000000000000000000000000000 | 0x0001d0
    21939000 |     7755 |    7 |  17 | 0(R) | 0 | 0 | 0x00000000000000000000000000000000 | 0x0001d1
    22009000 |     7811 |    7 |  18 | 0(R) | 0 | 0 | 0x00000000000000000000000000000000 | 0x0001d2
    22012000 |     7813 |    7 |  19 | 0(R) | 0 | 0 | 0x00000000000000000000000000000000 | 0x0001d3
    22022000 |     7821 |    7 |  20 | 0(R) | 0 | 0 | 0x00000000000000000000000000000000 | 0x0001d4
    22024000 |     7823 |    7 |  21 | 0(R) | 0 | 0 | 0x00000000000000000000000000000000 | 0x0001d5
    22094000 |     7879 |    7 |  22 | 0(R) | 0 | 0 | 0x00000000000000000000000000000000 | 0x0001d6
    22097000 |     7881 |    7 |  23 | 0(R) | 0 | 0 | 0x00000000000000000000000000000000 | 0x0001d7
    22107000 |     7889 |    7 |  24 | 0(R) | 0 | 0 | 0x00000000000000000000000000000000 | 0x0001d8
    22109000 |     7891 |    7 |  25 | 0(R) | 0 | 0 | 0x00000000000000000000000000000000 | 0x0001d9
    22179000 |     7947 |    7 |  26 | 0(R) | 0 | 0 | 0x00000000000000000000000000000000 | 0x0001da
    22182000 |     7949 |    7 |  27 | 0(R) | 0 | 0 | 0x00000000000000000000000000000000 | 0x0001db
    22192000 |     7957 |    7 |  28 | 0(R) | 0 | 0 | 0x00000000000000000000000000000000 | 0x0001dc
    22194000 |     7959 |    7 |  29 | 0(R) | 0 | 0 | 0x00000000000000000000000000000000 | 0x0001dd
    22264000 |     8015 |    7 |  30 | 0(R) | 0 | 0 | 0x00000000000000000000000000000000 | 0x0001de
    22267000 |     8017 |    7 |  31 | 0(R) | 0 | 0 | 0x00000000000000000000000000000000 | 0x0001df
    22277000 |     8025 |    7 |  32 | 0(R) | 0 | 0 | 0x00000000000000000000000000000000 | 0x0001e0
    22279000 |     8027 |    7 |  33 | 0(R) | 0 | 0 | 0x00000000000000000000000000000000 | 0x0001e1
    22349000 |     8083 |    7 |  34 | 0(R) | 0 | 0 | 0x00000000000000000000000000000000 | 0x0001e2
    22352000 |     8085 |    7 |  35 | 0(R) | 0 | 0 | 0x00000000000000000000000000000000 | 0x0001e3
    22362000 |     8093 |    7 |  36 | 0(R) | 0 | 0 | 0x00000000000000000000000000000000 | 0x0001e4
    22364000 |     8095 |    7 |  37 | 0(R) | 0 | 0 | 0x00000000000000000000000000000000 | 0x0001e5
    22434000 |     8151 |    7 |  38 | 0(R) | 0 | 0 | 0x00000000000000000000000000000000 | 0x0001e6
    22437000 |     8153 |    7 |  39 | 0(R) | 0 | 0 | 0x00000000000000000000000000000000 | 0x0001e7
    22447000 |     8161 |    7 |  40 | 0(R) | 0 | 0 | 0x00000000000000000000000000000000 | 0x0001e8
    22449000 |     8163 |    7 |  41 | 0(R) | 0 | 0 | 0x00000000000000000000000000000000 | 0x0001e9
    22519000 |     8219 |    7 |  42 | 0(R) | 0 | 0 | 0x00000000000000000000000000000000 | 0x0001ea
    22522000 |     8221 |    7 |  43 | 0(R) | 0 | 0 | 0x00000000000000000000000000000000 | 0x0001eb
    22532000 |     8229 |    7 |  44 | 0(R) | 0 | 0 | 0x00000000000000000000000000000000 | 0x0001ec
    22534000 |     8231 |    7 |  45 | 0(R) | 0 | 0 | 0x00000000000000000000000000000000 | 0x0001ed
    22604000 |     8287 |    7 |  46 | 0(R) | 0 | 0 | 0x00000000000000000000000000000000 | 0x0001ee
    22607000 |     8289 |    7 |  47 | 0(R) | 0 | 0 | 0x00000000000000000000000000000000 | 0x0001ef
    22617000 |     8297 |    7 |  48 | 0(R) | 0 | 0 | 0x00000000000000000000000000000000 | 0x0001f0
    22619000 |     8299 |    7 |  49 | 0(R) | 0 | 0 | 0x00000000000000000000000000000000 | 0x0001f1
    22689000 |     8355 |    7 |  50 | 0(R) | 0 | 0 | 0x00000000000000000000000000000000 | 0x0001f2
    22692000 |     8357 |    7 |  51 | 0(R) | 0 | 0 | 0x00000000000000000000000000000000 | 0x0001f3
    22702000 |     8365 |    7 |  52 | 0(R) | 0 | 0 | 0x00000000000000000000000000000000 | 0x0001f4
    22704000 |     8367 |    7 |  53 | 0(R) | 0 | 0 | 0x00000000000000000000000000000000 | 0x0001f5
    22774000 |     8423 |    7 |  54 | 0(R) | 0 | 0 | 0x00000000000000000000000000000000 | 0x0001f6
    22777000 |     8425 |    7 |  55 | 0(R) | 0 | 0 | 0x00000000000000000000000000000000 | 0x0001f7
    22787000 |     8433 |    7 |  56 | 0(R) | 0 | 0 | 0x00000000000000000000000000000000 | 0x0001f8
    22789000 |     8435 |    7 |  57 | 0(R) | 0 | 0 | 0x00000000000000000000000000000000 | 0x0001f9
    22859000 |     8491 |    7 |  58 | 0(R) | 0 | 0 | 0x00000000000000000000000000000000 | 0x0001fa
    22862000 |     8493 |    7 |  59 | 0(R) | 0 | 0 | 0x00000000000000000000000000000000 | 0x0001fb
    22872000 |     8501 |    7 |  60 | 0(R) | 0 | 0 | 0x00000000000000000000000000000000 | 0x0001fc
    22874000 |     8503 |    7 |  61 | 0(R) | 0 | 0 | 0x00000000000000000000000000000000 | 0x0001fd
    22944000 |     8559 |    7 |  62 | 0(R) | 0 | 0 | 0x00000000000000000000000000000000 | 0x0001fe
    22947000 |     8561 |    7 |  63 | 0(R) | 0 | 0 | 0x00000000000000000000000000000000 | 0x0001ff
    23227000 |     8785 |    7 |  63 | 0(R) | 0 | 1 | 0x00000000000000000000000000000000 | 0x0001ff
[23227000] INFO: Row Change (cycle=8785, total=9)
    23229000 |     8787 |   16 |   0 | 1(W) | 1 | 0 | 0xxxxxxxxxxxxxxxxxxxxxxxxxxxxxxxxx | 0x000400
    23244000 |     8799 |   16 |   1 | 1(W) | 0 | 0 | 0xxxxxxxxxxxxxxxxxxxxxxxxxxxxxxxxx | 0x000401
    23267000 |     8817 |   16 |   2 | 1(W) | 0 | 0 | 0xxxxxxxxxxxxxxxxxxxxxxxxxxxxxxxxx | 0x000402
    23269000 |     8819 |   16 |   3 | 1(W) | 0 | 0 | 0xxxxxxxxxxxxxxxxxxxxxxxxxxxxxxxxx | 0x000403
    23272000 |     8821 |   16 |   4 | 1(W) | 0 | 0 | 0xxxxxxxxxxxxxxxxxxxxxxxxxxxxxxxxx | 0x000404
    23274000 |     8823 |   16 |   5 | 1(W) | 0 | 0 | 0xxxxxxxxxxxxxxxxxxxxxxxxxxxxxxxxx | 0x000405
    23277000 |     8825 |   16 |   6 | 1(W) | 0 | 0 | 0xxxxxxxxxxxxxxxxxxxxxxxxxxxxxxxxx | 0x000406
    23279000 |     8827 |   16 |   7 | 1(W) | 0 | 0 | 0xxxxxxxxxxxxxxxxxxxxxxxxxxxxxxxxx | 0x000407
    23282000 |     8829 |   16 |   8 | 1(W) | 0 | 0 | 0xxxxxxxxxxxxxxxxxxxxxxxxxxxxxxxxx | 0x000408
    23284000 |     8831 |   16 |   9 | 1(W) | 0 | 0 | 0xxxxxxxxxxxxxxxxxxxxxxxxxxxxxxxxx | 0x000409
    23287000 |     8833 |   16 |  10 | 1(W) | 0 | 0 | 0xxxxxxxxxxxxxxxxxxxxxxxxxxxxxxxxx | 0x00040a
    23289000 |     8835 |   16 |  11 | 1(W) | 0 | 0 | 0xxxxxxxxxxxxxxxxxxxxxxxxxxxxxxxxx | 0x00040b
    23292000 |     8837 |   16 |  12 | 1(W) | 0 | 0 | 0xxxxxxxxxxxxxxxxxxxxxxxxxxxxxxxxx | 0x00040c
    23294000 |     8839 |   16 |  13 | 1(W) | 0 | 0 | 0xxxxxxxxxxxxxxxxxxxxxxxxxxxxxxxxx | 0x00040d
    23297000 |     8841 |   16 |  14 | 1(W) | 0 | 0 | 0xxxxxxxxxxxxxxxxxxxxxxxxxxxxxxxxx | 0x00040e
    23299000 |     8843 |   16 |  15 | 1(W) | 0 | 0 | 0xxxxxxxxxxxxxxxxxxxxxxxxxxxxxxxxx | 0x00040f
    23302000 |     8845 |   16 |  16 | 1(W) | 0 | 0 | 0xxxxxxxxxxxxxxxxxxxxxxxxxxxxxxxxx | 0x000410
    23304000 |     8847 |   16 |  17 | 1(W) | 0 | 0 | 0xxxxxxxxxxxxxxxxxxxxxxxxxxxxxxxxx | 0x000411
    23307000 |     8849 |   16 |  18 | 1(W) | 0 | 0 | 0xxxxxxxxxxxxxxxxxxxxxxxxxxxxxxxxx | 0x000412
    23309000 |     8851 |   16 |  19 | 1(W) | 0 | 0 | 0xxxxxxxxxxxxxxxxxxxxxxxxxxxxxxxxx | 0x000413
    23312000 |     8853 |   16 |  20 | 1(W) | 0 | 0 | 0xxxxxxxxxxxxxxxxxxxxxxxxxxxxxxxxx | 0x000414
    23314000 |     8855 |   16 |  21 | 1(W) | 0 | 0 | 0xxxxxxxxxxxxxxxxxxxxxxxxxxxxxxxxx | 0x000415
    23317000 |     8857 |   16 |  22 | 1(W) | 0 | 0 | 0xxxxxxxxxxxxxxxxxxxxxxxxxxxxxxxxx | 0x000416
    23319000 |     8859 |   16 |  23 | 1(W) | 0 | 0 | 0xxxxxxxxxxxxxxxxxxxxxxxxxxxxxxxxx | 0x000417
    23322000 |     8861 |   16 |  24 | 1(W) | 0 | 0 | 0xxxxxxxxxxxxxxxxxxxxxxxxxxxxxxxxx | 0x000418
    23324000 |     8863 |   16 |  25 | 1(W) | 0 | 0 | 0xxxxxxxxxxxxxxxxxxxxxxxxxxxxxxxxx | 0x000419
    23327000 |     8865 |   16 |  26 | 1(W) | 0 | 0 | 0xxxxxxxxxxxxxxxxxxxxxxxxxxxxxxxxx | 0x00041a
    23329000 |     8867 |   16 |  27 | 1(W) | 0 | 0 | 0xxxxxxxxxxxxxxxxxxxxxxxxxxxxxxxxx | 0x00041b
    23332000 |     8869 |   16 |  28 | 1(W) | 0 | 0 | 0xxxxxxxxxxxxxxxxxxxxxxxxxxxxxxxxx | 0x00041c
    23334000 |     8871 |   16 |  29 | 1(W) | 0 | 0 | 0xxxxxxxxxxxxxxxxxxxxxxxxxxxxxxxxx | 0x00041d
    23337000 |     8873 |   16 |  30 | 1(W) | 0 | 0 | 0xxxxxxxxxxxxxxxxxxxxxxxxxxxxxxxxx | 0x00041e
    23342000 |     8877 |   16 |  31 | 1(W) | 0 | 0 | 0xxxxxxxxxxxxxxxxxxxxxxxxxxxxxxxxx | 0x00041f
    23347000 |     8881 |   16 |  32 | 1(W) | 0 | 0 | 0xxxxxxxxxxxxxxxxxxxxxxxxxxxxxxxxx | 0x000420
    23352000 |     8885 |   16 |  33 | 1(W) | 0 | 0 | 0xxxxxxxxxxxxxxxxxxxxxxxxxxxxxxxxx | 0x000421
    23357000 |     8889 |   16 |  34 | 1(W) | 0 | 0 | 0xxxxxxxxxxxxxxxxxxxxxxxxxxxxxxxxx | 0x000422
    23362000 |     8893 |   16 |  35 | 1(W) | 0 | 0 | 0xxxxxxxxxxxxxxxxxxxxxxxxxxxxxxxxx | 0x000423
    23367000 |     8897 |   16 |  36 | 1(W) | 0 | 0 | 0xxxxxxxxxxxxxxxxxxxxxxxxxxxxxxxxx | 0x000424
    23372000 |     8901 |   16 |  37 | 1(W) | 0 | 0 | 0xxxxxxxxxxxxxxxxxxxxxxxxxxxxxxxxx | 0x000425
    23377000 |     8905 |   16 |  38 | 1(W) | 0 | 0 | 0xxxxxxxxxxxxxxxxxxxxxxxxxxxxxxxxx | 0x000426
    23382000 |     8909 |   16 |  39 | 1(W) | 0 | 0 | 0xxxxxxxxxxxxxxxxxxxxxxxxxxxxxxxxx | 0x000427
    23387000 |     8913 |   16 |  40 | 1(W) | 0 | 0 | 0xxxxxxxxxxxxxxxxxxxxxxxxxxxxxxxxx | 0x000428
    23392000 |     8917 |   16 |  41 | 1(W) | 0 | 0 | 0xxxxxxxxxxxxxxxxxxxxxxxxxxxxxxxxx | 0x000429
    23397000 |     8921 |   16 |  42 | 1(W) | 0 | 0 | 0xxxxxxxxxxxxxxxxxxxxxxxxxxxxxxxxx | 0x00042a
    23402000 |     8925 |   16 |  43 | 1(W) | 0 | 0 | 0xxxxxxxxxxxxxxxxxxxxxxxxxxxxxxxxx | 0x00042b
    23407000 |     8929 |   16 |  44 | 1(W) | 0 | 0 | 0xxxxxxxxxxxxxxxxxxxxxxxxxxxxxxxxx | 0x00042c
    23412000 |     8933 |   16 |  45 | 1(W) | 0 | 0 | 0xxxxxxxxxxxxxxxxxxxxxxxxxxxxxxxxx | 0x00042d
    23417000 |     8937 |   16 |  46 | 1(W) | 0 | 0 | 0xxxxxxxxxxxxxxxxxxxxxxxxxxxxxxxxx | 0x00042e
    23422000 |     8941 |   16 |  47 | 1(W) | 0 | 0 | 0xxxxxxxxxxxxxxxxxxxxxxxxxxxxxxxxx | 0x00042f
    23427000 |     8945 |   16 |  48 | 1(W) | 0 | 0 | 0xxxxxxxxxxxxxxxxxxxxxxxxxxxxxxxxx | 0x000430
    23432000 |     8949 |   16 |  49 | 1(W) | 0 | 0 | 0xxxxxxxxxxxxxxxxxxxxxxxxxxxxxxxxx | 0x000431
    23437000 |     8953 |   16 |  50 | 1(W) | 0 | 0 | 0xxxxxxxxxxxxxxxxxxxxxxxxxxxxxxxxx | 0x000432
    23442000 |     8957 |   16 |  51 | 1(W) | 0 | 0 | 0xxxxxxxxxxxxxxxxxxxxxxxxxxxxxxxxx | 0x000433
    23447000 |     8961 |   16 |  52 | 1(W) | 0 | 0 | 0xxxxxxxxxxxxxxxxxxxxxxxxxxxxxxxxx | 0x000434
    23452000 |     8965 |   16 |  53 | 1(W) | 0 | 0 | 0xxxxxxxxxxxxxxxxxxxxxxxxxxxxxxxxx | 0x000435
    23457000 |     8969 |   16 |  54 | 1(W) | 0 | 0 | 0xxxxxxxxxxxxxxxxxxxxxxxxxxxxxxxxx | 0x000436
    23462000 |     8973 |   16 |  55 | 1(W) | 0 | 0 | 0xxxxxxxxxxxxxxxxxxxxxxxxxxxxxxxxx | 0x000437
    23467000 |     8977 |   16 |  56 | 1(W) | 0 | 0 | 0xxxxxxxxxxxxxxxxxxxxxxxxxxxxxxxxx | 0x000438
    23472000 |     8981 |   16 |  57 | 1(W) | 0 | 0 | 0xxxxxxxxxxxxxxxxxxxxxxxxxxxxxxxxx | 0x000439
    23477000 |     8985 |   16 |  58 | 1(W) | 0 | 0 | 0xxxxxxxxxxxxxxxxxxxxxxxxxxxxxxxxx | 0x00043a
    23482000 |     8989 |   16 |  59 | 1(W) | 0 | 0 | 0xxxxxxxxxxxxxxxxxxxxxxxxxxxxxxxxx | 0x00043b
    23487000 |     8993 |   16 |  60 | 1(W) | 0 | 0 | 0xxxxxxxxxxxxxxxxxxxxxxxxxxxxxxxxx | 0x00043c
    23492000 |     8997 |   16 |  61 | 1(W) | 0 | 0 | 0xxxxxxxxxxxxxxxxxxxxxxxxxxxxxxxxx | 0x00043d
    23497000 |     9001 |   16 |  62 | 1(W) | 0 | 0 | 0xxxxxxxxxxxxxxxxxxxxxxxxxxxxxxxxx | 0x00043e
    23502000 |     9005 |   16 |  63 | 1(W) | 0 | 0 | 0xxxxxxxxxxxxxxxxxxxxxxxxxxxxxxxxx | 0x00043f
[23502000] INFO: slice completed (cycle=9005)
[23502000] INFO: Row Change Count (Start->Finish) = 9
# Total handshakes: 752
