# Hub Local Request Monitor - Slice[0] Bank[1]
# Format: Time(ns) | ReqCh | ReqAddrFullHex | ReqRW(1=Write,0=Read) | HasValidReadReq | HandshakeType | ArbValidMask | ReqRwMask
# HandshakeType: NON_WRITE_REQ / WRITE_NO_VALID_READ / WRITE_WITH_VALID_READ
# ========================================
[12244000] INFO: slice start (cycle=0)
    12267000 |     1 | 0x80000 |                0 |               1 | NON_WRITE_REQ | 0b0000000010 | 0b1100000000
    12269000 |     1 | 0x80001 |                0 |               1 | NON_WRITE_REQ | 0b0000000010 | 0b1100000000
    12292000 |     1 | 0x80002 |                0 |               1 | NON_WRITE_REQ | 0b0000000010 | 0b1100000000
    12294000 |     1 | 0x80003 |                0 |               1 | NON_WRITE_REQ | 0b0000000010 | 0b1100000000
    12297000 |     1 | 0x80004 |                0 |               1 | NON_WRITE_REQ | 0b0000000010 | 0b1100000000
    12299000 |     1 | 0x80005 |                0 |               1 | NON_WRITE_REQ | 0b0000000010 | 0b1100000000
    12302000 |     1 | 0x80006 |                0 |               1 | NON_WRITE_REQ | 0b0000000010 | 0b1100000000
    12304000 |     1 | 0x80007 |                0 |               1 | NON_WRITE_REQ | 0b0000000010 | 0b1100000000
    12329000 |     1 | 0x80008 |                0 |               1 | NON_WRITE_REQ | 0b0000000010 | 0b1100000000
    12332000 |     1 | 0x80009 |                0 |               1 | NON_WRITE_REQ | 0b0000000010 | 0b1100000000
    12334000 |     1 | 0x8000a |                0 |               1 | NON_WRITE_REQ | 0b0000000010 | 0b1100000000
    12337000 |     1 | 0x8000b |                0 |               1 | NON_WRITE_REQ | 0b0000000010 | 0b1100000000
    12347000 |     1 | 0x8000c |                0 |               1 | NON_WRITE_REQ | 0b0000000010 | 0b1100000000
    12392000 |     1 | 0x8000d |                0 |               1 | NON_WRITE_REQ | 0b0000000010 | 0b1100000000
    12407000 |     1 | 0x8000e |                0 |               1 | NON_WRITE_REQ | 0b0000000010 | 0b1100000000
    12409000 |     1 | 0x8000f |                0 |               1 | NON_WRITE_REQ | 0b0000000010 | 0b1100000000
    12417000 |     1 | 0x80010 |                0 |               1 | NON_WRITE_REQ | 0b0000000010 | 0b1100000000
    12477000 |     1 | 0x80011 |                0 |               1 | NON_WRITE_REQ | 0b0000000010 | 0b1100000000
    12492000 |     1 | 0x80012 |                0 |               1 | NON_WRITE_REQ | 0b0000000010 | 0b1100000000
    12494000 |     1 | 0x80013 |                0 |               1 | NON_WRITE_REQ | 0b0000000010 | 0b1100000000
    12502000 |     1 | 0x80014 |                0 |               1 | NON_WRITE_REQ | 0b0000000010 | 0b1100000000
    12562000 |     1 | 0x80015 |                0 |               1 | NON_WRITE_REQ | 0b0000000010 | 0b1100000000
    12577000 |     1 | 0x80016 |                0 |               1 | NON_WRITE_REQ | 0b0000000010 | 0b1100000000
    12579000 |     1 | 0x80017 |                0 |               1 | NON_WRITE_REQ | 0b0000000010 | 0b1100000000
    12587000 |     1 | 0x80018 |                0 |               1 | NON_WRITE_REQ | 0b0000000010 | 0b1100000000
    12647000 |     1 | 0x80019 |                0 |               1 | NON_WRITE_REQ | 0b0000000010 | 0b1100000000
    12662000 |     1 | 0x8001a |                0 |               1 | NON_WRITE_REQ | 0b0000000010 | 0b1100000000
    12664000 |     1 | 0x8001b |                0 |               1 | NON_WRITE_REQ | 0b0000000010 | 0b1100000000
    12672000 |     1 | 0x8001c |                0 |               1 | NON_WRITE_REQ | 0b0000000010 | 0b1100000000
    12732000 |     1 | 0x8001d |                0 |               1 | NON_WRITE_REQ | 0b0000000010 | 0b1100000000
    12747000 |     1 | 0x8001e |                0 |               1 | NON_WRITE_REQ | 0b0000000010 | 0b1100000000
    12749000 |     1 | 0x8001f |                0 |               1 | NON_WRITE_REQ | 0b0000000010 | 0b1100000000
    12757000 |     1 | 0x80020 |                0 |               1 | NON_WRITE_REQ | 0b0000000010 | 0b1100000000
    12817000 |     1 | 0x80021 |                0 |               1 | NON_WRITE_REQ | 0b0000000010 | 0b1100000000
    12832000 |     1 | 0x80022 |                0 |               1 | NON_WRITE_REQ | 0b0000000010 | 0b1100000000
    12834000 |     1 | 0x80023 |                0 |               1 | NON_WRITE_REQ | 0b0000000010 | 0b1100000000
    12842000 |     1 | 0x80024 |                0 |               1 | NON_WRITE_REQ | 0b0000000010 | 0b1100000000
    12902000 |     1 | 0x80025 |                0 |               1 | NON_WRITE_REQ | 0b0000000010 | 0b1100000000
    12917000 |     1 | 0x80026 |                0 |               1 | NON_WRITE_REQ | 0b0000000010 | 0b1100000000
    12919000 |     1 | 0x80027 |                0 |               1 | NON_WRITE_REQ | 0b0000000010 | 0b1100000000
    12927000 |     1 | 0x80028 |                0 |               1 | NON_WRITE_REQ | 0b0000000010 | 0b1100000000
    12987000 |     1 | 0x80029 |                0 |               1 | NON_WRITE_REQ | 0b0000000010 | 0b1100000000
    13002000 |     1 | 0x8002a |                0 |               1 | NON_WRITE_REQ | 0b0000000010 | 0b1100000000
    13004000 |     1 | 0x8002b |                0 |               1 | NON_WRITE_REQ | 0b0000000010 | 0b1100000000
    13012000 |     1 | 0x8002c |                0 |               1 | NON_WRITE_REQ | 0b0000000010 | 0b1100000000
    13072000 |     1 | 0x8002d |                0 |               1 | NON_WRITE_REQ | 0b0000000010 | 0b1100000000
    13087000 |     1 | 0x8002e |                0 |               1 | NON_WRITE_REQ | 0b0000000010 | 0b1100000000
    13089000 |     1 | 0x8002f |                0 |               1 | NON_WRITE_REQ | 0b0000000010 | 0b1100000000
    13097000 |     1 | 0x80030 |                0 |               1 | NON_WRITE_REQ | 0b0000000010 | 0b1100000000
    13157000 |     1 | 0x80031 |                0 |               1 | NON_WRITE_REQ | 0b0000000010 | 0b1100000000
    13172000 |     1 | 0x80032 |                0 |               1 | NON_WRITE_REQ | 0b0000000010 | 0b1100000000
    13174000 |     1 | 0x80033 |                0 |               1 | NON_WRITE_REQ | 0b0000000010 | 0b1100000000
    13182000 |     1 | 0x80034 |                0 |               1 | NON_WRITE_REQ | 0b0000000010 | 0b1100000000
    13242000 |     1 | 0x80035 |                0 |               1 | NON_WRITE_REQ | 0b0000000010 | 0b1100000000
    13257000 |     1 | 0x80036 |                0 |               1 | NON_WRITE_REQ | 0b0000000010 | 0b1100000000
    13259000 |     1 | 0x80037 |                0 |               1 | NON_WRITE_REQ | 0b0000000010 | 0b1100000000
    13267000 |     1 | 0x80038 |                0 |               1 | NON_WRITE_REQ | 0b0000000010 | 0b1100000000
    13327000 |     1 | 0x80039 |                0 |               1 | NON_WRITE_REQ | 0b0000000010 | 0b1100000000
    13342000 |     1 | 0x8003a |                0 |               1 | NON_WRITE_REQ | 0b0000000010 | 0b1100000000
    13344000 |     1 | 0x8003b |                0 |               1 | NON_WRITE_REQ | 0b0000000010 | 0b1100000000
    13352000 |     1 | 0x8003c |                0 |               1 | NON_WRITE_REQ | 0b0000000010 | 0b1100000000
    13412000 |     1 | 0x8003d |                0 |               1 | NON_WRITE_REQ | 0b0000000010 | 0b1100000000
    13427000 |     1 | 0x8003e |                0 |               1 | NON_WRITE_REQ | 0b0000000010 | 0b1100000000
    13429000 |     1 | 0x8003f |                0 |               1 | NON_WRITE_REQ | 0b0000000010 | 0b1100000000
    13439000 |     1 | 0x80040 |                0 |               1 | NON_WRITE_REQ | 0b0000000010 | 0b1100000000
    13497000 |     1 | 0x80041 |                0 |               1 | NON_WRITE_REQ | 0b0000000010 | 0b1100000000
    13512000 |     1 | 0x80042 |                0 |               1 | NON_WRITE_REQ | 0b0000000010 | 0b1100000000
    13514000 |     1 | 0x80043 |                0 |               1 | NON_WRITE_REQ | 0b0000000010 | 0b1100000000
    13522000 |     1 | 0x80044 |                0 |               1 | NON_WRITE_REQ | 0b0000000010 | 0b1100000000
    13582000 |     1 | 0x80045 |                0 |               1 | NON_WRITE_REQ | 0b0000000010 | 0b1100000000
    13597000 |     1 | 0x80046 |                0 |               1 | NON_WRITE_REQ | 0b0000000010 | 0b1100000000
    13599000 |     1 | 0x80047 |                0 |               1 | NON_WRITE_REQ | 0b0000000010 | 0b1100000000
    13607000 |     1 | 0x80048 |                0 |               1 | NON_WRITE_REQ | 0b0000000010 | 0b1100000000
    13667000 |     1 | 0x80049 |                0 |               1 | NON_WRITE_REQ | 0b0000000010 | 0b1100000000
    13682000 |     1 | 0x8004a |                0 |               1 | NON_WRITE_REQ | 0b0000000010 | 0b1100000000
    13684000 |     1 | 0x8004b |                0 |               1 | NON_WRITE_REQ | 0b0000000010 | 0b1100000000
    13692000 |     1 | 0x8004c |                0 |               1 | NON_WRITE_REQ | 0b0000000010 | 0b1100000000
    13752000 |     1 | 0x8004d |                0 |               1 | NON_WRITE_REQ | 0b0000000010 | 0b1100000000
    13767000 |     1 | 0x8004e |                0 |               1 | NON_WRITE_REQ | 0b0000000010 | 0b1100000000
    13769000 |     1 | 0x8004f |                0 |               1 | NON_WRITE_REQ | 0b0000000010 | 0b1100000000
    13777000 |     1 | 0x80050 |                0 |               1 | NON_WRITE_REQ | 0b0000000010 | 0b1100000000
    13837000 |     1 | 0x80051 |                0 |               1 | NON_WRITE_REQ | 0b0000000010 | 0b1100000000
    13852000 |     1 | 0x80052 |                0 |               1 | NON_WRITE_REQ | 0b0000000010 | 0b1100000000
    13854000 |     1 | 0x80053 |                0 |               1 | NON_WRITE_REQ | 0b0000000010 | 0b1100000000
    13862000 |     1 | 0x80054 |                0 |               1 | NON_WRITE_REQ | 0b0000000010 | 0b1100000000
    13922000 |     1 | 0x80055 |                0 |               1 | NON_WRITE_REQ | 0b0000000010 | 0b1100000000
    13937000 |     1 | 0x80056 |                0 |               1 | NON_WRITE_REQ | 0b0000000010 | 0b1100000000
    13939000 |     1 | 0x80057 |                0 |               1 | NON_WRITE_REQ | 0b0000000010 | 0b1100000000
    13947000 |     1 | 0x80058 |                0 |               1 | NON_WRITE_REQ | 0b0000000010 | 0b1100000000
    14007000 |     1 | 0x80059 |                0 |               1 | NON_WRITE_REQ | 0b0000000010 | 0b1100000000
    14022000 |     1 | 0x8005a |                0 |               1 | NON_WRITE_REQ | 0b0000000010 | 0b1100000000
    14024000 |     1 | 0x8005b |                0 |               1 | NON_WRITE_REQ | 0b0000000010 | 0b1100000000
    14032000 |     1 | 0x8005c |                0 |               1 | NON_WRITE_REQ | 0b0000000010 | 0b1100000000
    14092000 |     1 | 0x8005d |                0 |               1 | NON_WRITE_REQ | 0b0000000010 | 0b1100000000
    14107000 |     1 | 0x8005e |                0 |               1 | NON_WRITE_REQ | 0b0000000010 | 0b1100000000
    14109000 |     1 | 0x8005f |                0 |               1 | NON_WRITE_REQ | 0b0000000010 | 0b1100000000
    14117000 |     1 | 0x80060 |                0 |               1 | NON_WRITE_REQ | 0b0000000010 | 0b1100000000
    14177000 |     1 | 0x80061 |                0 |               1 | NON_WRITE_REQ | 0b0000000010 | 0b1100000000
    14192000 |     1 | 0x80062 |                0 |               1 | NON_WRITE_REQ | 0b0000000010 | 0b1100000000
    14194000 |     1 | 0x80063 |                0 |               1 | NON_WRITE_REQ | 0b0000000010 | 0b1100000000
    14202000 |     1 | 0x80064 |                0 |               1 | NON_WRITE_REQ | 0b0000000010 | 0b1100000000
    14262000 |     1 | 0x80065 |                0 |               1 | NON_WRITE_REQ | 0b0000000010 | 0b1100000000
    14277000 |     1 | 0x80066 |                0 |               1 | NON_WRITE_REQ | 0b0000000010 | 0b1100000000
    14279000 |     1 | 0x80067 |                0 |               1 | NON_WRITE_REQ | 0b0000000010 | 0b1100000000
    14287000 |     1 | 0x80068 |                0 |               1 | NON_WRITE_REQ | 0b0000000010 | 0b1100000000
    14347000 |     1 | 0x80069 |                0 |               1 | NON_WRITE_REQ | 0b0000000010 | 0b1100000000
    14362000 |     1 | 0x8006a |                0 |               1 | NON_WRITE_REQ | 0b0000000010 | 0b1100000000
    14364000 |     1 | 0x8006b |                0 |               1 | NON_WRITE_REQ | 0b0000000010 | 0b1100000000
    14372000 |     1 | 0x8006c |                0 |               1 | NON_WRITE_REQ | 0b0000000010 | 0b1100000000
    14432000 |     1 | 0x8006d |                0 |               1 | NON_WRITE_REQ | 0b0000000010 | 0b1100000000
    14447000 |     1 | 0x8006e |                0 |               1 | NON_WRITE_REQ | 0b0000000010 | 0b1100000000
    14449000 |     1 | 0x8006f |                0 |               1 | NON_WRITE_REQ | 0b0000000010 | 0b1100000000
    14457000 |     1 | 0x80070 |                0 |               1 | NON_WRITE_REQ | 0b0000000010 | 0b1100000000
    14517000 |     1 | 0x80071 |                0 |               1 | NON_WRITE_REQ | 0b0000000010 | 0b1100000000
    14532000 |     1 | 0x80072 |                0 |               1 | NON_WRITE_REQ | 0b0000000010 | 0b1100000000
    14534000 |     1 | 0x80073 |                0 |               1 | NON_WRITE_REQ | 0b0000000010 | 0b1100000000
    14542000 |     1 | 0x80074 |                0 |               1 | NON_WRITE_REQ | 0b0000000010 | 0b1100000000
    14602000 |     1 | 0x80075 |                0 |               1 | NON_WRITE_REQ | 0b0000000010 | 0b1100000000
    14617000 |     1 | 0x80076 |                0 |               1 | NON_WRITE_REQ | 0b0000000010 | 0b1100000000
    14619000 |     1 | 0x80077 |                0 |               1 | NON_WRITE_REQ | 0b0000000010 | 0b1100000000
    14627000 |     1 | 0x80078 |                0 |               1 | NON_WRITE_REQ | 0b0000000010 | 0b1100000000
    14687000 |     1 | 0x80079 |                0 |               1 | NON_WRITE_REQ | 0b0000000010 | 0b1100000000
    14702000 |     1 | 0x8007a |                0 |               1 | NON_WRITE_REQ | 0b0000000010 | 0b1100000000
    14704000 |     1 | 0x8007b |                0 |               1 | NON_WRITE_REQ | 0b0000000010 | 0b1100000000
    14712000 |     1 | 0x8007c |                0 |               1 | NON_WRITE_REQ | 0b0000000010 | 0b1100000000
    14772000 |     1 | 0x8007d |                0 |               1 | NON_WRITE_REQ | 0b0000000010 | 0b1100000000
    14787000 |     1 | 0x8007e |                0 |               1 | NON_WRITE_REQ | 0b0000000010 | 0b1100000000
    14789000 |     1 | 0x8007f |                0 |               1 | NON_WRITE_REQ | 0b0000000010 | 0b1100000000
    14799000 |     1 | 0x80080 |                0 |               1 | NON_WRITE_REQ | 0b0000000010 | 0b1100000000
    14857000 |     1 | 0x80081 |                0 |               1 | NON_WRITE_REQ | 0b0000000010 | 0b1100000000
    14872000 |     1 | 0x80082 |                0 |               1 | NON_WRITE_REQ | 0b0000000010 | 0b1100000000
    14874000 |     1 | 0x80083 |                0 |               1 | NON_WRITE_REQ | 0b0000000010 | 0b1100000000
    14882000 |     1 | 0x80084 |                0 |               1 | NON_WRITE_REQ | 0b0000000010 | 0b1100000000
    14942000 |     1 | 0x80085 |                0 |               1 | NON_WRITE_REQ | 0b0000000010 | 0b1100000000
    14957000 |     1 | 0x80086 |                0 |               1 | NON_WRITE_REQ | 0b0000000010 | 0b1100000000
    14959000 |     1 | 0x80087 |                0 |               1 | NON_WRITE_REQ | 0b0000000010 | 0b1100000000
    14967000 |     1 | 0x80088 |                0 |               1 | NON_WRITE_REQ | 0b0000000010 | 0b1100000000
    15027000 |     1 | 0x80089 |                0 |               1 | NON_WRITE_REQ | 0b0000000010 | 0b1100000000
    15042000 |     1 | 0x8008a |                0 |               1 | NON_WRITE_REQ | 0b0000000010 | 0b1100000000
    15044000 |     1 | 0x8008b |                0 |               1 | NON_WRITE_REQ | 0b0000000010 | 0b1100000000
    15052000 |     1 | 0x8008c |                0 |               1 | NON_WRITE_REQ | 0b0000000010 | 0b1100000000
    15112000 |     1 | 0x8008d |                0 |               1 | NON_WRITE_REQ | 0b0000000010 | 0b1100000000
    15127000 |     1 | 0x8008e |                0 |               1 | NON_WRITE_REQ | 0b0000000010 | 0b1100000000
    15129000 |     1 | 0x8008f |                0 |               1 | NON_WRITE_REQ | 0b0000000010 | 0b1100000000
    15137000 |     1 | 0x80090 |                0 |               1 | NON_WRITE_REQ | 0b0000000010 | 0b1100000000
    15197000 |     1 | 0x80091 |                0 |               1 | NON_WRITE_REQ | 0b0000000010 | 0b1100000000
    15212000 |     1 | 0x80092 |                0 |               1 | NON_WRITE_REQ | 0b0000000010 | 0b1100000000
    15214000 |     1 | 0x80093 |                0 |               1 | NON_WRITE_REQ | 0b0000000010 | 0b1100000000
    15222000 |     1 | 0x80094 |                0 |               1 | NON_WRITE_REQ | 0b0000000010 | 0b1100000000
    15282000 |     1 | 0x80095 |                0 |               1 | NON_WRITE_REQ | 0b0000000010 | 0b1100000000
    15297000 |     1 | 0x80096 |                0 |               1 | NON_WRITE_REQ | 0b0000000010 | 0b1100000000
    15299000 |     1 | 0x80097 |                0 |               1 | NON_WRITE_REQ | 0b0000000010 | 0b1100000000
    15307000 |     1 | 0x80098 |                0 |               1 | NON_WRITE_REQ | 0b0000000010 | 0b1100000000
    15367000 |     1 | 0x80099 |                0 |               1 | NON_WRITE_REQ | 0b0000000010 | 0b1100000000
    15382000 |     1 | 0x8009a |                0 |               1 | NON_WRITE_REQ | 0b0000000010 | 0b1100000000
    15384000 |     1 | 0x8009b |                0 |               1 | NON_WRITE_REQ | 0b0000000010 | 0b1100000000
    15392000 |     1 | 0x8009c |                0 |               1 | NON_WRITE_REQ | 0b0000000010 | 0b1100000000
    15452000 |     1 | 0x8009d |                0 |               1 | NON_WRITE_REQ | 0b0000000010 | 0b1100000000
    15467000 |     1 | 0x8009e |                0 |               1 | NON_WRITE_REQ | 0b0000000010 | 0b1100000000
    15469000 |     1 | 0x8009f |                0 |               1 | NON_WRITE_REQ | 0b0000000010 | 0b1100000000
    15477000 |     1 | 0x800a0 |                0 |               1 | NON_WRITE_REQ | 0b0000000010 | 0b1100000000
    15537000 |     1 | 0x800a1 |                0 |               1 | NON_WRITE_REQ | 0b0000000010 | 0b1100000000
    15552000 |     1 | 0x800a2 |                0 |               1 | NON_WRITE_REQ | 0b0000000010 | 0b1100000000
    15554000 |     1 | 0x800a3 |                0 |               1 | NON_WRITE_REQ | 0b0000000010 | 0b1100000000
    15562000 |     1 | 0x800a4 |                0 |               1 | NON_WRITE_REQ | 0b0000000010 | 0b1100000000
    15622000 |     1 | 0x800a5 |                0 |               1 | NON_WRITE_REQ | 0b0000000010 | 0b1100000000
    15637000 |     1 | 0x800a6 |                0 |               1 | NON_WRITE_REQ | 0b0000000010 | 0b1100000000
    15639000 |     1 | 0x800a7 |                0 |               1 | NON_WRITE_REQ | 0b0000000010 | 0b1100000000
    15647000 |     1 | 0x800a8 |                0 |               1 | NON_WRITE_REQ | 0b0000000010 | 0b1100000000
    15707000 |     1 | 0x800a9 |                0 |               1 | NON_WRITE_REQ | 0b0000000010 | 0b1100000000
    15722000 |     1 | 0x800aa |                0 |               1 | NON_WRITE_REQ | 0b0000000010 | 0b1100000000
    15724000 |     1 | 0x800ab |                0 |               1 | NON_WRITE_REQ | 0b0000000010 | 0b1100000000
    15732000 |     1 | 0x800ac |                0 |               1 | NON_WRITE_REQ | 0b0000000010 | 0b1100000000
    15792000 |     1 | 0x800ad |                0 |               1 | NON_WRITE_REQ | 0b0000000010 | 0b1100000000
    15807000 |     1 | 0x800ae |                0 |               1 | NON_WRITE_REQ | 0b0000000010 | 0b1100000000
    15809000 |     1 | 0x800af |                0 |               1 | NON_WRITE_REQ | 0b0000000010 | 0b1100000000
    15817000 |     1 | 0x800b0 |                0 |               1 | NON_WRITE_REQ | 0b0000000010 | 0b1100000000
    15877000 |     1 | 0x800b1 |                0 |               1 | NON_WRITE_REQ | 0b0000000010 | 0b1100000000
    15892000 |     1 | 0x800b2 |                0 |               1 | NON_WRITE_REQ | 0b0000000010 | 0b1100000000
    15894000 |     1 | 0x800b3 |                0 |               1 | NON_WRITE_REQ | 0b0000000010 | 0b1100000000
    15902000 |     1 | 0x800b4 |                0 |               1 | NON_WRITE_REQ | 0b0000000010 | 0b1100000000
    15962000 |     1 | 0x800b5 |                0 |               1 | NON_WRITE_REQ | 0b0000000010 | 0b1100000000
    15977000 |     1 | 0x800b6 |                0 |               1 | NON_WRITE_REQ | 0b0000000010 | 0b1100000000
    15979000 |     1 | 0x800b7 |                0 |               1 | NON_WRITE_REQ | 0b0000000010 | 0b1100000000
    15987000 |     1 | 0x800b8 |                0 |               1 | NON_WRITE_REQ | 0b0000000010 | 0b1100000000
    16047000 |     1 | 0x800b9 |                0 |               1 | NON_WRITE_REQ | 0b0000000010 | 0b1100000000
    16062000 |     1 | 0x800ba |                0 |               1 | NON_WRITE_REQ | 0b0000000010 | 0b1100000000
    16064000 |     1 | 0x800bb |                0 |               1 | NON_WRITE_REQ | 0b0000000010 | 0b1100000000
    16072000 |     1 | 0x800bc |                0 |               1 | NON_WRITE_REQ | 0b0000000010 | 0b1100000000
    16132000 |     1 | 0x800bd |                0 |               1 | NON_WRITE_REQ | 0b0000000010 | 0b1100000000
    16147000 |     1 | 0x800be |                0 |               1 | NON_WRITE_REQ | 0b0000000010 | 0b1100000000
    16149000 |     1 | 0x800bf |                0 |               1 | NON_WRITE_REQ | 0b0000000010 | 0b1100000000
    16159000 |     1 | 0x800c0 |                0 |               1 | NON_WRITE_REQ | 0b0000000010 | 0b1100000000
    16217000 |     1 | 0x800c1 |                0 |               1 | NON_WRITE_REQ | 0b0000000010 | 0b1100000000
    16232000 |     1 | 0x800c2 |                0 |               1 | NON_WRITE_REQ | 0b0000000010 | 0b1100000000
    16234000 |     1 | 0x800c3 |                0 |               1 | NON_WRITE_REQ | 0b0000000010 | 0b1100000000
    16242000 |     1 | 0x800c4 |                0 |               1 | NON_WRITE_REQ | 0b0000000010 | 0b1100000000
    16302000 |     1 | 0x800c5 |                0 |               1 | NON_WRITE_REQ | 0b0000000010 | 0b1100000000
    16317000 |     1 | 0x800c6 |                0 |               1 | NON_WRITE_REQ | 0b0000000010 | 0b1100000000
    16319000 |     1 | 0x800c7 |                0 |               1 | NON_WRITE_REQ | 0b0000000010 | 0b1100000000
    16327000 |     1 | 0x800c8 |                0 |               1 | NON_WRITE_REQ | 0b0000000010 | 0b1100000000
    16387000 |     1 | 0x800c9 |                0 |               1 | NON_WRITE_REQ | 0b0000000010 | 0b1100000000
    16402000 |     1 | 0x800ca |                0 |               1 | NON_WRITE_REQ | 0b0000000010 | 0b1100000000
    16404000 |     1 | 0x800cb |                0 |               1 | NON_WRITE_REQ | 0b0000000010 | 0b1100000000
    16412000 |     1 | 0x800cc |                0 |               1 | NON_WRITE_REQ | 0b0000000010 | 0b1100000000
    16472000 |     1 | 0x800cd |                0 |               1 | NON_WRITE_REQ | 0b0000000010 | 0b1100000000
    16487000 |     1 | 0x800ce |                0 |               1 | NON_WRITE_REQ | 0b0000000010 | 0b1100000000
    16489000 |     1 | 0x800cf |                0 |               1 | NON_WRITE_REQ | 0b0000000010 | 0b1100000000
    16497000 |     1 | 0x800d0 |                0 |               1 | NON_WRITE_REQ | 0b0000000010 | 0b1100000000
    16557000 |     1 | 0x800d1 |                0 |               1 | NON_WRITE_REQ | 0b0000000010 | 0b1100000000
    16572000 |     1 | 0x800d2 |                0 |               1 | NON_WRITE_REQ | 0b0000000010 | 0b1100000000
    16574000 |     1 | 0x800d3 |                0 |               1 | NON_WRITE_REQ | 0b0000000010 | 0b1100000000
    16582000 |     1 | 0x800d4 |                0 |               1 | NON_WRITE_REQ | 0b0000000010 | 0b1100000000
    16642000 |     1 | 0x800d5 |                0 |               1 | NON_WRITE_REQ | 0b0000000010 | 0b1100000000
    16657000 |     1 | 0x800d6 |                0 |               1 | NON_WRITE_REQ | 0b0000000010 | 0b1100000000
    16659000 |     1 | 0x800d7 |                0 |               1 | NON_WRITE_REQ | 0b0000000010 | 0b1100000000
    16667000 |     1 | 0x800d8 |                0 |               1 | NON_WRITE_REQ | 0b0000000010 | 0b1100000000
    16727000 |     1 | 0x800d9 |                0 |               1 | NON_WRITE_REQ | 0b0000000010 | 0b1100000000
    16742000 |     1 | 0x800da |                0 |               1 | NON_WRITE_REQ | 0b0000000010 | 0b1100000000
    16744000 |     1 | 0x800db |                0 |               1 | NON_WRITE_REQ | 0b0000000010 | 0b1100000000
    16752000 |     1 | 0x800dc |                0 |               1 | NON_WRITE_REQ | 0b0000000010 | 0b1100000000
    16812000 |     1 | 0x800dd |                0 |               1 | NON_WRITE_REQ | 0b0000000010 | 0b1100000000
    16827000 |     1 | 0x800de |                0 |               1 | NON_WRITE_REQ | 0b0000000010 | 0b1100000000
    16829000 |     1 | 0x800df |                0 |               1 | NON_WRITE_REQ | 0b0000000010 | 0b1100000000
    16837000 |     1 | 0x800e0 |                0 |               1 | NON_WRITE_REQ | 0b0000000010 | 0b1100000000
    16897000 |     1 | 0x800e1 |                0 |               1 | NON_WRITE_REQ | 0b0000000010 | 0b1100000000
    16912000 |     1 | 0x800e2 |                0 |               1 | NON_WRITE_REQ | 0b0000000010 | 0b1100000000
    16914000 |     1 | 0x800e3 |                0 |               1 | NON_WRITE_REQ | 0b0000000010 | 0b1100000000
    16922000 |     1 | 0x800e4 |                0 |               1 | NON_WRITE_REQ | 0b0000000010 | 0b1100000000
    16982000 |     1 | 0x800e5 |                0 |               1 | NON_WRITE_REQ | 0b0000000010 | 0b1100000000
    16997000 |     1 | 0x800e6 |                0 |               1 | NON_WRITE_REQ | 0b0000000010 | 0b1100000000
    16999000 |     1 | 0x800e7 |                0 |               1 | NON_WRITE_REQ | 0b0000000010 | 0b1100000000
    17007000 |     1 | 0x800e8 |                0 |               1 | NON_WRITE_REQ | 0b0000000010 | 0b1100000000
    17067000 |     1 | 0x800e9 |                0 |               1 | NON_WRITE_REQ | 0b0000000010 | 0b1100000000
    17082000 |     1 | 0x800ea |                0 |               1 | NON_WRITE_REQ | 0b0000000010 | 0b1100000000
    17084000 |     1 | 0x800eb |                0 |               1 | NON_WRITE_REQ | 0b0000000010 | 0b1100000000
    17092000 |     1 | 0x800ec |                0 |               1 | NON_WRITE_REQ | 0b0000000010 | 0b1100000000
    17152000 |     1 | 0x800ed |                0 |               1 | NON_WRITE_REQ | 0b0000000010 | 0b1100000000
    17167000 |     1 | 0x800ee |                0 |               1 | NON_WRITE_REQ | 0b0000000010 | 0b1100000000
    17169000 |     1 | 0x800ef |                0 |               1 | NON_WRITE_REQ | 0b0000000010 | 0b1100000000
    17177000 |     1 | 0x800f0 |                0 |               1 | NON_WRITE_REQ | 0b0000000010 | 0b1100000000
    17237000 |     1 | 0x800f1 |                0 |               1 | NON_WRITE_REQ | 0b0000000010 | 0b1100000000
    17252000 |     1 | 0x800f2 |                0 |               1 | NON_WRITE_REQ | 0b0000000010 | 0b1100000000
    17254000 |     1 | 0x800f3 |                0 |               1 | NON_WRITE_REQ | 0b0000000010 | 0b1100000000
    17262000 |     1 | 0x800f4 |                0 |               1 | NON_WRITE_REQ | 0b0000000010 | 0b1100000000
    17322000 |     1 | 0x800f5 |                0 |               1 | NON_WRITE_REQ | 0b0000000010 | 0b1100000000
    17337000 |     1 | 0x800f6 |                0 |               1 | NON_WRITE_REQ | 0b0000000010 | 0b1100000000
    17339000 |     1 | 0x800f7 |                0 |               1 | NON_WRITE_REQ | 0b0000000010 | 0b1100000000
    17347000 |     1 | 0x800f8 |                0 |               1 | NON_WRITE_REQ | 0b0000000010 | 0b1100000000
    17407000 |     1 | 0x800f9 |                0 |               1 | NON_WRITE_REQ | 0b0000000010 | 0b1100000000
    17422000 |     1 | 0x800fa |                0 |               1 | NON_WRITE_REQ | 0b0000000010 | 0b1100000000
    17424000 |     1 | 0x800fb |                0 |               1 | NON_WRITE_REQ | 0b0000000010 | 0b1100000000
    17432000 |     1 | 0x800fc |                0 |               1 | NON_WRITE_REQ | 0b0000000010 | 0b1100000000
    17492000 |     1 | 0x800fd |                0 |               1 | NON_WRITE_REQ | 0b0000000010 | 0b1100000000
    17507000 |     1 | 0x800fe |                0 |               1 | NON_WRITE_REQ | 0b0000000010 | 0b1100000000
    17509000 |     1 | 0x800ff |                0 |               1 | NON_WRITE_REQ | 0b0000000010 | 0b1100000000
    17519000 |     1 | 0x80100 |                0 |               1 | NON_WRITE_REQ | 0b0000000010 | 0b1100000000
    17577000 |     1 | 0x80101 |                0 |               1 | NON_WRITE_REQ | 0b0000000010 | 0b1100000000
    17592000 |     1 | 0x80102 |                0 |               1 | NON_WRITE_REQ | 0b0000000010 | 0b1100000000
    17594000 |     1 | 0x80103 |                0 |               1 | NON_WRITE_REQ | 0b0000000010 | 0b1100000000
    17602000 |     1 | 0x80104 |                0 |               1 | NON_WRITE_REQ | 0b0000000010 | 0b1100000000
    17662000 |     1 | 0x80105 |                0 |               1 | NON_WRITE_REQ | 0b0000000010 | 0b1100000000
    17677000 |     1 | 0x80106 |                0 |               1 | NON_WRITE_REQ | 0b0000000010 | 0b1100000000
    17679000 |     1 | 0x80107 |                0 |               1 | NON_WRITE_REQ | 0b0000000010 | 0b1100000000
    17687000 |     1 | 0x80108 |                0 |               1 | NON_WRITE_REQ | 0b0000000010 | 0b1100000000
    17747000 |     1 | 0x80109 |                0 |               1 | NON_WRITE_REQ | 0b0000000010 | 0b1100000000
    17762000 |     1 | 0x8010a |                0 |               1 | NON_WRITE_REQ | 0b0000000010 | 0b1100000000
    17764000 |     1 | 0x8010b |                0 |               1 | NON_WRITE_REQ | 0b0000000010 | 0b1100000000
    17772000 |     1 | 0x8010c |                0 |               1 | NON_WRITE_REQ | 0b0000000010 | 0b1100000000
    17832000 |     1 | 0x8010d |                0 |               1 | NON_WRITE_REQ | 0b0000000010 | 0b1100000000
    17847000 |     1 | 0x8010e |                0 |               1 | NON_WRITE_REQ | 0b0000000010 | 0b1100000000
    17849000 |     1 | 0x8010f |                0 |               1 | NON_WRITE_REQ | 0b0000000010 | 0b1100000000
    17857000 |     1 | 0x80110 |                0 |               1 | NON_WRITE_REQ | 0b0000000010 | 0b1100000000
    17917000 |     1 | 0x80111 |                0 |               1 | NON_WRITE_REQ | 0b0000000010 | 0b1100000000
    17932000 |     1 | 0x80112 |                0 |               1 | NON_WRITE_REQ | 0b0000000010 | 0b1100000000
    17934000 |     1 | 0x80113 |                0 |               1 | NON_WRITE_REQ | 0b0000000010 | 0b1100000000
    17942000 |     1 | 0x80114 |                0 |               1 | NON_WRITE_REQ | 0b0000000010 | 0b1100000000
    18002000 |     1 | 0x80115 |                0 |               1 | NON_WRITE_REQ | 0b0000000010 | 0b1100000000
    18017000 |     1 | 0x80116 |                0 |               1 | NON_WRITE_REQ | 0b0000000010 | 0b1100000000
    18019000 |     1 | 0x80117 |                0 |               1 | NON_WRITE_REQ | 0b0000000010 | 0b1100000000
    18027000 |     1 | 0x80118 |                0 |               1 | NON_WRITE_REQ | 0b0000000010 | 0b1100000000
    18087000 |     1 | 0x80119 |                0 |               1 | NON_WRITE_REQ | 0b0000000010 | 0b1100000000
    18102000 |     1 | 0x8011a |                0 |               1 | NON_WRITE_REQ | 0b0000000010 | 0b1100000000
    18104000 |     1 | 0x8011b |                0 |               1 | NON_WRITE_REQ | 0b0000000010 | 0b1100000000
    18112000 |     1 | 0x8011c |                0 |               1 | NON_WRITE_REQ | 0b0000000010 | 0b1100000000
    18172000 |     1 | 0x8011d |                0 |               1 | NON_WRITE_REQ | 0b0000000010 | 0b1100000000
    18187000 |     1 | 0x8011e |                0 |               1 | NON_WRITE_REQ | 0b0000000010 | 0b1100000000
    18189000 |     1 | 0x8011f |                0 |               1 | NON_WRITE_REQ | 0b0000000010 | 0b1100000000
    18197000 |     1 | 0x80120 |                0 |               1 | NON_WRITE_REQ | 0b0000000010 | 0b1100000000
    18257000 |     1 | 0x80121 |                0 |               1 | NON_WRITE_REQ | 0b0000000010 | 0b1100000000
    18272000 |     1 | 0x80122 |                0 |               1 | NON_WRITE_REQ | 0b0000000010 | 0b1100000000
    18274000 |     1 | 0x80123 |                0 |               1 | NON_WRITE_REQ | 0b0000000010 | 0b1100000000
    18282000 |     1 | 0x80124 |                0 |               1 | NON_WRITE_REQ | 0b0000000010 | 0b1100000000
    18342000 |     1 | 0x80125 |                0 |               1 | NON_WRITE_REQ | 0b0000000010 | 0b1100000000
    18357000 |     1 | 0x80126 |                0 |               1 | NON_WRITE_REQ | 0b0000000010 | 0b1100000000
    18359000 |     1 | 0x80127 |                0 |               1 | NON_WRITE_REQ | 0b0000000010 | 0b1100000000
    18367000 |     1 | 0x80128 |                0 |               1 | NON_WRITE_REQ | 0b0000000010 | 0b1100000000
    18427000 |     1 | 0x80129 |                0 |               1 | NON_WRITE_REQ | 0b0000000010 | 0b1100000000
    18442000 |     1 | 0x8012a |                0 |               1 | NON_WRITE_REQ | 0b0000000010 | 0b1100000000
    18444000 |     1 | 0x8012b |                0 |               1 | NON_WRITE_REQ | 0b0000000010 | 0b1100000000
    18452000 |     1 | 0x8012c |                0 |               1 | NON_WRITE_REQ | 0b0000000010 | 0b1100000000
    18512000 |     1 | 0x8012d |                0 |               1 | NON_WRITE_REQ | 0b0000000010 | 0b1100000000
    18527000 |     1 | 0x8012e |                0 |               1 | NON_WRITE_REQ | 0b0000000010 | 0b1100000000
    18529000 |     1 | 0x8012f |                0 |               1 | NON_WRITE_REQ | 0b0000000010 | 0b1100000000
    18537000 |     1 | 0x80130 |                0 |               1 | NON_WRITE_REQ | 0b0000000010 | 0b1100000000
    18597000 |     1 | 0x80131 |                0 |               1 | NON_WRITE_REQ | 0b0000000010 | 0b1100000000
    18612000 |     1 | 0x80132 |                0 |               1 | NON_WRITE_REQ | 0b0000000010 | 0b1100000000
    18614000 |     1 | 0x80133 |                0 |               1 | NON_WRITE_REQ | 0b0000000010 | 0b1100000000
    18622000 |     1 | 0x80134 |                0 |               1 | NON_WRITE_REQ | 0b0000000010 | 0b1100000000
    18682000 |     1 | 0x80135 |                0 |               1 | NON_WRITE_REQ | 0b0000000010 | 0b1100000000
    18697000 |     1 | 0x80136 |                0 |               1 | NON_WRITE_REQ | 0b0000000010 | 0b1100000000
    18699000 |     1 | 0x80137 |                0 |               1 | NON_WRITE_REQ | 0b0000000010 | 0b1100000000
    18707000 |     1 | 0x80138 |                0 |               1 | NON_WRITE_REQ | 0b0000000010 | 0b1100000000
    18767000 |     1 | 0x80139 |                0 |               1 | NON_WRITE_REQ | 0b0000000010 | 0b1100000000
    18782000 |     1 | 0x8013a |                0 |               1 | NON_WRITE_REQ | 0b0000000010 | 0b1100000000
    18784000 |     1 | 0x8013b |                0 |               1 | NON_WRITE_REQ | 0b0000000010 | 0b1100000000
    18792000 |     1 | 0x8013c |                0 |               1 | NON_WRITE_REQ | 0b0000000010 | 0b1100000000
    18852000 |     1 | 0x8013d |                0 |               1 | NON_WRITE_REQ | 0b0000000010 | 0b1100000000
    18867000 |     1 | 0x8013e |                0 |               1 | NON_WRITE_REQ | 0b0000000010 | 0b1100000000
    18869000 |     1 | 0x8013f |                0 |               1 | NON_WRITE_REQ | 0b0000000010 | 0b1100000000
    18879000 |     1 | 0x80140 |                0 |               1 | NON_WRITE_REQ | 0b0000000010 | 0b1100000000
    18937000 |     1 | 0x80141 |                0 |               1 | NON_WRITE_REQ | 0b0000000010 | 0b1100000000
    18952000 |     1 | 0x80142 |                0 |               1 | NON_WRITE_REQ | 0b0000000010 | 0b1100000000
    18954000 |     1 | 0x80143 |                0 |               1 | NON_WRITE_REQ | 0b0000000010 | 0b1100000000
    18962000 |     1 | 0x80144 |                0 |               1 | NON_WRITE_REQ | 0b0000000010 | 0b1100000000
    19022000 |     1 | 0x80145 |                0 |               1 | NON_WRITE_REQ | 0b0000000010 | 0b1100000000
    19037000 |     1 | 0x80146 |                0 |               1 | NON_WRITE_REQ | 0b0000000010 | 0b1100000000
    19039000 |     1 | 0x80147 |                0 |               1 | NON_WRITE_REQ | 0b0000000010 | 0b1100000000
    19047000 |     1 | 0x80148 |                0 |               1 | NON_WRITE_REQ | 0b0000000010 | 0b1100000000
    19107000 |     1 | 0x80149 |                0 |               1 | NON_WRITE_REQ | 0b0000000010 | 0b1100000000
    19122000 |     1 | 0x8014a |                0 |               1 | NON_WRITE_REQ | 0b0000000010 | 0b1100000000
    19124000 |     1 | 0x8014b |                0 |               1 | NON_WRITE_REQ | 0b0000000010 | 0b1100000000
    19132000 |     1 | 0x8014c |                0 |               1 | NON_WRITE_REQ | 0b0000000010 | 0b1100000000
    19192000 |     1 | 0x8014d |                0 |               1 | NON_WRITE_REQ | 0b0000000010 | 0b1100000000
    19207000 |     1 | 0x8014e |                0 |               1 | NON_WRITE_REQ | 0b0000000010 | 0b1100000000
    19209000 |     1 | 0x8014f |                0 |               1 | NON_WRITE_REQ | 0b0000000010 | 0b1100000000
    19217000 |     1 | 0x80150 |                0 |               1 | NON_WRITE_REQ | 0b0000000010 | 0b1100000000
    19277000 |     1 | 0x80151 |                0 |               1 | NON_WRITE_REQ | 0b0000000010 | 0b1100000000
    19292000 |     1 | 0x80152 |                0 |               1 | NON_WRITE_REQ | 0b0000000010 | 0b1100000000
    19294000 |     1 | 0x80153 |                0 |               1 | NON_WRITE_REQ | 0b0000000010 | 0b1100000000
    19302000 |     1 | 0x80154 |                0 |               1 | NON_WRITE_REQ | 0b0000000010 | 0b1100000000
    19362000 |     1 | 0x80155 |                0 |               1 | NON_WRITE_REQ | 0b0000000010 | 0b1100000000
    19377000 |     1 | 0x80156 |                0 |               1 | NON_WRITE_REQ | 0b0000000010 | 0b1100000000
    19379000 |     1 | 0x80157 |                0 |               1 | NON_WRITE_REQ | 0b0000000010 | 0b1100000000
    19387000 |     1 | 0x80158 |                0 |               1 | NON_WRITE_REQ | 0b0000000010 | 0b1100000000
    19447000 |     1 | 0x80159 |                0 |               1 | NON_WRITE_REQ | 0b0000000010 | 0b1100000000
    19462000 |     1 | 0x8015a |                0 |               1 | NON_WRITE_REQ | 0b0000000010 | 0b1100000000
    19464000 |     1 | 0x8015b |                0 |               1 | NON_WRITE_REQ | 0b0000000010 | 0b1100000000
    19472000 |     1 | 0x8015c |                0 |               1 | NON_WRITE_REQ | 0b0000000010 | 0b1100000000
    19532000 |     1 | 0x8015d |                0 |               1 | NON_WRITE_REQ | 0b0000000010 | 0b1100000000
    19547000 |     1 | 0x8015e |                0 |               1 | NON_WRITE_REQ | 0b0000000010 | 0b1100000000
    19549000 |     1 | 0x8015f |                0 |               1 | NON_WRITE_REQ | 0b0000000010 | 0b1100000000
    19557000 |     1 | 0x80160 |                0 |               1 | NON_WRITE_REQ | 0b0000000010 | 0b1100000000
    19617000 |     1 | 0x80161 |                0 |               1 | NON_WRITE_REQ | 0b0000000010 | 0b1100000000
    19632000 |     1 | 0x80162 |                0 |               1 | NON_WRITE_REQ | 0b0000000010 | 0b1100000000
    19634000 |     1 | 0x80163 |                0 |               1 | NON_WRITE_REQ | 0b0000000010 | 0b1100000000
    19642000 |     1 | 0x80164 |                0 |               1 | NON_WRITE_REQ | 0b0000000010 | 0b1100000000
    19702000 |     1 | 0x80165 |                0 |               1 | NON_WRITE_REQ | 0b0000000010 | 0b1100000000
    19717000 |     1 | 0x80166 |                0 |               1 | NON_WRITE_REQ | 0b0000000010 | 0b1100000000
    19719000 |     1 | 0x80167 |                0 |               1 | NON_WRITE_REQ | 0b0000000010 | 0b1100000000
    19727000 |     1 | 0x80168 |                0 |               1 | NON_WRITE_REQ | 0b0000000010 | 0b1100000000
    19787000 |     1 | 0x80169 |                0 |               1 | NON_WRITE_REQ | 0b0000000010 | 0b1100000000
    19802000 |     1 | 0x8016a |                0 |               1 | NON_WRITE_REQ | 0b0000000010 | 0b1100000000
    19804000 |     1 | 0x8016b |                0 |               1 | NON_WRITE_REQ | 0b0000000010 | 0b1100000000
    19812000 |     1 | 0x8016c |                0 |               1 | NON_WRITE_REQ | 0b0000000010 | 0b1100000000
    19872000 |     1 | 0x8016d |                0 |               1 | NON_WRITE_REQ | 0b0000000010 | 0b1100000000
    19887000 |     1 | 0x8016e |                0 |               1 | NON_WRITE_REQ | 0b0000000010 | 0b1100000000
    19889000 |     1 | 0x8016f |                0 |               1 | NON_WRITE_REQ | 0b0000000010 | 0b1100000000
    19897000 |     1 | 0x80170 |                0 |               1 | NON_WRITE_REQ | 0b0000000010 | 0b1100000000
    19957000 |     1 | 0x80171 |                0 |               1 | NON_WRITE_REQ | 0b0000000010 | 0b1100000000
    19972000 |     1 | 0x80172 |                0 |               1 | NON_WRITE_REQ | 0b0000000010 | 0b1100000000
    19974000 |     1 | 0x80173 |                0 |               1 | NON_WRITE_REQ | 0b0000000010 | 0b1100000000
    19982000 |     1 | 0x80174 |                0 |               1 | NON_WRITE_REQ | 0b0000000010 | 0b1100000000
    20042000 |     1 | 0x80175 |                0 |               1 | NON_WRITE_REQ | 0b0000000010 | 0b1100000000
    20057000 |     1 | 0x80176 |                0 |               1 | NON_WRITE_REQ | 0b0000000010 | 0b1100000000
    20059000 |     1 | 0x80177 |                0 |               1 | NON_WRITE_REQ | 0b0000000010 | 0b1100000000
    20067000 |     1 | 0x80178 |                0 |               1 | NON_WRITE_REQ | 0b0000000010 | 0b1100000000
    20127000 |     1 | 0x80179 |                0 |               1 | NON_WRITE_REQ | 0b0000000010 | 0b1100000000
    20142000 |     1 | 0x8017a |                0 |               1 | NON_WRITE_REQ | 0b0000000010 | 0b1100000000
    20144000 |     1 | 0x8017b |                0 |               1 | NON_WRITE_REQ | 0b0000000010 | 0b1100000000
    20152000 |     1 | 0x8017c |                0 |               1 | NON_WRITE_REQ | 0b0000000010 | 0b1100000000
    20212000 |     1 | 0x8017d |                0 |               1 | NON_WRITE_REQ | 0b0000000010 | 0b1100000000
    20227000 |     1 | 0x8017e |                0 |               1 | NON_WRITE_REQ | 0b0000000010 | 0b1100000000
    20229000 |     1 | 0x8017f |                0 |               1 | NON_WRITE_REQ | 0b0000000010 | 0b1100000000
    20239000 |     1 | 0x80180 |                0 |               1 | NON_WRITE_REQ | 0b0000000010 | 0b1100000000
    20297000 |     1 | 0x80181 |                0 |               1 | NON_WRITE_REQ | 0b0000000010 | 0b1100000000
    20312000 |     1 | 0x80182 |                0 |               1 | NON_WRITE_REQ | 0b0000000010 | 0b1100000000
    20314000 |     1 | 0x80183 |                0 |               1 | NON_WRITE_REQ | 0b0000000010 | 0b1100000000
    20322000 |     1 | 0x80184 |                0 |               1 | NON_WRITE_REQ | 0b0000000010 | 0b1100000000
    20382000 |     1 | 0x80185 |                0 |               1 | NON_WRITE_REQ | 0b0000000010 | 0b1100000000
    20397000 |     1 | 0x80186 |                0 |               1 | NON_WRITE_REQ | 0b0000000010 | 0b1100000000
    20399000 |     1 | 0x80187 |                0 |               1 | NON_WRITE_REQ | 0b0000000010 | 0b1100000000
    20407000 |     1 | 0x80188 |                0 |               1 | NON_WRITE_REQ | 0b0000000010 | 0b1100000000
    20467000 |     1 | 0x80189 |                0 |               1 | NON_WRITE_REQ | 0b0000000010 | 0b1100000000
    20482000 |     1 | 0x8018a |                0 |               1 | NON_WRITE_REQ | 0b0000000010 | 0b1100000000
    20484000 |     1 | 0x8018b |                0 |               1 | NON_WRITE_REQ | 0b0000000010 | 0b1100000000
    20492000 |     1 | 0x8018c |                0 |               1 | NON_WRITE_REQ | 0b0000000010 | 0b1100000000
    20552000 |     1 | 0x8018d |                0 |               1 | NON_WRITE_REQ | 0b0000000010 | 0b1100000000
    20567000 |     1 | 0x8018e |                0 |               1 | NON_WRITE_REQ | 0b0000000010 | 0b1100000000
    20569000 |     1 | 0x8018f |                0 |               1 | NON_WRITE_REQ | 0b0000000010 | 0b1100000000
    20577000 |     1 | 0x80190 |                0 |               1 | NON_WRITE_REQ | 0b0000000010 | 0b1100000000
    20637000 |     1 | 0x80191 |                0 |               1 | NON_WRITE_REQ | 0b0000000010 | 0b1100000000
    20652000 |     1 | 0x80192 |                0 |               1 | NON_WRITE_REQ | 0b0000000010 | 0b1100000000
    20654000 |     1 | 0x80193 |                0 |               1 | NON_WRITE_REQ | 0b0000000010 | 0b1100000000
    20662000 |     1 | 0x80194 |                0 |               1 | NON_WRITE_REQ | 0b0000000010 | 0b1100000000
    20722000 |     1 | 0x80195 |                0 |               1 | NON_WRITE_REQ | 0b0000000010 | 0b1100000000
    20737000 |     1 | 0x80196 |                0 |               1 | NON_WRITE_REQ | 0b0000000010 | 0b1100000000
    20739000 |     1 | 0x80197 |                0 |               1 | NON_WRITE_REQ | 0b0000000010 | 0b1100000000
    20747000 |     1 | 0x80198 |                0 |               1 | NON_WRITE_REQ | 0b0000000010 | 0b1100000000
    20807000 |     1 | 0x80199 |                0 |               1 | NON_WRITE_REQ | 0b0000000010 | 0b1100000000
    20822000 |     1 | 0x8019a |                0 |               1 | NON_WRITE_REQ | 0b0000000010 | 0b1100000000
    20824000 |     1 | 0x8019b |                0 |               1 | NON_WRITE_REQ | 0b0000000010 | 0b1100000000
    20832000 |     1 | 0x8019c |                0 |               1 | NON_WRITE_REQ | 0b0000000010 | 0b1100000000
    20892000 |     1 | 0x8019d |                0 |               1 | NON_WRITE_REQ | 0b0000000010 | 0b1100000000
    20907000 |     1 | 0x8019e |                0 |               1 | NON_WRITE_REQ | 0b0000000010 | 0b1100000000
    20909000 |     1 | 0x8019f |                0 |               1 | NON_WRITE_REQ | 0b0000000010 | 0b1100000000
    20917000 |     1 | 0x801a0 |                0 |               1 | NON_WRITE_REQ | 0b0000000010 | 0b1100000000
    20977000 |     1 | 0x801a1 |                0 |               1 | NON_WRITE_REQ | 0b0000000010 | 0b1100000000
    20992000 |     1 | 0x801a2 |                0 |               1 | NON_WRITE_REQ | 0b0000000010 | 0b1100000000
    20994000 |     1 | 0x801a3 |                0 |               1 | NON_WRITE_REQ | 0b0000000010 | 0b1100000000
    21002000 |     1 | 0x801a4 |                0 |               1 | NON_WRITE_REQ | 0b0000000010 | 0b1100000000
    21062000 |     1 | 0x801a5 |                0 |               1 | NON_WRITE_REQ | 0b0000000010 | 0b1100000000
    21077000 |     1 | 0x801a6 |                0 |               1 | NON_WRITE_REQ | 0b0000000010 | 0b1100000000
    21079000 |     1 | 0x801a7 |                0 |               1 | NON_WRITE_REQ | 0b0000000010 | 0b1100000000
    21087000 |     1 | 0x801a8 |                0 |               1 | NON_WRITE_REQ | 0b0000000010 | 0b1100000000
    21147000 |     1 | 0x801a9 |                0 |               1 | NON_WRITE_REQ | 0b0000000010 | 0b1100000000
    21162000 |     1 | 0x801aa |                0 |               1 | NON_WRITE_REQ | 0b0000000010 | 0b1100000000
    21164000 |     1 | 0x801ab |                0 |               1 | NON_WRITE_REQ | 0b0000000010 | 0b1100000000
    21172000 |     1 | 0x801ac |                0 |               1 | NON_WRITE_REQ | 0b0000000010 | 0b1100000000
    21232000 |     1 | 0x801ad |                0 |               1 | NON_WRITE_REQ | 0b0000000010 | 0b1100000000
    21247000 |     1 | 0x801ae |                0 |               1 | NON_WRITE_REQ | 0b0000000010 | 0b1100000000
    21249000 |     1 | 0x801af |                0 |               1 | NON_WRITE_REQ | 0b0000000010 | 0b1100000000
    21257000 |     1 | 0x801b0 |                0 |               1 | NON_WRITE_REQ | 0b0000000010 | 0b1100000000
    21317000 |     1 | 0x801b1 |                0 |               1 | NON_WRITE_REQ | 0b0000000010 | 0b1100000000
    21332000 |     1 | 0x801b2 |                0 |               1 | NON_WRITE_REQ | 0b0000000010 | 0b1100000000
    21334000 |     1 | 0x801b3 |                0 |               1 | NON_WRITE_REQ | 0b0000000010 | 0b1100000000
    21342000 |     1 | 0x801b4 |                0 |               1 | NON_WRITE_REQ | 0b0000000010 | 0b1100000000
    21402000 |     1 | 0x801b5 |                0 |               1 | NON_WRITE_REQ | 0b0000000010 | 0b1100000000
    21417000 |     1 | 0x801b6 |                0 |               1 | NON_WRITE_REQ | 0b0000000010 | 0b1100000000
    21419000 |     1 | 0x801b7 |                0 |               1 | NON_WRITE_REQ | 0b0000000010 | 0b1100000000
    21427000 |     1 | 0x801b8 |                0 |               1 | NON_WRITE_REQ | 0b0000000010 | 0b1100000000
    21487000 |     1 | 0x801b9 |                0 |               1 | NON_WRITE_REQ | 0b0000000010 | 0b1100000000
    21502000 |     1 | 0x801ba |                0 |               1 | NON_WRITE_REQ | 0b0000000010 | 0b1100000000
    21504000 |     1 | 0x801bb |                0 |               1 | NON_WRITE_REQ | 0b0000000010 | 0b1100000000
    21512000 |     1 | 0x801bc |                0 |               1 | NON_WRITE_REQ | 0b0000000010 | 0b1100000000
    21572000 |     1 | 0x801bd |                0 |               1 | NON_WRITE_REQ | 0b0000000010 | 0b1100000000
    21587000 |     1 | 0x801be |                0 |               1 | NON_WRITE_REQ | 0b0000000010 | 0b1100000000
    21589000 |     1 | 0x801bf |                0 |               1 | NON_WRITE_REQ | 0b0000000010 | 0b1100000000
    21599000 |     1 | 0x801c0 |                0 |               1 | NON_WRITE_REQ | 0b0000000010 | 0b1100000000
    21657000 |     1 | 0x801c1 |                0 |               1 | NON_WRITE_REQ | 0b0000000010 | 0b1100000000
    21672000 |     1 | 0x801c2 |                0 |               1 | NON_WRITE_REQ | 0b0000000010 | 0b1100000000
    21674000 |     1 | 0x801c3 |                0 |               1 | NON_WRITE_REQ | 0b0000000010 | 0b1100000000
    21682000 |     1 | 0x801c4 |                0 |               1 | NON_WRITE_REQ | 0b0000000010 | 0b1100000000
    21742000 |     1 | 0x801c5 |                0 |               1 | NON_WRITE_REQ | 0b0000000010 | 0b1100000000
    21757000 |     1 | 0x801c6 |                0 |               1 | NON_WRITE_REQ | 0b0000000010 | 0b1100000000
    21759000 |     1 | 0x801c7 |                0 |               1 | NON_WRITE_REQ | 0b0000000010 | 0b1100000000
    21767000 |     1 | 0x801c8 |                0 |               1 | NON_WRITE_REQ | 0b0000000010 | 0b1100000000
    21827000 |     1 | 0x801c9 |                0 |               1 | NON_WRITE_REQ | 0b0000000010 | 0b1100000000
    21842000 |     1 | 0x801ca |                0 |               1 | NON_WRITE_REQ | 0b0000000010 | 0b1100000000
    21844000 |     1 | 0x801cb |                0 |               1 | NON_WRITE_REQ | 0b0000000010 | 0b1100000000
    21852000 |     1 | 0x801cc |                0 |               1 | NON_WRITE_REQ | 0b0000000010 | 0b1100000000
    21912000 |     1 | 0x801cd |                0 |               1 | NON_WRITE_REQ | 0b0000000010 | 0b1100000000
    21927000 |     1 | 0x801ce |                0 |               1 | NON_WRITE_REQ | 0b0000000010 | 0b1100000000
    21929000 |     1 | 0x801cf |                0 |               1 | NON_WRITE_REQ | 0b0000000010 | 0b1100000000
    21937000 |     1 | 0x801d0 |                0 |               1 | NON_WRITE_REQ | 0b0000000010 | 0b1100000000
    21997000 |     1 | 0x801d1 |                0 |               1 | NON_WRITE_REQ | 0b0000000010 | 0b1100000000
    22012000 |     1 | 0x801d2 |                0 |               1 | NON_WRITE_REQ | 0b0000000010 | 0b1100000000
    22014000 |     1 | 0x801d3 |                0 |               1 | NON_WRITE_REQ | 0b0000000010 | 0b1100000000
    22022000 |     1 | 0x801d4 |                0 |               1 | NON_WRITE_REQ | 0b0000000010 | 0b1100000000
    22082000 |     1 | 0x801d5 |                0 |               1 | NON_WRITE_REQ | 0b0000000010 | 0b1100000000
    22097000 |     1 | 0x801d6 |                0 |               1 | NON_WRITE_REQ | 0b0000000010 | 0b1100000000
    22099000 |     1 | 0x801d7 |                0 |               1 | NON_WRITE_REQ | 0b0000000010 | 0b1100000000
    22107000 |     1 | 0x801d8 |                0 |               1 | NON_WRITE_REQ | 0b0000000010 | 0b1100000000
    22167000 |     1 | 0x801d9 |                0 |               1 | NON_WRITE_REQ | 0b0000000010 | 0b1100000000
    22182000 |     1 | 0x801da |                0 |               1 | NON_WRITE_REQ | 0b0000000010 | 0b1100000000
    22184000 |     1 | 0x801db |                0 |               1 | NON_WRITE_REQ | 0b0000000010 | 0b1100000000
    22192000 |     1 | 0x801dc |                0 |               1 | NON_WRITE_REQ | 0b0000000010 | 0b1100000000
    22252000 |     1 | 0x801dd |                0 |               1 | NON_WRITE_REQ | 0b0000000010 | 0b1100000000
    22267000 |     1 | 0x801de |                0 |               1 | NON_WRITE_REQ | 0b0000000010 | 0b1100000000
    22269000 |     1 | 0x801df |                0 |               1 | NON_WRITE_REQ | 0b0000000010 | 0b1100000000
    22277000 |     1 | 0x801e0 |                0 |               1 | NON_WRITE_REQ | 0b0000000010 | 0b1100000000
    22337000 |     1 | 0x801e1 |                0 |               1 | NON_WRITE_REQ | 0b0000000010 | 0b1100000000
    22352000 |     1 | 0x801e2 |                0 |               1 | NON_WRITE_REQ | 0b0000000010 | 0b1100000000
    22354000 |     1 | 0x801e3 |                0 |               1 | NON_WRITE_REQ | 0b0000000010 | 0b1100000000
    22362000 |     1 | 0x801e4 |                0 |               1 | NON_WRITE_REQ | 0b0000000010 | 0b1100000000
    22422000 |     1 | 0x801e5 |                0 |               1 | NON_WRITE_REQ | 0b0000000010 | 0b1100000000
    22437000 |     1 | 0x801e6 |                0 |               1 | NON_WRITE_REQ | 0b0000000010 | 0b1100000000
    22439000 |     1 | 0x801e7 |                0 |               1 | NON_WRITE_REQ | 0b0000000010 | 0b1100000000
    22447000 |     1 | 0x801e8 |                0 |               1 | NON_WRITE_REQ | 0b0000000010 | 0b1100000000
    22507000 |     1 | 0x801e9 |                0 |               1 | NON_WRITE_REQ | 0b0000000010 | 0b1100000000
    22522000 |     1 | 0x801ea |                0 |               1 | NON_WRITE_REQ | 0b0000000010 | 0b1100000000
    22524000 |     1 | 0x801eb |                0 |               1 | NON_WRITE_REQ | 0b0000000010 | 0b1100000000
    22532000 |     1 | 0x801ec |                0 |               1 | NON_WRITE_REQ | 0b0000000010 | 0b1100000000
    22592000 |     1 | 0x801ed |                0 |               1 | NON_WRITE_REQ | 0b0000000010 | 0b1100000000
    22607000 |     1 | 0x801ee |                0 |               1 | NON_WRITE_REQ | 0b0000000010 | 0b1100000000
    22609000 |     1 | 0x801ef |                0 |               1 | NON_WRITE_REQ | 0b0000000010 | 0b1100000000
    22617000 |     1 | 0x801f0 |                0 |               1 | NON_WRITE_REQ | 0b0000000010 | 0b1100000000
    22677000 |     1 | 0x801f1 |                0 |               1 | NON_WRITE_REQ | 0b0000000010 | 0b1100000000
    22692000 |     1 | 0x801f2 |                0 |               1 | NON_WRITE_REQ | 0b0000000010 | 0b1100000000
    22694000 |     1 | 0x801f3 |                0 |               1 | NON_WRITE_REQ | 0b0000000010 | 0b1100000000
    22702000 |     1 | 0x801f4 |                0 |               1 | NON_WRITE_REQ | 0b0000000010 | 0b1100000000
    22762000 |     1 | 0x801f5 |                0 |               1 | NON_WRITE_REQ | 0b0000000010 | 0b1100000000
    22777000 |     1 | 0x801f6 |                0 |               1 | NON_WRITE_REQ | 0b0000000010 | 0b1100000000
    22779000 |     1 | 0x801f7 |                0 |               1 | NON_WRITE_REQ | 0b0000000010 | 0b1100000000
    22787000 |     1 | 0x801f8 |                0 |               1 | NON_WRITE_REQ | 0b0000000010 | 0b1100000000
    22847000 |     1 | 0x801f9 |                0 |               1 | NON_WRITE_REQ | 0b0000000010 | 0b1100000000
    22862000 |     1 | 0x801fa |                0 |               1 | NON_WRITE_REQ | 0b0000000010 | 0b1100000000
    22864000 |     1 | 0x801fb |                0 |               1 | NON_WRITE_REQ | 0b0000000010 | 0b1100000000
    22872000 |     1 | 0x801fc |                0 |               1 | NON_WRITE_REQ | 0b0000000010 | 0b1100000000
    22932000 |     1 | 0x801fd |                0 |               1 | NON_WRITE_REQ | 0b0000000010 | 0b1100000000
    22947000 |     1 | 0x801fe |                0 |               1 | NON_WRITE_REQ | 0b0000000010 | 0b1100000000
    22949000 |     1 | 0x801ff |                0 |               1 | NON_WRITE_REQ | 0b0000000010 | 0b1100000000
    23232000 |     9 | 0x80400 |                1 |               0 | WRITE_NO_VALID_READ | 0b1000000000 | 0b1100000000
    23247000 |     9 | 0x80401 |                1 |               0 | WRITE_NO_VALID_READ | 0b1000000000 | 0b1100000000
    23269000 |     9 | 0x80402 |                1 |               0 | WRITE_NO_VALID_READ | 0b1000000000 | 0b1100000000
    23272000 |     9 | 0x80403 |                1 |               0 | WRITE_NO_VALID_READ | 0b1000000000 | 0b1100000000
    23274000 |     9 | 0x80404 |                1 |               0 | WRITE_NO_VALID_READ | 0b1000000000 | 0b1100000000
    23277000 |     9 | 0x80405 |                1 |               0 | WRITE_NO_VALID_READ | 0b1000000000 | 0b1100000000
    23279000 |     9 | 0x80406 |                1 |               0 | WRITE_NO_VALID_READ | 0b1000000000 | 0b1100000000
    23282000 |     9 | 0x80407 |                1 |               0 | WRITE_NO_VALID_READ | 0b1000000000 | 0b1100000000
    23284000 |     9 | 0x80408 |                1 |               0 | WRITE_NO_VALID_READ | 0b1000000000 | 0b1100000000
    23287000 |     9 | 0x80409 |                1 |               0 | WRITE_NO_VALID_READ | 0b1000000000 | 0b1100000000
    23289000 |     9 | 0x8040a |                1 |               0 | WRITE_NO_VALID_READ | 0b1000000000 | 0b1100000000
    23292000 |     9 | 0x8040b |                1 |               0 | WRITE_NO_VALID_READ | 0b1000000000 | 0b1100000000
    23294000 |     9 | 0x8040c |                1 |               0 | WRITE_NO_VALID_READ | 0b1000000000 | 0b1100000000
    23297000 |     9 | 0x8040d |                1 |               0 | WRITE_NO_VALID_READ | 0b1000000000 | 0b1100000000
    23299000 |     9 | 0x8040e |                1 |               0 | WRITE_NO_VALID_READ | 0b1000000000 | 0b1100000000
    23302000 |     9 | 0x8040f |                1 |               0 | WRITE_NO_VALID_READ | 0b1000000000 | 0b1100000000
    23304000 |     9 | 0x80410 |                1 |               0 | WRITE_NO_VALID_READ | 0b1000000000 | 0b1100000000
    23307000 |     9 | 0x80411 |                1 |               0 | WRITE_NO_VALID_READ | 0b1000000000 | 0b1100000000
    23309000 |     9 | 0x80412 |                1 |               0 | WRITE_NO_VALID_READ | 0b1000000000 | 0b1100000000
    23312000 |     9 | 0x80413 |                1 |               0 | WRITE_NO_VALID_READ | 0b1000000000 | 0b1100000000
    23314000 |     9 | 0x80414 |                1 |               0 | WRITE_NO_VALID_READ | 0b1000000000 | 0b1100000000
    23317000 |     9 | 0x80415 |                1 |               0 | WRITE_NO_VALID_READ | 0b1000000000 | 0b1100000000
    23319000 |     9 | 0x80416 |                1 |               0 | WRITE_NO_VALID_READ | 0b1000000000 | 0b1100000000
    23322000 |     9 | 0x80417 |                1 |               0 | WRITE_NO_VALID_READ | 0b1000000000 | 0b1100000000
    23324000 |     9 | 0x80418 |                1 |               0 | WRITE_NO_VALID_READ | 0b1000000000 | 0b1100000000
    23327000 |     9 | 0x80419 |                1 |               0 | WRITE_NO_VALID_READ | 0b1000000000 | 0b1100000000
    23329000 |     9 | 0x8041a |                1 |               0 | WRITE_NO_VALID_READ | 0b1000000000 | 0b1100000000
    23332000 |     9 | 0x8041b |                1 |               0 | WRITE_NO_VALID_READ | 0b1000000000 | 0b1100000000
    23334000 |     9 | 0x8041c |                1 |               0 | WRITE_NO_VALID_READ | 0b1000000000 | 0b1100000000
    23337000 |     9 | 0x8041d |                1 |               0 | WRITE_NO_VALID_READ | 0b1000000000 | 0b1100000000
    23339000 |     9 | 0x8041e |                1 |               0 | WRITE_NO_VALID_READ | 0b1000000000 | 0b1100000000
    23344000 |     9 | 0x8041f |                1 |               0 | WRITE_NO_VALID_READ | 0b1000000000 | 0b1100000000
    23349000 |     9 | 0x80420 |                1 |               0 | WRITE_NO_VALID_READ | 0b1000000000 | 0b1100000000
    23354000 |     9 | 0x80421 |                1 |               0 | WRITE_NO_VALID_READ | 0b1000000000 | 0b1100000000
    23359000 |     9 | 0x80422 |                1 |               0 | WRITE_NO_VALID_READ | 0b1000000000 | 0b1100000000
    23364000 |     9 | 0x80423 |                1 |               0 | WRITE_NO_VALID_READ | 0b1000000000 | 0b1100000000
    23369000 |     9 | 0x80424 |                1 |               0 | WRITE_NO_VALID_READ | 0b1000000000 | 0b1100000000
    23374000 |     9 | 0x80425 |                1 |               0 | WRITE_NO_VALID_READ | 0b1000000000 | 0b1100000000
    23379000 |     9 | 0x80426 |                1 |               0 | WRITE_NO_VALID_READ | 0b1000000000 | 0b1100000000
    23384000 |     9 | 0x80427 |                1 |               0 | WRITE_NO_VALID_READ | 0b1000000000 | 0b1100000000
    23389000 |     9 | 0x80428 |                1 |               0 | WRITE_NO_VALID_READ | 0b1000000000 | 0b1100000000
    23394000 |     9 | 0x80429 |                1 |               0 | WRITE_NO_VALID_READ | 0b1000000000 | 0b1100000000
    23399000 |     9 | 0x8042a |                1 |               0 | WRITE_NO_VALID_READ | 0b1000000000 | 0b1100000000
    23404000 |     9 | 0x8042b |                1 |               0 | WRITE_NO_VALID_READ | 0b1000000000 | 0b1100000000
    23409000 |     9 | 0x8042c |                1 |               0 | WRITE_NO_VALID_READ | 0b1000000000 | 0b1100000000
    23414000 |     9 | 0x8042d |                1 |               0 | WRITE_NO_VALID_READ | 0b1000000000 | 0b1100000000
    23419000 |     9 | 0x8042e |                1 |               0 | WRITE_NO_VALID_READ | 0b1000000000 | 0b1100000000
    23424000 |     9 | 0x8042f |                1 |               0 | WRITE_NO_VALID_READ | 0b1000000000 | 0b1100000000
    23429000 |     9 | 0x80430 |                1 |               0 | WRITE_NO_VALID_READ | 0b1000000000 | 0b1100000000
    23434000 |     9 | 0x80431 |                1 |               0 | WRITE_NO_VALID_READ | 0b1000000000 | 0b1100000000
    23439000 |     9 | 0x80432 |                1 |               0 | WRITE_NO_VALID_READ | 0b1000000000 | 0b1100000000
    23444000 |     9 | 0x80433 |                1 |               0 | WRITE_NO_VALID_READ | 0b1000000000 | 0b1100000000
    23449000 |     9 | 0x80434 |                1 |               0 | WRITE_NO_VALID_READ | 0b1000000000 | 0b1100000000
    23454000 |     9 | 0x80435 |                1 |               0 | WRITE_NO_VALID_READ | 0b1000000000 | 0b1100000000
    23459000 |     9 | 0x80436 |                1 |               0 | WRITE_NO_VALID_READ | 0b1000000000 | 0b1100000000
    23464000 |     9 | 0x80437 |                1 |               0 | WRITE_NO_VALID_READ | 0b1000000000 | 0b1100000000
    23469000 |     9 | 0x80438 |                1 |               0 | WRITE_NO_VALID_READ | 0b1000000000 | 0b1100000000
    23474000 |     9 | 0x80439 |                1 |               0 | WRITE_NO_VALID_READ | 0b1000000000 | 0b1100000000
    23479000 |     9 | 0x8043a |                1 |               0 | WRITE_NO_VALID_READ | 0b1000000000 | 0b1100000000
    23484000 |     9 | 0x8043b |                1 |               0 | WRITE_NO_VALID_READ | 0b1000000000 | 0b1100000000
    23489000 |     9 | 0x8043c |                1 |               0 | WRITE_NO_VALID_READ | 0b1000000000 | 0b1100000000
    23494000 |     9 | 0x8043d |                1 |               0 | WRITE_NO_VALID_READ | 0b1000000000 | 0b1100000000
    23499000 |     9 | 0x8043e |                1 |               0 | WRITE_NO_VALID_READ | 0b1000000000 | 0b1100000000
[23502000] INFO: slice completed (cycle=9005)
    23504000 |     9 | 0x8043f |                1 |               0 | WRITE_NO_VALID_READ | 0b1000000000 | 0b1100000000
# Total handshakes: 576
