# Hub Local Request Monitor - Slice[0] Bank[0]
# Format: Time(ns) | ReqCh | ReqAddrFullHex | ReqRW(1=Write,0=Read) | HasValidReadReq | HandshakeType | ArbValidMask | ReqRwMask
# HandshakeType: NON_WRITE_REQ / WRITE_NO_VALID_READ / WRITE_WITH_VALID_READ
# ========================================
[12244000] INFO: slice start (cycle=0)
    12269000 |     0 | 0x0 |                0 |               1 | NON_WRITE_REQ | 0b0000000001 | 0b1100000000
    12284000 |     0 | 0x1 |                0 |               1 | NON_WRITE_REQ | 0b0000000001 | 0b1100000000
    12307000 |     0 | 0x2 |                0 |               1 | NON_WRITE_REQ | 0b0000000001 | 0b1100000000
    12309000 |     0 | 0x3 |                0 |               1 | NON_WRITE_REQ | 0b0000000001 | 0b1100000000
    12312000 |     0 | 0x4 |                0 |               1 | NON_WRITE_REQ | 0b0000000001 | 0b1100000000
    12314000 |     0 | 0x5 |                0 |               1 | NON_WRITE_REQ | 0b0000000001 | 0b1100000000
    12317000 |     0 | 0x6 |                0 |               1 | NON_WRITE_REQ | 0b0000000001 | 0b1100000000
    12319000 |     0 | 0x7 |                0 |               1 | NON_WRITE_REQ | 0b0000000001 | 0b1100000000
    12327000 |     0 | 0x8 |                0 |               1 | NON_WRITE_REQ | 0b0000000001 | 0b1100000000
    12329000 |     0 | 0x9 |                0 |               1 | NON_WRITE_REQ | 0b0000000001 | 0b1100000000
    12332000 |     0 | 0xa |                0 |               1 | NON_WRITE_REQ | 0b0000000001 | 0b1100000000
    12334000 |     0 | 0xb |                0 |               1 | NON_WRITE_REQ | 0b0000000001 | 0b1100000000
    12347000 |     0 | 0xc |                0 |               1 | NON_WRITE_REQ | 0b0000000001 | 0b1100000000
    12349000 |     0 | 0xd |                0 |               1 | NON_WRITE_REQ | 0b0000000001 | 0b1100000000
    12404000 |     0 | 0xe |                0 |               1 | NON_WRITE_REQ | 0b0000000001 | 0b1100000000
    12407000 |     0 | 0xf |                0 |               1 | NON_WRITE_REQ | 0b0000000001 | 0b1100000000
    12417000 |     0 | 0x10 |                0 |               1 | NON_WRITE_REQ | 0b0000000001 | 0b1100000000
    12419000 |     0 | 0x11 |                0 |               1 | NON_WRITE_REQ | 0b0000000001 | 0b1100000000
    12489000 |     0 | 0x12 |                0 |               1 | NON_WRITE_REQ | 0b0000000001 | 0b1100000000
    12492000 |     0 | 0x13 |                0 |               1 | NON_WRITE_REQ | 0b0000000001 | 0b1100000000
    12502000 |     0 | 0x14 |                0 |               1 | NON_WRITE_REQ | 0b0000000001 | 0b1100000000
    12504000 |     0 | 0x15 |                0 |               1 | NON_WRITE_REQ | 0b0000000001 | 0b1100000000
    12574000 |     0 | 0x16 |                0 |               1 | NON_WRITE_REQ | 0b0000000001 | 0b1100000000
    12577000 |     0 | 0x17 |                0 |               1 | NON_WRITE_REQ | 0b0000000001 | 0b1100000000
    12587000 |     0 | 0x18 |                0 |               1 | NON_WRITE_REQ | 0b0000000001 | 0b1100000000
    12589000 |     0 | 0x19 |                0 |               1 | NON_WRITE_REQ | 0b0000000001 | 0b1100000000
    12659000 |     0 | 0x1a |                0 |               1 | NON_WRITE_REQ | 0b0000000001 | 0b1100000000
    12662000 |     0 | 0x1b |                0 |               1 | NON_WRITE_REQ | 0b0000000001 | 0b1100000000
    12672000 |     0 | 0x1c |                0 |               1 | NON_WRITE_REQ | 0b0000000001 | 0b1100000000
    12674000 |     0 | 0x1d |                0 |               1 | NON_WRITE_REQ | 0b0000000001 | 0b1100000000
    12744000 |     0 | 0x1e |                0 |               1 | NON_WRITE_REQ | 0b0000000001 | 0b1100000000
    12747000 |     0 | 0x1f |                0 |               1 | NON_WRITE_REQ | 0b0000000001 | 0b1100000000
    12757000 |     0 | 0x20 |                0 |               1 | NON_WRITE_REQ | 0b0000000001 | 0b1100000000
    12759000 |     0 | 0x21 |                0 |               1 | NON_WRITE_REQ | 0b0000000001 | 0b1100000000
    12829000 |     0 | 0x22 |                0 |               1 | NON_WRITE_REQ | 0b0000000001 | 0b1100000000
    12832000 |     0 | 0x23 |                0 |               1 | NON_WRITE_REQ | 0b0000000001 | 0b1100000000
    12842000 |     0 | 0x24 |                0 |               1 | NON_WRITE_REQ | 0b0000000001 | 0b1100000000
    12844000 |     0 | 0x25 |                0 |               1 | NON_WRITE_REQ | 0b0000000001 | 0b1100000000
    12914000 |     0 | 0x26 |                0 |               1 | NON_WRITE_REQ | 0b0000000001 | 0b1100000000
    12917000 |     0 | 0x27 |                0 |               1 | NON_WRITE_REQ | 0b0000000001 | 0b1100000000
    12927000 |     0 | 0x28 |                0 |               1 | NON_WRITE_REQ | 0b0000000001 | 0b1100000000
    12929000 |     0 | 0x29 |                0 |               1 | NON_WRITE_REQ | 0b0000000001 | 0b1100000000
    12999000 |     0 | 0x2a |                0 |               1 | NON_WRITE_REQ | 0b0000000001 | 0b1100000000
    13002000 |     0 | 0x2b |                0 |               1 | NON_WRITE_REQ | 0b0000000001 | 0b1100000000
    13012000 |     0 | 0x2c |                0 |               1 | NON_WRITE_REQ | 0b0000000001 | 0b1100000000
    13014000 |     0 | 0x2d |                0 |               1 | NON_WRITE_REQ | 0b0000000001 | 0b1100000000
    13084000 |     0 | 0x2e |                0 |               1 | NON_WRITE_REQ | 0b0000000001 | 0b1100000000
    13087000 |     0 | 0x2f |                0 |               1 | NON_WRITE_REQ | 0b0000000001 | 0b1100000000
    13097000 |     0 | 0x30 |                0 |               1 | NON_WRITE_REQ | 0b0000000001 | 0b1100000000
    13099000 |     0 | 0x31 |                0 |               1 | NON_WRITE_REQ | 0b0000000001 | 0b1100000000
    13169000 |     0 | 0x32 |                0 |               1 | NON_WRITE_REQ | 0b0000000001 | 0b1100000000
    13172000 |     0 | 0x33 |                0 |               1 | NON_WRITE_REQ | 0b0000000001 | 0b1100000000
    13182000 |     0 | 0x34 |                0 |               1 | NON_WRITE_REQ | 0b0000000001 | 0b1100000000
    13184000 |     0 | 0x35 |                0 |               1 | NON_WRITE_REQ | 0b0000000001 | 0b1100000000
    13254000 |     0 | 0x36 |                0 |               1 | NON_WRITE_REQ | 0b0000000001 | 0b1100000000
    13257000 |     0 | 0x37 |                0 |               1 | NON_WRITE_REQ | 0b0000000001 | 0b1100000000
    13267000 |     0 | 0x38 |                0 |               1 | NON_WRITE_REQ | 0b0000000001 | 0b1100000000
    13269000 |     0 | 0x39 |                0 |               1 | NON_WRITE_REQ | 0b0000000001 | 0b1100000000
    13339000 |     0 | 0x3a |                0 |               1 | NON_WRITE_REQ | 0b0000000001 | 0b1100000000
    13342000 |     0 | 0x3b |                0 |               1 | NON_WRITE_REQ | 0b0000000001 | 0b1100000000
    13352000 |     0 | 0x3c |                0 |               1 | NON_WRITE_REQ | 0b0000000001 | 0b1100000000
    13354000 |     0 | 0x3d |                0 |               1 | NON_WRITE_REQ | 0b0000000001 | 0b1100000000
    13424000 |     0 | 0x3e |                0 |               1 | NON_WRITE_REQ | 0b0000000001 | 0b1100000000
    13427000 |     0 | 0x3f |                0 |               1 | NON_WRITE_REQ | 0b0000000001 | 0b1100000000
    13439000 |     0 | 0x40 |                0 |               1 | NON_WRITE_REQ | 0b0000000001 | 0b1100000000
    13454000 |     0 | 0x41 |                0 |               1 | NON_WRITE_REQ | 0b0000000001 | 0b1100000000
    13509000 |     0 | 0x42 |                0 |               1 | NON_WRITE_REQ | 0b0000000001 | 0b1100000000
    13512000 |     0 | 0x43 |                0 |               1 | NON_WRITE_REQ | 0b0000000001 | 0b1100000000
    13522000 |     0 | 0x44 |                0 |               1 | NON_WRITE_REQ | 0b0000000001 | 0b1100000000
    13524000 |     0 | 0x45 |                0 |               1 | NON_WRITE_REQ | 0b0000000001 | 0b1100000000
    13594000 |     0 | 0x46 |                0 |               1 | NON_WRITE_REQ | 0b0000000001 | 0b1100000000
    13597000 |     0 | 0x47 |                0 |               1 | NON_WRITE_REQ | 0b0000000001 | 0b1100000000
    13607000 |     0 | 0x48 |                0 |               1 | NON_WRITE_REQ | 0b0000000001 | 0b1100000000
    13609000 |     0 | 0x49 |                0 |               1 | NON_WRITE_REQ | 0b0000000001 | 0b1100000000
    13679000 |     0 | 0x4a |                0 |               1 | NON_WRITE_REQ | 0b0000000001 | 0b1100000000
    13682000 |     0 | 0x4b |                0 |               1 | NON_WRITE_REQ | 0b0000000001 | 0b1100000000
    13692000 |     0 | 0x4c |                0 |               1 | NON_WRITE_REQ | 0b0000000001 | 0b1100000000
    13694000 |     0 | 0x4d |                0 |               1 | NON_WRITE_REQ | 0b0000000001 | 0b1100000000
    13764000 |     0 | 0x4e |                0 |               1 | NON_WRITE_REQ | 0b0000000001 | 0b1100000000
    13767000 |     0 | 0x4f |                0 |               1 | NON_WRITE_REQ | 0b0000000001 | 0b1100000000
    13777000 |     0 | 0x50 |                0 |               1 | NON_WRITE_REQ | 0b0000000001 | 0b1100000000
    13779000 |     0 | 0x51 |                0 |               1 | NON_WRITE_REQ | 0b0000000001 | 0b1100000000
    13849000 |     0 | 0x52 |                0 |               1 | NON_WRITE_REQ | 0b0000000001 | 0b1100000000
    13852000 |     0 | 0x53 |                0 |               1 | NON_WRITE_REQ | 0b0000000001 | 0b1100000000
    13862000 |     0 | 0x54 |                0 |               1 | NON_WRITE_REQ | 0b0000000001 | 0b1100000000
    13864000 |     0 | 0x55 |                0 |               1 | NON_WRITE_REQ | 0b0000000001 | 0b1100000000
    13934000 |     0 | 0x56 |                0 |               1 | NON_WRITE_REQ | 0b0000000001 | 0b1100000000
    13937000 |     0 | 0x57 |                0 |               1 | NON_WRITE_REQ | 0b0000000001 | 0b1100000000
    13947000 |     0 | 0x58 |                0 |               1 | NON_WRITE_REQ | 0b0000000001 | 0b1100000000
    13949000 |     0 | 0x59 |                0 |               1 | NON_WRITE_REQ | 0b0000000001 | 0b1100000000
    14019000 |     0 | 0x5a |                0 |               1 | NON_WRITE_REQ | 0b0000000001 | 0b1100000000
    14022000 |     0 | 0x5b |                0 |               1 | NON_WRITE_REQ | 0b0000000001 | 0b1100000000
    14032000 |     0 | 0x5c |                0 |               1 | NON_WRITE_REQ | 0b0000000001 | 0b1100000000
    14034000 |     0 | 0x5d |                0 |               1 | NON_WRITE_REQ | 0b0000000001 | 0b1100000000
    14104000 |     0 | 0x5e |                0 |               1 | NON_WRITE_REQ | 0b0000000001 | 0b1100000000
    14107000 |     0 | 0x5f |                0 |               1 | NON_WRITE_REQ | 0b0000000001 | 0b1100000000
    14117000 |     0 | 0x60 |                0 |               1 | NON_WRITE_REQ | 0b0000000001 | 0b1100000000
    14119000 |     0 | 0x61 |                0 |               1 | NON_WRITE_REQ | 0b0000000001 | 0b1100000000
    14189000 |     0 | 0x62 |                0 |               1 | NON_WRITE_REQ | 0b0000000001 | 0b1100000000
    14192000 |     0 | 0x63 |                0 |               1 | NON_WRITE_REQ | 0b0000000001 | 0b1100000000
    14202000 |     0 | 0x64 |                0 |               1 | NON_WRITE_REQ | 0b0000000001 | 0b1100000000
    14204000 |     0 | 0x65 |                0 |               1 | NON_WRITE_REQ | 0b0000000001 | 0b1100000000
    14274000 |     0 | 0x66 |                0 |               1 | NON_WRITE_REQ | 0b0000000001 | 0b1100000000
    14277000 |     0 | 0x67 |                0 |               1 | NON_WRITE_REQ | 0b0000000001 | 0b1100000000
    14287000 |     0 | 0x68 |                0 |               1 | NON_WRITE_REQ | 0b0000000001 | 0b1100000000
    14289000 |     0 | 0x69 |                0 |               1 | NON_WRITE_REQ | 0b0000000001 | 0b1100000000
    14359000 |     0 | 0x6a |                0 |               1 | NON_WRITE_REQ | 0b0000000001 | 0b1100000000
    14362000 |     0 | 0x6b |                0 |               1 | NON_WRITE_REQ | 0b0000000001 | 0b1100000000
    14372000 |     0 | 0x6c |                0 |               1 | NON_WRITE_REQ | 0b0000000001 | 0b1100000000
    14374000 |     0 | 0x6d |                0 |               1 | NON_WRITE_REQ | 0b0000000001 | 0b1100000000
    14444000 |     0 | 0x6e |                0 |               1 | NON_WRITE_REQ | 0b0000000001 | 0b1100000000
    14447000 |     0 | 0x6f |                0 |               1 | NON_WRITE_REQ | 0b0000000001 | 0b1100000000
    14457000 |     0 | 0x70 |                0 |               1 | NON_WRITE_REQ | 0b0000000001 | 0b1100000000
    14459000 |     0 | 0x71 |                0 |               1 | NON_WRITE_REQ | 0b0000000001 | 0b1100000000
    14529000 |     0 | 0x72 |                0 |               1 | NON_WRITE_REQ | 0b0000000001 | 0b1100000000
    14532000 |     0 | 0x73 |                0 |               1 | NON_WRITE_REQ | 0b0000000001 | 0b1100000000
    14542000 |     0 | 0x74 |                0 |               1 | NON_WRITE_REQ | 0b0000000001 | 0b1100000000
    14544000 |     0 | 0x75 |                0 |               1 | NON_WRITE_REQ | 0b0000000001 | 0b1100000000
    14614000 |     0 | 0x76 |                0 |               1 | NON_WRITE_REQ | 0b0000000001 | 0b1100000000
    14617000 |     0 | 0x77 |                0 |               1 | NON_WRITE_REQ | 0b0000000001 | 0b1100000000
    14627000 |     0 | 0x78 |                0 |               1 | NON_WRITE_REQ | 0b0000000001 | 0b1100000000
    14629000 |     0 | 0x79 |                0 |               1 | NON_WRITE_REQ | 0b0000000001 | 0b1100000000
    14699000 |     0 | 0x7a |                0 |               1 | NON_WRITE_REQ | 0b0000000001 | 0b1100000000
    14702000 |     0 | 0x7b |                0 |               1 | NON_WRITE_REQ | 0b0000000001 | 0b1100000000
    14712000 |     0 | 0x7c |                0 |               1 | NON_WRITE_REQ | 0b0000000001 | 0b1100000000
    14714000 |     0 | 0x7d |                0 |               1 | NON_WRITE_REQ | 0b0000000001 | 0b1100000000
    14784000 |     0 | 0x7e |                0 |               1 | NON_WRITE_REQ | 0b0000000001 | 0b1100000000
    14787000 |     0 | 0x7f |                0 |               1 | NON_WRITE_REQ | 0b0000000001 | 0b1100000000
    14799000 |     0 | 0x80 |                0 |               1 | NON_WRITE_REQ | 0b0000000001 | 0b1100000000
    14814000 |     0 | 0x81 |                0 |               1 | NON_WRITE_REQ | 0b0000000001 | 0b1100000000
    14869000 |     0 | 0x82 |                0 |               1 | NON_WRITE_REQ | 0b0000000001 | 0b1100000000
    14872000 |     0 | 0x83 |                0 |               1 | NON_WRITE_REQ | 0b0000000001 | 0b1100000000
    14882000 |     0 | 0x84 |                0 |               1 | NON_WRITE_REQ | 0b0000000001 | 0b1100000000
    14884000 |     0 | 0x85 |                0 |               1 | NON_WRITE_REQ | 0b0000000001 | 0b1100000000
    14954000 |     0 | 0x86 |                0 |               1 | NON_WRITE_REQ | 0b0000000001 | 0b1100000000
    14957000 |     0 | 0x87 |                0 |               1 | NON_WRITE_REQ | 0b0000000001 | 0b1100000000
    14967000 |     0 | 0x88 |                0 |               1 | NON_WRITE_REQ | 0b0000000001 | 0b1100000000
    14969000 |     0 | 0x89 |                0 |               1 | NON_WRITE_REQ | 0b0000000001 | 0b1100000000
    15039000 |     0 | 0x8a |                0 |               1 | NON_WRITE_REQ | 0b0000000001 | 0b1100000000
    15042000 |     0 | 0x8b |                0 |               1 | NON_WRITE_REQ | 0b0000000001 | 0b1100000000
    15052000 |     0 | 0x8c |                0 |               1 | NON_WRITE_REQ | 0b0000000001 | 0b1100000000
    15054000 |     0 | 0x8d |                0 |               1 | NON_WRITE_REQ | 0b0000000001 | 0b1100000000
    15124000 |     0 | 0x8e |                0 |               1 | NON_WRITE_REQ | 0b0000000001 | 0b1100000000
    15127000 |     0 | 0x8f |                0 |               1 | NON_WRITE_REQ | 0b0000000001 | 0b1100000000
    15137000 |     0 | 0x90 |                0 |               1 | NON_WRITE_REQ | 0b0000000001 | 0b1100000000
    15139000 |     0 | 0x91 |                0 |               1 | NON_WRITE_REQ | 0b0000000001 | 0b1100000000
    15209000 |     0 | 0x92 |                0 |               1 | NON_WRITE_REQ | 0b0000000001 | 0b1100000000
    15212000 |     0 | 0x93 |                0 |               1 | NON_WRITE_REQ | 0b0000000001 | 0b1100000000
    15222000 |     0 | 0x94 |                0 |               1 | NON_WRITE_REQ | 0b0000000001 | 0b1100000000
    15224000 |     0 | 0x95 |                0 |               1 | NON_WRITE_REQ | 0b0000000001 | 0b1100000000
    15294000 |     0 | 0x96 |                0 |               1 | NON_WRITE_REQ | 0b0000000001 | 0b1100000000
    15297000 |     0 | 0x97 |                0 |               1 | NON_WRITE_REQ | 0b0000000001 | 0b1100000000
    15307000 |     0 | 0x98 |                0 |               1 | NON_WRITE_REQ | 0b0000000001 | 0b1100000000
    15309000 |     0 | 0x99 |                0 |               1 | NON_WRITE_REQ | 0b0000000001 | 0b1100000000
    15379000 |     0 | 0x9a |                0 |               1 | NON_WRITE_REQ | 0b0000000001 | 0b1100000000
    15382000 |     0 | 0x9b |                0 |               1 | NON_WRITE_REQ | 0b0000000001 | 0b1100000000
    15392000 |     0 | 0x9c |                0 |               1 | NON_WRITE_REQ | 0b0000000001 | 0b1100000000
    15394000 |     0 | 0x9d |                0 |               1 | NON_WRITE_REQ | 0b0000000001 | 0b1100000000
    15464000 |     0 | 0x9e |                0 |               1 | NON_WRITE_REQ | 0b0000000001 | 0b1100000000
    15467000 |     0 | 0x9f |                0 |               1 | NON_WRITE_REQ | 0b0000000001 | 0b1100000000
    15477000 |     0 | 0xa0 |                0 |               1 | NON_WRITE_REQ | 0b0000000001 | 0b1100000000
    15479000 |     0 | 0xa1 |                0 |               1 | NON_WRITE_REQ | 0b0000000001 | 0b1100000000
    15549000 |     0 | 0xa2 |                0 |               1 | NON_WRITE_REQ | 0b0000000001 | 0b1100000000
    15552000 |     0 | 0xa3 |                0 |               1 | NON_WRITE_REQ | 0b0000000001 | 0b1100000000
    15562000 |     0 | 0xa4 |                0 |               1 | NON_WRITE_REQ | 0b0000000001 | 0b1100000000
    15564000 |     0 | 0xa5 |                0 |               1 | NON_WRITE_REQ | 0b0000000001 | 0b1100000000
    15634000 |     0 | 0xa6 |                0 |               1 | NON_WRITE_REQ | 0b0000000001 | 0b1100000000
    15637000 |     0 | 0xa7 |                0 |               1 | NON_WRITE_REQ | 0b0000000001 | 0b1100000000
    15647000 |     0 | 0xa8 |                0 |               1 | NON_WRITE_REQ | 0b0000000001 | 0b1100000000
    15649000 |     0 | 0xa9 |                0 |               1 | NON_WRITE_REQ | 0b0000000001 | 0b1100000000
    15719000 |     0 | 0xaa |                0 |               1 | NON_WRITE_REQ | 0b0000000001 | 0b1100000000
    15722000 |     0 | 0xab |                0 |               1 | NON_WRITE_REQ | 0b0000000001 | 0b1100000000
    15732000 |     0 | 0xac |                0 |               1 | NON_WRITE_REQ | 0b0000000001 | 0b1100000000
    15734000 |     0 | 0xad |                0 |               1 | NON_WRITE_REQ | 0b0000000001 | 0b1100000000
    15804000 |     0 | 0xae |                0 |               1 | NON_WRITE_REQ | 0b0000000001 | 0b1100000000
    15807000 |     0 | 0xaf |                0 |               1 | NON_WRITE_REQ | 0b0000000001 | 0b1100000000
    15817000 |     0 | 0xb0 |                0 |               1 | NON_WRITE_REQ | 0b0000000001 | 0b1100000000
    15819000 |     0 | 0xb1 |                0 |               1 | NON_WRITE_REQ | 0b0000000001 | 0b1100000000
    15889000 |     0 | 0xb2 |                0 |               1 | NON_WRITE_REQ | 0b0000000001 | 0b1100000000
    15892000 |     0 | 0xb3 |                0 |               1 | NON_WRITE_REQ | 0b0000000001 | 0b1100000000
    15902000 |     0 | 0xb4 |                0 |               1 | NON_WRITE_REQ | 0b0000000001 | 0b1100000000
    15904000 |     0 | 0xb5 |                0 |               1 | NON_WRITE_REQ | 0b0000000001 | 0b1100000000
    15974000 |     0 | 0xb6 |                0 |               1 | NON_WRITE_REQ | 0b0000000001 | 0b1100000000
    15977000 |     0 | 0xb7 |                0 |               1 | NON_WRITE_REQ | 0b0000000001 | 0b1100000000
    15987000 |     0 | 0xb8 |                0 |               1 | NON_WRITE_REQ | 0b0000000001 | 0b1100000000
    15989000 |     0 | 0xb9 |                0 |               1 | NON_WRITE_REQ | 0b0000000001 | 0b1100000000
    16059000 |     0 | 0xba |                0 |               1 | NON_WRITE_REQ | 0b0000000001 | 0b1100000000
    16062000 |     0 | 0xbb |                0 |               1 | NON_WRITE_REQ | 0b0000000001 | 0b1100000000
    16072000 |     0 | 0xbc |                0 |               1 | NON_WRITE_REQ | 0b0000000001 | 0b1100000000
    16074000 |     0 | 0xbd |                0 |               1 | NON_WRITE_REQ | 0b0000000001 | 0b1100000000
    16144000 |     0 | 0xbe |                0 |               1 | NON_WRITE_REQ | 0b0000000001 | 0b1100000000
    16147000 |     0 | 0xbf |                0 |               1 | NON_WRITE_REQ | 0b0000000001 | 0b1100000000
    16159000 |     0 | 0xc0 |                0 |               1 | NON_WRITE_REQ | 0b0000000001 | 0b1100000000
    16174000 |     0 | 0xc1 |                0 |               1 | NON_WRITE_REQ | 0b0000000001 | 0b1100000000
    16229000 |     0 | 0xc2 |                0 |               1 | NON_WRITE_REQ | 0b0000000001 | 0b1100000000
    16232000 |     0 | 0xc3 |                0 |               1 | NON_WRITE_REQ | 0b0000000001 | 0b1100000000
    16242000 |     0 | 0xc4 |                0 |               1 | NON_WRITE_REQ | 0b0000000001 | 0b1100000000
    16244000 |     0 | 0xc5 |                0 |               1 | NON_WRITE_REQ | 0b0000000001 | 0b1100000000
    16314000 |     0 | 0xc6 |                0 |               1 | NON_WRITE_REQ | 0b0000000001 | 0b1100000000
    16317000 |     0 | 0xc7 |                0 |               1 | NON_WRITE_REQ | 0b0000000001 | 0b1100000000
    16327000 |     0 | 0xc8 |                0 |               1 | NON_WRITE_REQ | 0b0000000001 | 0b1100000000
    16329000 |     0 | 0xc9 |                0 |               1 | NON_WRITE_REQ | 0b0000000001 | 0b1100000000
    16399000 |     0 | 0xca |                0 |               1 | NON_WRITE_REQ | 0b0000000001 | 0b1100000000
    16402000 |     0 | 0xcb |                0 |               1 | NON_WRITE_REQ | 0b0000000001 | 0b1100000000
    16412000 |     0 | 0xcc |                0 |               1 | NON_WRITE_REQ | 0b0000000001 | 0b1100000000
    16414000 |     0 | 0xcd |                0 |               1 | NON_WRITE_REQ | 0b0000000001 | 0b1100000000
    16484000 |     0 | 0xce |                0 |               1 | NON_WRITE_REQ | 0b0000000001 | 0b1100000000
    16487000 |     0 | 0xcf |                0 |               1 | NON_WRITE_REQ | 0b0000000001 | 0b1100000000
    16497000 |     0 | 0xd0 |                0 |               1 | NON_WRITE_REQ | 0b0000000001 | 0b1100000000
    16499000 |     0 | 0xd1 |                0 |               1 | NON_WRITE_REQ | 0b0000000001 | 0b1100000000
    16569000 |     0 | 0xd2 |                0 |               1 | NON_WRITE_REQ | 0b0000000001 | 0b1100000000
    16572000 |     0 | 0xd3 |                0 |               1 | NON_WRITE_REQ | 0b0000000001 | 0b1100000000
    16582000 |     0 | 0xd4 |                0 |               1 | NON_WRITE_REQ | 0b0000000001 | 0b1100000000
    16584000 |     0 | 0xd5 |                0 |               1 | NON_WRITE_REQ | 0b0000000001 | 0b1100000000
    16654000 |     0 | 0xd6 |                0 |               1 | NON_WRITE_REQ | 0b0000000001 | 0b1100000000
    16657000 |     0 | 0xd7 |                0 |               1 | NON_WRITE_REQ | 0b0000000001 | 0b1100000000
    16667000 |     0 | 0xd8 |                0 |               1 | NON_WRITE_REQ | 0b0000000001 | 0b1100000000
    16669000 |     0 | 0xd9 |                0 |               1 | NON_WRITE_REQ | 0b0000000001 | 0b1100000000
    16739000 |     0 | 0xda |                0 |               1 | NON_WRITE_REQ | 0b0000000001 | 0b1100000000
    16742000 |     0 | 0xdb |                0 |               1 | NON_WRITE_REQ | 0b0000000001 | 0b1100000000
    16752000 |     0 | 0xdc |                0 |               1 | NON_WRITE_REQ | 0b0000000001 | 0b1100000000
    16754000 |     0 | 0xdd |                0 |               1 | NON_WRITE_REQ | 0b0000000001 | 0b1100000000
    16824000 |     0 | 0xde |                0 |               1 | NON_WRITE_REQ | 0b0000000001 | 0b1100000000
    16827000 |     0 | 0xdf |                0 |               1 | NON_WRITE_REQ | 0b0000000001 | 0b1100000000
    16837000 |     0 | 0xe0 |                0 |               1 | NON_WRITE_REQ | 0b0000000001 | 0b1100000000
    16839000 |     0 | 0xe1 |                0 |               1 | NON_WRITE_REQ | 0b0000000001 | 0b1100000000
    16909000 |     0 | 0xe2 |                0 |               1 | NON_WRITE_REQ | 0b0000000001 | 0b1100000000
    16912000 |     0 | 0xe3 |                0 |               1 | NON_WRITE_REQ | 0b0000000001 | 0b1100000000
    16922000 |     0 | 0xe4 |                0 |               1 | NON_WRITE_REQ | 0b0000000001 | 0b1100000000
    16924000 |     0 | 0xe5 |                0 |               1 | NON_WRITE_REQ | 0b0000000001 | 0b1100000000
    16994000 |     0 | 0xe6 |                0 |               1 | NON_WRITE_REQ | 0b0000000001 | 0b1100000000
    16997000 |     0 | 0xe7 |                0 |               1 | NON_WRITE_REQ | 0b0000000001 | 0b1100000000
    17007000 |     0 | 0xe8 |                0 |               1 | NON_WRITE_REQ | 0b0000000001 | 0b1100000000
    17009000 |     0 | 0xe9 |                0 |               1 | NON_WRITE_REQ | 0b0000000001 | 0b1100000000
    17079000 |     0 | 0xea |                0 |               1 | NON_WRITE_REQ | 0b0000000001 | 0b1100000000
    17082000 |     0 | 0xeb |                0 |               1 | NON_WRITE_REQ | 0b0000000001 | 0b1100000000
    17092000 |     0 | 0xec |                0 |               1 | NON_WRITE_REQ | 0b0000000001 | 0b1100000000
    17094000 |     0 | 0xed |                0 |               1 | NON_WRITE_REQ | 0b0000000001 | 0b1100000000
    17164000 |     0 | 0xee |                0 |               1 | NON_WRITE_REQ | 0b0000000001 | 0b1100000000
    17167000 |     0 | 0xef |                0 |               1 | NON_WRITE_REQ | 0b0000000001 | 0b1100000000
    17177000 |     0 | 0xf0 |                0 |               1 | NON_WRITE_REQ | 0b0000000001 | 0b1100000000
    17179000 |     0 | 0xf1 |                0 |               1 | NON_WRITE_REQ | 0b0000000001 | 0b1100000000
    17249000 |     0 | 0xf2 |                0 |               1 | NON_WRITE_REQ | 0b0000000001 | 0b1100000000
    17252000 |     0 | 0xf3 |                0 |               1 | NON_WRITE_REQ | 0b0000000001 | 0b1100000000
    17262000 |     0 | 0xf4 |                0 |               1 | NON_WRITE_REQ | 0b0000000001 | 0b1100000000
    17264000 |     0 | 0xf5 |                0 |               1 | NON_WRITE_REQ | 0b0000000001 | 0b1100000000
    17334000 |     0 | 0xf6 |                0 |               1 | NON_WRITE_REQ | 0b0000000001 | 0b1100000000
    17337000 |     0 | 0xf7 |                0 |               1 | NON_WRITE_REQ | 0b0000000001 | 0b1100000000
    17347000 |     0 | 0xf8 |                0 |               1 | NON_WRITE_REQ | 0b0000000001 | 0b1100000000
    17349000 |     0 | 0xf9 |                0 |               1 | NON_WRITE_REQ | 0b0000000001 | 0b1100000000
    17419000 |     0 | 0xfa |                0 |               1 | NON_WRITE_REQ | 0b0000000001 | 0b1100000000
    17422000 |     0 | 0xfb |                0 |               1 | NON_WRITE_REQ | 0b0000000001 | 0b1100000000
    17432000 |     0 | 0xfc |                0 |               1 | NON_WRITE_REQ | 0b0000000001 | 0b1100000000
    17434000 |     0 | 0xfd |                0 |               1 | NON_WRITE_REQ | 0b0000000001 | 0b1100000000
    17504000 |     0 | 0xfe |                0 |               1 | NON_WRITE_REQ | 0b0000000001 | 0b1100000000
    17507000 |     0 | 0xff |                0 |               1 | NON_WRITE_REQ | 0b0000000001 | 0b1100000000
    17519000 |     0 | 0x100 |                0 |               1 | NON_WRITE_REQ | 0b0000000001 | 0b1100000000
    17534000 |     0 | 0x101 |                0 |               1 | NON_WRITE_REQ | 0b0000000001 | 0b1100000000
    17589000 |     0 | 0x102 |                0 |               1 | NON_WRITE_REQ | 0b0000000001 | 0b1100000000
    17592000 |     0 | 0x103 |                0 |               1 | NON_WRITE_REQ | 0b0000000001 | 0b1100000000
    17602000 |     0 | 0x104 |                0 |               1 | NON_WRITE_REQ | 0b0000000001 | 0b1100000000
    17604000 |     0 | 0x105 |                0 |               1 | NON_WRITE_REQ | 0b0000000001 | 0b1100000000
    17674000 |     0 | 0x106 |                0 |               1 | NON_WRITE_REQ | 0b0000000001 | 0b1100000000
    17677000 |     0 | 0x107 |                0 |               1 | NON_WRITE_REQ | 0b0000000001 | 0b1100000000
    17687000 |     0 | 0x108 |                0 |               1 | NON_WRITE_REQ | 0b0000000001 | 0b1100000000
    17689000 |     0 | 0x109 |                0 |               1 | NON_WRITE_REQ | 0b0000000001 | 0b1100000000
    17759000 |     0 | 0x10a |                0 |               1 | NON_WRITE_REQ | 0b0000000001 | 0b1100000000
    17762000 |     0 | 0x10b |                0 |               1 | NON_WRITE_REQ | 0b0000000001 | 0b1100000000
    17772000 |     0 | 0x10c |                0 |               1 | NON_WRITE_REQ | 0b0000000001 | 0b1100000000
    17774000 |     0 | 0x10d |                0 |               1 | NON_WRITE_REQ | 0b0000000001 | 0b1100000000
    17844000 |     0 | 0x10e |                0 |               1 | NON_WRITE_REQ | 0b0000000001 | 0b1100000000
    17847000 |     0 | 0x10f |                0 |               1 | NON_WRITE_REQ | 0b0000000001 | 0b1100000000
    17857000 |     0 | 0x110 |                0 |               1 | NON_WRITE_REQ | 0b0000000001 | 0b1100000000
    17859000 |     0 | 0x111 |                0 |               1 | NON_WRITE_REQ | 0b0000000001 | 0b1100000000
    17929000 |     0 | 0x112 |                0 |               1 | NON_WRITE_REQ | 0b0000000001 | 0b1100000000
    17932000 |     0 | 0x113 |                0 |               1 | NON_WRITE_REQ | 0b0000000001 | 0b1100000000
    17942000 |     0 | 0x114 |                0 |               1 | NON_WRITE_REQ | 0b0000000001 | 0b1100000000
    17944000 |     0 | 0x115 |                0 |               1 | NON_WRITE_REQ | 0b0000000001 | 0b1100000000
    18014000 |     0 | 0x116 |                0 |               1 | NON_WRITE_REQ | 0b0000000001 | 0b1100000000
    18017000 |     0 | 0x117 |                0 |               1 | NON_WRITE_REQ | 0b0000000001 | 0b1100000000
    18027000 |     0 | 0x118 |                0 |               1 | NON_WRITE_REQ | 0b0000000001 | 0b1100000000
    18029000 |     0 | 0x119 |                0 |               1 | NON_WRITE_REQ | 0b0000000001 | 0b1100000000
    18099000 |     0 | 0x11a |                0 |               1 | NON_WRITE_REQ | 0b0000000001 | 0b1100000000
    18102000 |     0 | 0x11b |                0 |               1 | NON_WRITE_REQ | 0b0000000001 | 0b1100000000
    18112000 |     0 | 0x11c |                0 |               1 | NON_WRITE_REQ | 0b0000000001 | 0b1100000000
    18114000 |     0 | 0x11d |                0 |               1 | NON_WRITE_REQ | 0b0000000001 | 0b1100000000
    18184000 |     0 | 0x11e |                0 |               1 | NON_WRITE_REQ | 0b0000000001 | 0b1100000000
    18187000 |     0 | 0x11f |                0 |               1 | NON_WRITE_REQ | 0b0000000001 | 0b1100000000
    18197000 |     0 | 0x120 |                0 |               1 | NON_WRITE_REQ | 0b0000000001 | 0b1100000000
    18199000 |     0 | 0x121 |                0 |               1 | NON_WRITE_REQ | 0b0000000001 | 0b1100000000
    18269000 |     0 | 0x122 |                0 |               1 | NON_WRITE_REQ | 0b0000000001 | 0b1100000000
    18272000 |     0 | 0x123 |                0 |               1 | NON_WRITE_REQ | 0b0000000001 | 0b1100000000
    18282000 |     0 | 0x124 |                0 |               1 | NON_WRITE_REQ | 0b0000000001 | 0b1100000000
    18284000 |     0 | 0x125 |                0 |               1 | NON_WRITE_REQ | 0b0000000001 | 0b1100000000
    18354000 |     0 | 0x126 |                0 |               1 | NON_WRITE_REQ | 0b0000000001 | 0b1100000000
    18357000 |     0 | 0x127 |                0 |               1 | NON_WRITE_REQ | 0b0000000001 | 0b1100000000
    18367000 |     0 | 0x128 |                0 |               1 | NON_WRITE_REQ | 0b0000000001 | 0b1100000000
    18369000 |     0 | 0x129 |                0 |               1 | NON_WRITE_REQ | 0b0000000001 | 0b1100000000
    18439000 |     0 | 0x12a |                0 |               1 | NON_WRITE_REQ | 0b0000000001 | 0b1100000000
    18442000 |     0 | 0x12b |                0 |               1 | NON_WRITE_REQ | 0b0000000001 | 0b1100000000
    18452000 |     0 | 0x12c |                0 |               1 | NON_WRITE_REQ | 0b0000000001 | 0b1100000000
    18454000 |     0 | 0x12d |                0 |               1 | NON_WRITE_REQ | 0b0000000001 | 0b1100000000
    18524000 |     0 | 0x12e |                0 |               1 | NON_WRITE_REQ | 0b0000000001 | 0b1100000000
    18527000 |     0 | 0x12f |                0 |               1 | NON_WRITE_REQ | 0b0000000001 | 0b1100000000
    18537000 |     0 | 0x130 |                0 |               1 | NON_WRITE_REQ | 0b0000000001 | 0b1100000000
    18539000 |     0 | 0x131 |                0 |               1 | NON_WRITE_REQ | 0b0000000001 | 0b1100000000
    18609000 |     0 | 0x132 |                0 |               1 | NON_WRITE_REQ | 0b0000000001 | 0b1100000000
    18612000 |     0 | 0x133 |                0 |               1 | NON_WRITE_REQ | 0b0000000001 | 0b1100000000
    18622000 |     0 | 0x134 |                0 |               1 | NON_WRITE_REQ | 0b0000000001 | 0b1100000000
    18624000 |     0 | 0x135 |                0 |               1 | NON_WRITE_REQ | 0b0000000001 | 0b1100000000
    18694000 |     0 | 0x136 |                0 |               1 | NON_WRITE_REQ | 0b0000000001 | 0b1100000000
    18697000 |     0 | 0x137 |                0 |               1 | NON_WRITE_REQ | 0b0000000001 | 0b1100000000
    18707000 |     0 | 0x138 |                0 |               1 | NON_WRITE_REQ | 0b0000000001 | 0b1100000000
    18709000 |     0 | 0x139 |                0 |               1 | NON_WRITE_REQ | 0b0000000001 | 0b1100000000
    18779000 |     0 | 0x13a |                0 |               1 | NON_WRITE_REQ | 0b0000000001 | 0b1100000000
    18782000 |     0 | 0x13b |                0 |               1 | NON_WRITE_REQ | 0b0000000001 | 0b1100000000
    18792000 |     0 | 0x13c |                0 |               1 | NON_WRITE_REQ | 0b0000000001 | 0b1100000000
    18794000 |     0 | 0x13d |                0 |               1 | NON_WRITE_REQ | 0b0000000001 | 0b1100000000
    18864000 |     0 | 0x13e |                0 |               1 | NON_WRITE_REQ | 0b0000000001 | 0b1100000000
    18867000 |     0 | 0x13f |                0 |               1 | NON_WRITE_REQ | 0b0000000001 | 0b1100000000
    18879000 |     0 | 0x140 |                0 |               1 | NON_WRITE_REQ | 0b0000000001 | 0b1100000000
    18894000 |     0 | 0x141 |                0 |               1 | NON_WRITE_REQ | 0b0000000001 | 0b1100000000
    18949000 |     0 | 0x142 |                0 |               1 | NON_WRITE_REQ | 0b0000000001 | 0b1100000000
    18952000 |     0 | 0x143 |                0 |               1 | NON_WRITE_REQ | 0b0000000001 | 0b1100000000
    18962000 |     0 | 0x144 |                0 |               1 | NON_WRITE_REQ | 0b0000000001 | 0b1100000000
    18964000 |     0 | 0x145 |                0 |               1 | NON_WRITE_REQ | 0b0000000001 | 0b1100000000
    19034000 |     0 | 0x146 |                0 |               1 | NON_WRITE_REQ | 0b0000000001 | 0b1100000000
    19037000 |     0 | 0x147 |                0 |               1 | NON_WRITE_REQ | 0b0000000001 | 0b1100000000
    19047000 |     0 | 0x148 |                0 |               1 | NON_WRITE_REQ | 0b0000000001 | 0b1100000000
    19049000 |     0 | 0x149 |                0 |               1 | NON_WRITE_REQ | 0b0000000001 | 0b1100000000
    19119000 |     0 | 0x14a |                0 |               1 | NON_WRITE_REQ | 0b0000000001 | 0b1100000000
    19122000 |     0 | 0x14b |                0 |               1 | NON_WRITE_REQ | 0b0000000001 | 0b1100000000
    19132000 |     0 | 0x14c |                0 |               1 | NON_WRITE_REQ | 0b0000000001 | 0b1100000000
    19134000 |     0 | 0x14d |                0 |               1 | NON_WRITE_REQ | 0b0000000001 | 0b1100000000
    19204000 |     0 | 0x14e |                0 |               1 | NON_WRITE_REQ | 0b0000000001 | 0b1100000000
    19207000 |     0 | 0x14f |                0 |               1 | NON_WRITE_REQ | 0b0000000001 | 0b1100000000
    19217000 |     0 | 0x150 |                0 |               1 | NON_WRITE_REQ | 0b0000000001 | 0b1100000000
    19219000 |     0 | 0x151 |                0 |               1 | NON_WRITE_REQ | 0b0000000001 | 0b1100000000
    19289000 |     0 | 0x152 |                0 |               1 | NON_WRITE_REQ | 0b0000000001 | 0b1100000000
    19292000 |     0 | 0x153 |                0 |               1 | NON_WRITE_REQ | 0b0000000001 | 0b1100000000
    19302000 |     0 | 0x154 |                0 |               1 | NON_WRITE_REQ | 0b0000000001 | 0b1100000000
    19304000 |     0 | 0x155 |                0 |               1 | NON_WRITE_REQ | 0b0000000001 | 0b1100000000
    19374000 |     0 | 0x156 |                0 |               1 | NON_WRITE_REQ | 0b0000000001 | 0b1100000000
    19377000 |     0 | 0x157 |                0 |               1 | NON_WRITE_REQ | 0b0000000001 | 0b1100000000
    19387000 |     0 | 0x158 |                0 |               1 | NON_WRITE_REQ | 0b0000000001 | 0b1100000000
    19389000 |     0 | 0x159 |                0 |               1 | NON_WRITE_REQ | 0b0000000001 | 0b1100000000
    19459000 |     0 | 0x15a |                0 |               1 | NON_WRITE_REQ | 0b0000000001 | 0b1100000000
    19462000 |     0 | 0x15b |                0 |               1 | NON_WRITE_REQ | 0b0000000001 | 0b1100000000
    19472000 |     0 | 0x15c |                0 |               1 | NON_WRITE_REQ | 0b0000000001 | 0b1100000000
    19474000 |     0 | 0x15d |                0 |               1 | NON_WRITE_REQ | 0b0000000001 | 0b1100000000
    19544000 |     0 | 0x15e |                0 |               1 | NON_WRITE_REQ | 0b0000000001 | 0b1100000000
    19547000 |     0 | 0x15f |                0 |               1 | NON_WRITE_REQ | 0b0000000001 | 0b1100000000
    19557000 |     0 | 0x160 |                0 |               1 | NON_WRITE_REQ | 0b0000000001 | 0b1100000000
    19559000 |     0 | 0x161 |                0 |               1 | NON_WRITE_REQ | 0b0000000001 | 0b1100000000
    19629000 |     0 | 0x162 |                0 |               1 | NON_WRITE_REQ | 0b0000000001 | 0b1100000000
    19632000 |     0 | 0x163 |                0 |               1 | NON_WRITE_REQ | 0b0000000001 | 0b1100000000
    19642000 |     0 | 0x164 |                0 |               1 | NON_WRITE_REQ | 0b0000000001 | 0b1100000000
    19644000 |     0 | 0x165 |                0 |               1 | NON_WRITE_REQ | 0b0000000001 | 0b1100000000
    19714000 |     0 | 0x166 |                0 |               1 | NON_WRITE_REQ | 0b0000000001 | 0b1100000000
    19717000 |     0 | 0x167 |                0 |               1 | NON_WRITE_REQ | 0b0000000001 | 0b1100000000
    19727000 |     0 | 0x168 |                0 |               1 | NON_WRITE_REQ | 0b0000000001 | 0b1100000000
    19729000 |     0 | 0x169 |                0 |               1 | NON_WRITE_REQ | 0b0000000001 | 0b1100000000
    19799000 |     0 | 0x16a |                0 |               1 | NON_WRITE_REQ | 0b0000000001 | 0b1100000000
    19802000 |     0 | 0x16b |                0 |               1 | NON_WRITE_REQ | 0b0000000001 | 0b1100000000
    19812000 |     0 | 0x16c |                0 |               1 | NON_WRITE_REQ | 0b0000000001 | 0b1100000000
    19814000 |     0 | 0x16d |                0 |               1 | NON_WRITE_REQ | 0b0000000001 | 0b1100000000
    19884000 |     0 | 0x16e |                0 |               1 | NON_WRITE_REQ | 0b0000000001 | 0b1100000000
    19887000 |     0 | 0x16f |                0 |               1 | NON_WRITE_REQ | 0b0000000001 | 0b1100000000
    19897000 |     0 | 0x170 |                0 |               1 | NON_WRITE_REQ | 0b0000000001 | 0b1100000000
    19899000 |     0 | 0x171 |                0 |               1 | NON_WRITE_REQ | 0b0000000001 | 0b1100000000
    19969000 |     0 | 0x172 |                0 |               1 | NON_WRITE_REQ | 0b0000000001 | 0b1100000000
    19972000 |     0 | 0x173 |                0 |               1 | NON_WRITE_REQ | 0b0000000001 | 0b1100000000
    19982000 |     0 | 0x174 |                0 |               1 | NON_WRITE_REQ | 0b0000000001 | 0b1100000000
    19984000 |     0 | 0x175 |                0 |               1 | NON_WRITE_REQ | 0b0000000001 | 0b1100000000
    20054000 |     0 | 0x176 |                0 |               1 | NON_WRITE_REQ | 0b0000000001 | 0b1100000000
    20057000 |     0 | 0x177 |                0 |               1 | NON_WRITE_REQ | 0b0000000001 | 0b1100000000
    20067000 |     0 | 0x178 |                0 |               1 | NON_WRITE_REQ | 0b0000000001 | 0b1100000000
    20069000 |     0 | 0x179 |                0 |               1 | NON_WRITE_REQ | 0b0000000001 | 0b1100000000
    20139000 |     0 | 0x17a |                0 |               1 | NON_WRITE_REQ | 0b0000000001 | 0b1100000000
    20142000 |     0 | 0x17b |                0 |               1 | NON_WRITE_REQ | 0b0000000001 | 0b1100000000
    20152000 |     0 | 0x17c |                0 |               1 | NON_WRITE_REQ | 0b0000000001 | 0b1100000000
    20154000 |     0 | 0x17d |                0 |               1 | NON_WRITE_REQ | 0b0000000001 | 0b1100000000
    20224000 |     0 | 0x17e |                0 |               1 | NON_WRITE_REQ | 0b0000000001 | 0b1100000000
    20227000 |     0 | 0x17f |                0 |               1 | NON_WRITE_REQ | 0b0000000001 | 0b1100000000
    20239000 |     0 | 0x180 |                0 |               1 | NON_WRITE_REQ | 0b0000000001 | 0b1100000000
    20254000 |     0 | 0x181 |                0 |               1 | NON_WRITE_REQ | 0b0000000001 | 0b1100000000
    20309000 |     0 | 0x182 |                0 |               1 | NON_WRITE_REQ | 0b0000000001 | 0b1100000000
    20312000 |     0 | 0x183 |                0 |               1 | NON_WRITE_REQ | 0b0000000001 | 0b1100000000
    20322000 |     0 | 0x184 |                0 |               1 | NON_WRITE_REQ | 0b0000000001 | 0b1100000000
    20324000 |     0 | 0x185 |                0 |               1 | NON_WRITE_REQ | 0b0000000001 | 0b1100000000
    20394000 |     0 | 0x186 |                0 |               1 | NON_WRITE_REQ | 0b0000000001 | 0b1100000000
    20397000 |     0 | 0x187 |                0 |               1 | NON_WRITE_REQ | 0b0000000001 | 0b1100000000
    20407000 |     0 | 0x188 |                0 |               1 | NON_WRITE_REQ | 0b0000000001 | 0b1100000000
    20409000 |     0 | 0x189 |                0 |               1 | NON_WRITE_REQ | 0b0000000001 | 0b1100000000
    20479000 |     0 | 0x18a |                0 |               1 | NON_WRITE_REQ | 0b0000000001 | 0b1100000000
    20482000 |     0 | 0x18b |                0 |               1 | NON_WRITE_REQ | 0b0000000001 | 0b1100000000
    20492000 |     0 | 0x18c |                0 |               1 | NON_WRITE_REQ | 0b0000000001 | 0b1100000000
    20494000 |     0 | 0x18d |                0 |               1 | NON_WRITE_REQ | 0b0000000001 | 0b1100000000
    20564000 |     0 | 0x18e |                0 |               1 | NON_WRITE_REQ | 0b0000000001 | 0b1100000000
    20567000 |     0 | 0x18f |                0 |               1 | NON_WRITE_REQ | 0b0000000001 | 0b1100000000
    20577000 |     0 | 0x190 |                0 |               1 | NON_WRITE_REQ | 0b0000000001 | 0b1100000000
    20579000 |     0 | 0x191 |                0 |               1 | NON_WRITE_REQ | 0b0000000001 | 0b1100000000
    20649000 |     0 | 0x192 |                0 |               1 | NON_WRITE_REQ | 0b0000000001 | 0b1100000000
    20652000 |     0 | 0x193 |                0 |               1 | NON_WRITE_REQ | 0b0000000001 | 0b1100000000
    20662000 |     0 | 0x194 |                0 |               1 | NON_WRITE_REQ | 0b0000000001 | 0b1100000000
    20664000 |     0 | 0x195 |                0 |               1 | NON_WRITE_REQ | 0b0000000001 | 0b1100000000
    20734000 |     0 | 0x196 |                0 |               1 | NON_WRITE_REQ | 0b0000000001 | 0b1100000000
    20737000 |     0 | 0x197 |                0 |               1 | NON_WRITE_REQ | 0b0000000001 | 0b1100000000
    20747000 |     0 | 0x198 |                0 |               1 | NON_WRITE_REQ | 0b0000000001 | 0b1100000000
    20749000 |     0 | 0x199 |                0 |               1 | NON_WRITE_REQ | 0b0000000001 | 0b1100000000
    20819000 |     0 | 0x19a |                0 |               1 | NON_WRITE_REQ | 0b0000000001 | 0b1100000000
    20822000 |     0 | 0x19b |                0 |               1 | NON_WRITE_REQ | 0b0000000001 | 0b1100000000
    20832000 |     0 | 0x19c |                0 |               1 | NON_WRITE_REQ | 0b0000000001 | 0b1100000000
    20834000 |     0 | 0x19d |                0 |               1 | NON_WRITE_REQ | 0b0000000001 | 0b1100000000
    20904000 |     0 | 0x19e |                0 |               1 | NON_WRITE_REQ | 0b0000000001 | 0b1100000000
    20907000 |     0 | 0x19f |                0 |               1 | NON_WRITE_REQ | 0b0000000001 | 0b1100000000
    20917000 |     0 | 0x1a0 |                0 |               1 | NON_WRITE_REQ | 0b0000000001 | 0b1100000000
    20919000 |     0 | 0x1a1 |                0 |               1 | NON_WRITE_REQ | 0b0000000001 | 0b1100000000
    20989000 |     0 | 0x1a2 |                0 |               1 | NON_WRITE_REQ | 0b0000000001 | 0b1100000000
    20992000 |     0 | 0x1a3 |                0 |               1 | NON_WRITE_REQ | 0b0000000001 | 0b1100000000
    21002000 |     0 | 0x1a4 |                0 |               1 | NON_WRITE_REQ | 0b0000000001 | 0b1100000000
    21004000 |     0 | 0x1a5 |                0 |               1 | NON_WRITE_REQ | 0b0000000001 | 0b1100000000
    21074000 |     0 | 0x1a6 |                0 |               1 | NON_WRITE_REQ | 0b0000000001 | 0b1100000000
    21077000 |     0 | 0x1a7 |                0 |               1 | NON_WRITE_REQ | 0b0000000001 | 0b1100000000
    21087000 |     0 | 0x1a8 |                0 |               1 | NON_WRITE_REQ | 0b0000000001 | 0b1100000000
    21089000 |     0 | 0x1a9 |                0 |               1 | NON_WRITE_REQ | 0b0000000001 | 0b1100000000
    21159000 |     0 | 0x1aa |                0 |               1 | NON_WRITE_REQ | 0b0000000001 | 0b1100000000
    21162000 |     0 | 0x1ab |                0 |               1 | NON_WRITE_REQ | 0b0000000001 | 0b1100000000
    21172000 |     0 | 0x1ac |                0 |               1 | NON_WRITE_REQ | 0b0000000001 | 0b1100000000
    21174000 |     0 | 0x1ad |                0 |               1 | NON_WRITE_REQ | 0b0000000001 | 0b1100000000
    21244000 |     0 | 0x1ae |                0 |               1 | NON_WRITE_REQ | 0b0000000001 | 0b1100000000
    21247000 |     0 | 0x1af |                0 |               1 | NON_WRITE_REQ | 0b0000000001 | 0b1100000000
    21257000 |     0 | 0x1b0 |                0 |               1 | NON_WRITE_REQ | 0b0000000001 | 0b1100000000
    21259000 |     0 | 0x1b1 |                0 |               1 | NON_WRITE_REQ | 0b0000000001 | 0b1100000000
    21329000 |     0 | 0x1b2 |                0 |               1 | NON_WRITE_REQ | 0b0000000001 | 0b1100000000
    21332000 |     0 | 0x1b3 |                0 |               1 | NON_WRITE_REQ | 0b0000000001 | 0b1100000000
    21342000 |     0 | 0x1b4 |                0 |               1 | NON_WRITE_REQ | 0b0000000001 | 0b1100000000
    21344000 |     0 | 0x1b5 |                0 |               1 | NON_WRITE_REQ | 0b0000000001 | 0b1100000000
    21414000 |     0 | 0x1b6 |                0 |               1 | NON_WRITE_REQ | 0b0000000001 | 0b1100000000
    21417000 |     0 | 0x1b7 |                0 |               1 | NON_WRITE_REQ | 0b0000000001 | 0b1100000000
    21427000 |     0 | 0x1b8 |                0 |               1 | NON_WRITE_REQ | 0b0000000001 | 0b1100000000
    21429000 |     0 | 0x1b9 |                0 |               1 | NON_WRITE_REQ | 0b0000000001 | 0b1100000000
    21499000 |     0 | 0x1ba |                0 |               1 | NON_WRITE_REQ | 0b0000000001 | 0b1100000000
    21502000 |     0 | 0x1bb |                0 |               1 | NON_WRITE_REQ | 0b0000000001 | 0b1100000000
    21512000 |     0 | 0x1bc |                0 |               1 | NON_WRITE_REQ | 0b0000000001 | 0b1100000000
    21514000 |     0 | 0x1bd |                0 |               1 | NON_WRITE_REQ | 0b0000000001 | 0b1100000000
    21584000 |     0 | 0x1be |                0 |               1 | NON_WRITE_REQ | 0b0000000001 | 0b1100000000
    21587000 |     0 | 0x1bf |                0 |               1 | NON_WRITE_REQ | 0b0000000001 | 0b1100000000
    21599000 |     0 | 0x1c0 |                0 |               1 | NON_WRITE_REQ | 0b0000000001 | 0b1100000000
    21614000 |     0 | 0x1c1 |                0 |               1 | NON_WRITE_REQ | 0b0000000001 | 0b1100000000
    21669000 |     0 | 0x1c2 |                0 |               1 | NON_WRITE_REQ | 0b0000000001 | 0b1100000000
    21672000 |     0 | 0x1c3 |                0 |               1 | NON_WRITE_REQ | 0b0000000001 | 0b1100000000
    21682000 |     0 | 0x1c4 |                0 |               1 | NON_WRITE_REQ | 0b0000000001 | 0b1100000000
    21684000 |     0 | 0x1c5 |                0 |               1 | NON_WRITE_REQ | 0b0000000001 | 0b1100000000
    21754000 |     0 | 0x1c6 |                0 |               1 | NON_WRITE_REQ | 0b0000000001 | 0b1100000000
    21757000 |     0 | 0x1c7 |                0 |               1 | NON_WRITE_REQ | 0b0000000001 | 0b1100000000
    21767000 |     0 | 0x1c8 |                0 |               1 | NON_WRITE_REQ | 0b0000000001 | 0b1100000000
    21769000 |     0 | 0x1c9 |                0 |               1 | NON_WRITE_REQ | 0b0000000001 | 0b1100000000
    21839000 |     0 | 0x1ca |                0 |               1 | NON_WRITE_REQ | 0b0000000001 | 0b1100000000
    21842000 |     0 | 0x1cb |                0 |               1 | NON_WRITE_REQ | 0b0000000001 | 0b1100000000
    21852000 |     0 | 0x1cc |                0 |               1 | NON_WRITE_REQ | 0b0000000001 | 0b1100000000
    21854000 |     0 | 0x1cd |                0 |               1 | NON_WRITE_REQ | 0b0000000001 | 0b1100000000
    21924000 |     0 | 0x1ce |                0 |               1 | NON_WRITE_REQ | 0b0000000001 | 0b1100000000
    21927000 |     0 | 0x1cf |                0 |               1 | NON_WRITE_REQ | 0b0000000001 | 0b1100000000
    21937000 |     0 | 0x1d0 |                0 |               1 | NON_WRITE_REQ | 0b0000000001 | 0b1100000000
    21939000 |     0 | 0x1d1 |                0 |               1 | NON_WRITE_REQ | 0b0000000001 | 0b1100000000
    22009000 |     0 | 0x1d2 |                0 |               1 | NON_WRITE_REQ | 0b0000000001 | 0b1100000000
    22012000 |     0 | 0x1d3 |                0 |               1 | NON_WRITE_REQ | 0b0000000001 | 0b1100000000
    22022000 |     0 | 0x1d4 |                0 |               1 | NON_WRITE_REQ | 0b0000000001 | 0b1100000000
    22024000 |     0 | 0x1d5 |                0 |               1 | NON_WRITE_REQ | 0b0000000001 | 0b1100000000
    22094000 |     0 | 0x1d6 |                0 |               1 | NON_WRITE_REQ | 0b0000000001 | 0b1100000000
    22097000 |     0 | 0x1d7 |                0 |               1 | NON_WRITE_REQ | 0b0000000001 | 0b1100000000
    22107000 |     0 | 0x1d8 |                0 |               1 | NON_WRITE_REQ | 0b0000000001 | 0b1100000000
    22109000 |     0 | 0x1d9 |                0 |               1 | NON_WRITE_REQ | 0b0000000001 | 0b1100000000
    22179000 |     0 | 0x1da |                0 |               1 | NON_WRITE_REQ | 0b0000000001 | 0b1100000000
    22182000 |     0 | 0x1db |                0 |               1 | NON_WRITE_REQ | 0b0000000001 | 0b1100000000
    22192000 |     0 | 0x1dc |                0 |               1 | NON_WRITE_REQ | 0b0000000001 | 0b1100000000
    22194000 |     0 | 0x1dd |                0 |               1 | NON_WRITE_REQ | 0b0000000001 | 0b1100000000
    22264000 |     0 | 0x1de |                0 |               1 | NON_WRITE_REQ | 0b0000000001 | 0b1100000000
    22267000 |     0 | 0x1df |                0 |               1 | NON_WRITE_REQ | 0b0000000001 | 0b1100000000
    22277000 |     0 | 0x1e0 |                0 |               1 | NON_WRITE_REQ | 0b0000000001 | 0b1100000000
    22279000 |     0 | 0x1e1 |                0 |               1 | NON_WRITE_REQ | 0b0000000001 | 0b1100000000
    22349000 |     0 | 0x1e2 |                0 |               1 | NON_WRITE_REQ | 0b0000000001 | 0b1100000000
    22352000 |     0 | 0x1e3 |                0 |               1 | NON_WRITE_REQ | 0b0000000001 | 0b1100000000
    22362000 |     0 | 0x1e4 |                0 |               1 | NON_WRITE_REQ | 0b0000000001 | 0b1100000000
    22364000 |     0 | 0x1e5 |                0 |               1 | NON_WRITE_REQ | 0b0000000001 | 0b1100000000
    22434000 |     0 | 0x1e6 |                0 |               1 | NON_WRITE_REQ | 0b0000000001 | 0b1100000000
    22437000 |     0 | 0x1e7 |                0 |               1 | NON_WRITE_REQ | 0b0000000001 | 0b1100000000
    22447000 |     0 | 0x1e8 |                0 |               1 | NON_WRITE_REQ | 0b0000000001 | 0b1100000000
    22449000 |     0 | 0x1e9 |                0 |               1 | NON_WRITE_REQ | 0b0000000001 | 0b1100000000
    22519000 |     0 | 0x1ea |                0 |               1 | NON_WRITE_REQ | 0b0000000001 | 0b1100000000
    22522000 |     0 | 0x1eb |                0 |               1 | NON_WRITE_REQ | 0b0000000001 | 0b1100000000
    22532000 |     0 | 0x1ec |                0 |               1 | NON_WRITE_REQ | 0b0000000001 | 0b1100000000
    22534000 |     0 | 0x1ed |                0 |               1 | NON_WRITE_REQ | 0b0000000001 | 0b1100000000
    22604000 |     0 | 0x1ee |                0 |               1 | NON_WRITE_REQ | 0b0000000001 | 0b1100000000
    22607000 |     0 | 0x1ef |                0 |               1 | NON_WRITE_REQ | 0b0000000001 | 0b1100000000
    22617000 |     0 | 0x1f0 |                0 |               1 | NON_WRITE_REQ | 0b0000000001 | 0b1100000000
    22619000 |     0 | 0x1f1 |                0 |               1 | NON_WRITE_REQ | 0b0000000001 | 0b1100000000
    22689000 |     0 | 0x1f2 |                0 |               1 | NON_WRITE_REQ | 0b0000000001 | 0b1100000000
    22692000 |     0 | 0x1f3 |                0 |               1 | NON_WRITE_REQ | 0b0000000001 | 0b1100000000
    22702000 |     0 | 0x1f4 |                0 |               1 | NON_WRITE_REQ | 0b0000000001 | 0b1100000000
    22704000 |     0 | 0x1f5 |                0 |               1 | NON_WRITE_REQ | 0b0000000001 | 0b1100000000
    22774000 |     0 | 0x1f6 |                0 |               1 | NON_WRITE_REQ | 0b0000000001 | 0b1100000000
    22777000 |     0 | 0x1f7 |                0 |               1 | NON_WRITE_REQ | 0b0000000001 | 0b1100000000
    22787000 |     0 | 0x1f8 |                0 |               1 | NON_WRITE_REQ | 0b0000000001 | 0b1100000000
    22789000 |     0 | 0x1f9 |                0 |               1 | NON_WRITE_REQ | 0b0000000001 | 0b1100000000
    22859000 |     0 | 0x1fa |                0 |               1 | NON_WRITE_REQ | 0b0000000001 | 0b1100000000
    22862000 |     0 | 0x1fb |                0 |               1 | NON_WRITE_REQ | 0b0000000001 | 0b1100000000
    22872000 |     0 | 0x1fc |                0 |               1 | NON_WRITE_REQ | 0b0000000001 | 0b1100000000
    22874000 |     0 | 0x1fd |                0 |               1 | NON_WRITE_REQ | 0b0000000001 | 0b1100000000
    22944000 |     0 | 0x1fe |                0 |               1 | NON_WRITE_REQ | 0b0000000001 | 0b1100000000
    22947000 |     0 | 0x1ff |                0 |               1 | NON_WRITE_REQ | 0b0000000001 | 0b1100000000
    23229000 |     8 | 0x400 |                1 |               0 | WRITE_NO_VALID_READ | 0b0100000000 | 0b1100000000
    23244000 |     8 | 0x401 |                1 |               0 | WRITE_NO_VALID_READ | 0b0100000000 | 0b1100000000
    23267000 |     8 | 0x402 |                1 |               0 | WRITE_NO_VALID_READ | 0b0100000000 | 0b1100000000
    23269000 |     8 | 0x403 |                1 |               0 | WRITE_NO_VALID_READ | 0b0100000000 | 0b1100000000
    23272000 |     8 | 0x404 |                1 |               0 | WRITE_NO_VALID_READ | 0b0100000000 | 0b1100000000
    23274000 |     8 | 0x405 |                1 |               0 | WRITE_NO_VALID_READ | 0b0100000000 | 0b1100000000
    23277000 |     8 | 0x406 |                1 |               0 | WRITE_NO_VALID_READ | 0b0100000000 | 0b1100000000
    23279000 |     8 | 0x407 |                1 |               0 | WRITE_NO_VALID_READ | 0b0100000000 | 0b1100000000
    23282000 |     8 | 0x408 |                1 |               0 | WRITE_NO_VALID_READ | 0b0100000000 | 0b1100000000
    23284000 |     8 | 0x409 |                1 |               0 | WRITE_NO_VALID_READ | 0b0100000000 | 0b1100000000
    23287000 |     8 | 0x40a |                1 |               0 | WRITE_NO_VALID_READ | 0b0100000000 | 0b1100000000
    23289000 |     8 | 0x40b |                1 |               0 | WRITE_NO_VALID_READ | 0b0100000000 | 0b1100000000
    23292000 |     8 | 0x40c |                1 |               0 | WRITE_NO_VALID_READ | 0b0100000000 | 0b1100000000
    23294000 |     8 | 0x40d |                1 |               0 | WRITE_NO_VALID_READ | 0b0100000000 | 0b1100000000
    23297000 |     8 | 0x40e |                1 |               0 | WRITE_NO_VALID_READ | 0b0100000000 | 0b1100000000
    23299000 |     8 | 0x40f |                1 |               0 | WRITE_NO_VALID_READ | 0b0100000000 | 0b1100000000
    23302000 |     8 | 0x410 |                1 |               0 | WRITE_NO_VALID_READ | 0b0100000000 | 0b1100000000
    23304000 |     8 | 0x411 |                1 |               0 | WRITE_NO_VALID_READ | 0b0100000000 | 0b1100000000
    23307000 |     8 | 0x412 |                1 |               0 | WRITE_NO_VALID_READ | 0b0100000000 | 0b1100000000
    23309000 |     8 | 0x413 |                1 |               0 | WRITE_NO_VALID_READ | 0b0100000000 | 0b1100000000
    23312000 |     8 | 0x414 |                1 |               0 | WRITE_NO_VALID_READ | 0b0100000000 | 0b1100000000
    23314000 |     8 | 0x415 |                1 |               0 | WRITE_NO_VALID_READ | 0b0100000000 | 0b1100000000
    23317000 |     8 | 0x416 |                1 |               0 | WRITE_NO_VALID_READ | 0b0100000000 | 0b1100000000
    23319000 |     8 | 0x417 |                1 |               0 | WRITE_NO_VALID_READ | 0b0100000000 | 0b1100000000
    23322000 |     8 | 0x418 |                1 |               0 | WRITE_NO_VALID_READ | 0b0100000000 | 0b1100000000
    23324000 |     8 | 0x419 |                1 |               0 | WRITE_NO_VALID_READ | 0b0100000000 | 0b1100000000
    23327000 |     8 | 0x41a |                1 |               0 | WRITE_NO_VALID_READ | 0b0100000000 | 0b1100000000
    23329000 |     8 | 0x41b |                1 |               0 | WRITE_NO_VALID_READ | 0b0100000000 | 0b1100000000
    23332000 |     8 | 0x41c |                1 |               0 | WRITE_NO_VALID_READ | 0b0100000000 | 0b1100000000
    23334000 |     8 | 0x41d |                1 |               0 | WRITE_NO_VALID_READ | 0b0100000000 | 0b1100000000
    23337000 |     8 | 0x41e |                1 |               0 | WRITE_NO_VALID_READ | 0b0100000000 | 0b1100000000
    23342000 |     8 | 0x41f |                1 |               0 | WRITE_NO_VALID_READ | 0b0100000000 | 0b1100000000
    23347000 |     8 | 0x420 |                1 |               0 | WRITE_NO_VALID_READ | 0b0100000000 | 0b1100000000
    23352000 |     8 | 0x421 |                1 |               0 | WRITE_NO_VALID_READ | 0b0100000000 | 0b1100000000
    23357000 |     8 | 0x422 |                1 |               0 | WRITE_NO_VALID_READ | 0b0100000000 | 0b1100000000
    23362000 |     8 | 0x423 |                1 |               0 | WRITE_NO_VALID_READ | 0b0100000000 | 0b1100000000
    23367000 |     8 | 0x424 |                1 |               0 | WRITE_NO_VALID_READ | 0b0100000000 | 0b1100000000
    23372000 |     8 | 0x425 |                1 |               0 | WRITE_NO_VALID_READ | 0b0100000000 | 0b1100000000
    23377000 |     8 | 0x426 |                1 |               0 | WRITE_NO_VALID_READ | 0b0100000000 | 0b1100000000
    23382000 |     8 | 0x427 |                1 |               0 | WRITE_NO_VALID_READ | 0b0100000000 | 0b1100000000
    23387000 |     8 | 0x428 |                1 |               0 | WRITE_NO_VALID_READ | 0b0100000000 | 0b1100000000
    23392000 |     8 | 0x429 |                1 |               0 | WRITE_NO_VALID_READ | 0b0100000000 | 0b1100000000
    23397000 |     8 | 0x42a |                1 |               0 | WRITE_NO_VALID_READ | 0b0100000000 | 0b1100000000
    23402000 |     8 | 0x42b |                1 |               0 | WRITE_NO_VALID_READ | 0b0100000000 | 0b1100000000
    23407000 |     8 | 0x42c |                1 |               0 | WRITE_NO_VALID_READ | 0b0100000000 | 0b1100000000
    23412000 |     8 | 0x42d |                1 |               0 | WRITE_NO_VALID_READ | 0b0100000000 | 0b1100000000
    23417000 |     8 | 0x42e |                1 |               0 | WRITE_NO_VALID_READ | 0b0100000000 | 0b1100000000
    23422000 |     8 | 0x42f |                1 |               0 | WRITE_NO_VALID_READ | 0b0100000000 | 0b1100000000
    23427000 |     8 | 0x430 |                1 |               0 | WRITE_NO_VALID_READ | 0b0100000000 | 0b1100000000
    23432000 |     8 | 0x431 |                1 |               0 | WRITE_NO_VALID_READ | 0b0100000000 | 0b1100000000
    23437000 |     8 | 0x432 |                1 |               0 | WRITE_NO_VALID_READ | 0b0100000000 | 0b1100000000
    23442000 |     8 | 0x433 |                1 |               0 | WRITE_NO_VALID_READ | 0b0100000000 | 0b1100000000
    23447000 |     8 | 0x434 |                1 |               0 | WRITE_NO_VALID_READ | 0b0100000000 | 0b1100000000
    23452000 |     8 | 0x435 |                1 |               0 | WRITE_NO_VALID_READ | 0b0100000000 | 0b1100000000
    23457000 |     8 | 0x436 |                1 |               0 | WRITE_NO_VALID_READ | 0b0100000000 | 0b1100000000
    23462000 |     8 | 0x437 |                1 |               0 | WRITE_NO_VALID_READ | 0b0100000000 | 0b1100000000
    23467000 |     8 | 0x438 |                1 |               0 | WRITE_NO_VALID_READ | 0b0100000000 | 0b1100000000
    23472000 |     8 | 0x439 |                1 |               0 | WRITE_NO_VALID_READ | 0b0100000000 | 0b1100000000
    23477000 |     8 | 0x43a |                1 |               0 | WRITE_NO_VALID_READ | 0b0100000000 | 0b1100000000
    23482000 |     8 | 0x43b |                1 |               0 | WRITE_NO_VALID_READ | 0b0100000000 | 0b1100000000
    23487000 |     8 | 0x43c |                1 |               0 | WRITE_NO_VALID_READ | 0b0100000000 | 0b1100000000
    23492000 |     8 | 0x43d |                1 |               0 | WRITE_NO_VALID_READ | 0b0100000000 | 0b1100000000
    23497000 |     8 | 0x43e |                1 |               0 | WRITE_NO_VALID_READ | 0b0100000000 | 0b1100000000
    23502000 |     8 | 0x43f |                1 |               0 | WRITE_NO_VALID_READ | 0b0100000000 | 0b1100000000
[23502000] INFO: slice completed (cycle=9005)
# Total handshakes: 576
